[MASTER] 20:59:13.480 [pool-2-thread-1] ERROR TestClusterGenerator - Problem for org.asynchttpclient.netty.handler.AsyncHttpClientHandler. Failed to add dependencies for class org.testng.TestRunner: java.lang.TypeNotPresentException: Type com.google.inject.Module not present
[sun.reflect.generics.factory.CoreReflectionFactory.makeNamedType(CoreReflectionFactory.java:117), sun.reflect.generics.visitor.Reifier.visitClassTypeSignature(Reifier.java:125), sun.reflect.generics.tree.ClassTypeSignature.accept(ClassTypeSignature.java:49), sun.reflect.generics.visitor.Reifier.reifyTypeArguments(Reifier.java:68), sun.reflect.generics.visitor.Reifier.visitClassTypeSignature(Reifier.java:138), sun.reflect.generics.tree.ClassTypeSignature.accept(ClassTypeSignature.java:49), sun.reflect.generics.visitor.Reifier.reifyTypeArguments(Reifier.java:68), sun.reflect.generics.visitor.Reifier.visitClassTypeSignature(Reifier.java:138), sun.reflect.generics.tree.ClassTypeSignature.accept(ClassTypeSignature.java:49), sun.reflect.generics.repository.FieldRepository.getGenericType(FieldRepository.java:85), java.lang.reflect.Field.getGenericType(Field.java:247), java.lang.reflect.Field.toGenericString(Field.java:329), org.evosuite.setup.TestClusterUtils.getFields(TestClusterUtils.java:224), org.evosuite.setup.TestClusterGenerator.addDependencyClass(TestClusterGenerator.java:1007), org.evosuite.setup.TestClusterGenerator.resolveDependencies(TestClusterGenerator.java:358), org.evosuite.setup.TestClusterGenerator.generateCluster(TestClusterGenerator.java:137), org.evosuite.setup.DependencyAnalysis.analyze(DependencyAnalysis.java:117), org.evosuite.setup.DependencyAnalysis.analyzeClass(DependencyAnalysis.java:131), org.evosuite.TestSuiteGenerator.initializeTargetClass(TestSuiteGenerator.java:110), org.evosuite.TestSuiteGenerator.generateTestSuite(TestSuiteGenerator.java:130), org.evosuite.rmi.service.ClientNodeImpl$1.run(ClientNodeImpl.java:145), java.util.concurrent.Executors$RunnableAdapter.call(Executors.java:511), java.util.concurrent.FutureTask.run(FutureTask.java:266), java.util.concurrent.ThreadPoolExecutor.runWorker(ThreadPoolExecutor.java:1142), java.util.concurrent.ThreadPoolExecutor$Worker.run(ThreadPoolExecutor.java:617), java.lang.Thread.run(Thread.java:745)]
[MASTER] 20:59:18.764 [pool-2-thread-1] ERROR TestCluster - Failed to check cache for io.netty.channel.CombinedChannelDuplexHandler<I, O> : Type points to itself
[MASTER] 20:59:18.793 [pool-2-thread-1] ERROR TestCluster - Failed to check cache for io.netty.util.concurrent.DefaultProgressivePromise<V> : Type points to itself
[MASTER] 20:59:18.795 [pool-2-thread-1] ERROR TestCluster - Failed to check cache for io.netty.util.concurrent.DefaultPromise<V> : Type points to itself
[MASTER] 20:59:18.797 [pool-2-thread-1] ERROR TestCluster - Failed to check cache for io.netty.util.concurrent.FailedFuture<V> : Type points to itself
[MASTER] 20:59:18.801 [pool-2-thread-1] ERROR TestCluster - Failed to check cache for io.netty.util.concurrent.SucceededFuture<V> : Type points to itself
[MASTER] 20:59:18.803 [pool-2-thread-1] ERROR TestCluster - Failed to check cache for java.lang.reflect.Constructor<T> : Type points to itself
[MASTER] 21:00:12.867 [pool-2-thread-1] ERROR TestCluster - Failed to check cache for org.reactivestreams.Publisher<T> : Type points to itself
[MASTER] 21:00:12.977 [pool-2-thread-1] ERROR TestCluster - Failed to check cache for java.util.LinkedList<E> : Type points to itself
[MASTER] 21:01:15.000 [pool-2-thread-1] ERROR TestCluster - Failed to check cache for org.asynchttpclient.AsyncHandler<T> : Type points to itself
[MASTER] 21:02:12.926 [pool-2-thread-1] ERROR ClassStateSupport - Could not initialize org.asynchttpclient.AsyncHttpClientConfig$ResponseBodyPartFactory: org/asynchttpclient/AsyncHttpClientConfig$ResponseBodyPartFactory$1
[MASTER] 21:02:13.150 [pool-2-thread-1] ERROR ClassStateSupport - Could not initialize io.netty.buffer.ByteBufAllocator: io/netty/buffer/ByteBufUtil$1
[MASTER] 21:02:13.272 [pool-2-thread-1] ERROR ClassStateSupport - Could not initialize io.netty.util.HashingStrategy: io/netty/util/HashingStrategy$1
[MASTER] 21:02:13.602 [pool-2-thread-1] ERROR ClassStateSupport - Could not initialize io.netty.util.ByteProcessor: io/netty/util/ByteProcessor$1
[MASTER] 21:02:16.675 [pool-2-thread-1] ERROR ClassStateSupport - Could not initialize io.netty.handler.codec.http.HttpHeaders: io/netty/handler/codec/http/HttpUtil
[MASTER] 21:02:16.891 [pool-2-thread-1] ERROR ClassStateSupport - Could not initialize io.netty.handler.ssl.ApplicationProtocolConfig: io/netty/handler/ssl/ApplicationProtocolConfig$Protocol
[MASTER] 21:02:17.125 [pool-2-thread-1] ERROR ClassStateSupport - Could not initialize io.netty.handler.ssl.OpenSslServerContext: io/netty/handler/ssl/ReferenceCountedOpenSslContext$3
[MASTER] 21:02:17.179 [pool-2-thread-1] ERROR ClassStateSupport - Could not initialize io.netty.handler.ssl.SslHandler: io/netty/handler/codec/ByteToMessageDecoder$1
[MASTER] 21:02:17.215 [pool-2-thread-1] ERROR ClassStateSupport - Could not initialize org.asynchttpclient.AsyncHttpClientConfig$ResponseBodyPartFactory: org/asynchttpclient/AsyncHttpClientConfig$ResponseBodyPartFactory$2
[MASTER] 21:02:17.226 [pool-2-thread-1] ERROR ClassStateSupport - Could not initialize io.netty.util.internal.shaded.org.jctools.queues.BaseLinkedQueueProducerNodeRef: Lio/netty/util/internal/shaded/org/jctools/queues/LinkedQueueNode;
[MASTER] 21:02:17.284 [pool-2-thread-1] ERROR ClassStateSupport - Could not initialize io.netty.handler.codec.ByteToMessageDecoder: Could not initialize class io.netty.handler.codec.ByteToMessageDecoder
[MASTER] 21:02:18.428 [pool-2-thread-1] ERROR ClassStateSupport - Could not initialize io.netty.buffer.ByteBufAllocator: io/netty/util/NettyRuntime
[MASTER] 21:02:18.480 [pool-2-thread-1] ERROR ClassStateSupport - Could not initialize io.netty.util.concurrent.GlobalEventExecutor: null
[MASTER] 21:02:18.499 [pool-2-thread-1] ERROR ClassStateSupport - Could not initialize io.netty.handler.codec.http.HttpStatusClass: io/netty/handler/codec/http/HttpStatusClass$1
[MASTER] 21:02:18.557 [pool-2-thread-1] ERROR ClassStateSupport - Could not initialize io.netty.handler.ssl.OpenSslClientContext: io/netty/handler/ssl/ReferenceCountedOpenSslEngine
[MASTER] 21:02:18.732 [pool-2-thread-1] ERROR ClassStateSupport - Could not initialize io.netty.handler.ssl.ReferenceCountedOpenSslServerContext: io/netty/handler/ssl/OpenSslSessionContext
[MASTER] 21:02:18.732 [pool-2-thread-1] ERROR ClassStateSupport - Could not initialize io.netty.util.internal.shaded.org.jctools.queues.BaseLinkedQueuePad2: io.netty.util.internal.shaded.org.jctools.queues.BaseLinkedQueueProducerNodeRef
[MASTER] 21:02:18.733 [pool-2-thread-1] ERROR ClassStateSupport - Could not initialize io.netty.util.internal.shaded.org.jctools.queues.BaseLinkedQueuePad1: io.netty.util.internal.shaded.org.jctools.queues.BaseLinkedQueueProducerNodeRef
[MASTER] 21:02:18.790 [pool-2-thread-1] ERROR ClassStateSupport - Could not initialize io.netty.channel.ChannelFutureListener: io/netty/channel/ChannelFutureListener$1
[MASTER] 21:02:18.838 [pool-2-thread-1] ERROR ClassStateSupport - Could not initialize io.netty.handler.ssl.OpenSslContext: io/netty/handler/ssl/OpenSslEngine
[MASTER] 21:02:18.845 [pool-2-thread-1] ERROR ClassStateSupport - Could not initialize io.netty.util.concurrent.ScheduledFutureTask: Could not initialize class io.netty.util.concurrent.ScheduledFutureTask
[MASTER] 21:02:18.919 [pool-2-thread-1] ERROR ClassStateSupport - Could not initialize io.netty.util.internal.shaded.org.jctools.queues.BaseLinkedQueue: io.netty.util.internal.shaded.org.jctools.queues.BaseLinkedQueueProducerNodeRef
[MASTER] 21:02:18.941 [pool-2-thread-1] ERROR ClassStateSupport - Could not initialize io.netty.util.internal.shaded.org.jctools.queues.SpscLinkedQueue: io.netty.util.internal.shaded.org.jctools.queues.BaseLinkedQueueProducerNodeRef
[MASTER] 21:02:19.195 [pool-2-thread-1] ERROR ClassStateSupport - Could not initialize io.netty.util.concurrent.PromiseTask: Could not initialize class io.netty.util.concurrent.PromiseTask
[MASTER] 21:02:19.211 [pool-2-thread-1] ERROR ClassStateSupport - Could not initialize io.netty.util.ByteProcessor: io/netty/util/ByteProcessor$2
[MASTER] 21:02:19.246 [pool-2-thread-1] ERROR ClassStateSupport - Could not initialize io.netty.bootstrap.Bootstrap: io/netty/resolver/AddressResolverGroup
[MASTER] 21:02:19.247 [pool-2-thread-1] ERROR ClassStateSupport - Could not initialize io.netty.util.internal.shaded.org.jctools.queues.BaseLinkedQueueConsumerNodeRef: io.netty.util.internal.shaded.org.jctools.queues.BaseLinkedQueueProducerNodeRef
[MASTER] 21:02:19.251 [pool-2-thread-1] ERROR ClassStateSupport - Could not initialize io.netty.handler.ssl.ReferenceCountedOpenSslContext: io/netty/handler/ssl/ReferenceCountedOpenSslContext$1
[MASTER] 21:02:19.302 [pool-2-thread-1] ERROR ClassStateSupport - Could not initialize io.netty.channel.DefaultChannelId: null
[MASTER] 21:02:19.316 [pool-2-thread-1] ERROR ClassStateSupport - Could not initialize io.netty.util.concurrent.DefaultPromise: Could not initialize class io.netty.util.concurrent.DefaultPromise
[MASTER] 21:02:19.368 [pool-2-thread-1] ERROR ClassStateSupport - Could not initialize io.netty.handler.ssl.ReferenceCountedOpenSslClientContext: io.netty.handler.ssl.ReferenceCountedOpenSslContext
[MASTER] 21:02:19.368 [pool-2-thread-1] ERROR ClassStateSupport - Could not initialize io.netty.util.NetUtil: Could not initialize class io.netty.util.NetUtil
[MASTER] 21:02:19.370 [pool-2-thread-1] ERROR ClassStateSupport - Could not initialize io.netty.buffer.ByteBufUtil: Could not initialize class io.netty.buffer.ByteBufUtil
[MASTER] 21:02:19.423 [pool-2-thread-1] ERROR ClassResetter - java.lang.NoClassDefFoundError: Could not initialize class io.netty.util.concurrent.DefaultPromise
[MASTER] 21:02:19.424 [pool-2-thread-1] ERROR ClassResetter - java.lang.NoClassDefFoundError: Could not initialize class io.netty.util.concurrent.GlobalEventExecutor
[MASTER] 21:02:19.434 [pool-2-thread-1] ERROR ClassResetter - java.lang.NoClassDefFoundError: Could not initialize class io.netty.util.NetUtil
[MASTER] 21:02:19.434 [pool-2-thread-1] ERROR ClassResetter - java.lang.NoClassDefFoundError: Could not initialize class io.netty.channel.DefaultChannelId
