[MASTER] 00:41:55.507 [pool-2-thread-1] ERROR TestCluster - Failed to check cache for java.util.Enumeration<E> : Type points to itself
[MASTER] 00:42:45.660 [pool-2-thread-1] ERROR ClassStateSupport - Could not initialize org.asynchttpclient.proxy.ProxyServerSelector: java.lang.NoClassDefFoundError: org/asynchttpclient/uri/Uri
[MASTER] 00:42:45.904 [pool-2-thread-1] ERROR ClassStateSupport - Could not initialize io.netty.buffer.PooledDirectByteBuf: io/netty/util/Recycler
[MASTER] 00:42:45.952 [pool-2-thread-1] ERROR ClassStateSupport - Could not initialize io.netty.util.internal.shaded.org.jctools.queues.BaseLinkedQueue: Lio/netty/util/internal/shaded/org/jctools/queues/LinkedQueueNode;
[MASTER] 00:42:46.016 [pool-2-thread-1] ERROR ClassStateSupport - Could not initialize io.netty.util.internal.shaded.org.jctools.queues.SpscLinkedQueue: io.netty.util.internal.shaded.org.jctools.queues.BaseLinkedQueue
[MASTER] 00:42:46.407 [pool-2-thread-1] ERROR ClassStateSupport - Could not initialize io.netty.handler.ssl.OpenSslServerContext: io/netty/handler/ssl/OpenSslSessionContext
[MASTER] 00:42:46.481 [pool-2-thread-1] ERROR ClassStateSupport - Could not initialize org.asynchttpclient.AsyncHttpClientConfig$ResponseBodyPartFactory: org/asynchttpclient/AsyncHttpClientConfig$ResponseBodyPartFactory$1
[MASTER] 00:42:46.482 [pool-2-thread-1] ERROR ClassStateSupport - Could not initialize io.netty.util.internal.shaded.org.jctools.queues.BaseLinkedQueueProducerNodeRef: Could not initialize class io.netty.util.internal.shaded.org.jctools.queues.BaseLinkedQueueProducerNodeRef
[MASTER] 00:42:46.506 [pool-2-thread-1] ERROR ClassStateSupport - Could not initialize io.netty.util.internal.shaded.org.jctools.queues.MpscArrayQueueMidPad: io/netty/util/internal/shaded/org/jctools/util/UnsafeAccess
[MASTER] 00:42:46.510 [pool-2-thread-1] ERROR ClassStateSupport - Could not initialize io.netty.util.internal.shaded.org.jctools.queues.MpscArrayQueueConsumerIndexField: io.netty.util.internal.shaded.org.jctools.queues.MpscArrayQueueMidPad
[MASTER] 00:42:46.520 [pool-2-thread-1] ERROR ClassStateSupport - Could not initialize io.netty.util.internal.shaded.org.jctools.queues.MpscArrayQueueL2Pad: io.netty.util.internal.shaded.org.jctools.queues.MpscArrayQueueMidPad
[MASTER] 00:42:46.529 [pool-2-thread-1] ERROR ClassStateSupport - Could not initialize io.netty.util.ByteProcessor: io/netty/util/ByteProcessor$1
[MASTER] 00:42:46.530 [pool-2-thread-1] ERROR ClassStateSupport - Could not initialize io.netty.util.internal.shaded.org.jctools.queues.BaseLinkedQueueConsumerNodeRef: Could not initialize class io.netty.util.internal.shaded.org.jctools.queues.BaseLinkedQueueConsumerNodeRef
[MASTER] 00:42:46.547 [pool-2-thread-1] ERROR ClassStateSupport - Could not initialize io.netty.buffer.ByteBufUtil$ThreadLocalDirectByteBuf: io/netty/buffer/ByteBufUtil$ThreadLocalDirectByteBuf$1
[MASTER] 00:42:46.663 [pool-2-thread-1] ERROR ClassStateSupport - Could not initialize io.netty.handler.ssl.ReferenceCountedOpenSslEngine: io/netty/util/internal/ThrowableUtil
[MASTER] 00:42:46.667 [pool-2-thread-1] ERROR ClassStateSupport - Could not initialize io.netty.util.internal.shaded.org.jctools.queues.MpscArrayQueue: io.netty.util.internal.shaded.org.jctools.queues.MpscArrayQueueMidPad
[MASTER] 00:42:46.690 [pool-2-thread-1] ERROR ClassStateSupport - Could not initialize io.netty.handler.ssl.ReferenceCountedOpenSslServerContext: io/netty/handler/ssl/OpenSslServerSessionContext
[MASTER] 00:42:46.690 [pool-2-thread-1] ERROR ClassStateSupport - Could not initialize io.netty.util.internal.shaded.org.jctools.queues.BaseLinkedQueuePad2: Could not initialize class io.netty.util.internal.shaded.org.jctools.queues.BaseLinkedQueuePad2
[MASTER] 00:42:46.691 [pool-2-thread-1] ERROR ClassStateSupport - Could not initialize io.netty.util.internal.shaded.org.jctools.queues.BaseLinkedQueuePad1: Could not initialize class io.netty.util.internal.shaded.org.jctools.queues.BaseLinkedQueuePad1
[MASTER] 00:42:46.693 [pool-2-thread-1] ERROR ClassStateSupport - Could not initialize io.netty.util.internal.shaded.org.jctools.queues.MpscArrayQueueProducerIndexField: Could not initialize class io.netty.util.internal.shaded.org.jctools.queues.MpscArrayQueueProducerIndexField
[MASTER] 00:42:46.693 [pool-2-thread-1] ERROR ClassStateSupport - Could not initialize io.netty.handler.ssl.OpenSslEngine: io.netty.handler.ssl.ReferenceCountedOpenSslEngine
[MASTER] 00:42:46.693 [pool-2-thread-1] ERROR ClassStateSupport - Could not initialize io.netty.util.internal.shaded.org.jctools.queues.MpscArrayQueueL3Pad: io.netty.util.internal.shaded.org.jctools.queues.MpscArrayQueueMidPad
[MASTER] 00:42:46.695 [pool-2-thread-1] ERROR ClassStateSupport - Could not initialize io.netty.buffer.PooledUnsafeDirectByteBuf: io/netty/buffer/PooledUnsafeDirectByteBuf$1
[MASTER] 00:42:46.696 [pool-2-thread-1] ERROR ClassStateSupport - Could not initialize io.netty.util.internal.shaded.org.jctools.queues.MpscArrayQueueProducerLimitField: io.netty.util.internal.shaded.org.jctools.queues.MpscArrayQueueMidPad
[MASTER] 00:42:46.701 [pool-2-thread-1] ERROR ClassStateSupport - Could not initialize io.netty.handler.ssl.ReferenceCountedOpenSslClientContext: io/netty/handler/ssl/OpenSslExtendedKeyMaterialManager
[MASTER] 00:42:46.704 [pool-2-thread-1] ERROR ClassStateSupport - Could not initialize io.netty.buffer.ByteBufUtil$ThreadLocalUnsafeDirectByteBuf: io/netty/buffer/ByteBufUtil$ThreadLocalUnsafeDirectByteBuf$1
