* Starting client
* Connecting to master process on port 9889
* Analyzing classpath: 
  - /Users/Peifeng/Desktop/Study/Topics-in-Software-Engineering/GitLab/evosuite/case_study/scribejava/scribejava-httpclient-ning/target/classes
  - /Library/Java/JavaVirtualMachines/jdk1.8.0_77.jdk/Contents/Home/jre/lib/charsets.jar
  - /Library/Java/JavaVirtualMachines/jdk1.8.0_77.jdk/Contents/Home/jre/lib/deploy.jar
  - /Library/Java/JavaVirtualMachines/jdk1.8.0_77.jdk/Contents/Home/jre/lib/ext/cldrdata.jar
  - /Library/Java/JavaVirtualMachines/jdk1.8.0_77.jdk/Contents/Home/jre/lib/ext/dnsns.jar
  - /Library/Java/JavaVirtualMachines/jdk1.8.0_77.jdk/Contents/Home/jre/lib/ext/jaccess.jar
  - /Library/Java/JavaVirtualMachines/jdk1.8.0_77.jdk/Contents/Home/jre/lib/ext/jfxrt.jar
  - /Library/Java/JavaVirtualMachines/jdk1.8.0_77.jdk/Contents/Home/jre/lib/ext/localedata.jar
  - /Library/Java/JavaVirtualMachines/jdk1.8.0_77.jdk/Contents/Home/jre/lib/ext/nashorn.jar
  - /Library/Java/JavaVirtualMachines/jdk1.8.0_77.jdk/Contents/Home/jre/lib/ext/sunec.jar
  - /Library/Java/JavaVirtualMachines/jdk1.8.0_77.jdk/Contents/Home/jre/lib/ext/sunjce_provider.jar
  - /Library/Java/JavaVirtualMachines/jdk1.8.0_77.jdk/Contents/Home/jre/lib/ext/sunpkcs11.jar
  - /Library/Java/JavaVirtualMachines/jdk1.8.0_77.jdk/Contents/Home/jre/lib/ext/zipfs.jar
  - /Library/Java/JavaVirtualMachines/jdk1.8.0_77.jdk/Contents/Home/jre/lib/javaws.jar
  - /Library/Java/JavaVirtualMachines/jdk1.8.0_77.jdk/Contents/Home/jre/lib/jce.jar
  - /Library/Java/JavaVirtualMachines/jdk1.8.0_77.jdk/Contents/Home/jre/lib/jfr.jar
  - /Library/Java/JavaVirtualMachines/jdk1.8.0_77.jdk/Contents/Home/jre/lib/jfxswt.jar
  - /Library/Java/JavaVirtualMachines/jdk1.8.0_77.jdk/Contents/Home/jre/lib/jsse.jar
  - /Library/Java/JavaVirtualMachines/jdk1.8.0_77.jdk/Contents/Home/jre/lib/management-agent.jar
  - /Library/Java/JavaVirtualMachines/jdk1.8.0_77.jdk/Contents/Home/jre/lib/plugin.jar
  - /Library/Java/JavaVirtualMachines/jdk1.8.0_77.jdk/Contents/Home/jre/lib/resources.jar
  - /Library/Java/JavaVirtualMachines/jdk1.8.0_77.jdk/Contents/Home/jre/lib/rt.jar
  - /Library/Java/JavaVirtualMachines/jdk1.8.0_77.jdk/Contents/Home/lib/ant-javafx.jar
  - /Library/Java/JavaVirtualMachines/jdk1.8.0_77.jdk/Contents/Home/lib/dt.jar
  - /Library/Java/JavaVirtualMachines/jdk1.8.0_77.jdk/Contents/Home/lib/javafx-mx.jar
  - /Library/Java/JavaVirtualMachines/jdk1.8.0_77.jdk/Contents/Home/lib/jconsole.jar
  - /Library/Java/JavaVirtualMachines/jdk1.8.0_77.jdk/Contents/Home/lib/packager.jar
  - /Library/Java/JavaVirtualMachines/jdk1.8.0_77.jdk/Contents/Home/lib/sa-jdi.jar
  - /Library/Java/JavaVirtualMachines/jdk1.8.0_77.jdk/Contents/Home/lib/tools.jar
  - /Users/Peifeng/Desktop/Study/Topics-in-Software-Engineering/GitLab/evosuite/case_study/scribejava/scribejava-httpclient-ning/target/classes
  - /Users/Peifeng/Desktop/Study/Topics-in-Software-Engineering/GitLab/evosuite/case_study/scribejava/scribejava-core/target/classes
  - /Users/Peifeng/.m2/repository/com/ning/async-http-client/1.9.40/async-http-client-1.9.40.jar
  - /Users/Peifeng/.m2/repository/io/netty/netty/3.10.6.Final/netty-3.10.6.Final.jar
  - /Users/Peifeng/.m2/repository/org/slf4j/slf4j-api/1.7.12/slf4j-api-1.7.12.jar
  - /Users/Peifeng/.m2/repository/junit/junit/4.12/junit-4.12.jar
  - /Users/Peifeng/.m2/repository/org/hamcrest/hamcrest-core/1.3/hamcrest-core-1.3.jar
  - /Users/Peifeng/.m2/repository/com/google/code/gson/gson/2.8.1/gson-2.8.1.jar
  - /Users/Peifeng/.m2/repository/commons-codec/commons-codec/1.10/commons-codec-1.10.jar
[MASTER] 20:41:26.619 [pool-2-thread-1] WARN  CheapPurityAnalyzer - org.glassfish.grizzly.http.HttpContent was not found in the inheritance tree. Using DEFAULT value for cheap-purity analysis
[MASTER] 20:41:26.622 [pool-2-thread-1] WARN  InheritanceTree - Class not in inheritance graph: org.glassfish.grizzly.http.HttpContent
[MASTER] 20:41:26.622 [pool-2-thread-1] WARN  CheapPurityAnalyzer - org.glassfish.grizzly.http.HttpContent was not found in the inheritance tree. Using DEFAULT value for cheap-purity analysis
[MASTER] 20:41:26.623 [pool-2-thread-1] WARN  CheapPurityAnalyzer - org.glassfish.grizzly.http.HttpContent was not found in the inheritance tree. Using DEFAULT value for cheap-purity analysis
[MASTER] 20:41:26.671 [pool-2-thread-1] WARN  CheapPurityAnalyzer - org.glassfish.grizzly.http.HttpResponsePacket was not found in the inheritance tree. Using DEFAULT value for cheap-purity analysis
[MASTER] 20:41:26.671 [pool-2-thread-1] WARN  InheritanceTree - Class not in inheritance graph: org.glassfish.grizzly.http.HttpResponsePacket
[MASTER] 20:41:26.672 [pool-2-thread-1] WARN  CheapPurityAnalyzer - org.glassfish.grizzly.http.HttpResponsePacket was not found in the inheritance tree. Using DEFAULT value for cheap-purity analysis
[MASTER] 20:41:26.755 [pool-2-thread-1] WARN  CheapPurityAnalyzer - org.glassfish.grizzly.http.Protocol was not found in the inheritance tree. Using DEFAULT value for cheap-purity analysis
[MASTER] 20:41:26.755 [pool-2-thread-1] WARN  InheritanceTree - Class not in inheritance graph: org.glassfish.grizzly.http.Protocol
[MASTER] 20:41:26.755 [pool-2-thread-1] WARN  CheapPurityAnalyzer - org.glassfish.grizzly.http.Protocol was not found in the inheritance tree. Using DEFAULT value for cheap-purity analysis
[MASTER] 20:41:26.755 [pool-2-thread-1] WARN  CheapPurityAnalyzer - org.glassfish.grizzly.http.HttpResponsePacket was not found in the inheritance tree. Using DEFAULT value for cheap-purity analysis
[MASTER] 20:41:26.831 [pool-2-thread-1] WARN  CheapPurityAnalyzer - org.glassfish.grizzly.nio.transport.TCPNIOTransport was not found in the inheritance tree. Using DEFAULT value for cheap-purity analysis
[MASTER] 20:41:26.831 [pool-2-thread-1] WARN  InheritanceTree - Class not in inheritance graph: org.glassfish.grizzly.nio.transport.TCPNIOTransport
* Finished analyzing classpath
* Generating tests for class com.github.scribejava.httpclient.ning.OAuthAsyncCompletionHandler
* Test criteria:
  - Line Coverage
  - Branch Coverage
  - Exception
  - Mutation testing (weak)
  - Method-Output Coverage
  - Top-Level Method Coverage
  - No-Exception Top-Level Method Coverage
  - Context Branch Coverage
* Setting up search algorithm for whole suite generation
[MASTER] 20:41:28.323 [pool-2-thread-1] WARN  TestSuiteSerialization - Cannot load tests because file does not exist: /Users/Peifeng/Desktop/Study/Topics-in-Software-Engineering/GitLab/evosuite/case_study/scribejava/scribejava-httpclient-ning/.evosuite/evosuite-seeds/com.github.scribejava.httpclient.ning.OAuthAsyncCompletionHandler.seed
* Loaded 0 tests from /Users/Peifeng/Desktop/Study/Topics-in-Software-Engineering/GitLab/evosuite/case_study/scribejava/scribejava-httpclient-ning/.evosuite/evosuite-seeds/com.github.scribejava.httpclient.ning.OAuthAsyncCompletionHandler.seed
* Total number of test goals: 
  - Line 15
  - Branch 7
  - Exception 0
  - MutationFactory 3
  - Output 2
  - Method 3
  - MethodNoException 3
  - CBranchFitnessFactory 7
* Using seed 1507866079616
* Starting evolution
* Search finished after 74s and 0 generations, 1344 statements, best individual has fitness: 10.5
* Writing sequences to pool
* Minimizing test suite
* Going to analyze the coverage criteria
* Coverage analysis for criterion LINE
* Coverage of criterion LINE: 53%
* Total number of goals: 15
* Number of covered goals: 8
* Coverage analysis for criterion BRANCH
* Coverage of criterion BRANCH: 43%
* Total number of goals: 7
* Number of covered goals: 3
* Coverage analysis for criterion EXCEPTION
* Coverage of criterion EXCEPTION: 100%
* Total number of goals: 1
* Number of covered goals: 1
* Coverage analysis for criterion WEAKMUTATION
* Coverage of criterion WEAKMUTATION: 33%
* Total number of goals: 3
* Number of covered goals: 1
* Coverage analysis for criterion OUTPUT
* Coverage of criterion OUTPUT: 0%
* Total number of goals: 2
* Number of covered goals: 0
* Coverage analysis for criterion METHOD
* Coverage of criterion METHOD: 100%
* Total number of goals: 3
* Number of covered goals: 3
* Coverage analysis for criterion METHODNOEXCEPTION
* Coverage of criterion METHODNOEXCEPTION: 67%
* Total number of goals: 3
* Number of covered goals: 2
* Coverage analysis for criterion CBRANCH
* Coverage of criterion CBRANCH: 43%
* Total number of goals: 7
* Number of covered goals: 3
* Generated 3 tests with total length 12
* Resulting test suite's coverage: 83% (average coverage for all fitness functions)
* Generating assertions
* Resulting test suite's mutation score: 33%
* Compiling and checking tests
* Permissions denied during test execution: 
  - java.lang.RuntimePermission: 
         writeFileDescriptor: 1
* Writing JUnit test case 'OAuthAsyncCompletionHandler_ESTest' to /Users/Peifeng/Desktop/Study/Topics-in-Software-Engineering/GitLab/evosuite/case_study/scribejava/scribejava-httpclient-ning/.evosuite/tmp_2017_10_12_20_34_58/tests
* Done!

