[MASTER] 17:23:12.478 [pool-2-thread-1] ERROR TestCluster - Failed to check cache for java.util.LinkedHashSet<E> : Type points to itself
[MASTER] 17:23:15.333 [pool-2-thread-1] ERROR TestCluster - Failed to check cache for java.util.Comparator<T> : Type points to itself
[MASTER] 17:23:40.316 [TEST_EXECUTION_THREAD_0] ERROR AbstractStatement - Error assigning value of type FileAttribute[] defined at statement FileAttribute<MockHijrahDate>[] fileAttributeArray0 = (FileAttribute<MockHijrahDate>[]) Array.newInstance(FileAttribute.class, 7), assignment statement: fileAttributeArray0[0] = (FileAttribute<MockHijrahDate>) fileAttributeArray0; SUT=org.asynchttpclient.request.body.generator.PushBody
[MASTER] 17:23:41.769 [TEST_EXECUTION_THREAD_0] ERROR AbstractStatement - Error assigning value of type FileAttribute[] defined at statement FileAttribute<ChronoLocalDate>[] fileAttributeArray0 = (FileAttribute<ChronoLocalDate>[]) Array.newInstance(FileAttribute.class, 4), assignment statement: fileAttributeArray0[0] = (FileAttribute<ChronoLocalDate>) fileAttributeArray0; SUT=org.asynchttpclient.request.body.generator.PushBody
[MASTER] 17:24:04.464 [TEST_EXECUTION_THREAD_0] ERROR AbstractStatement - Error assigning value of type FileAttribute[] defined at statement FileAttribute<RegexSet>[] fileAttributeArray0 = (FileAttribute<RegexSet>[]) Array.newInstance(FileAttribute.class, 9), assignment statement: fileAttributeArray0[0] = (FileAttribute<RegexSet>) fileAttributeArray0; SUT=org.asynchttpclient.request.body.generator.PushBody
[MASTER] 17:24:38.190 [pool-2-thread-1] ERROR ClassStateSupport - Could not initialize io.netty.buffer.PooledDirectByteBuf: io/netty/buffer/PooledDirectByteBuf$1
[MASTER] 17:24:38.207 [pool-2-thread-1] ERROR ClassStateSupport - Could not initialize io.netty.util.internal.shaded.org.jctools.queues.BaseLinkedQueue: Lio/netty/util/internal/shaded/org/jctools/queues/LinkedQueueNode;
[MASTER] 17:24:38.211 [pool-2-thread-1] ERROR ClassStateSupport - Could not initialize io.netty.util.internal.shaded.org.jctools.queues.SpscLinkedQueue: io.netty.util.internal.shaded.org.jctools.queues.BaseLinkedQueue
[MASTER] 17:24:38.479 [pool-2-thread-1] ERROR ClassStateSupport - Could not initialize io.netty.util.internal.shaded.org.jctools.queues.BaseLinkedQueueProducerNodeRef: Could not initialize class io.netty.util.internal.shaded.org.jctools.queues.BaseLinkedQueueProducerNodeRef
[MASTER] 17:24:38.541 [pool-2-thread-1] ERROR ClassStateSupport - Could not initialize io.netty.util.internal.shaded.org.jctools.queues.BaseLinkedQueueConsumerNodeRef: Could not initialize class io.netty.util.internal.shaded.org.jctools.queues.BaseLinkedQueueConsumerNodeRef
[MASTER] 17:24:38.610 [pool-2-thread-1] ERROR ClassStateSupport - Could not initialize io.netty.util.internal.shaded.org.jctools.queues.BaseLinkedQueuePad2: Could not initialize class io.netty.util.internal.shaded.org.jctools.queues.BaseLinkedQueuePad2
[MASTER] 17:24:38.610 [pool-2-thread-1] ERROR ClassStateSupport - Could not initialize io.netty.util.internal.shaded.org.jctools.queues.BaseLinkedQueuePad1: Could not initialize class io.netty.util.internal.shaded.org.jctools.queues.BaseLinkedQueuePad1
[MASTER] 17:24:39.312 [pool-2-thread-1] ERROR ClassStateSupport - Could not initialize io.netty.util.internal.ThreadLocalRandom: io/netty/util/internal/ThreadLocalRandom$1
[MASTER] 17:24:39.630 [pool-2-thread-1] ERROR ClassStateSupport - Could not initialize org.eclipse.jetty.util.PathWatcher: org/eclipse/jetty/util/log/Log
[MASTER] 17:24:39.649 [pool-2-thread-1] ERROR ClassStateSupport - Could not initialize io.netty.buffer.ByteBufUtil$ThreadLocalDirectByteBuf: io/netty/buffer/ByteBufUtil$ThreadLocalDirectByteBuf$1
[MASTER] 17:24:39.718 [pool-2-thread-1] ERROR ClassStateSupport - Could not initialize io.netty.buffer.PooledDuplicatedByteBuf: io/netty/buffer/PooledDuplicatedByteBuf$1
[MASTER] 17:24:39.757 [pool-2-thread-1] ERROR ClassStateSupport - Could not initialize io.netty.util.AsciiString: io/netty/util/AsciiString$1
[MASTER] 17:24:39.784 [pool-2-thread-1] ERROR ClassStateSupport - Could not initialize org.eclipse.jetty.util.component.AbstractLifeCycle: Could not initialize class org.eclipse.jetty.util.component.AbstractLifeCycle
[MASTER] 17:24:39.788 [pool-2-thread-1] ERROR ClassStateSupport - Could not initialize io.netty.buffer.PooledSlicedByteBuf: io/netty/buffer/PooledSlicedByteBuf$1
[MASTER] 17:24:39.815 [pool-2-thread-1] ERROR ClassStateSupport - Could not initialize io.netty.buffer.ByteBufUtil$ThreadLocalUnsafeDirectByteBuf: io/netty/buffer/ByteBufUtil$ThreadLocalUnsafeDirectByteBuf$1
[MASTER] 17:24:40.640 [pool-2-thread-1] ERROR ClassStateSupport - Could not initialize org.eclipse.jetty.util.PathWatcher: org/eclipse/jetty/util/log/Log$1
[MASTER] 17:24:40.652 [pool-2-thread-1] ERROR ClassStateSupport - Could not initialize io.netty.buffer.PooledHeapByteBuf: io/netty/buffer/PooledHeapByteBuf$1
[MASTER] 17:24:40.726 [pool-2-thread-1] ERROR ClassStateSupport - Could not initialize io.netty.buffer.PooledUnsafeHeapByteBuf: io/netty/buffer/PooledUnsafeHeapByteBuf$1
[MASTER] 17:24:40.736 [pool-2-thread-1] ERROR ClassStateSupport - Could not initialize io.netty.util.HashingStrategy: io/netty/util/HashingStrategy$1
[MASTER] 17:24:40.767 [pool-2-thread-1] ERROR ClassStateSupport - Could not initialize io.netty.util.AsciiString: io.netty.util.HashingStrategy
