* Starting client
* Connecting to master process on port 14050
* Analyzing classpath: 
  - /Users/Peifeng/Desktop/Study/Topics-in-Software-Engineering/GitLab/evosuite/case_study/scribejava/scribejava-core/target/classes
  - /Library/Java/JavaVirtualMachines/jdk1.8.0_77.jdk/Contents/Home/jre/lib/charsets.jar
  - /Library/Java/JavaVirtualMachines/jdk1.8.0_77.jdk/Contents/Home/jre/lib/deploy.jar
  - /Library/Java/JavaVirtualMachines/jdk1.8.0_77.jdk/Contents/Home/jre/lib/ext/cldrdata.jar
  - /Library/Java/JavaVirtualMachines/jdk1.8.0_77.jdk/Contents/Home/jre/lib/ext/dnsns.jar
  - /Library/Java/JavaVirtualMachines/jdk1.8.0_77.jdk/Contents/Home/jre/lib/ext/jaccess.jar
  - /Library/Java/JavaVirtualMachines/jdk1.8.0_77.jdk/Contents/Home/jre/lib/ext/jfxrt.jar
  - /Library/Java/JavaVirtualMachines/jdk1.8.0_77.jdk/Contents/Home/jre/lib/ext/localedata.jar
  - /Library/Java/JavaVirtualMachines/jdk1.8.0_77.jdk/Contents/Home/jre/lib/ext/nashorn.jar
  - /Library/Java/JavaVirtualMachines/jdk1.8.0_77.jdk/Contents/Home/jre/lib/ext/sunec.jar
  - /Library/Java/JavaVirtualMachines/jdk1.8.0_77.jdk/Contents/Home/jre/lib/ext/sunjce_provider.jar
  - /Library/Java/JavaVirtualMachines/jdk1.8.0_77.jdk/Contents/Home/jre/lib/ext/sunpkcs11.jar
  - /Library/Java/JavaVirtualMachines/jdk1.8.0_77.jdk/Contents/Home/jre/lib/ext/zipfs.jar
  - /Library/Java/JavaVirtualMachines/jdk1.8.0_77.jdk/Contents/Home/jre/lib/javaws.jar
  - /Library/Java/JavaVirtualMachines/jdk1.8.0_77.jdk/Contents/Home/jre/lib/jce.jar
  - /Library/Java/JavaVirtualMachines/jdk1.8.0_77.jdk/Contents/Home/jre/lib/jfr.jar
  - /Library/Java/JavaVirtualMachines/jdk1.8.0_77.jdk/Contents/Home/jre/lib/jfxswt.jar
  - /Library/Java/JavaVirtualMachines/jdk1.8.0_77.jdk/Contents/Home/jre/lib/jsse.jar
  - /Library/Java/JavaVirtualMachines/jdk1.8.0_77.jdk/Contents/Home/jre/lib/management-agent.jar
  - /Library/Java/JavaVirtualMachines/jdk1.8.0_77.jdk/Contents/Home/jre/lib/plugin.jar
  - /Library/Java/JavaVirtualMachines/jdk1.8.0_77.jdk/Contents/Home/jre/lib/resources.jar
  - /Library/Java/JavaVirtualMachines/jdk1.8.0_77.jdk/Contents/Home/jre/lib/rt.jar
  - /Library/Java/JavaVirtualMachines/jdk1.8.0_77.jdk/Contents/Home/lib/ant-javafx.jar
  - /Library/Java/JavaVirtualMachines/jdk1.8.0_77.jdk/Contents/Home/lib/dt.jar
  - /Library/Java/JavaVirtualMachines/jdk1.8.0_77.jdk/Contents/Home/lib/javafx-mx.jar
  - /Library/Java/JavaVirtualMachines/jdk1.8.0_77.jdk/Contents/Home/lib/jconsole.jar
  - /Library/Java/JavaVirtualMachines/jdk1.8.0_77.jdk/Contents/Home/lib/packager.jar
  - /Library/Java/JavaVirtualMachines/jdk1.8.0_77.jdk/Contents/Home/lib/sa-jdi.jar
  - /Library/Java/JavaVirtualMachines/jdk1.8.0_77.jdk/Contents/Home/lib/tools.jar
  - /Users/Peifeng/Desktop/Study/Topics-in-Software-Engineering/GitLab/evosuite/case_study/scribejava/scribejava-core/target/test-classes
  - /Users/Peifeng/Desktop/Study/Topics-in-Software-Engineering/GitLab/evosuite/case_study/scribejava/scribejava-core/target/classes
  - /Users/Peifeng/.m2/repository/junit/junit/4.12/junit-4.12.jar
  - /Users/Peifeng/.m2/repository/org/hamcrest/hamcrest-core/1.3/hamcrest-core-1.3.jar
  - /Users/Peifeng/.m2/repository/com/google/code/gson/gson/2.8.1/gson-2.8.1.jar
  - /Users/Peifeng/.m2/repository/commons-codec/commons-codec/1.10/commons-codec-1.10.jar
* Finished analyzing classpath
* Generating tests for class com.github.scribejava.core.oauth.OAuth10aService
* Test criteria:
  - Line Coverage
  - Branch Coverage
  - Exception
  - Mutation testing (weak)
  - Method-Output Coverage
  - Top-Level Method Coverage
  - No-Exception Top-Level Method Coverage
  - Context Branch Coverage
* Setting up search algorithm for whole suite generation
[MASTER] 19:36:34.825 [pool-2-thread-1] WARN  TestSuiteSerialization - Cannot load tests because file does not exist: /Users/Peifeng/Desktop/Study/Topics-in-Software-Engineering/GitLab/evosuite/case_study/scribejava/scribejava-core/.evosuite/evosuite-seeds/com.github.scribejava.core.oauth.OAuth10aService.seed
* Loaded 0 tests from /Users/Peifeng/Desktop/Study/Topics-in-Software-Engineering/GitLab/evosuite/case_study/scribejava/scribejava-core/.evosuite/evosuite-seeds/com.github.scribejava.core.oauth.OAuth10aService.seed
* Total number of test goals: 
  - Line 84
  - Branch 25
  - Exception 0
  - MutationFactory 48
  - Output 29
  - Method 15
  - MethodNoException 15
  - CBranchFitnessFactory 25
* Using seed 1507862187327
* Starting evolution
* Search finished after 160s and 179 generations, 148063 statements, best individual has fitness: 43.39285714285714
* Writing sequences to pool
* Minimizing test suite
* Going to analyze the coverage criteria
* Coverage analysis for criterion LINE
* Coverage of criterion LINE: 93%
* Total number of goals: 84
* Number of covered goals: 78
* Coverage analysis for criterion BRANCH
* Coverage of criterion BRANCH: 96%
* Total number of goals: 25
* Number of covered goals: 24
* Coverage analysis for criterion EXCEPTION
* Coverage of criterion EXCEPTION: 100%
* Total number of goals: 27
* Number of covered goals: 27
* Coverage analysis for criterion WEAKMUTATION
* Coverage of criterion WEAKMUTATION: 92%
* Total number of goals: 48
* Number of covered goals: 44
* Coverage analysis for criterion OUTPUT
* Coverage of criterion OUTPUT: 24%
* Total number of goals: 29
* Number of covered goals: 7
* Coverage analysis for criterion METHOD
* Coverage of criterion METHOD: 100%
* Total number of goals: 15
* Number of covered goals: 15
* Coverage analysis for criterion METHODNOEXCEPTION
* Coverage of criterion METHODNOEXCEPTION: 53%
* Total number of goals: 15
* Number of covered goals: 8
* Coverage analysis for criterion CBRANCH
* Coverage of criterion CBRANCH: 96%
* Total number of goals: 25
* Number of covered goals: 24
* Generated 37 tests with total length 301
* Resulting test suite's coverage: 76% (average coverage for all fitness functions)
* Generating assertions
* Resulting test suite's mutation score: 25%
* Compiling and checking tests
[MASTER] 19:39:40.015 [pool-2-thread-1] WARN  JUnitAnalyzer - Found unstable test named test0 -> class java.lang.LinkageError: loader (instance of  sun/misc/Launcher$AppClassLoader): attempted  duplicate class definition for name: "org/hamcrest/StringDescription"
[MASTER] 19:39:40.016 [pool-2-thread-1] WARN  JUnitAnalyzer - Failing test:
 TimestampService timestampService0 = mock(TimestampService.class, new ViolatedAssumptionAnswer());
doReturn("UTF8").when(timestampService0).getTimestampInSeconds();
SignatureService signatureService0 = mock(SignatureService.class, new ViolatedAssumptionAnswer());
doReturn("").when(signatureService0).getSignatureMethod();
TimestampService timestampService1 = mock(TimestampService.class, new ViolatedAssumptionAnswer());
doReturn("UTF8").when(timestampService1).getNonce();
BaseStringExtractor baseStringExtractor0 = mock(BaseStringExtractor.class, new ViolatedAssumptionAnswer());
doReturn("").when(baseStringExtractor0).extract(any(com.github.scribejava.core.model.OAuthRequest.class));
SignatureService signatureService1 = mock(SignatureService.class, new ViolatedAssumptionAnswer());
doReturn((String) null).when(signatureService1).getSignature(anyString() , anyString() , anyString());
OAuth1SignatureType oAuth1SignatureType0 = OAuth1SignatureType.QueryString;
DefaultApi10a defaultApi10a0 = mock(DefaultApi10a.class, new ViolatedAssumptionAnswer());
doReturn((String) null, (String) null).when(defaultApi10a0).getAccessTokenEndpoint();
doReturn((Verb) null).when(defaultApi10a0).getAccessTokenVerb();
doReturn(baseStringExtractor0).when(defaultApi10a0).getBaseStringExtractor();
doReturn(signatureService0, signatureService1).when(defaultApi10a0).getSignatureService();
doReturn(oAuth1SignatureType0).when(defaultApi10a0).getSignatureType();
doReturn(timestampService0, timestampService1).when(defaultApi10a0).getTimestampService();
MockFileOutputStream mockFileOutputStream0 = new MockFileOutputStream("jzy", true);
JDKHttpClientConfig jDKHttpClientConfig0 = JDKHttpClientConfig.defaultConfig();
JDKHttpClient jDKHttpClient0 = new JDKHttpClient(jDKHttpClientConfig0);
OAuthConfig oAuthConfig0 = new OAuthConfig((String) null, (String) null, (String) null, "", mockFileOutputStream0, (String) null, "uP", "uP", jDKHttpClientConfig0, jDKHttpClient0);
OAuth10aService oAuth10aService0 = new OAuth10aService(defaultApi10a0, oAuthConfig0);
OAuth1RequestToken oAuth1RequestToken0 = new OAuth1RequestToken("uP", "", true, "");
oAuth10aService0.getAccessToken(oAuth1RequestToken0, "");

[MASTER] 19:39:41.856 [pool-2-thread-1] WARN  JUnitAnalyzer - Found unstable test named test0 -> class java.lang.LinkageError: org/hamcrest/StringDescription
[MASTER] 19:39:41.857 [pool-2-thread-1] WARN  JUnitAnalyzer - Failing test:
 TimestampService timestampService0 = mock(TimestampService.class, new ViolatedAssumptionAnswer());
doReturn("UTF8").when(timestampService0).getTimestampInSeconds();
SignatureService signatureService0 = mock(SignatureService.class, new ViolatedAssumptionAnswer());
doReturn("").when(signatureService0).getSignatureMethod();
TimestampService timestampService1 = mock(TimestampService.class, new ViolatedAssumptionAnswer());
doReturn("UTF8").when(timestampService1).getNonce();
BaseStringExtractor baseStringExtractor0 = mock(BaseStringExtractor.class, new ViolatedAssumptionAnswer());
doReturn("UTF8").when(baseStringExtractor0).extract(any(com.github.scribejava.core.model.OAuthRequest.class));
SignatureService signatureService1 = mock(SignatureService.class, new ViolatedAssumptionAnswer());
doReturn((String) null).when(signatureService1).getSignature(anyString() , anyString() , anyString());
OAuth1SignatureType oAuth1SignatureType0 = OAuth1SignatureType.QueryString;
DefaultApi10a defaultApi10a0 = mock(DefaultApi10a.class, new ViolatedAssumptionAnswer());
doReturn(baseStringExtractor0).when(defaultApi10a0).getBaseStringExtractor();
doReturn(signatureService0, signatureService1).when(defaultApi10a0).getSignatureService();
doReturn(oAuth1SignatureType0).when(defaultApi10a0).getSignatureType();
doReturn(timestampService0, timestampService1).when(defaultApi10a0).getTimestampService();
MockFileOutputStream mockFileOutputStream0 = new MockFileOutputStream("jzy", true);
JDKHttpClientConfig jDKHttpClientConfig0 = JDKHttpClientConfig.defaultConfig();
JDKHttpClient jDKHttpClient0 = new JDKHttpClient(jDKHttpClientConfig0);
OAuthConfig oAuthConfig0 = new OAuthConfig((String) null, (String) null, (String) null, "", mockFileOutputStream0, (String) null, "Pu:P", "Pu:P", jDKHttpClientConfig0, jDKHttpClient0);
OAuth10aService oAuth10aService0 = new OAuth10aService(defaultApi10a0, oAuthConfig0);
OAuth1AccessToken oAuth1AccessToken0 = new OAuth1AccessToken("<5K6k", "", "");
Verb verb0 = Verb.PATCH;
OAuthRequest oAuthRequest0 = new OAuthRequest(verb0, "");
oAuth10aService0.signRequest(oAuth1AccessToken0, oAuthRequest0);
assertEquals("1.0", oAuth10aService0.getVersion());


[MASTER] 19:39:45.905 [pool-2-thread-1] WARN  JUnitAnalyzer - Found unstable test named test0 -> class java.lang.LinkageError: org/hamcrest/StringDescription
[MASTER] 19:39:45.906 [pool-2-thread-1] WARN  JUnitAnalyzer - Failing test:
 Verb verb0 = Verb.TRACE;
TimestampService timestampService0 = mock(TimestampService.class, new ViolatedAssumptionAnswer());
doReturn("Sxan}n9_3B-").when(timestampService0).getTimestampInSeconds();
SignatureService signatureService0 = mock(SignatureService.class, new ViolatedAssumptionAnswer());
doReturn("Sxan}n9_3B-").when(signatureService0).getSignatureMethod();
TimestampService timestampService1 = mock(TimestampService.class, new ViolatedAssumptionAnswer());
doReturn("P7g>rZ8,%m57X%Jb7mQ").when(timestampService1).getNonce();
BaseStringExtractor baseStringExtractor0 = mock(BaseStringExtractor.class, new ViolatedAssumptionAnswer());
doReturn("P7g>rZ8,%m57X%Jb7mQ").when(baseStringExtractor0).extract(any(com.github.scribejava.core.model.OAuthRequest.class));
SignatureService signatureService1 = mock(SignatureService.class, new ViolatedAssumptionAnswer());
doReturn((String) null).when(signatureService1).getSignature(anyString() , anyString() , anyString());
OAuth1SignatureType oAuth1SignatureType0 = OAuth1SignatureType.QueryString;
DefaultApi10a defaultApi10a0 = mock(DefaultApi10a.class, new ViolatedAssumptionAnswer());
doReturn(baseStringExtractor0).when(defaultApi10a0).getBaseStringExtractor();
doReturn("Sxan}n9_3B-", "Sxan}n9_3B-").when(defaultApi10a0).getRequestTokenEndpoint();
doReturn(verb0).when(defaultApi10a0).getRequestTokenVerb();
doReturn(signatureService0, signatureService1).when(defaultApi10a0).getSignatureService();
doReturn(oAuth1SignatureType0).when(defaultApi10a0).getSignatureType();
doReturn(timestampService0, timestampService1).when(defaultApi10a0).getTimestampService();
OAuthConfig oAuthConfig0 = new OAuthConfig("", (String) null);
OAuth10aService oAuth10aService0 = new OAuth10aService(defaultApi10a0, oAuthConfig0);
oAuth10aService0.getRequestTokenAsync();

[MASTER] 19:39:46.324 [pool-2-thread-1] WARN  JUnitAnalyzer - Found unstable test named test0 -> class java.lang.LinkageError: org/hamcrest/StringDescription
[MASTER] 19:39:46.325 [pool-2-thread-1] WARN  JUnitAnalyzer - Failing test:
 Verb verb0 = Verb.DELETE;
TimestampService timestampService0 = mock(TimestampService.class, new ViolatedAssumptionAnswer());
doReturn((String) null).when(timestampService0).getTimestampInSeconds();
SignatureService signatureService0 = mock(SignatureService.class, new ViolatedAssumptionAnswer());
doReturn((String) null).when(signatureService0).getSignatureMethod();
TimestampService timestampService1 = mock(TimestampService.class, new ViolatedAssumptionAnswer());
doReturn("com.github.scribejava.core.oauth.OAuth10aService").when(timestampService1).getNonce();
BaseStringExtractor baseStringExtractor0 = mock(BaseStringExtractor.class, new ViolatedAssumptionAnswer());
doReturn("oauth_consumer_key").when(baseStringExtractor0).extract(any(com.github.scribejava.core.model.OAuthRequest.class));
SignatureService signatureService1 = mock(SignatureService.class, new ViolatedAssumptionAnswer());
doReturn((String) null).when(signatureService1).getSignature(anyString() , anyString() , anyString());
OAuth1SignatureType oAuth1SignatureType0 = OAuth1SignatureType.QueryString;
DefaultApi10a defaultApi10a0 = mock(DefaultApi10a.class, new ViolatedAssumptionAnswer());
doReturn(baseStringExtractor0).when(defaultApi10a0).getBaseStringExtractor();
doReturn((String) null, "com.github.scribejava.core.httpclient.jdk.JDKHttpClient$BodyType").when(defaultApi10a0).getRequestTokenEndpoint();
doReturn(verb0).when(defaultApi10a0).getRequestTokenVerb();
doReturn(signatureService0, signatureService1).when(defaultApi10a0).getSignatureService();
doReturn(oAuth1SignatureType0).when(defaultApi10a0).getSignatureType();
doReturn(timestampService0, timestampService1).when(defaultApi10a0).getTimestampService();
MockFileOutputStream mockFileOutputStream0 = new MockFileOutputStream(":)<", false);
JDKHttpClientConfig jDKHttpClientConfig0 = JDKHttpClientConfig.defaultConfig();
JDKHttpClient jDKHttpClient0 = new JDKHttpClient(jDKHttpClientConfig0);
OAuthConfig oAuthConfig0 = new OAuthConfig((String) null, (String) null, (String) null, (String) null, mockFileOutputStream0, (String) null, "wrguI0nsS6in$)u", (String) null, jDKHttpClientConfig0, jDKHttpClient0);
OAuth10aService oAuth10aService0 = new OAuth10aService(defaultApi10a0, oAuthConfig0);
OAuthAsyncRequestCallback<OAuth1RequestToken> oAuthAsyncRequestCallback0 = (OAuthAsyncRequestCallback<OAuth1RequestToken>) mock(OAuthAsyncRequestCallback.class, new ViolatedAssumptionAnswer());
oAuth10aService0.getRequestTokenAsync(oAuthAsyncRequestCallback0);

* Permissions denied during test execution: 
  - java.lang.RuntimePermission: 
         writeFileDescriptor: 37
* Writing JUnit test case 'OAuth10aService_ESTest' to /Users/Peifeng/Desktop/Study/Topics-in-Software-Engineering/GitLab/evosuite/case_study/scribejava/scribejava-core/.evosuite/tmp_2017_10_12_18_59_48/tests
* Done!

