[MASTER] 21:11:55.850 [pool-2-thread-1] ERROR TestCluster - Failed to check cache for io.netty.channel.CombinedChannelDuplexHandler<I, O> : Type points to itself
[MASTER] 21:12:11.984 [pool-2-thread-1] ERROR ClientNodeImpl - Error when generating tests for: org.asynchttpclient.netty.handler.intercept.Unauthorized401Interceptor with seed 1507608694660. Configuration id : default
java.lang.RuntimeException: not implemented: class sun.reflect.generics.reflectiveObjects.TypeVariableImpl
	at com.googlecode.gentyref.GenericTypeReflector.isSuperType(GenericTypeReflector.java:218)
	at com.googlecode.gentyref.GenericTypeReflector.contains(GenericTypeReflector.java:258)
	at com.googlecode.gentyref.GenericTypeReflector.isSuperType(GenericTypeReflector.java:199)
	at org.evosuite.utils.generic.GenericClass.isGenericSuperTypeOf(GenericClass.java:1363)
	at org.evosuite.utils.generic.GenericClass.canBeInstantiatedTo(GenericClass.java:289)
	at org.evosuite.setup.TestCluster.cacheGenerators(TestCluster.java:420)
	at org.evosuite.setup.TestCluster.hasGenerator(TestCluster.java:1354)
	at org.evosuite.testcase.TestFactory.lambda$attemptObjectGeneration$0(TestFactory.java:840)
	at java.util.stream.ReferencePipeline$2$1.accept(ReferencePipeline.java:174)
	at java.util.Iterator.forEachRemaining(Iterator.java:116)
	at java.util.Spliterators$IteratorSpliterator.forEachRemaining(Spliterators.java:1801)
	at java.util.stream.AbstractPipeline.copyInto(AbstractPipeline.java:481)
	at java.util.stream.AbstractPipeline.wrapAndCopyInto(AbstractPipeline.java:471)
	at java.util.stream.ReduceOps$ReduceOp.evaluateSequential(ReduceOps.java:708)
	at java.util.stream.AbstractPipeline.evaluate(AbstractPipeline.java:234)
	at java.util.stream.ReferencePipeline.collect(ReferencePipeline.java:499)
	at org.evosuite.testcase.TestFactory.attemptObjectGeneration(TestFactory.java:841)
	at org.evosuite.testcase.TestFactory.createOrReuseObjectVariable(TestFactory.java:1557)
	at org.evosuite.testcase.TestFactory.createOrReuseVariable(TestFactory.java:1320)
	at org.evosuite.testcase.TestFactory.satisfyParameters(TestFactory.java:2320)
	at org.evosuite.testcase.TestFactory.addMethodFor(TestFactory.java:579)
	at org.evosuite.testcase.TestFactory.addCallFor(TestFactory.java:132)
	at org.evosuite.testcase.TestFactory.insertRandomCallOnObjectAt(TestFactory.java:2264)
	at org.evosuite.testcase.mutation.RandomInsertion.insertStatement(RandomInsertion.java:128)
	at org.evosuite.testcase.TestFactory.insertRandomStatement(TestFactory.java:2276)
	at org.evosuite.testcase.factories.RandomLengthTestFactory.getRandomTestCase(RandomLengthTestFactory.java:69)
	at org.evosuite.testcase.factories.RandomLengthTestFactory.getChromosome(RandomLengthTestFactory.java:89)
	at org.evosuite.testcase.factories.RandomLengthTestFactory.getChromosome(RandomLengthTestFactory.java:40)
	at org.evosuite.coverage.archive.ArchiveTestChromosomeFactory.getChromosome(ArchiveTestChromosomeFactory.java:88)
	at org.evosuite.coverage.archive.ArchiveTestChromosomeFactory.getChromosome(ArchiveTestChromosomeFactory.java:35)
	at org.evosuite.testsuite.factories.TestSuiteChromosomeFactory.getChromosome(TestSuiteChromosomeFactory.java:84)
	at org.evosuite.testsuite.factories.TestSuiteChromosomeFactory.getChromosome(TestSuiteChromosomeFactory.java:35)
	at org.evosuite.ga.metaheuristics.GeneticAlgorithm.generateRandomPopulation(GeneticAlgorithm.java:425)
	at org.evosuite.ga.metaheuristics.GeneticAlgorithm.generateInitialPopulation(GeneticAlgorithm.java:368)
	at org.evosuite.ga.metaheuristics.MonotonicGA.initializePopulation(MonotonicGA.java:204)
	at org.evosuite.ga.metaheuristics.MonotonicGA.generateSolution(MonotonicGA.java:223)
	at org.evosuite.strategy.WholeTestSuiteStrategy.generateTests(WholeTestSuiteStrategy.java:113)
	at org.evosuite.TestSuiteGenerator.generateTests(TestSuiteGenerator.java:653)
	at org.evosuite.TestSuiteGenerator.generateTestSuite(TestSuiteGenerator.java:236)
	at org.evosuite.rmi.service.ClientNodeImpl$1.run(ClientNodeImpl.java:145)
	at java.util.concurrent.Executors$RunnableAdapter.call(Executors.java:511)
	at java.util.concurrent.FutureTask.run(FutureTask.java:266)
	at java.util.concurrent.ThreadPoolExecutor.runWorker(ThreadPoolExecutor.java:1142)
	at java.util.concurrent.ThreadPoolExecutor$Worker.run(ThreadPoolExecutor.java:617)
	at java.lang.Thread.run(Thread.java:745)
