* Starting client
* Connecting to master process on port 4026
* Analyzing classpath: 
  - /Users/Peifeng/Desktop/Study/Topics-in-Software-Engineering/GitLab/evosuite/case_study/scribejava/scribejava-apis/target/classes
  - /Library/Java/JavaVirtualMachines/jdk1.8.0_77.jdk/Contents/Home/jre/lib/charsets.jar
  - /Library/Java/JavaVirtualMachines/jdk1.8.0_77.jdk/Contents/Home/jre/lib/deploy.jar
  - /Library/Java/JavaVirtualMachines/jdk1.8.0_77.jdk/Contents/Home/jre/lib/ext/cldrdata.jar
  - /Library/Java/JavaVirtualMachines/jdk1.8.0_77.jdk/Contents/Home/jre/lib/ext/dnsns.jar
  - /Library/Java/JavaVirtualMachines/jdk1.8.0_77.jdk/Contents/Home/jre/lib/ext/jaccess.jar
  - /Library/Java/JavaVirtualMachines/jdk1.8.0_77.jdk/Contents/Home/jre/lib/ext/jfxrt.jar
  - /Library/Java/JavaVirtualMachines/jdk1.8.0_77.jdk/Contents/Home/jre/lib/ext/localedata.jar
  - /Library/Java/JavaVirtualMachines/jdk1.8.0_77.jdk/Contents/Home/jre/lib/ext/nashorn.jar
  - /Library/Java/JavaVirtualMachines/jdk1.8.0_77.jdk/Contents/Home/jre/lib/ext/sunec.jar
  - /Library/Java/JavaVirtualMachines/jdk1.8.0_77.jdk/Contents/Home/jre/lib/ext/sunjce_provider.jar
  - /Library/Java/JavaVirtualMachines/jdk1.8.0_77.jdk/Contents/Home/jre/lib/ext/sunpkcs11.jar
  - /Library/Java/JavaVirtualMachines/jdk1.8.0_77.jdk/Contents/Home/jre/lib/ext/zipfs.jar
  - /Library/Java/JavaVirtualMachines/jdk1.8.0_77.jdk/Contents/Home/jre/lib/javaws.jar
  - /Library/Java/JavaVirtualMachines/jdk1.8.0_77.jdk/Contents/Home/jre/lib/jce.jar
  - /Library/Java/JavaVirtualMachines/jdk1.8.0_77.jdk/Contents/Home/jre/lib/jfr.jar
  - /Library/Java/JavaVirtualMachines/jdk1.8.0_77.jdk/Contents/Home/jre/lib/jfxswt.jar
  - /Library/Java/JavaVirtualMachines/jdk1.8.0_77.jdk/Contents/Home/jre/lib/jsse.jar
  - /Library/Java/JavaVirtualMachines/jdk1.8.0_77.jdk/Contents/Home/jre/lib/management-agent.jar
  - /Library/Java/JavaVirtualMachines/jdk1.8.0_77.jdk/Contents/Home/jre/lib/plugin.jar
  - /Library/Java/JavaVirtualMachines/jdk1.8.0_77.jdk/Contents/Home/jre/lib/resources.jar
  - /Library/Java/JavaVirtualMachines/jdk1.8.0_77.jdk/Contents/Home/jre/lib/rt.jar
  - /Library/Java/JavaVirtualMachines/jdk1.8.0_77.jdk/Contents/Home/lib/ant-javafx.jar
  - /Library/Java/JavaVirtualMachines/jdk1.8.0_77.jdk/Contents/Home/lib/dt.jar
  - /Library/Java/JavaVirtualMachines/jdk1.8.0_77.jdk/Contents/Home/lib/javafx-mx.jar
  - /Library/Java/JavaVirtualMachines/jdk1.8.0_77.jdk/Contents/Home/lib/jconsole.jar
  - /Library/Java/JavaVirtualMachines/jdk1.8.0_77.jdk/Contents/Home/lib/packager.jar
  - /Library/Java/JavaVirtualMachines/jdk1.8.0_77.jdk/Contents/Home/lib/sa-jdi.jar
  - /Library/Java/JavaVirtualMachines/jdk1.8.0_77.jdk/Contents/Home/lib/tools.jar
  - /Users/Peifeng/Desktop/Study/Topics-in-Software-Engineering/GitLab/evosuite/case_study/scribejava/scribejava-apis/target/test-classes
  - /Users/Peifeng/Desktop/Study/Topics-in-Software-Engineering/GitLab/evosuite/case_study/scribejava/scribejava-apis/target/classes
  - /Users/Peifeng/Desktop/Study/Topics-in-Software-Engineering/GitLab/evosuite/case_study/scribejava/scribejava-core/target/classes
  - /Users/Peifeng/Desktop/Study/Topics-in-Software-Engineering/GitLab/evosuite/case_study/scribejava/scribejava-httpclient-ahc/target/classes
  - /Users/Peifeng/.m2/repository/org/asynchttpclient/async-http-client/2.0.33/async-http-client-2.0.33.jar
  - /Users/Peifeng/.m2/repository/org/asynchttpclient/async-http-client-netty-utils/2.0.33/async-http-client-netty-utils-2.0.33.jar
  - /Users/Peifeng/.m2/repository/io/netty/netty-buffer/4.0.48.Final/netty-buffer-4.0.48.Final.jar
  - /Users/Peifeng/.m2/repository/io/netty/netty-codec-http/4.0.48.Final/netty-codec-http-4.0.48.Final.jar
  - /Users/Peifeng/.m2/repository/io/netty/netty-codec/4.0.48.Final/netty-codec-4.0.48.Final.jar
  - /Users/Peifeng/.m2/repository/io/netty/netty-handler/4.0.48.Final/netty-handler-4.0.48.Final.jar
  - /Users/Peifeng/.m2/repository/io/netty/netty-transport/4.0.48.Final/netty-transport-4.0.48.Final.jar
  - /Users/Peifeng/.m2/repository/io/netty/netty-transport-native-epoll/4.0.48.Final/netty-transport-native-epoll-4.0.48.Final-linux-x86_64.jar
  - /Users/Peifeng/.m2/repository/io/netty/netty-common/4.0.48.Final/netty-common-4.0.48.Final.jar
  - /Users/Peifeng/.m2/repository/org/asynchttpclient/netty-resolver-dns/2.0.33/netty-resolver-dns-2.0.33.jar
  - /Users/Peifeng/.m2/repository/org/asynchttpclient/netty-resolver/2.0.33/netty-resolver-2.0.33.jar
  - /Users/Peifeng/.m2/repository/org/asynchttpclient/netty-codec-dns/2.0.33/netty-codec-dns-2.0.33.jar
  - /Users/Peifeng/.m2/repository/org/reactivestreams/reactive-streams/1.0.0/reactive-streams-1.0.0.jar
  - /Users/Peifeng/.m2/repository/com/typesafe/netty/netty-reactive-streams/1.0.8/netty-reactive-streams-1.0.8.jar
  - /Users/Peifeng/.m2/repository/org/slf4j/slf4j-api/1.7.25/slf4j-api-1.7.25.jar
  - /Users/Peifeng/Desktop/Study/Topics-in-Software-Engineering/GitLab/evosuite/case_study/scribejava/scribejava-httpclient-ning/target/classes
  - /Users/Peifeng/.m2/repository/com/ning/async-http-client/1.9.40/async-http-client-1.9.40.jar
  - /Users/Peifeng/.m2/repository/io/netty/netty/3.10.6.Final/netty-3.10.6.Final.jar
  - /Users/Peifeng/Desktop/Study/Topics-in-Software-Engineering/GitLab/evosuite/case_study/scribejava/scribejava-httpclient-okhttp/target/classes
  - /Users/Peifeng/.m2/repository/com/squareup/okhttp3/okhttp/3.8.1/okhttp-3.8.1.jar
  - /Users/Peifeng/.m2/repository/com/squareup/okio/okio/1.13.0/okio-1.13.0.jar
  - /Users/Peifeng/.m2/repository/junit/junit/4.12/junit-4.12.jar
  - /Users/Peifeng/.m2/repository/org/hamcrest/hamcrest-core/1.3/hamcrest-core-1.3.jar
  - /Users/Peifeng/.m2/repository/com/google/code/gson/gson/2.8.1/gson-2.8.1.jar
  - /Users/Peifeng/.m2/repository/commons-codec/commons-codec/1.10/commons-codec-1.10.jar
* Finished analyzing classpath
* Generating tests for class com.github.scribejava.apis.service.ImgurOAuthServiceImpl
* Test criteria:
  - Line Coverage
  - Branch Coverage
  - Exception
  - Mutation testing (weak)
  - Method-Output Coverage
  - Top-Level Method Coverage
  - No-Exception Top-Level Method Coverage
  - Context Branch Coverage
* Setting up search algorithm for whole suite generation
[MASTER] 22:53:34.054 [pool-2-thread-1] WARN  TestSuiteSerialization - Cannot load tests because file does not exist: /Users/Peifeng/Desktop/Study/Topics-in-Software-Engineering/GitLab/evosuite/case_study/scribejava/scribejava-apis/.evosuite/evosuite-seeds/com.github.scribejava.apis.service.ImgurOAuthServiceImpl.seed
* Loaded 0 tests from /Users/Peifeng/Desktop/Study/Topics-in-Software-Engineering/GitLab/evosuite/case_study/scribejava/scribejava-apis/.evosuite/evosuite-seeds/com.github.scribejava.apis.service.ImgurOAuthServiceImpl.seed
* Total number of test goals: 
  - Line 16
  - Branch 5
  - Exception 0
  - MutationFactory 13
  - Output 2
  - Method 3
  - MethodNoException 3
  - CBranchFitnessFactory 5
* Using seed 1507874004742
* Starting evolution
* Search finished after 160s and 2465 generations, 631711 statements, best individual has fitness: 7.416666666666666
* Writing sequences to pool
* Minimizing test suite
* Going to analyze the coverage criteria
* Coverage analysis for criterion LINE
* Coverage of criterion LINE: 88%
* Total number of goals: 16
* Number of covered goals: 14
* Coverage analysis for criterion BRANCH
* Coverage of criterion BRANCH: 80%
* Total number of goals: 5
* Number of covered goals: 4
* Coverage analysis for criterion EXCEPTION
* Coverage of criterion EXCEPTION: 100%
* Total number of goals: 3
* Number of covered goals: 3
* Coverage analysis for criterion WEAKMUTATION
* Coverage of criterion WEAKMUTATION: 77%
* Total number of goals: 13
* Number of covered goals: 10
* Coverage analysis for criterion OUTPUT
* Coverage of criterion OUTPUT: 50%
* Total number of goals: 2
* Number of covered goals: 1
* Coverage analysis for criterion METHOD
* Coverage of criterion METHOD: 100%
* Total number of goals: 3
* Number of covered goals: 3
* Coverage analysis for criterion METHODNOEXCEPTION
* Coverage of criterion METHODNOEXCEPTION: 100%
* Total number of goals: 3
* Number of covered goals: 3
* Coverage analysis for criterion CBRANCH
* Coverage of criterion CBRANCH: 80%
* Total number of goals: 5
* Number of covered goals: 4
* Generated 4 tests with total length 14
* Resulting test suite's coverage: 84% (average coverage for all fitness functions)
* Generating assertions
* Resulting test suite's mutation score: 0%
* Compiling and checking tests
* Permissions denied during test execution: 
  - java.lang.RuntimePermission: 
         writeFileDescriptor: 330
* Writing JUnit test case 'ImgurOAuthServiceImpl_ESTest' to /Users/Peifeng/Desktop/Study/Topics-in-Software-Engineering/GitLab/evosuite/case_study/scribejava/scribejava-apis/.evosuite/tmp_2017_10_12_20_45_25/tests
* Done!

