[MASTER] 20:36:08.867 [pool-2-thread-1] ERROR TestClusterGenerator - Problem for org.asynchttpclient.netty.request.NettyRequestFactory. Failed to add dependencies for class org.testng.TestRunner: java.lang.TypeNotPresentException: Type com.google.inject.Module not present
[sun.reflect.generics.factory.CoreReflectionFactory.makeNamedType(CoreReflectionFactory.java:117), sun.reflect.generics.visitor.Reifier.visitClassTypeSignature(Reifier.java:125), sun.reflect.generics.tree.ClassTypeSignature.accept(ClassTypeSignature.java:49), sun.reflect.generics.visitor.Reifier.reifyTypeArguments(Reifier.java:68), sun.reflect.generics.visitor.Reifier.visitClassTypeSignature(Reifier.java:138), sun.reflect.generics.tree.ClassTypeSignature.accept(ClassTypeSignature.java:49), sun.reflect.generics.visitor.Reifier.reifyTypeArguments(Reifier.java:68), sun.reflect.generics.visitor.Reifier.visitClassTypeSignature(Reifier.java:138), sun.reflect.generics.tree.ClassTypeSignature.accept(ClassTypeSignature.java:49), sun.reflect.generics.repository.FieldRepository.getGenericType(FieldRepository.java:85), java.lang.reflect.Field.getGenericType(Field.java:247), java.lang.reflect.Field.toGenericString(Field.java:329), org.evosuite.setup.TestClusterUtils.getFields(TestClusterUtils.java:224), org.evosuite.setup.TestClusterGenerator.addDependencyClass(TestClusterGenerator.java:1007), org.evosuite.setup.TestClusterGenerator.resolveDependencies(TestClusterGenerator.java:358), org.evosuite.setup.TestClusterGenerator.generateCluster(TestClusterGenerator.java:137), org.evosuite.setup.DependencyAnalysis.analyze(DependencyAnalysis.java:117), org.evosuite.setup.DependencyAnalysis.analyzeClass(DependencyAnalysis.java:131), org.evosuite.TestSuiteGenerator.initializeTargetClass(TestSuiteGenerator.java:110), org.evosuite.TestSuiteGenerator.generateTestSuite(TestSuiteGenerator.java:130), org.evosuite.rmi.service.ClientNodeImpl$1.run(ClientNodeImpl.java:145), java.util.concurrent.Executors$RunnableAdapter.call(Executors.java:511), java.util.concurrent.FutureTask.run(FutureTask.java:266), java.util.concurrent.ThreadPoolExecutor.runWorker(ThreadPoolExecutor.java:1142), java.util.concurrent.ThreadPoolExecutor$Worker.run(ThreadPoolExecutor.java:617), java.lang.Thread.run(Thread.java:745)]
[MASTER] 20:36:14.216 [pool-2-thread-1] ERROR TestCluster - Failed to check cache for io.netty.channel.CombinedChannelDuplexHandler<I, O> : Type points to itself
[MASTER] 20:36:14.223 [pool-2-thread-1] ERROR TestCluster - Failed to check cache for io.netty.util.concurrent.DefaultProgressivePromise<V> : Type points to itself
[MASTER] 20:36:14.226 [pool-2-thread-1] ERROR TestCluster - Failed to check cache for io.netty.util.concurrent.DefaultPromise<V> : Type points to itself
[MASTER] 20:36:14.228 [pool-2-thread-1] ERROR TestCluster - Failed to check cache for io.netty.util.concurrent.FailedFuture<V> : Type points to itself
[MASTER] 20:36:14.231 [pool-2-thread-1] ERROR TestCluster - Failed to check cache for io.netty.util.concurrent.SucceededFuture<V> : Type points to itself
[MASTER] 20:36:14.233 [pool-2-thread-1] ERROR TestCluster - Failed to check cache for java.lang.reflect.Constructor<T> : Type points to itself
[MASTER] 20:36:59.578 [pool-2-thread-1] ERROR TestCluster - Failed to check cache for org.reactivestreams.Publisher<T> : Type points to itself
[MASTER] 20:37:01.741 [pool-2-thread-1] ERROR TestCluster - Failed to check cache for java.util.Collection<E> : Type points to itself
[MASTER] 20:39:43.143 [pool-2-thread-1] ERROR TestCluster - Failed to check cache for java.util.concurrent.Callable<V> : Type points to itself
[MASTER] 20:39:45.220 [pool-2-thread-1] ERROR TestCluster - Failed to check cache for org.asynchttpclient.AsyncHandler<T> : Type points to itself
[MASTER] 20:39:48.125 [pool-2-thread-1] ERROR TestCluster - Failed to check cache for java.util.Comparator<T> : Type points to itself
[MASTER] 20:40:01.653 [pool-2-thread-1] ERROR TestCluster - Failed to check cache for java.util.HashSet<E> : Type points to itself
[MASTER] 20:40:25.272 [pool-2-thread-1] ERROR ClassStateSupport - Could not initialize io.netty.buffer.ByteBufAllocator: io/netty/buffer/ByteBufUtil$1
[MASTER] 20:40:25.513 [pool-2-thread-1] ERROR ClassStateSupport - Could not initialize org.asynchttpclient.AsyncHttpClientConfig$ResponseBodyPartFactory: org/asynchttpclient/AsyncHttpClientConfig$ResponseBodyPartFactory$1
[MASTER] 20:40:25.593 [pool-2-thread-1] ERROR ClassStateSupport - Could not initialize io.netty.util.HashingStrategy: io/netty/util/HashingStrategy$1
[MASTER] 20:40:25.682 [pool-2-thread-1] ERROR ClassStateSupport - Could not initialize io.netty.handler.ssl.SslContext: io/netty/handler/ssl/JdkSslServerContext
[MASTER] 20:40:25.697 [pool-2-thread-1] ERROR ClassStateSupport - Could not initialize io.netty.util.ByteProcessor: io/netty/util/ByteProcessor$1
[MASTER] 20:40:30.001 [pool-2-thread-1] ERROR ClassStateSupport - Could not initialize io.reactivex.internal.operators.flowable.FlowableIgnoreElementsCompletable: io/reactivex/internal/operators/completable/CompletableCache
[MASTER] 20:40:30.644 [pool-2-thread-1] ERROR ClassStateSupport - Could not initialize io.netty.util.internal.ThreadLocalRandom: io/netty/util/internal/ThreadLocalRandom$1
[MASTER] 20:40:30.684 [pool-2-thread-1] ERROR ClassStateSupport - Could not initialize io.netty.channel.epoll.AbstractEpollStreamChannel$EpollStreamUnsafe: io/netty/channel/socket/ChannelOutputShutdownException
[MASTER] 20:40:30.699 [pool-2-thread-1] ERROR ClassStateSupport - Could not initialize io.reactivex.internal.schedulers.SchedulerWhen: io/reactivex/disposables/Disposables
[MASTER] 20:40:31.599 [pool-2-thread-1] ERROR ClassStateSupport - Could not initialize io.reactivex.internal.operators.flowable.FlowableTimeoutTimed: io/reactivex/internal/operators/flowable/FlowableTimeoutTimed$EmptyDispose
[MASTER] 20:40:31.857 [pool-2-thread-1] ERROR ClassStateSupport - Could not initialize org.asynchttpclient.Realm$Builder: org/asynchttpclient/Realm$Builder$1
[MASTER] 20:40:31.888 [pool-2-thread-1] ERROR ClassStateSupport - Could not initialize io.netty.buffer.ByteBufAllocator: io/netty/buffer/ByteBufUtil$2
[MASTER] 20:40:31.893 [pool-2-thread-1] ERROR ClassStateSupport - Could not initialize io.reactivex.internal.operators.flowable.FlowableSingleSingle: io/reactivex/internal/operators/single/SingleCache
[MASTER] 20:40:31.969 [pool-2-thread-1] ERROR ClassStateSupport - Could not initialize io.netty.handler.codec.http.HttpStatusClass: io/netty/handler/codec/http/HttpStatusClass$1
[MASTER] 20:40:31.976 [pool-2-thread-1] ERROR ClassStateSupport - Could not initialize io.reactivex.internal.operators.flowable.FlowableReduceMaybe: io/reactivex/internal/operators/maybe/MaybeCache
[MASTER] 20:40:31.997 [pool-2-thread-1] ERROR ClassStateSupport - Could not initialize io.netty.util.internal.shaded.org.jctools.queues.BaseLinkedQueuePad2: Lio/netty/util/internal/shaded/org/jctools/queues/LinkedQueueNode;
[MASTER] 20:40:32.008 [pool-2-thread-1] ERROR ClassStateSupport - Could not initialize io.netty.util.internal.shaded.org.jctools.queues.BaseLinkedQueuePad1: Could not initialize class io.netty.util.internal.shaded.org.jctools.queues.BaseLinkedQueuePad1
[MASTER] 20:40:32.027 [pool-2-thread-1] ERROR ClassStateSupport - Could not initialize io.netty.util.internal.shaded.org.jctools.queues.MpscArrayQueueProducerIndexField: io/netty/util/internal/shaded/org/jctools/util/UnsafeAccess
[MASTER] 20:40:32.033 [pool-2-thread-1] ERROR ClassStateSupport - Could not initialize io.netty.channel.ChannelFutureListener: io/netty/channel/ChannelFutureListener$1
[MASTER] 20:40:32.033 [pool-2-thread-1] ERROR ClassStateSupport - Could not initialize io.netty.util.internal.shaded.org.jctools.queues.MpscArrayQueueProducerLimitField: io.netty.util.internal.shaded.org.jctools.queues.MpscArrayQueueProducerIndexField
[MASTER] 20:40:32.096 [pool-2-thread-1] ERROR ClassStateSupport - Could not initialize io.reactivex.internal.operators.observable.ObservableFromPublisher: io/reactivex/internal/operators/observable/ObservableCountSingle
[MASTER] 20:40:32.115 [pool-2-thread-1] ERROR ClassStateSupport - Could not initialize io.netty.util.internal.shaded.org.jctools.queues.BaseLinkedQueue: io.netty.util.internal.shaded.org.jctools.queues.BaseLinkedQueuePad2
[MASTER] 20:40:32.120 [pool-2-thread-1] ERROR ClassStateSupport - Could not initialize io.netty.util.internal.shaded.org.jctools.queues.SpscLinkedQueue: io.netty.util.internal.shaded.org.jctools.queues.BaseLinkedQueuePad2
[MASTER] 20:40:32.147 [pool-2-thread-1] ERROR ClassStateSupport - Could not initialize io.netty.util.internal.shaded.org.jctools.queues.MpscArrayQueueMidPad: io.netty.util.internal.shaded.org.jctools.queues.MpscArrayQueueProducerIndexField
[MASTER] 20:40:32.157 [pool-2-thread-1] ERROR ClassStateSupport - Could not initialize io.netty.util.ByteProcessor: io/netty/util/ByteProcessor$2
[MASTER] 20:40:32.198 [pool-2-thread-1] ERROR ClassStateSupport - Could not initialize io.netty.channel.DefaultChannelConfig: io/netty/channel/DefaultMessageSizeEstimator$HandleImpl
[MASTER] 20:40:32.213 [pool-2-thread-1] ERROR ClassStateSupport - Could not initialize io.reactivex.internal.operators.flowable.FlowableLastSingle: io/reactivex/internal/operators/single/SingleEquals
[MASTER] 20:40:32.347 [pool-2-thread-1] ERROR ClassStateSupport - Could not initialize org.asynchttpclient.netty.handler.WebSocketHandler: org/asynchttpclient/exception/ChannelClosedException
[MASTER] 20:40:32.353 [pool-2-thread-1] ERROR ClassStateSupport - Could not initialize io.reactivex.internal.operators.flowable.FlowableElementAtSingle: io/reactivex/internal/operators/flowable/FlowableConcatMapPublisher
[MASTER] 20:40:32.368 [pool-2-thread-1] ERROR ClassStateSupport - Could not initialize io.netty.channel.ChannelOutboundBuffer: io/netty/channel/ChannelOutboundBuffer$1
[MASTER] 20:40:32.569 [pool-2-thread-1] ERROR ClassStateSupport - Could not initialize io.reactivex.internal.operators.flowable.FlowableToListSingle: io/reactivex/internal/operators/observable/ObservableConcatMap
[MASTER] 20:40:32.796 [pool-2-thread-1] ERROR ClassStateSupport - Could not initialize io.netty.handler.ssl.SslHandler: io/netty/handler/codec/ByteToMessageDecoder$1
[MASTER] 20:40:32.804 [pool-2-thread-1] ERROR ClassStateSupport - Could not initialize io.reactivex.internal.operators.flowable.FlowableFlatMapCompletableCompletable: io/reactivex/internal/operators/completable/CompletableConcat
[MASTER] 20:40:32.841 [pool-2-thread-1] ERROR ClassStateSupport - Could not initialize io.reactivex.internal.operators.flowable.FlowableSequenceEqualSingle: io/reactivex/internal/operators/single/SingleContains
[MASTER] 20:40:32.852 [pool-2-thread-1] ERROR ClassStateSupport - Could not initialize org.asynchttpclient.AsyncHttpClientConfig$ResponseBodyPartFactory: org/asynchttpclient/AsyncHttpClientConfig$ResponseBodyPartFactory$2
[MASTER] 20:40:32.852 [pool-2-thread-1] ERROR ClassStateSupport - Could not initialize io.netty.util.internal.shaded.org.jctools.queues.BaseLinkedQueueProducerNodeRef: Could not initialize class io.netty.util.internal.shaded.org.jctools.queues.BaseLinkedQueueProducerNodeRef
[MASTER] 20:40:32.864 [pool-2-thread-1] ERROR ClassStateSupport - Could not initialize io.reactivex.Maybe: io/reactivex/internal/operators/maybe/MaybeCount
[MASTER] 20:40:32.889 [pool-2-thread-1] ERROR ClassStateSupport - Could not initialize io.reactivex.internal.operators.flowable.FlowableAnySingle: io/reactivex/internal/operators/single/SingleZipIterable
[MASTER] 20:40:32.890 [pool-2-thread-1] ERROR ClassStateSupport - Could not initialize io.netty.util.internal.shaded.org.jctools.queues.MpscArrayQueueConsumerIndexField: io.netty.util.internal.shaded.org.jctools.queues.MpscArrayQueueProducerIndexField
[MASTER] 20:40:32.898 [pool-2-thread-1] ERROR ClassStateSupport - Could not initialize io.reactivex.Observable: io/reactivex/internal/operators/observable/ObservableJoin
[MASTER] 20:40:32.898 [pool-2-thread-1] ERROR ClassStateSupport - Could not initialize io.netty.handler.codec.ByteToMessageDecoder: Could not initialize class io.netty.handler.codec.ByteToMessageDecoder
[MASTER] 20:40:32.899 [pool-2-thread-1] ERROR ClassStateSupport - Could not initialize io.netty.util.internal.shaded.org.jctools.queues.MpscArrayQueueL2Pad: io.netty.util.internal.shaded.org.jctools.queues.MpscArrayQueueProducerIndexField
[MASTER] 20:40:32.984 [pool-2-thread-1] ERROR ClassStateSupport - Could not initialize io.reactivex.internal.operators.flowable.FlowableReduceWithSingle: io/reactivex/internal/operators/single/SingleCreate
[MASTER] 20:40:32.993 [pool-2-thread-1] ERROR ClassStateSupport - Could not initialize io.reactivex.internal.operators.flowable.FlowableCollectSingle: io/reactivex/internal/operators/single/SingleFlatMap
[MASTER] 20:40:33.048 [pool-2-thread-1] ERROR ClassStateSupport - Could not initialize io.netty.util.concurrent.GlobalEventExecutor: null
[MASTER] 20:40:33.059 [pool-2-thread-1] ERROR ClassStateSupport - Could not initialize io.netty.channel.unix.Socket: io.netty.channel.unix.ErrorsStaticallyReferencedJniMethods.errnoENOTCONN()I
[MASTER] 20:40:33.065 [pool-2-thread-1] ERROR ClassStateSupport - Could not initialize io.netty.channel.epoll.AbstractEpollStreamChannel$SpliceInChannelTask: io.netty.channel.ChannelFutureListener
[MASTER] 20:40:33.087 [pool-2-thread-1] ERROR ClassStateSupport - Could not initialize io.netty.channel.epoll.EpollChannelConfig: io.netty.channel.DefaultChannelConfig
[MASTER] 20:40:33.116 [pool-2-thread-1] ERROR ClassStateSupport - Could not initialize io.netty.handler.codec.DecoderResult: null
[MASTER] 20:40:33.124 [pool-2-thread-1] ERROR ClassStateSupport - Could not initialize io.reactivex.internal.operators.flowable.FlowableAllSingle: io/reactivex/internal/operators/flowable/FlowableFlatMapPublisher
[MASTER] 20:40:33.140 [pool-2-thread-1] ERROR ClassStateSupport - Could not initialize io.netty.util.internal.shaded.org.jctools.queues.MpscArrayQueueL3Pad: io.netty.util.internal.shaded.org.jctools.queues.MpscArrayQueueProducerIndexField
[MASTER] 20:40:33.147 [pool-2-thread-1] ERROR ClassStateSupport - Could not initialize io.reactivex.flowables.ConnectableFlowable: io/reactivex/internal/operators/flowable/FlowableRefCount
[MASTER] 20:40:33.149 [pool-2-thread-1] ERROR ClassStateSupport - Could not initialize io.netty.channel.epoll.LinuxSocket: io.netty.channel.unix.Socket
[MASTER] 20:40:33.154 [pool-2-thread-1] ERROR ClassStateSupport - Could not initialize io.reactivex.Single: io/reactivex/internal/operators/single/SingleFromUnsafeSource
[MASTER] 20:40:33.164 [pool-2-thread-1] ERROR ClassStateSupport - Could not initialize io.netty.channel.unix.IovArray: io/netty/channel/unix/Limits
[MASTER] 20:40:33.192 [pool-2-thread-1] ERROR ClassStateSupport - Could not initialize org.testng.xml.Parser: org/testng/xml/SuiteXmlParser
[MASTER] 20:40:33.192 [pool-2-thread-1] ERROR ClassStateSupport - Could not initialize io.netty.util.concurrent.ScheduledFutureTask: Could not initialize class io.netty.util.concurrent.ScheduledFutureTask
[MASTER] 20:40:33.201 [pool-2-thread-1] ERROR ClassStateSupport - Could not initialize io.reactivex.Completable: io/reactivex/internal/operators/completable/CompletableConcatIterable
[MASTER] 20:40:33.243 [pool-2-thread-1] ERROR ClassStateSupport - Could not initialize io.reactivex.internal.operators.flowable.FlowableElementAtMaybe: io/reactivex/internal/operators/maybe/MaybeIsEmptySingle
[MASTER] 20:40:33.279 [pool-2-thread-1] ERROR ClassStateSupport - Could not initialize io.netty.channel.unix.Errors: Could not initialize class io.netty.channel.unix.Errors
[MASTER] 20:40:33.280 [pool-2-thread-1] ERROR ClassStateSupport - Could not initialize io.netty.util.concurrent.PromiseTask: Could not initialize class io.netty.util.concurrent.PromiseTask
[MASTER] 20:40:33.369 [pool-2-thread-1] ERROR ClassStateSupport - Could not initialize io.netty.handler.ssl.SslContext: io/netty/handler/ssl/OpenSslServerContext
[MASTER] 20:40:33.372 [pool-2-thread-1] ERROR ClassStateSupport - Could not initialize io.netty.channel.unix.FileDescriptor: Could not initialize class io.netty.channel.unix.FileDescriptor
[MASTER] 20:40:33.401 [pool-2-thread-1] ERROR ClassStateSupport - Could not initialize io.netty.bootstrap.Bootstrap: io/netty/resolver/AddressResolverGroup
[MASTER] 20:40:33.401 [pool-2-thread-1] ERROR ClassStateSupport - Could not initialize io.netty.util.internal.shaded.org.jctools.queues.BaseLinkedQueueConsumerNodeRef: Could not initialize class io.netty.util.internal.shaded.org.jctools.queues.BaseLinkedQueueConsumerNodeRef
[MASTER] 20:40:33.408 [pool-2-thread-1] ERROR ClassStateSupport - Could not initialize org.apache.catalina.webresources.war.Handler: org/apache/catalina/webresources/war/WarURLConnection
[MASTER] 20:40:33.415 [pool-2-thread-1] ERROR ClassStateSupport - Could not initialize io.reactivex.internal.operators.flowable.FlowableSingleMaybe: io/reactivex/internal/operators/maybe/MaybeConcatIterable
[MASTER] 20:40:33.425 [pool-2-thread-1] ERROR ClassStateSupport - Could not initialize io.reactivex.internal.operators.flowable.FlowableReduceSeedSingle: io/reactivex/internal/operators/maybe/MaybeFilterSingle
[MASTER] 20:40:33.437 [pool-2-thread-1] ERROR ClassStateSupport - Could not initialize io.reactivex.parallel.ParallelFlowable: io/reactivex/internal/operators/parallel/ParallelCollect
[MASTER] 20:40:33.441 [pool-2-thread-1] ERROR ClassStateSupport - Could not initialize io.netty.util.internal.shaded.org.jctools.queues.MpscArrayQueue: io.netty.util.internal.shaded.org.jctools.queues.MpscArrayQueueProducerIndexField
[MASTER] 20:40:33.446 [pool-2-thread-1] ERROR ClassStateSupport - Could not initialize io.reactivex.internal.operators.flowable.FlowableLastMaybe: io/reactivex/internal/operators/maybe/MaybeContains
[MASTER] 20:40:33.449 [pool-2-thread-1] ERROR ClassStateSupport - Could not initialize io.netty.channel.DefaultChannelPromise: io.netty.util.concurrent.DefaultPromise
[MASTER] 20:40:33.456 [pool-2-thread-1] ERROR ClassStateSupport - Could not initialize io.netty.util.concurrent.DefaultPromise: Could not initialize class io.netty.util.concurrent.DefaultPromise
[MASTER] 20:40:33.487 [pool-2-thread-1] ERROR ClassStateSupport - Could not initialize io.reactivex.internal.operators.flowable.FlowableCountSingle: io/reactivex/internal/operators/single/SingleError
[MASTER] 20:40:33.514 [pool-2-thread-1] ERROR ClassStateSupport - Could not initialize io.netty.channel.AbstractChannel$CloseFuture: io.netty.util.concurrent.DefaultPromise
[MASTER] 20:40:33.515 [pool-2-thread-1] ERROR ClassStateSupport - Could not initialize io.netty.buffer.ByteBufUtil: Could not initialize class io.netty.buffer.ByteBufUtil
[MASTER] 20:40:33.564 [pool-2-thread-1] ERROR ClassResetter - java.lang.NoClassDefFoundError: Could not initialize class io.netty.util.concurrent.DefaultPromise
[MASTER] 20:40:33.564 [pool-2-thread-1] ERROR ClassResetter - java.lang.NoClassDefFoundError: Could not initialize class io.netty.util.concurrent.GlobalEventExecutor
[MASTER] 20:40:33.567 [pool-2-thread-1] ERROR ClassResetter - java.lang.NoClassDefFoundError: Could not initialize class io.netty.channel.unix.Errors
[MASTER] 20:40:33.567 [pool-2-thread-1] ERROR ClassResetter - java.lang.NoClassDefFoundError: Could not initialize class io.netty.channel.unix.FileDescriptor
[MASTER] 20:40:33.582 [pool-2-thread-1] ERROR ClassResetter - java.lang.NoClassDefFoundError: Could not initialize class io.netty.handler.codec.DecoderResult
[MASTER] 20:40:34.081 [pool-2-thread-1] ERROR ClassStateSupport - Could not initialize io.reactivex.internal.operators.flowable.FlowableIgnoreElementsCompletable: io/reactivex/internal/operators/completable/CompletableCreate
[MASTER] 20:40:34.371 [pool-2-thread-1] ERROR ClassStateSupport - Could not initialize io.reactivex.internal.operators.single.SingleFlatMap: io/reactivex/internal/operators/single/SingleMap
[MASTER] 20:40:34.834 [pool-2-thread-1] ERROR ClassStateSupport - Could not initialize io.netty.channel.epoll.AbstractEpollStreamChannel$EpollStreamUnsafe: io/netty/channel/epoll/EpollRecvByteAllocatorHandle
[MASTER] 20:40:34.852 [pool-2-thread-1] ERROR ClassStateSupport - Could not initialize io.reactivex.internal.schedulers.SchedulerWhen: io/reactivex/internal/disposables/EmptyDisposable
[MASTER] 20:40:35.349 [pool-2-thread-1] ERROR ClassStateSupport - Could not initialize io.reactivex.internal.operators.completable.CompletableConcat: io/reactivex/internal/operators/completable/CompletableMergeIterable
[MASTER] 20:40:35.789 [pool-2-thread-1] ERROR ClassStateSupport - Could not initialize io.netty.channel.AbstractChannelHandlerContext: io/netty/channel/AbstractChannelHandlerContext$AbstractWriteTask
[MASTER] 20:40:35.903 [pool-2-thread-1] ERROR ClassStateSupport - Could not initialize io.reactivex.internal.operators.maybe.MaybeCache: io/reactivex/internal/operators/maybe/MaybeZipIterable
[MASTER] 20:40:35.997 [pool-2-thread-1] ERROR ClassStateSupport - Could not initialize io.reactivex.internal.operators.flowable.FlowableSingleSingle: io/reactivex/internal/operators/single/SingleDelayWithCompletable
[MASTER] 20:40:36.075 [pool-2-thread-1] ERROR ClassStateSupport - Could not initialize io.reactivex.internal.operators.single.SingleContains: io/reactivex/internal/operators/single/SingleDelayWithPublisher
[MASTER] 20:40:36.111 [pool-2-thread-1] ERROR ClassStateSupport - Could not initialize io.reactivex.internal.operators.flowable.FlowableReduceMaybe: io/reactivex/internal/operators/maybe/MaybeCreate
[MASTER] 20:40:36.178 [pool-2-thread-1] ERROR ClassStateSupport - Could not initialize io.netty.buffer.PooledDuplicatedByteBuf: io/netty/util/Recycler
[MASTER] 20:40:36.298 [pool-2-thread-1] ERROR ClassStateSupport - Could not initialize io.reactivex.internal.operators.single.SingleZipIterable: io/reactivex/internal/operators/single/SingleDelayWithObservable
[MASTER] 20:40:36.307 [pool-2-thread-1] ERROR ClassStateSupport - Could not initialize io.netty.channel.ChannelFutureListener: io/netty/channel/ChannelFutureListener$2
[MASTER] 20:40:36.380 [pool-2-thread-1] ERROR ClassStateSupport - Could not initialize io.reactivex.internal.operators.maybe.MaybeCount: io/reactivex/internal/operators/single/SingleDelayWithSingle
[MASTER] 20:40:36.423 [pool-2-thread-1] ERROR ClassStateSupport - Could not initialize io.reactivex.internal.operators.observable.ObservableFromPublisher: io/reactivex/internal/operators/observable/ObservableCollectSingle
[MASTER] 20:40:36.612 [pool-2-thread-1] ERROR ClassStateSupport - Could not initialize io.netty.handler.ssl.JdkSslContext: io/netty/handler/ssl/ReferenceCountedOpenSslServerContext
[MASTER] 20:40:36.636 [pool-2-thread-1] ERROR ClassStateSupport - Could not initialize io.netty.buffer.PooledSlicedByteBuf: io/netty/buffer/PooledSlicedByteBuf$1
[MASTER] 20:40:36.666 [pool-2-thread-1] ERROR ClassStateSupport - Could not initialize io.reactivex.internal.operators.observable.AbstractObservableWithUpstream: io/reactivex/internal/operators/observable/ObservableElementAtMaybe
[MASTER] 20:40:36.677 [pool-2-thread-1] ERROR ClassStateSupport - Could not initialize io.netty.util.ByteProcessor: io/netty/util/ByteProcessor$3
[MASTER] 20:40:36.696 [pool-2-thread-1] ERROR ClassStateSupport - Could not initialize io.netty.channel.DefaultChannelPipeline$TailContext: io/netty/channel/AbstractChannelHandlerContext$WriteAndFlushTask
[MASTER] 20:40:36.749 [pool-2-thread-1] ERROR ClassStateSupport - Could not initialize io.reactivex.internal.operators.flowable.FlowableLastSingle: io/reactivex/internal/operators/single/SingleDoFinally
[MASTER] 20:40:36.787 [pool-2-thread-1] ERROR ClassStateSupport - Could not initialize io.reactivex.internal.operators.flowable.FlowableElementAtSingle: io/reactivex/internal/operators/single/SingleDoAfterTerminate
[MASTER] 20:40:36.809 [pool-2-thread-1] ERROR ClassStateSupport - Could not initialize io.netty.channel.ChannelOutboundBuffer: Lio/netty/channel/ChannelOutboundBuffer$Entry;
[MASTER] 20:40:36.849 [pool-2-thread-1] ERROR ClassStateSupport - Could not initialize io.reactivex.internal.operators.completable.CompletableCache: io/reactivex/internal/operators/completable/CompletableFromUnsafeSource
[MASTER] 20:40:36.868 [pool-2-thread-1] ERROR ClassStateSupport - Could not initialize io.reactivex.internal.operators.flowable.FlowableToListSingle: io/reactivex/internal/operators/single/SingleDoOnError
[MASTER] 20:40:36.919 [pool-2-thread-1] ERROR ClassStateSupport - Could not initialize io.reactivex.internal.operators.maybe.MaybeFilterSingle: io/reactivex/internal/operators/maybe/MaybeFlatten
[MASTER] 20:40:36.932 [pool-2-thread-1] ERROR ClassStateSupport - Could not initialize io.netty.buffer.ByteBufUtil$ThreadLocalUnsafeDirectByteBuf: io/netty/buffer/ByteBufUtil$ThreadLocalUnsafeDirectByteBuf$1
[MASTER] 20:40:36.953 [pool-2-thread-1] ERROR ClassStateSupport - Could not initialize io.netty.handler.ssl.JdkSslServerContext: io/netty/handler/ssl/JdkSslClientContext
[MASTER] 20:40:37.017 [pool-2-thread-1] ERROR ClassStateSupport - Could not initialize io.netty.handler.ssl.SslHandler: io/netty/handler/codec/ByteToMessageDecoder$2
[MASTER] 20:40:37.022 [pool-2-thread-1] ERROR ClassStateSupport - Could not initialize io.reactivex.internal.operators.single.SingleEquals: io/reactivex/internal/operators/single/SingleDoOnSubscribe
[MASTER] 20:40:37.028 [pool-2-thread-1] ERROR ClassStateSupport - Could not initialize io.reactivex.internal.operators.flowable.FlowableFlatMapCompletableCompletable: io/reactivex/internal/operators/completable/CompletableErrorSupplier
[MASTER] 20:40:37.032 [pool-2-thread-1] ERROR ClassStateSupport - Could not initialize io.reactivex.internal.operators.flowable.FlowableSequenceEqualSingle: io/reactivex/internal/operators/single/SingleFlatMapCompletable
[MASTER] 20:40:37.041 [pool-2-thread-1] ERROR ClassStateSupport - Could not initialize io.reactivex.internal.operators.single.SingleFromUnsafeSource: io/reactivex/internal/operators/single/SingleFlatMapMaybe
[MASTER] 20:40:37.061 [pool-2-thread-1] ERROR ClassStateSupport - Could not initialize io.reactivex.Maybe: io/reactivex/internal/operators/maybe/MaybeUnsafeCreate
[MASTER] 20:40:37.081 [pool-2-thread-1] ERROR ClassStateSupport - Could not initialize io.reactivex.internal.operators.flowable.FlowableAnySingle: io/reactivex/internal/operators/single/SingleLift
[MASTER] 20:40:37.085 [pool-2-thread-1] ERROR ClassStateSupport - Could not initialize io.reactivex.Observable: io/reactivex/internal/operators/observable/ObservableElementAtSingle
[MASTER] 20:40:37.093 [pool-2-thread-1] ERROR ClassStateSupport - Could not initialize io.reactivex.internal.operators.observable.ObservableCountSingle: io/reactivex/internal/operators/single/SingleObserveOn
[MASTER] 20:40:37.100 [pool-2-thread-1] ERROR ClassStateSupport - Could not initialize io.reactivex.internal.operators.single.SingleCache: io/reactivex/internal/operators/single/SingleResumeNext
[MASTER] 20:40:37.117 [pool-2-thread-1] ERROR ClassStateSupport - Could not initialize io.reactivex.internal.operators.flowable.FlowableReduceWithSingle: io/reactivex/internal/operators/single/SingleOnErrorReturn
[MASTER] 20:40:37.121 [pool-2-thread-1] ERROR ClassStateSupport - Could not initialize io.netty.buffer.ByteBufUtil$ThreadLocalDirectByteBuf: io/netty/buffer/ByteBufUtil$ThreadLocalDirectByteBuf$1
[MASTER] 20:40:37.129 [pool-2-thread-1] ERROR ClassStateSupport - Could not initialize io.reactivex.internal.operators.flowable.FlowableCollectSingle: io/reactivex/internal/operators/single/SingleSubscribeOn
[MASTER] 20:40:37.198 [pool-2-thread-1] ERROR ClassStateSupport - Could not initialize io.reactivex.internal.operators.flowable.FlowableAllSingle: io/reactivex/internal/operators/single/SingleTakeUntil
[MASTER] 20:40:37.215 [pool-2-thread-1] ERROR ClassStateSupport - Could not initialize io.reactivex.flowables.ConnectableFlowable: io/reactivex/internal/operators/flowable/FlowableAutoConnect
[MASTER] 20:40:37.219 [pool-2-thread-1] ERROR ClassStateSupport - Could not initialize io.reactivex.Single: io/reactivex/internal/operators/single/SingleTimeout
[MASTER] 20:40:37.223 [pool-2-thread-1] ERROR ClassStateSupport - Could not initialize io.netty.buffer.PooledUnsafeDirectByteBuf: io/netty/buffer/PooledUnsafeDirectByteBuf$1
[MASTER] 20:40:37.229 [pool-2-thread-1] ERROR ClassStateSupport - Could not initialize io.netty.channel.unix.IovArray: io/netty/channel/unix/LimitsStaticallyReferencedJniMethods
[MASTER] 20:40:37.241 [pool-2-thread-1] ERROR ClassStateSupport - Could not initialize io.reactivex.internal.operators.single.SingleCreate: io/reactivex/internal/operators/single/SingleToObservable
[MASTER] 20:40:37.256 [pool-2-thread-1] ERROR ClassStateSupport - Could not initialize io.reactivex.internal.operators.observable.ObservableConcatMap: io/reactivex/internal/operators/observable/ObservableZip
[MASTER] 20:40:37.262 [pool-2-thread-1] ERROR ClassStateSupport - Could not initialize io.reactivex.internal.operators.maybe.MaybeIsEmptySingle: io/reactivex/internal/operators/single/SingleUnsubscribeOn
[MASTER] 20:40:37.300 [pool-2-thread-1] ERROR ClassStateSupport - Could not initialize org.testng.xml.Parser: org/testng/xml/TestNGContentHandler
[MASTER] 20:40:37.307 [pool-2-thread-1] ERROR ClassStateSupport - Could not initialize io.reactivex.Completable: io/reactivex/internal/operators/completable/CompletableError
[MASTER] 20:40:37.333 [pool-2-thread-1] ERROR ClassStateSupport - Could not initialize io.netty.channel.DefaultChannelHandlerContext: io/netty/channel/AbstractChannelHandlerContext$WriteTask
[MASTER] 20:40:37.347 [pool-2-thread-1] ERROR ClassStateSupport - Could not initialize io.netty.buffer.PooledDirectByteBuf: io/netty/buffer/PooledDirectByteBuf$1
[MASTER] 20:40:37.351 [pool-2-thread-1] ERROR ClassStateSupport - Could not initialize io.reactivex.internal.operators.flowable.FlowableElementAtMaybe: io/reactivex/internal/operators/maybe/MaybeEmpty
[MASTER] 20:40:37.416 [pool-2-thread-1] ERROR ClassStateSupport - Could not initialize io.netty.handler.ssl.SslContext: io/netty/handler/ssl/OpenSslClientContext
[MASTER] 20:40:37.431 [pool-2-thread-1] ERROR ClassStateSupport - Could not initialize io.netty.bootstrap.Bootstrap: io/netty/resolver/DefaultAddressResolverGroup
[MASTER] 20:40:37.440 [pool-2-thread-1] ERROR ClassStateSupport - Could not initialize io.reactivex.internal.operators.flowable.FlowableSingleMaybe: io/reactivex/internal/operators/maybe/MaybeFilter
[MASTER] 20:40:37.449 [pool-2-thread-1] ERROR ClassStateSupport - Could not initialize io.reactivex.internal.operators.flowable.FlowableReduceSeedSingle: io/reactivex/internal/operators/single/SingleToFlowable
[MASTER] 20:40:37.462 [pool-2-thread-1] ERROR ClassStateSupport - Could not initialize io.reactivex.parallel.ParallelFlowable: io/reactivex/internal/operators/parallel/ParallelFilter
[MASTER] 20:40:37.469 [pool-2-thread-1] ERROR ClassStateSupport - Could not initialize io.reactivex.internal.operators.flowable.FlowableLastMaybe: io/reactivex/internal/operators/maybe/MaybeError
[MASTER] 20:40:37.497 [pool-2-thread-1] ERROR ClassStateSupport - Could not initialize io.reactivex.exceptions.CompositeException: io/reactivex/exceptions/CompositeException$PrintStreamOrWriter
[MASTER] 20:40:37.506 [pool-2-thread-1] ERROR ClassStateSupport - Could not initialize io.reactivex.internal.operators.flowable.FlowableCountSingle: io/reactivex/internal/operators/single/SingleAmb
[MASTER] 20:40:37.960 [pool-2-thread-1] ERROR ClassStateSupport - Could not initialize io.reactivex.internal.operators.flowable.FlowableIgnoreElementsCompletable: io/reactivex/internal/operators/completable/CompletableDoFinally
[MASTER] 20:40:38.442 [pool-2-thread-1] ERROR ClassStateSupport - Could not initialize io.reactivex.internal.operators.single.SingleOnErrorReturn: io/reactivex/internal/operators/single/SingleDefer
[MASTER] 20:40:38.556 [pool-2-thread-1] ERROR ClassStateSupport - Could not initialize io.netty.handler.ssl.JdkSslClientContext: io/netty/handler/ssl/ReferenceCountedOpenSslClientContext
[MASTER] 20:40:39.516 [pool-2-thread-1] ERROR ClassStateSupport - Could not initialize io.reactivex.internal.operators.completable.CompletableConcatIterable: io/reactivex/internal/operators/completable/CompletablePeek
[MASTER] 20:40:39.539 [pool-2-thread-1] ERROR ClassStateSupport - Could not initialize io.reactivex.internal.operators.single.SingleContains: io/reactivex/internal/operators/single/SingleFromCallable
[MASTER] 20:40:39.620 [pool-2-thread-1] ERROR ClassStateSupport - Could not initialize io.reactivex.internal.operators.single.SingleZipIterable: io/reactivex/internal/operators/single/SingleFromPublisher
[MASTER] 20:40:39.689 [pool-2-thread-1] ERROR ClassStateSupport - Could not initialize io.reactivex.internal.operators.observable.ObservableFromPublisher: io/reactivex/internal/operators/observable/ObservableCreate
[MASTER] 20:40:39.729 [pool-2-thread-1] ERROR ClassStateSupport - Could not initialize io.netty.handler.ssl.JdkSslContext: io/netty/buffer/ByteBufInputStream
[MASTER] 20:40:39.775 [pool-2-thread-1] ERROR ClassStateSupport - Could not initialize io.netty.buffer.PooledSlicedByteBuf: io/netty/util/Recycler$2
[MASTER] 20:40:39.808 [pool-2-thread-1] ERROR ClassStateSupport - Could not initialize io.reactivex.internal.operators.observable.ObservableElementAtMaybe: io/reactivex/internal/operators/maybe/MaybeErrorCallable
[MASTER] 20:40:39.821 [pool-2-thread-1] ERROR ClassStateSupport - Could not initialize io.netty.util.ByteProcessor: io/netty/util/ByteProcessor$4
[MASTER] 20:40:39.854 [pool-2-thread-1] ERROR ClassStateSupport - Could not initialize io.netty.handler.ssl.ReferenceCountedOpenSslContext: io/netty/handler/ssl/ReferenceCountedOpenSslContext$3
[MASTER] 20:40:39.864 [pool-2-thread-1] ERROR ClassStateSupport - Could not initialize io.reactivex.internal.operators.single.SingleFlatMapCompletable: io/reactivex/internal/operators/completable/CompletableLift
[MASTER] 20:40:39.871 [pool-2-thread-1] ERROR ClassStateSupport - Could not initialize io.reactivex.internal.operators.flowable.FlowableLastSingle: io/reactivex/internal/operators/single/SingleJust
[MASTER] 20:40:39.917 [pool-2-thread-1] ERROR ClassStateSupport - Could not initialize io.reactivex.internal.operators.completable.CompletableErrorSupplier: io/reactivex/internal/operators/completable/CompletableObserveOn
[MASTER] 20:40:39.935 [pool-2-thread-1] ERROR ClassStateSupport - Could not initialize io.reactivex.internal.operators.completable.CompletableCache: io/reactivex/internal/operators/completable/CompletableResumeNext
[MASTER] 20:40:39.971 [pool-2-thread-1] ERROR ClassStateSupport - Could not initialize io.reactivex.internal.operators.flowable.FlowableToListSingle: io/reactivex/internal/operators/single/SingleUsing
[MASTER] 20:40:40.055 [pool-2-thread-1] ERROR ClassStateSupport - Could not initialize io.reactivex.internal.operators.maybe.MaybeFilterSingle: io/reactivex/internal/operators/maybe/MaybeMap
[MASTER] 20:40:40.076 [pool-2-thread-1] ERROR ClassStateSupport - Could not initialize io.netty.buffer.ByteBufUtil$ThreadLocalUnsafeDirectByteBuf: io/netty/util/Recycler$3
[MASTER] 20:40:40.149 [pool-2-thread-1] ERROR ClassStateSupport - Could not initialize org.testng.xml.SuiteXmlParser: org/testng/internal/ClassHelper
[MASTER] 20:40:40.174 [pool-2-thread-1] ERROR ClassStateSupport - Could not initialize io.reactivex.internal.operators.single.SingleDelayWithObservable: io/reactivex/internal/operators/single/SingleZipArray
[MASTER] 20:40:40.186 [pool-2-thread-1] ERROR ClassStateSupport - Could not initialize io.reactivex.internal.operators.single.SingleToObservable: io/reactivex/internal/operators/observable/ObservableFlatMap
[MASTER] 20:40:40.196 [pool-2-thread-1] ERROR ClassStateSupport - Could not initialize io.reactivex.internal.operators.maybe.MaybeContains: io/reactivex/internal/operators/observable/ObservableSingleSingle
[MASTER] 20:40:40.202 [pool-2-thread-1] ERROR ClassStateSupport - Could not initialize io.netty.channel.AbstractChannelHandlerContext$WriteTask: io/netty/channel/AbstractChannelHandlerContext$WriteTask$1
[MASTER] 20:40:40.254 [pool-2-thread-1] ERROR ClassStateSupport - Could not initialize io.reactivex.internal.operators.flowable.FlowableSequenceEqualSingle: io/reactivex/internal/operators/single/SingleDoAfterSuccess
[MASTER] 20:40:40.266 [pool-2-thread-1] ERROR ClassStateSupport - Could not initialize io.reactivex.Observable: io/reactivex/internal/operators/observable/ObservableFromUnsafeSource
[MASTER] 20:40:40.292 [pool-2-thread-1] ERROR ClassStateSupport - Could not initialize io.reactivex.internal.operators.observable.ObservableCountSingle: io/reactivex/internal/operators/single/SingleDoOnSuccess
[MASTER] 20:40:40.304 [pool-2-thread-1] ERROR ClassStateSupport - Could not initialize io.reactivex.internal.operators.single.SingleCache: io/reactivex/internal/operators/single/SingleDoOnEvent
[MASTER] 20:40:40.310 [pool-2-thread-1] ERROR ClassStateSupport - Could not initialize io.reactivex.internal.operators.maybe.MaybeFilter: io/reactivex/internal/operators/maybe/MaybeTimeoutMaybe
[MASTER] 20:40:40.320 [pool-2-thread-1] ERROR ClassStateSupport - Could not initialize io.reactivex.internal.operators.flowable.FlowableReduceWithSingle: io/reactivex/internal/operators/single/SingleDoOnDispose
[MASTER] 20:40:40.329 [pool-2-thread-1] ERROR ClassStateSupport - Could not initialize io.reactivex.internal.operators.single.SingleDoOnSubscribe: io/reactivex/internal/operators/single/SingleFlatMapIterableFlowable
[MASTER] 20:40:40.339 [pool-2-thread-1] ERROR ClassStateSupport - Could not initialize io.reactivex.internal.operators.maybe.MaybeUnsafeCreate: io/reactivex/internal/operators/maybe/MaybeTimeoutPublisher
[MASTER] 20:40:40.448 [pool-2-thread-1] ERROR ClassStateSupport - Could not initialize io.netty.handler.ssl.ReferenceCountedOpenSslServerContext: io/netty/handler/ssl/ReferenceCountedOpenSslEngine
[MASTER] 20:40:40.675 [pool-2-thread-1] ERROR ClassStateSupport - Could not initialize io.reactivex.internal.operators.observable.ObservableElementAtSingle: io/reactivex/internal/operators/single/SingleFlatMapIterableObservable
[MASTER] 20:40:40.685 [pool-2-thread-1] ERROR ClassStateSupport - Could not initialize io.reactivex.internal.operators.flowable.FlowableAllSingle: io/reactivex/internal/operators/completable/CompletableFromSingle
[MASTER] 20:40:40.707 [pool-2-thread-1] ERROR ClassStateSupport - Could not initialize io.reactivex.internal.operators.completable.CompletableCreate: io/reactivex/internal/operators/completable/CompletableSubscribeOn
[MASTER] 20:40:40.715 [pool-2-thread-1] ERROR ClassStateSupport - Could not initialize io.reactivex.Single: io/reactivex/internal/operators/maybe/MaybeFromSingle
[MASTER] 20:40:40.726 [pool-2-thread-1] ERROR ClassStateSupport - Could not initialize io.reactivex.internal.operators.single.SingleCreate: io/reactivex/internal/operators/single/SingleDelay
[MASTER] 20:40:40.731 [pool-2-thread-1] ERROR ClassStateSupport - Could not initialize io.reactivex.internal.operators.observable.ObservableConcatMap: io/reactivex/internal/operators/observable/ObservableSkip
[MASTER] 20:40:40.750 [pool-2-thread-1] ERROR ClassStateSupport - Could not initialize org.testng.xml.Parser: Could not initialize class org.testng.xml.SuiteXmlParser
[MASTER] 20:40:40.773 [pool-2-thread-1] ERROR ClassStateSupport - Could not initialize io.reactivex.internal.operators.single.SingleDelayWithCompletable: io/reactivex/internal/operators/single/SingleTimer
[MASTER] 20:40:40.822 [pool-2-thread-1] ERROR ClassStateSupport - Could not initialize io.reactivex.internal.operators.flowable.FlowableElementAtMaybe: io/reactivex/internal/operators/maybe/MaybeDelaySubscriptionOtherPublisher
[MASTER] 20:40:40.829 [pool-2-thread-1] ERROR ClassStateSupport - Could not initialize io.reactivex.internal.operators.completable.CompletableFromUnsafeSource: io/reactivex/internal/operators/completable/CompletableTimeout
[MASTER] 20:40:40.866 [pool-2-thread-1] ERROR ClassStateSupport - Could not initialize io.netty.util.concurrent.PromiseTask: null
[MASTER] 20:40:40.873 [pool-2-thread-1] ERROR ClassStateSupport - Could not initialize io.netty.channel.unix.FileDescriptor: io.netty.channel.unix.ErrorsStaticallyReferencedJniMethods.errnoENOTCONN()I
[MASTER] 20:40:40.881 [pool-2-thread-1] ERROR ClassStateSupport - Could not initialize io.reactivex.internal.operators.flowable.FlowableSingleMaybe: io/reactivex/internal/operators/maybe/MaybeDoFinally
[MASTER] 20:40:40.901 [pool-2-thread-1] ERROR ClassStateSupport - Could not initialize io.reactivex.internal.operators.maybe.MaybeFlatten: io/reactivex/internal/operators/maybe/MaybePeek
[MASTER] 20:40:40.938 [pool-2-thread-1] ERROR ClassStateSupport - Could not initialize io.reactivex.exceptions.CompositeException: io/reactivex/exceptions/CompositeException$WrappedPrintStream
[MASTER] 20:40:40.944 [pool-2-thread-1] ERROR ClassStateSupport - Could not initialize io.reactivex.internal.operators.flowable.FlowableCountSingle: io/reactivex/internal/operators/single/SingleHide
[MASTER] 20:40:40.972 [pool-2-thread-1] ERROR ClassStateSupport - Could not initialize io.reactivex.internal.operators.maybe.AbstractMaybeWithUpstream: io/reactivex/internal/operators/maybe/MaybeFlatMapCompletable
[MASTER] 20:40:40.997 [pool-2-thread-1] ERROR ClassStateSupport - Could not initialize io.reactivex.internal.operators.single.SingleFlatMapMaybe: io/reactivex/internal/operators/maybe/MaybeFlatMapSingle
[MASTER] 20:40:41.004 [pool-2-thread-1] ERROR ClassStateSupport - Could not initialize io.netty.channel.epoll.AbstractEpollStreamChannel$EpollStreamUnsafe: io/netty/channel/epoll/EpollRecvByteAllocatorStreamingHandle
[MASTER] 20:40:41.085 [pool-2-thread-1] ERROR ClassStateSupport - Could not initialize io.netty.handler.ssl.OpenSslServerContext: io/netty/handler/ssl/OpenSslEngine
[MASTER] 20:40:41.091 [pool-2-thread-1] ERROR ClassStateSupport - Could not initialize io.reactivex.internal.operators.completable.CompletableConcat: io/reactivex/internal/operators/completable/CompletableToObservable
[MASTER] 20:40:41.105 [pool-2-thread-1] ERROR ClassStateSupport - Could not initialize io.reactivex.internal.operators.maybe.MaybeCreate: io/reactivex/internal/operators/maybe/MaybeLift
[MASTER] 20:40:41.181 [pool-2-thread-1] ERROR ClassStateSupport - Could not initialize io.reactivex.internal.operators.maybe.MaybeCache: io/reactivex/internal/operators/maybe/MaybeObserveOn
[MASTER] 20:40:41.186 [pool-2-thread-1] ERROR ClassStateSupport - Could not initialize io.reactivex.internal.operators.flowable.FlowableSingleSingle: io/reactivex/internal/operators/flowable/FlowableSingle
[MASTER] 20:40:41.193 [pool-2-thread-1] ERROR ClassStateSupport - Could not initialize io.reactivex.internal.operators.flowable.FlowableReduceMaybe: io/reactivex/internal/operators/maybe/MaybeOnErrorNext
[MASTER] 20:40:41.196 [pool-2-thread-1] ERROR ClassStateSupport - Could not initialize io.netty.buffer.PooledDuplicatedByteBuf: io/netty/buffer/PooledDuplicatedByteBuf$1
[MASTER] 20:40:41.201 [pool-2-thread-1] ERROR ClassStateSupport - Could not initialize io.netty.channel.ChannelFutureListener: io/netty/channel/ChannelFutureListener$3
[MASTER] 20:40:41.221 [pool-2-thread-1] ERROR ClassStateSupport - Could not initialize io.reactivex.internal.operators.parallel.ParallelCollect: io/reactivex/internal/operators/parallel/ParallelFilterTry
[MASTER] 20:40:41.238 [pool-2-thread-1] ERROR ClassStateSupport - Could not initialize io.reactivex.internal.operators.observable.ObservableJoin: io/reactivex/internal/operators/observable/ObservableLastMaybe
[MASTER] 20:40:41.290 [pool-2-thread-1] ERROR ClassStateSupport - Could not initialize io.reactivex.internal.operators.observable.AbstractObservableWithUpstream: io/reactivex/internal/operators/observable/ObservableFilter
[MASTER] 20:40:41.305 [pool-2-thread-1] ERROR ClassStateSupport - Could not initialize io.reactivex.internal.operators.completable.CompletableMergeIterable: io/reactivex/internal/operators/completable/CompletableDisposeOn
[MASTER] 20:40:41.308 [pool-2-thread-1] ERROR ClassStateSupport - Could not initialize org.testng.xml.XMLParser: Could not initialize class org.testng.xml.XMLParser
[MASTER] 20:40:41.329 [pool-2-thread-1] ERROR ClassStateSupport - Could not initialize io.reactivex.internal.operators.flowable.FlowableElementAtSingle: io/reactivex/internal/operators/flowable/FlowableElementAt
[MASTER] 20:40:41.932 [pool-2-thread-1] ERROR ClassStateSupport - Could not initialize io.netty.handler.ssl.JdkSslServerContext: io/netty/handler/ssl/SslUtils
[MASTER] 20:40:41.953 [pool-2-thread-1] ERROR ClassStateSupport - Could not initialize io.reactivex.internal.operators.flowable.FlowableFlatMapCompletableCompletable: io/reactivex/internal/operators/completable/CompletableToFlowable
[MASTER] 20:40:41.960 [pool-2-thread-1] ERROR ClassStateSupport - Could not initialize io.reactivex.Maybe: io/reactivex/internal/operators/maybe/MaybeOnErrorReturn
[MASTER] 20:40:41.964 [pool-2-thread-1] ERROR ClassStateSupport - Could not initialize io.reactivex.internal.operators.flowable.FlowableAnySingle: io/reactivex/internal/operators/flowable/FlowableAny
[MASTER] 20:40:41.970 [pool-2-thread-1] ERROR ClassStateSupport - Could not initialize io.netty.channel.AbstractChannelHandlerContext$WriteAndFlushTask: io/netty/channel/AbstractChannelHandlerContext$WriteAndFlushTask$1
[MASTER] 20:40:41.989 [pool-2-thread-1] ERROR ClassStateSupport - Could not initialize io.netty.buffer.ByteBufUtil$ThreadLocalDirectByteBuf: io/netty/util/Recycler$1
[MASTER] 20:40:42.003 [pool-2-thread-1] ERROR ClassStateSupport - Could not initialize io.reactivex.internal.operators.maybe.MaybeZipIterable: io/reactivex/internal/operators/maybe/MaybeDetach
[MASTER] 20:40:42.011 [pool-2-thread-1] ERROR ClassStateSupport - Could not initialize io.reactivex.internal.operators.flowable.FlowableCollectSingle: io/reactivex/internal/operators/flowable/FlowableCollect
[MASTER] 20:40:42.042 [pool-2-thread-1] ERROR ClassStateSupport - Could not initialize io.netty.util.concurrent.GlobalEventExecutor: io.netty.util.concurrent.PromiseTask
[MASTER] 20:40:42.042 [pool-2-thread-1] ERROR ClassStateSupport - Could not initialize io.netty.channel.unix.Socket: io.netty.channel.unix.FileDescriptor
[MASTER] 20:40:42.092 [pool-2-thread-1] ERROR ClassStateSupport - Could not initialize io.netty.channel.epoll.LinuxSocket: io.netty.channel.unix.FileDescriptor
[MASTER] 20:40:42.095 [pool-2-thread-1] ERROR ClassStateSupport - Could not initialize io.netty.buffer.PooledUnsafeDirectByteBuf: io.netty.util.Recycler
[MASTER] 20:40:42.113 [pool-2-thread-1] ERROR ClassStateSupport - Could not initialize io.netty.channel.unix.IovArray: io.netty.channel.unix.LimitsStaticallyReferencedJniMethods.iovMax()I
[MASTER] 20:40:42.121 [pool-2-thread-1] ERROR ClassStateSupport - Could not initialize io.reactivex.internal.operators.maybe.MaybeEmpty: io/reactivex/internal/operators/maybe/MaybeSubscribeOn
[MASTER] 20:40:42.132 [pool-2-thread-1] ERROR ClassStateSupport - Could not initialize io.netty.handler.ssl.OpenSslContext: io/netty/handler/ssl/ReferenceCountedOpenSslContext$1
[MASTER] 20:40:42.137 [pool-2-thread-1] ERROR ClassStateSupport - Could not initialize io.reactivex.internal.operators.maybe.MaybeIsEmptySingle: io/reactivex/internal/operators/maybe/MaybeIsEmpty
[MASTER] 20:40:42.141 [pool-2-thread-1] ERROR ClassStateSupport - Could not initialize io.reactivex.internal.operators.observable.ObservableCollectSingle: io/reactivex/internal/operators/observable/ObservableCollect
[MASTER] 20:40:42.141 [pool-2-thread-1] ERROR ClassStateSupport - Could not initialize io.netty.util.concurrent.ScheduledFutureTask: io.netty.util.concurrent.PromiseTask
[MASTER] 20:40:42.149 [pool-2-thread-1] ERROR ClassStateSupport - Could not initialize io.reactivex.Completable: io/reactivex/internal/operators/completable/CompletableAmb
[MASTER] 20:40:42.173 [pool-2-thread-1] ERROR ClassStateSupport - Could not initialize io.netty.buffer.PooledDirectByteBuf: io.netty.util.Recycler
[MASTER] 20:40:42.183 [pool-2-thread-1] ERROR ClassStateSupport - Could not initialize io.netty.util.Recycler: Could not initialize class io.netty.util.Recycler
[MASTER] 20:40:42.239 [pool-2-thread-1] ERROR ClassStateSupport - Could not initialize io.netty.bootstrap.Bootstrap: io/netty/bootstrap/AbstractBootstrapConfig
[MASTER] 20:40:42.247 [pool-2-thread-1] ERROR ClassStateSupport - Could not initialize io.reactivex.parallel.ParallelFlowable: io/reactivex/internal/operators/parallel/ParallelMapTry
[MASTER] 20:40:42.254 [pool-2-thread-1] ERROR ClassStateSupport - Could not initialize io.reactivex.internal.operators.flowable.FlowableLastMaybe: io/reactivex/internal/operators/maybe/MaybeSwitchIfEmpty
[MASTER] 20:40:42.255 [pool-2-thread-1] ERROR ClassStateSupport - Could not initialize io.netty.channel.unix.Limits: Could not initialize class io.netty.channel.unix.Limits
[MASTER] 20:40:42.778 [pool-2-thread-1] ERROR ClassStateSupport - Could not initialize io.reactivex.internal.operators.flowable.FlowableIgnoreElementsCompletable: io/reactivex/internal/operators/completable/CompletableConcatArray
[MASTER] 20:40:43.746 [pool-2-thread-1] ERROR ClassStateSupport - Could not initialize io.reactivex.internal.operators.maybe.MaybeFlatMapCompletable: io/reactivex/internal/operators/completable/CompletableDefer
[MASTER] 20:40:43.753 [pool-2-thread-1] ERROR ClassStateSupport - Could not initialize io.reactivex.internal.operators.completable.CompletableObserveOn: io/reactivex/internal/operators/completable/CompletableFromCallable
[MASTER] 20:40:43.784 [pool-2-thread-1] ERROR ClassStateSupport - Could not initialize io.reactivex.internal.operators.maybe.MaybeOnErrorReturn: io/reactivex/internal/operators/maybe/MaybeSwitchIfEmptySingle
[MASTER] 20:40:43.815 [pool-2-thread-1] ERROR ClassStateSupport - Could not initialize io.reactivex.internal.operators.parallel.ParallelFilter: io/reactivex/internal/operators/parallel/ParallelMap
[MASTER] 20:40:43.821 [pool-2-thread-1] ERROR ClassStateSupport - Could not initialize io.reactivex.internal.operators.observable.ObservableLastMaybe: io/reactivex/internal/operators/maybe/MaybeTakeUntilPublisher
[MASTER] 20:40:43.974 [pool-2-thread-1] ERROR ClassStateSupport - Could not initialize io.reactivex.internal.operators.completable.CompletableConcatIterable: io/reactivex/internal/operators/completable/CompletableFromPublisher
[MASTER] 20:40:44.050 [pool-2-thread-1] ERROR ClassStateSupport - Could not initialize io.netty.handler.ssl.OpenSslClientContext: io/netty/handler/ssl/ReferenceCountedOpenSslContext$2
[MASTER] 20:40:44.163 [pool-2-thread-1] ERROR ClassStateSupport - Could not initialize io.reactivex.internal.operators.observable.ObservableFromPublisher: io/reactivex/internal/operators/observable/ObservableRange
[MASTER] 20:40:44.204 [pool-2-thread-1] ERROR ClassStateSupport - Could not initialize io.reactivex.internal.operators.observable.ObservableElementAtMaybe: io/reactivex/internal/operators/maybe/MaybeTakeUntilMaybe
[MASTER] 20:40:44.219 [pool-2-thread-1] ERROR ClassStateSupport - Could not initialize io.netty.handler.ssl.ReferenceCountedOpenSslContext: Could not initialize class io.netty.handler.ssl.ReferenceCountedOpenSslContext
[MASTER] 20:40:44.228 [pool-2-thread-1] ERROR ClassStateSupport - Could not initialize io.reactivex.internal.operators.single.SingleFlatMapCompletable: io/reactivex/internal/operators/completable/CompletableMergeArray
[MASTER] 20:40:44.253 [pool-2-thread-1] ERROR ClassStateSupport - Could not initialize io.reactivex.internal.operators.completable.CompletableErrorSupplier: io/reactivex/internal/operators/completable/CompletableMergeDelayErrorIterable
[MASTER] 20:40:44.261 [pool-2-thread-1] ERROR ClassStateSupport - Could not initialize io.reactivex.internal.operators.maybe.MaybeTimeoutPublisher: io/reactivex/internal/operators/maybe/MaybeToObservable
[MASTER] 20:40:44.268 [pool-2-thread-1] ERROR ClassStateSupport - Could not initialize io.reactivex.internal.operators.maybe.MaybeMap: io/reactivex/internal/operators/maybe/MaybeUnsubscribeOn
[MASTER] 20:40:44.277 [pool-2-thread-1] ERROR ClassStateSupport - Could not initialize io.reactivex.internal.operators.completable.CompletableCache: io/reactivex/internal/operators/completable/CompletableMergeDelayErrorArray
[MASTER] 20:40:44.301 [pool-2-thread-1] ERROR ClassStateSupport - Could not initialize io.reactivex.internal.operators.flowable.FlowableToListSingle: io/reactivex/internal/operators/flowable/FlowableToList
[MASTER] 20:40:44.315 [pool-2-thread-1] ERROR ClassStateSupport - Could not initialize io.reactivex.internal.operators.maybe.MaybeDetach: io/reactivex/internal/operators/maybe/MaybeToFlowable
[MASTER] 20:40:44.483 [pool-2-thread-1] ERROR ClassStateSupport - Could not initialize io.reactivex.internal.operators.maybe.MaybeFilterSingle: io/reactivex/internal/operators/maybe/MaybeAmb
[MASTER] 20:40:44.489 [pool-2-thread-1] ERROR ClassStateSupport - Could not initialize io.netty.handler.ssl.ReferenceCountedOpenSslClientContext: io.netty.handler.ssl.ReferenceCountedOpenSslContext
[MASTER] 20:40:44.549 [pool-2-thread-1] ERROR ClassStateSupport - Could not initialize io.reactivex.internal.operators.single.SingleToObservable: io/reactivex/internal/operators/observable/ObservableError
[MASTER] 20:40:44.558 [pool-2-thread-1] ERROR ClassStateSupport - Could not initialize io.reactivex.internal.operators.maybe.MaybeError: io/reactivex/internal/operators/maybe/MaybeConcatArray
[MASTER] 20:40:44.598 [pool-2-thread-1] ERROR ClassStateSupport - Could not initialize io.reactivex.internal.operators.completable.CompletablePeek: io/reactivex/internal/operators/completable/CompletableUsing
[MASTER] 20:40:44.601 [pool-2-thread-1] ERROR ClassStateSupport - Could not initialize io.reactivex.internal.operators.flowable.FlowableSequenceEqualSingle: io/reactivex/internal/operators/flowable/FlowableSequenceEqual
[MASTER] 20:40:44.617 [pool-2-thread-1] ERROR ClassStateSupport - Could not initialize io.reactivex.Observable: io/reactivex/internal/operators/observable/ObservableMap
[MASTER] 20:40:44.621 [pool-2-thread-1] ERROR ClassStateSupport - Could not initialize io.reactivex.internal.operators.observable.ObservableCountSingle: io/reactivex/internal/operators/observable/ObservableCount
[MASTER] 20:40:44.636 [pool-2-thread-1] ERROR ClassStateSupport - Could not initialize io.reactivex.internal.operators.maybe.MaybeFilter: io/reactivex/internal/operators/maybe/MaybeConcatArrayDelayError
[MASTER] 20:40:44.650 [pool-2-thread-1] ERROR ClassStateSupport - Could not initialize io.reactivex.internal.operators.maybe.MaybeUnsafeCreate: io/reactivex/internal/operators/maybe/MaybeDefer
[MASTER] 20:40:44.694 [pool-2-thread-1] ERROR ClassStateSupport - Could not initialize io.netty.handler.ssl.ReferenceCountedOpenSslServerContext: io.netty.handler.ssl.ReferenceCountedOpenSslContext
[MASTER] 20:40:44.701 [pool-2-thread-1] ERROR ClassStateSupport - Could not initialize io.reactivex.internal.operators.maybe.MaybeOnErrorNext: io/reactivex/internal/operators/maybe/MaybeFromCallable
[MASTER] 20:40:44.712 [pool-2-thread-1] ERROR ClassStateSupport - Could not initialize io.reactivex.internal.operators.observable.ObservableElementAtSingle: io/reactivex/internal/operators/observable/ObservableElementAt
[MASTER] 20:40:44.717 [pool-2-thread-1] ERROR ClassStateSupport - Could not initialize io.reactivex.internal.operators.flowable.FlowableAllSingle: io/reactivex/internal/operators/flowable/FlowableAll
[MASTER] 20:40:44.726 [pool-2-thread-1] ERROR ClassStateSupport - Could not initialize io.reactivex.internal.operators.completable.CompletableCreate: io/reactivex/internal/operators/completable/CompletableFromObservable
[MASTER] 20:40:44.740 [pool-2-thread-1] ERROR ClassStateSupport - Could not initialize io.reactivex.internal.operators.observable.ObservableConcatMap: io/reactivex/internal/operators/observable/ObservableAllSingle
[MASTER] 20:40:44.752 [pool-2-thread-1] ERROR ClassStateSupport - Could not initialize org.testng.xml.Parser: org.testng.xml.ISuiteParser: Provider org.testng.internal.YamlParser not found
[MASTER] 20:40:44.756 [pool-2-thread-1] ERROR ClassStateSupport - Could not initialize io.reactivex.internal.operators.completable.CompletableResumeNext: io/reactivex/internal/operators/completable/CompletableDoOnEvent
[MASTER] 20:40:44.763 [pool-2-thread-1] ERROR ClassStateSupport - Could not initialize io.reactivex.internal.operators.maybe.MaybeDelaySubscriptionOtherPublisher: io/reactivex/internal/operators/maybe/MaybeFromFuture
[MASTER] 20:40:44.791 [pool-2-thread-1] ERROR ClassStateSupport - Could not initialize io.reactivex.internal.operators.flowable.FlowableElementAtMaybe: io/reactivex/internal/operators/maybe/MaybeJust
[MASTER] 20:40:44.798 [pool-2-thread-1] ERROR ClassStateSupport - Could not initialize io.reactivex.internal.operators.completable.CompletableFromUnsafeSource: io/reactivex/internal/operators/maybe/MaybeFromCompletable
[MASTER] 20:40:44.837 [pool-2-thread-1] ERROR ClassStateSupport - Could not initialize io.reactivex.internal.operators.flowable.FlowableSingleMaybe: io/reactivex/internal/operators/maybe/MaybeMergeArray
[MASTER] 20:40:44.843 [pool-2-thread-1] ERROR ClassStateSupport - Could not initialize io.reactivex.internal.operators.maybe.MaybeFromSingle: io/reactivex/internal/operators/maybe/MaybeNever
[MASTER] 20:40:44.861 [pool-2-thread-1] ERROR ClassStateSupport - Could not initialize io.reactivex.internal.operators.maybe.MaybeFlatten: io/reactivex/internal/operators/maybe/MaybeEqualSingle
[MASTER] 20:40:44.896 [pool-2-thread-1] ERROR ClassStateSupport - Could not initialize io.netty.channel.ChannelOutboundBuffer$Entry: io/netty/channel/ChannelOutboundBuffer$Entry$1
[MASTER] 20:40:44.901 [pool-2-thread-1] ERROR ClassStateSupport - Could not initialize io.reactivex.exceptions.CompositeException: io/reactivex/exceptions/CompositeException$WrappedPrintWriter
[MASTER] 20:40:44.904 [pool-2-thread-1] ERROR ClassStateSupport - Could not initialize io.reactivex.internal.operators.flowable.FlowableCountSingle: io/reactivex/internal/operators/flowable/FlowableCount
[MASTER] 20:40:44.919 [pool-2-thread-1] ERROR ClassStateSupport - Could not initialize io.reactivex.internal.operators.maybe.MaybeDoFinally: io/reactivex/internal/operators/maybe/MaybeUsing
[MASTER] 20:40:44.932 [pool-2-thread-1] ERROR ClassStateSupport - Could not initialize io.reactivex.internal.operators.maybe.MaybeTimeoutMaybe: io/reactivex/internal/operators/maybe/MaybeZipArray
[MASTER] 20:40:44.945 [pool-2-thread-1] ERROR ClassStateSupport - Could not initialize io.reactivex.internal.operators.maybe.MaybeObserveOn: io/reactivex/internal/operators/maybe/MaybeDoAfterSuccess
[MASTER] 20:40:44.950 [pool-2-thread-1] ERROR ClassStateSupport - Could not initialize io.reactivex.internal.operators.maybe.AbstractMaybeWithUpstream: io/reactivex/internal/operators/maybe/MaybeDoOnEvent
[MASTER] 20:40:44.954 [pool-2-thread-1] ERROR ClassStateSupport - Could not initialize io.reactivex.internal.operators.completable.CompletableTimeout: io/reactivex/internal/operators/completable/CompletableToSingle
[MASTER] 20:40:44.959 [pool-2-thread-1] ERROR ClassStateSupport - Could not initialize io.reactivex.internal.operators.observable.ObservableSkip: io/reactivex/internal/operators/observable/ObservableReduceMaybe
[MASTER] 20:40:44.966 [pool-2-thread-1] ERROR ClassStateSupport - Could not initialize io.reactivex.internal.operators.single.SingleFlatMapMaybe: io/reactivex/internal/operators/maybe/MaybeFlatMapIterableFlowable
[MASTER] 20:40:44.987 [pool-2-thread-1] ERROR ClassStateSupport - Could not initialize io.netty.handler.ssl.OpenSslServerContext: io.netty.handler.ssl.OpenSslContext
[MASTER] 20:40:44.992 [pool-2-thread-1] ERROR ClassStateSupport - Could not initialize io.reactivex.internal.operators.completable.CompletableConcat: io/reactivex/internal/operators/completable/CompletableDelay
[MASTER] 20:40:45.001 [pool-2-thread-1] ERROR ClassStateSupport - Could not initialize io.reactivex.internal.operators.completable.CompletableLift: io/reactivex/internal/operators/completable/CompletableTimer
[MASTER] 20:40:45.010 [pool-2-thread-1] ERROR ClassStateSupport - Could not initialize io.reactivex.internal.operators.maybe.MaybeCreate: io/reactivex/internal/operators/maybe/MaybeFlatMapIterableObservable
[MASTER] 20:40:45.056 [pool-2-thread-1] ERROR ClassStateSupport - Could not initialize io.reactivex.internal.operators.maybe.MaybeLift: io/reactivex/internal/operators/maybe/MaybeToSingle
[MASTER] 20:40:45.062 [pool-2-thread-1] ERROR ClassStateSupport - Could not initialize io.reactivex.internal.operators.completable.CompletableToObservable: io/reactivex/internal/operators/observable/ObservableReduceSeedSingle
[MASTER] 20:40:45.089 [pool-2-thread-1] ERROR ClassStateSupport - Could not initialize io.reactivex.internal.operators.maybe.MaybeCache: io/reactivex/internal/operators/maybe/MaybeDelay
[MASTER] 20:40:45.096 [pool-2-thread-1] ERROR ClassStateSupport - Could not initialize io.reactivex.internal.operators.completable.CompletableError: io/reactivex/internal/operators/completable/CompletableMerge
[MASTER] 20:40:45.102 [pool-2-thread-1] ERROR ClassStateSupport - Could not initialize io.reactivex.internal.operators.flowable.FlowableReduceMaybe: io/reactivex/internal/operators/maybe/MaybeDelayOtherPublisher
[MASTER] 20:40:45.108 [pool-2-thread-1] ERROR ClassStateSupport - Could not initialize io.reactivex.internal.operators.single.SingleFlatMapIterableObservable: io/reactivex/internal/operators/observable/ObservableWindowTimed
[MASTER] 20:40:45.118 [pool-2-thread-1] ERROR ClassStateSupport - Could not initialize io.reactivex.internal.operators.parallel.ParallelCollect: io/reactivex/internal/operators/parallel/ParallelReduce
[MASTER] 20:40:45.137 [pool-2-thread-1] ERROR ClassStateSupport - Could not initialize io.reactivex.internal.operators.observable.ObservableJoin: io/reactivex/internal/operators/observable/ObservableWindowBoundarySupplier
[MASTER] 20:40:45.169 [pool-2-thread-1] ERROR ClassStateSupport - Could not initialize io.reactivex.internal.operators.observable.AbstractObservableWithUpstream: io/reactivex/internal/operators/observable/ObservableWindowBoundarySelector
[MASTER] 20:40:45.176 [pool-2-thread-1] ERROR ClassStateSupport - Could not initialize io.reactivex.internal.operators.completable.CompletableDoFinally: io/reactivex/internal/operators/completable/CompletableFromAction
[MASTER] 20:40:45.184 [pool-2-thread-1] ERROR ClassStateSupport - Could not initialize io.reactivex.internal.operators.completable.CompletableMergeIterable: io/reactivex/internal/operators/completable/CompletableFromRunnable
[MASTER] 20:40:45.192 [pool-2-thread-1] ERROR ClassStateSupport - Could not initialize io.reactivex.internal.operators.observable.ObservableZip: io/reactivex/internal/operators/observable/ObservableWindowBoundary
[MASTER] 20:40:45.236 [pool-2-thread-1] ERROR ClassStateSupport - Could not initialize io.netty.handler.ssl.OpenSslEngine: io/netty/handler/ssl/ReferenceCountedOpenSslEngine$1
[MASTER] 20:40:45.243 [pool-2-thread-1] ERROR ClassStateSupport - Could not initialize io.reactivex.internal.operators.completable.CompletableFromSingle: io/reactivex/internal/operators/completable/CompletableOnErrorComplete
[MASTER] 20:40:45.263 [pool-2-thread-1] ERROR ClassStateSupport - Could not initialize io.reactivex.internal.operators.flowable.FlowableFlatMapCompletableCompletable: io/reactivex/internal/operators/completable/CompletableHide
[MASTER] 20:40:45.271 [pool-2-thread-1] ERROR ClassStateSupport - Could not initialize io.reactivex.Maybe: io/reactivex/internal/operators/maybe/MaybeTimer
[MASTER] 20:40:45.290 [pool-2-thread-1] ERROR ClassStateSupport - Could not initialize io.reactivex.internal.operators.observable.ObservableFlatMap: io/reactivex/internal/operators/observable/ObservableWindow
[MASTER] 20:40:45.297 [pool-2-thread-1] ERROR ClassStateSupport - Could not initialize io.reactivex.internal.operators.maybe.MaybeZipIterable: io/reactivex/internal/operators/maybe/MaybeFromAction
[MASTER] 20:40:45.323 [pool-2-thread-1] ERROR ClassStateSupport - Could not initialize io.netty.handler.ssl.ReferenceCountedOpenSslEngine: io/netty/internal/tcnative/SSL
[MASTER] 20:40:45.340 [pool-2-thread-1] ERROR ClassStateSupport - Could not initialize io.reactivex.internal.operators.observable.ObservableCreate: io/reactivex/internal/operators/observable/ObservableRepeat
[MASTER] 20:40:45.348 [pool-2-thread-1] ERROR ClassStateSupport - Could not initialize io.reactivex.internal.operators.maybe.MaybePeek: io/reactivex/internal/operators/maybe/MaybeFromRunnable
[MASTER] 20:40:45.377 [pool-2-thread-1] ERROR ClassStateSupport - Could not initialize io.reactivex.internal.operators.maybe.MaybeEmpty: io/reactivex/internal/operators/maybe/MaybeFlatMapSingleElement
[MASTER] 20:40:45.382 [pool-2-thread-1] ERROR ClassStateSupport - Could not initialize io.netty.handler.ssl.OpenSslContext: Could not initialize class io.netty.handler.ssl.OpenSslContext
[MASTER] 20:40:45.390 [pool-2-thread-1] ERROR ClassStateSupport - Could not initialize io.reactivex.Completable: io/reactivex/internal/operators/observable/ObservableDelaySubscriptionOther
[MASTER] 20:40:45.429 [pool-2-thread-1] ERROR ClassStateSupport - Could not initialize io.reactivex.internal.operators.observable.ObservableFromUnsafeSource: io/reactivex/internal/operators/observable/ObservableConcatMapEager
[MASTER] 20:40:45.438 [pool-2-thread-1] ERROR ClassStateSupport - Could not initialize io.reactivex.internal.operators.completable.CompletableSubscribeOn: io/reactivex/internal/operators/maybe/MaybeDelayWithCompletable
[MASTER] 20:40:45.456 [pool-2-thread-1] ERROR ClassStateSupport - Could not initialize io.netty.bootstrap.Bootstrap: io/netty/bootstrap/BootstrapConfig
[MASTER] 20:40:45.462 [pool-2-thread-1] ERROR ClassStateSupport - Could not initialize io.reactivex.parallel.ParallelFlowable: io/reactivex/internal/operators/parallel/ParallelReduceFull
[MASTER] 20:40:45.470 [pool-2-thread-1] ERROR ClassStateSupport - Could not initialize io.reactivex.internal.operators.flowable.FlowableLastMaybe: io/reactivex/internal/operators/maybe/MaybeIgnoreElementCompletable
[MASTER] 20:40:45.481 [pool-2-thread-1] ERROR ClassStateSupport - Could not initialize io.reactivex.internal.operators.maybe.MaybeErrorCallable: io/reactivex/internal/operators/maybe/MaybeOnErrorComplete
[MASTER] 20:40:45.491 [pool-2-thread-1] ERROR ClassStateSupport - Could not initialize io.reactivex.internal.operators.maybe.MaybeSubscribeOn: io/reactivex/internal/operators/maybe/MaybeHide
[MASTER] 20:40:45.500 [pool-2-thread-1] ERROR ClassStateSupport - Could not initialize io.reactivex.internal.operators.parallel.ParallelFilterTry: io/reactivex/internal/operators/parallel/ParallelSortedJoin
[MASTER] 20:40:46.205 [pool-2-thread-1] ERROR ClassStateSupport - Could not initialize io.reactivex.internal.operators.maybe.MaybeIgnoreElementCompletable: io/reactivex/internal/operators/maybe/MaybeIgnoreElement
[MASTER] 20:40:46.409 [pool-2-thread-1] ERROR ClassStateSupport - Could not initialize io.reactivex.internal.operators.observable.ObservableWindowBoundarySupplier: io/reactivex/internal/operators/observable/ObservableFlattenIterable
[MASTER] 20:40:46.961 [pool-2-thread-1] ERROR ClassStateSupport - Could not initialize io.reactivex.internal.operators.maybe.MaybeOnErrorReturn: io/reactivex/internal/operators/maybe/MaybeFlatMapNotification
[MASTER] 20:40:46.986 [pool-2-thread-1] ERROR ClassStateSupport - Could not initialize io.reactivex.internal.operators.observable.ObservableWindowBoundarySelector: io/reactivex/internal/operators/observable/ObservableDebounceTimed
[MASTER] 20:40:46.998 [pool-2-thread-1] ERROR ClassStateSupport - Could not initialize io.reactivex.internal.operators.maybe.MaybeUsing: io/reactivex/internal/operators/maybe/MaybeFlatMapBiSelector
[MASTER] 20:40:47.022 [pool-2-thread-1] ERROR ClassStateSupport - Could not initialize io.reactivex.internal.operators.parallel.ParallelFilter: io/reactivex/internal/operators/parallel/ParallelConcatMap
[MASTER] 20:40:47.236 [pool-2-thread-1] ERROR ClassStateSupport - Could not initialize io.netty.handler.ssl.OpenSslClientContext: io/netty/handler/ssl/ReferenceCountedOpenSslContext$4
[MASTER] 20:40:47.306 [pool-2-thread-1] ERROR ClassStateSupport - Could not initialize io.reactivex.internal.operators.observable.ObservableFromPublisher: io/reactivex/internal/operators/observable/ObservableDebounce
[MASTER] 20:40:47.353 [pool-2-thread-1] ERROR ClassStateSupport - Could not initialize io.reactivex.internal.operators.observable.ObservableCollect: io/reactivex/internal/operators/observable/ObservableDematerialize
[MASTER] 20:40:47.376 [pool-2-thread-1] ERROR ClassStateSupport - Could not initialize io.reactivex.internal.operators.parallel.ParallelMap: io/reactivex/internal/operators/parallel/ParallelPeek
[MASTER] 20:40:47.501 [pool-2-thread-1] ERROR ClassStateSupport - Could not initialize io.reactivex.internal.operators.single.SingleToObservable: io/reactivex/internal/operators/observable/ObservableDistinctUntilChanged
[MASTER] 20:40:47.548 [pool-2-thread-1] ERROR ClassStateSupport - Could not initialize io.reactivex.Observable: io/reactivex/internal/operators/observable/ObservableDoFinally
[MASTER] 20:40:47.560 [pool-2-thread-1] ERROR ClassStateSupport - Could not initialize io.reactivex.internal.operators.observable.ObservableWindowTimed: io/reactivex/internal/operators/observable/ObservableDoAfterNext
[MASTER] 20:40:47.631 [pool-2-thread-1] ERROR ClassStateSupport - Could not initialize io.reactivex.internal.operators.observable.ObservableRepeat: io/reactivex/internal/operators/observable/ObservableDoOnEach
[MASTER] 20:40:47.643 [pool-2-thread-1] ERROR ClassStateSupport - Could not initialize io.reactivex.internal.operators.observable.ObservableError: io/reactivex/internal/operators/observable/ObservableDoOnLifecycle
[MASTER] 20:40:47.658 [pool-2-thread-1] ERROR ClassStateSupport - Could not initialize io.reactivex.internal.operators.observable.ObservableConcatMap: io/reactivex/internal/operators/observable/ObservableFlatMapCompletableCompletable
[MASTER] 20:40:47.673 [pool-2-thread-1] ERROR ClassStateSupport - Could not initialize io.reactivex.internal.operators.observable.ObservableDelaySubscriptionOther: io/reactivex/internal/operators/observable/ObservableFlatMapMaybe
[MASTER] 20:40:47.711 [pool-2-thread-1] ERROR ClassStateSupport - Could not initialize io.reactivex.internal.operators.observable.ObservableMap: io/reactivex/internal/operators/observable/ObservableFlatMapSingle
[MASTER] 20:40:47.737 [pool-2-thread-1] ERROR ClassStateSupport - Could not initialize io.netty.util.BooleanSupplier: io/netty/util/BooleanSupplier$1
[MASTER] 20:40:47.750 [pool-2-thread-1] ERROR ClassStateSupport - Could not initialize io.reactivex.internal.operators.observable.ObservableWindowBoundary: io/reactivex/internal/operators/observable/ObservableGroupBy
[MASTER] 20:40:47.803 [pool-2-thread-1] ERROR ClassStateSupport - Could not initialize io.reactivex.internal.operators.observable.ObservableWindow: io/reactivex/internal/operators/observable/ObservableGroupJoin
[MASTER] 20:40:47.814 [pool-2-thread-1] ERROR ClassStateSupport - Could not initialize io.reactivex.internal.operators.observable.ObservableSkip: io/reactivex/internal/operators/observable/ObservableIgnoreElementsCompletable
[MASTER] 20:40:47.840 [pool-2-thread-1] ERROR ClassStateSupport - Could not initialize io.reactivex.internal.operators.maybe.MaybeToObservable: io/reactivex/internal/operators/observable/ObservableLastSingle
[MASTER] 20:40:47.883 [pool-2-thread-1] ERROR ClassStateSupport - Could not initialize io.reactivex.internal.operators.completable.CompletableToObservable: io/reactivex/internal/operators/observable/ObservableLift
[MASTER] 20:40:47.912 [pool-2-thread-1] ERROR ClassStateSupport - Could not initialize io.reactivex.internal.operators.observable.ObservableFilter: io/reactivex/internal/operators/observable/ObservableMaterialize
[MASTER] 20:40:47.918 [pool-2-thread-1] ERROR ClassStateSupport - Could not initialize io.reactivex.internal.operators.flowable.FlowableReduceMaybe: io/reactivex/internal/operators/flowable/FlowableReduce
[MASTER] 20:40:47.926 [pool-2-thread-1] ERROR ClassStateSupport - Could not initialize io.reactivex.internal.operators.single.SingleFlatMapIterableObservable: io/reactivex/internal/operators/observable/ObservableObserveOn
[MASTER] 20:40:47.928 [pool-2-thread-1] ERROR ClassStateSupport - Could not initialize io.netty.util.UncheckedBooleanSupplier: io.netty.util.BooleanSupplier
[MASTER] 20:40:47.932 [pool-2-thread-1] ERROR ClassStateSupport - Could not initialize io.reactivex.internal.operators.observable.ObservableRange: io/reactivex/internal/operators/observable/ObservableOnErrorNext
[MASTER] 20:40:47.940 [pool-2-thread-1] ERROR ClassStateSupport - Could not initialize io.reactivex.internal.operators.parallel.ParallelCollect: io/reactivex/internal/operators/parallel/ParallelDoOnNextTry
[MASTER] 20:40:47.957 [pool-2-thread-1] ERROR ClassStateSupport - Could not initialize io.reactivex.internal.operators.observable.ObservableJoin: io/reactivex/internal/operators/observable/ObservableOnErrorReturn
[MASTER] 20:40:47.999 [pool-2-thread-1] ERROR ClassStateSupport - Could not initialize io.reactivex.internal.operators.observable.AbstractObservableWithUpstream: io/reactivex/internal/operators/observable/ObservableDetach
[MASTER] 20:40:48.009 [pool-2-thread-1] ERROR ClassStateSupport - Could not initialize io.reactivex.internal.operators.observable.ObservableZip: io/reactivex/internal/operators/observable/ObservableReduceWithSingle
[MASTER] 20:40:48.080 [pool-2-thread-1] ERROR ClassStateSupport - Could not initialize io.netty.handler.ssl.OpenSslEngine: io/netty/internal/tcnative/SSL
[MASTER] 20:40:48.108 [pool-2-thread-1] ERROR ClassStateSupport - Could not initialize io.reactivex.internal.operators.flowable.FlowableFlatMapCompletableCompletable: io/reactivex/internal/operators/flowable/FlowableFlatMapCompletable
[MASTER] 20:40:48.131 [pool-2-thread-1] ERROR ClassStateSupport - Could not initialize io.reactivex.internal.operators.observable.ObservableFlatMap: io/reactivex/internal/operators/observable/ObservableRepeatUntil
[MASTER] 20:40:48.141 [pool-2-thread-1] ERROR ClassStateSupport - Could not initialize io.reactivex.internal.operators.maybe.MaybeFlatMapIterableObservable: io/reactivex/internal/operators/observable/ObservableRepeatWhen
[MASTER] 20:40:48.156 [pool-2-thread-1] ERROR ClassStateSupport - Could not initialize io.netty.handler.ssl.ReferenceCountedOpenSslEngine: Could not initialize class io.netty.handler.ssl.ReferenceCountedOpenSslEngine
[MASTER] 20:40:48.175 [pool-2-thread-1] ERROR ClassStateSupport - Could not initialize io.reactivex.internal.operators.observable.ObservableCreate: io/reactivex/internal/operators/observable/ObservableRetryBiPredicate
[MASTER] 20:40:48.215 [pool-2-thread-1] ERROR ClassStateSupport - Could not initialize io.reactivex.internal.operators.parallel.ParallelReduce: io/reactivex/internal/operators/parallel/ParallelFromArray
[MASTER] 20:40:48.280 [pool-2-thread-1] ERROR ClassStateSupport - Could not initialize io.reactivex.internal.operators.observable.ObservableFromUnsafeSource: io/reactivex/internal/operators/observable/ObservableRetryPredicate
[MASTER] 20:40:48.311 [pool-2-thread-1] ERROR ClassStateSupport - Could not initialize io.reactivex.internal.operators.parallel.ParallelMapTry: io/reactivex/internal/operators/parallel/ParallelJoin
[MASTER] 20:40:48.336 [pool-2-thread-1] ERROR ClassStateSupport - Could not initialize io.reactivex.parallel.ParallelFlowable: io/reactivex/internal/operators/parallel/ParallelRunOn
[MASTER] 20:40:48.341 [pool-2-thread-1] ERROR ClassStateSupport - Could not initialize io.reactivex.internal.operators.observable.ObservableAllSingle: io/reactivex/internal/operators/observable/ObservableAll
[MASTER] 20:40:48.365 [pool-2-thread-1] ERROR ClassStateSupport - Could not initialize io.reactivex.internal.operators.parallel.ParallelFilterTry: io/reactivex/internal/operators/parallel/ParallelFromPublisher
[MASTER] 20:40:49.255 [pool-2-thread-1] ERROR ClassStateSupport - Could not initialize io.reactivex.internal.operators.parallel.ParallelConcatMap: io/reactivex/internal/operators/parallel/ParallelFlatMap
[MASTER] 20:40:49.369 [pool-2-thread-1] ERROR ClassStateSupport - Could not initialize io.reactivex.internal.operators.observable.ObservableFlatMapCompletableCompletable: io/reactivex/internal/operators/observable/ObservableFlatMapCompletable
[MASTER] 20:40:49.415 [pool-2-thread-1] ERROR ClassStateSupport - Could not initialize io.reactivex.internal.operators.observable.ObservableWindowBoundarySupplier: io/reactivex/internal/operators/observable/ObservableRetryWhen
[MASTER] 20:40:49.489 [pool-2-thread-1] ERROR ClassStateSupport - Could not initialize io.reactivex.internal.operators.observable.ObservableGroupJoin: io/reactivex/internal/operators/observable/ObservableSampleWithObservable
[MASTER] 20:40:49.959 [pool-2-thread-1] ERROR ClassStateSupport - Could not initialize io.reactivex.internal.operators.observable.ObservableWindowBoundarySelector: io/reactivex/internal/operators/observable/ObservableSampleTimed
[MASTER] 20:40:50.228 [pool-2-thread-1] ERROR ClassStateSupport - Could not initialize io.reactivex.internal.operators.observable.ObservableObserveOn: io/reactivex/internal/operators/observable/ObservableScanSeed
[MASTER] 20:40:50.240 [pool-2-thread-1] ERROR ClassStateSupport - Could not initialize io.reactivex.internal.operators.observable.ObservableFromPublisher: io/reactivex/internal/operators/observable/ObservableSerialized
[MASTER] 20:40:50.270 [pool-2-thread-1] ERROR ClassStateSupport - Could not initialize io.reactivex.internal.operators.observable.ObservableElementAt: io/reactivex/internal/operators/observable/ObservableSingleMaybe
[MASTER] 20:40:50.275 [pool-2-thread-1] ERROR ClassStateSupport - Could not initialize io.reactivex.internal.operators.observable.ObservableDoOnEach: io/reactivex/internal/operators/observable/ObservableSkipLast
[MASTER] 20:40:50.291 [pool-2-thread-1] ERROR ClassStateSupport - Could not initialize io.reactivex.internal.operators.observable.ObservableCollect: io/reactivex/internal/operators/observable/ObservableSkipLastTimed
[MASTER] 20:40:50.383 [pool-2-thread-1] ERROR ClassStateSupport - Could not initialize io.netty.handler.ssl.ReferenceCountedOpenSslClientContext: io/netty/handler/ssl/OpenSslKeyMaterialManager
[MASTER] 20:40:50.393 [pool-2-thread-1] ERROR ClassStateSupport - Could not initialize io.reactivex.internal.operators.observable.ObservableDebounceTimed: io/reactivex/internal/operators/observable/ObservableSkipUntil
[MASTER] 20:40:50.454 [pool-2-thread-1] ERROR ClassStateSupport - Could not initialize io.reactivex.internal.operators.single.SingleToObservable: io/reactivex/internal/operators/observable/ObservableSkipWhile
[MASTER] 20:40:50.466 [pool-2-thread-1] ERROR ClassStateSupport - Could not initialize io.reactivex.internal.operators.observable.ObservableFlatMapSingle: io/reactivex/internal/operators/observable/ObservableSubscribeOn
[MASTER] 20:40:50.506 [pool-2-thread-1] ERROR ClassStateSupport - Could not initialize io.reactivex.internal.operators.observable.ObservableGroupBy: io/reactivex/internal/operators/observable/ObservableSwitchIfEmpty
[MASTER] 20:40:50.517 [pool-2-thread-1] ERROR ClassStateSupport - Could not initialize io.reactivex.Observable: io/reactivex/internal/operators/observable/ObservableSwitchMap
[MASTER] 20:40:50.528 [pool-2-thread-1] ERROR ClassStateSupport - Could not initialize io.reactivex.internal.operators.observable.ObservableWindowTimed: io/reactivex/internal/operators/observable/ObservableIgnoreElements
[MASTER] 20:40:50.583 [pool-2-thread-1] ERROR ClassStateSupport - Could not initialize io.netty.handler.ssl.ReferenceCountedOpenSslServerContext: io/netty/handler/ssl/OpenSslSessionContext
[MASTER] 20:40:50.601 [pool-2-thread-1] ERROR ClassStateSupport - Could not initialize io.reactivex.internal.operators.observable.ObservableRepeat: io/reactivex/internal/operators/observable/ObservableTakeLastOne
[MASTER] 20:40:50.614 [pool-2-thread-1] ERROR ClassStateSupport - Could not initialize io.reactivex.internal.operators.observable.ObservableError: io/reactivex/internal/operators/observable/ObservableTakeLast
[MASTER] 20:40:50.625 [pool-2-thread-1] ERROR ClassStateSupport - Could not initialize io.reactivex.internal.operators.observable.ObservableConcatMap: io/reactivex/internal/operators/observable/ObservableTakeLastTimed
[MASTER] 20:40:50.646 [pool-2-thread-1] ERROR ClassStateSupport - Could not initialize io.reactivex.internal.operators.observable.ObservableDistinctUntilChanged: io/reactivex/internal/operators/observable/ObservableTakeUntilPredicate
[MASTER] 20:40:50.654 [pool-2-thread-1] ERROR ClassStateSupport - Could not initialize io.reactivex.internal.operators.observable.ObservableDelaySubscriptionOther: io/reactivex/internal/operators/observable/ObservableTakeUntil
[MASTER] 20:40:50.735 [pool-2-thread-1] ERROR ClassStateSupport - Could not initialize io.reactivex.internal.operators.observable.ObservableMap: io/reactivex/internal/operators/observable/ObservableTakeWhile
[MASTER] 20:40:50.759 [pool-2-thread-1] ERROR ClassStateSupport - Could not initialize io.netty.util.BooleanSupplier: io/netty/util/BooleanSupplier$2
[MASTER] 20:40:50.782 [pool-2-thread-1] ERROR ClassStateSupport - Could not initialize io.reactivex.internal.operators.observable.ObservableWindowBoundary: io/reactivex/internal/operators/observable/ObservableThrottleFirstTimed
[MASTER] 20:40:50.792 [pool-2-thread-1] ERROR ClassStateSupport - Could not initialize io.reactivex.internal.operators.observable.ObservableOnErrorNext: io/reactivex/internal/operators/observable/ObservableTimeInterval
[MASTER] 20:40:50.838 [pool-2-thread-1] ERROR ClassStateSupport - Could not initialize io.reactivex.internal.operators.observable.ObservableCount: io/reactivex/internal/operators/observable/ObservableTimeout
[MASTER] 20:40:50.848 [pool-2-thread-1] ERROR ClassStateSupport - Could not initialize io.reactivex.internal.operators.observable.ObservableWindow: io/reactivex/internal/operators/observable/ObservableTimeoutTimed
[MASTER] 20:40:50.860 [pool-2-thread-1] ERROR ClassStateSupport - Could not initialize io.reactivex.internal.operators.observable.ObservableSkip: io/reactivex/internal/operators/observable/ObservableUnsubscribeOn
[MASTER] 20:40:50.890 [pool-2-thread-1] ERROR ClassStateSupport - Could not initialize io.netty.handler.ssl.OpenSslServerContext: io/netty/handler/ssl/OpenSslServerSessionContext
[MASTER] 20:40:50.935 [pool-2-thread-1] ERROR ClassStateSupport - Could not initialize io.reactivex.internal.operators.maybe.MaybeToObservable: io/reactivex/internal/operators/observable/ObservableWithLatestFrom
[MASTER] 20:40:50.977 [pool-2-thread-1] ERROR ClassStateSupport - Could not initialize io.reactivex.internal.operators.completable.CompletableToObservable: io/reactivex/internal/operators/observable/ObservableWithLatestFromMany
[MASTER] 20:40:51.006 [pool-2-thread-1] ERROR ClassStateSupport - Could not initialize io.reactivex.internal.operators.observable.ObservableFilter: io/reactivex/internal/operators/observable/ObservableZipIterable
[MASTER] 20:40:51.018 [pool-2-thread-1] ERROR ClassStateSupport - Could not initialize io.reactivex.internal.operators.single.SingleFlatMapIterableObservable: io/reactivex/internal/operators/flowable/FlowableFromObservable
[MASTER] 20:40:51.026 [pool-2-thread-1] ERROR ClassStateSupport - Could not initialize io.reactivex.internal.operators.observable.ObservableConcatMapEager: io/reactivex/internal/operators/flowable/FlowableOnBackpressureError
[MASTER] 20:40:51.036 [pool-2-thread-1] ERROR ClassStateSupport - Could not initialize io.reactivex.internal.operators.observable.ObservableRange: io/reactivex/internal/operators/observable/ObservableToListSingle
[MASTER] 20:40:51.055 [pool-2-thread-1] ERROR ClassStateSupport - Could not initialize io.reactivex.internal.operators.observable.ObservableRepeatWhen: io/reactivex/internal/operators/observable/ObservableAmb
[MASTER] 20:40:51.085 [pool-2-thread-1] ERROR ClassStateSupport - Could not initialize io.reactivex.internal.operators.observable.ObservableJoin: io/reactivex/internal/operators/observable/ObservableCombineLatest
[MASTER] 20:40:51.100 [pool-2-thread-1] ERROR ClassStateSupport - Could not initialize io.reactivex.internal.operators.observable.ObservableDoFinally: io/reactivex/internal/operators/observable/ObservableDefer
[MASTER] 20:40:51.109 [pool-2-thread-1] ERROR ClassStateSupport - Could not initialize io.reactivex.internal.operators.observable.ObservableDetach: io/reactivex/internal/operators/observable/ObservableFromArray
[MASTER] 20:40:51.169 [pool-2-thread-1] ERROR ClassStateSupport - Could not initialize io.reactivex.internal.operators.observable.AbstractObservableWithUpstream: io/reactivex/internal/operators/observable/ObservableFromCallable
[MASTER] 20:40:51.189 [pool-2-thread-1] ERROR ClassStateSupport - Could not initialize io.reactivex.internal.operators.observable.ObservableZip: io/reactivex/internal/operators/observable/ObservableFromFuture
[MASTER] 20:40:51.201 [pool-2-thread-1] ERROR ClassStateSupport - Could not initialize io.reactivex.internal.operators.observable.ObservableFlatMapMaybe: io/reactivex/internal/operators/observable/ObservableFromIterable
[MASTER] 20:40:51.327 [pool-2-thread-1] ERROR ClassStateSupport - Could not initialize io.reactivex.internal.operators.observable.ObservableMaterialize: io/reactivex/internal/operators/observable/ObservableInterval
[MASTER] 20:40:51.352 [pool-2-thread-1] ERROR ClassStateSupport - Could not initialize io.reactivex.internal.operators.observable.ObservableRetryBiPredicate: io/reactivex/internal/operators/observable/ObservableIntervalRange
[MASTER] 20:40:51.375 [pool-2-thread-1] ERROR ClassStateSupport - Could not initialize io.reactivex.internal.operators.observable.ObservableOnErrorReturn: io/reactivex/internal/operators/observable/ObservableJust
[MASTER] 20:40:51.419 [pool-2-thread-1] ERROR ClassStateSupport - Could not initialize io.reactivex.internal.operators.observable.ObservableDebounce: io/reactivex/internal/operators/observable/ObservableRangeLong
[MASTER] 20:40:51.432 [pool-2-thread-1] ERROR ClassStateSupport - Could not initialize io.reactivex.internal.operators.observable.ObservableFlatMap: io/reactivex/internal/operators/observable/ObservableSequenceEqualSingle
[MASTER] 20:40:51.444 [pool-2-thread-1] ERROR ClassStateSupport - Could not initialize io.reactivex.internal.operators.maybe.MaybeFlatMapIterableObservable: io/reactivex/internal/operators/observable/ObservableUsing
[MASTER] 20:40:51.477 [pool-2-thread-1] ERROR ClassStateSupport - Could not initialize io.reactivex.internal.operators.observable.ObservableCreate: io/reactivex/internal/operators/observable/ObservableDelay
[MASTER] 20:40:51.508 [pool-2-thread-1] ERROR ClassStateSupport - Could not initialize io.reactivex.internal.operators.observable.ObservableRepeatUntil: io/reactivex/internal/operators/observable/ObservableTimer
[MASTER] 20:40:51.545 [pool-2-thread-1] ERROR ClassStateSupport - Could not initialize io.reactivex.internal.operators.observable.ObservableLift: io/reactivex/internal/operators/observable/ObservableAnySingle
[MASTER] 20:40:51.557 [pool-2-thread-1] ERROR ClassStateSupport - Could not initialize io.reactivex.internal.operators.observable.ObservableDematerialize: io/reactivex/internal/operators/observable/ObservableBufferBoundary
[MASTER] 20:40:51.568 [pool-2-thread-1] ERROR ClassStateSupport - Could not initialize io.reactivex.internal.operators.observable.ObservableFlattenIterable: io/reactivex/internal/operators/observable/ObservableBufferTimed
[MASTER] 20:40:51.599 [pool-2-thread-1] ERROR ClassStateSupport - Could not initialize io.reactivex.internal.operators.observable.ObservableDoOnLifecycle: io/reactivex/internal/operators/observable/ObservableBufferBoundarySupplier
[MASTER] 20:40:51.626 [pool-2-thread-1] ERROR ClassStateSupport - Could not initialize io.reactivex.internal.operators.observable.ObservableFromUnsafeSource: io/reactivex/internal/operators/observable/ObservableBufferExactBoundary
[MASTER] 20:40:51.650 [pool-2-thread-1] ERROR ClassStateSupport - Could not initialize io.reactivex.internal.operators.observable.ObservableDoAfterNext: io/reactivex/internal/operators/observable/ObservableBuffer
