[MASTER] 00:22:29.627 [pool-2-thread-1] ERROR TestCluster - Failed to check cache for java.util.function.Function<T, R> : Type points to itself
[MASTER] 00:22:36.094 [pool-2-thread-1] ERROR TestCluster - Failed to check cache for java.util.Comparator<T> : Type points to itself
[MASTER] 00:22:46.124 [pool-2-thread-1] ERROR TestCluster - Failed to check cache for java.util.EnumSet<E> : Type points to itself
[MASTER] 00:22:55.987 [pool-2-thread-1] ERROR TestCluster - Failed to check cache for java.util.Enumeration<E> : Type points to itself
[MASTER] 00:22:56.152 [TEST_EXECUTION_THREAD_0] ERROR AbstractStatement - Error assigning value of type FileAttribute[] defined at statement FileAttribute<FilePart>[] fileAttributeArray0 = (FileAttribute<FilePart>[]) Array.newInstance(FileAttribute.class, 3), assignment statement: fileAttributeArray0[0] = (FileAttribute<FilePart>) fileAttributeArray0; SUT=org.asynchttpclient.request.body.multipart.MultipartUtils
[MASTER] 00:23:37.539 [pool-2-thread-1] ERROR ClassStateSupport - Could not initialize io.netty.util.internal.shaded.org.jctools.queues.BaseLinkedQueue: Lio/netty/util/internal/shaded/org/jctools/queues/LinkedQueueNode;
[MASTER] 00:23:37.557 [pool-2-thread-1] ERROR ClassStateSupport - Could not initialize io.netty.util.internal.shaded.org.jctools.queues.SpscLinkedQueue: io.netty.util.internal.shaded.org.jctools.queues.BaseLinkedQueue
[MASTER] 00:23:37.748 [pool-2-thread-1] ERROR ClassStateSupport - Could not initialize io.netty.util.internal.shaded.org.jctools.queues.BaseLinkedQueueProducerNodeRef: Could not initialize class io.netty.util.internal.shaded.org.jctools.queues.BaseLinkedQueueProducerNodeRef
[MASTER] 00:23:37.857 [pool-2-thread-1] ERROR ClassStateSupport - Could not initialize io.netty.util.ByteProcessor: io/netty/util/ByteProcessor$1
[MASTER] 00:23:37.858 [pool-2-thread-1] ERROR ClassStateSupport - Could not initialize io.netty.util.internal.shaded.org.jctools.queues.BaseLinkedQueueConsumerNodeRef: Could not initialize class io.netty.util.internal.shaded.org.jctools.queues.BaseLinkedQueueConsumerNodeRef
[MASTER] 00:23:38.064 [pool-2-thread-1] ERROR ClassStateSupport - Could not initialize io.netty.buffer.ByteBufAllocator: io.netty.util.ByteProcessor
[MASTER] 00:23:38.076 [pool-2-thread-1] ERROR ClassStateSupport - Could not initialize io.netty.util.internal.shaded.org.jctools.queues.BaseLinkedQueuePad2: Could not initialize class io.netty.util.internal.shaded.org.jctools.queues.BaseLinkedQueuePad2
[MASTER] 00:23:38.078 [pool-2-thread-1] ERROR ClassStateSupport - Could not initialize io.netty.util.internal.shaded.org.jctools.queues.BaseLinkedQueuePad1: Could not initialize class io.netty.util.internal.shaded.org.jctools.queues.BaseLinkedQueuePad1
[MASTER] 00:23:38.084 [pool-2-thread-1] ERROR ClassStateSupport - Could not initialize io.netty.util.HashingStrategy: io/netty/util/HashingStrategy$1
[MASTER] 00:23:38.174 [pool-2-thread-1] ERROR ClassResetter - java.lang.NoClassDefFoundError: Could not initialize class io.netty.buffer.ByteBufUtil
[MASTER] 00:23:38.807 [pool-2-thread-1] ERROR ClassStateSupport - Could not initialize io.netty.util.internal.ThreadLocalRandom: io/netty/util/internal/ThreadLocalRandom$1
[MASTER] 00:23:39.174 [pool-2-thread-1] ERROR ClassStateSupport - Could not initialize org.eclipse.jetty.util.PathWatcher: org/eclipse/jetty/util/log/Log
[MASTER] 00:23:39.218 [pool-2-thread-1] ERROR ClassStateSupport - Could not initialize io.netty.buffer.ByteBufUtil$ThreadLocalDirectByteBuf: io/netty/buffer/ByteBufUtil$ThreadLocalDirectByteBuf$1
[MASTER] 00:23:39.327 [pool-2-thread-1] ERROR ClassStateSupport - Could not initialize io.netty.buffer.PooledUnsafeDirectByteBuf: io/netty/buffer/PooledUnsafeDirectByteBuf$1
[MASTER] 00:23:39.396 [pool-2-thread-1] ERROR ClassStateSupport - Could not initialize io.netty.buffer.PooledDirectByteBuf: io/netty/buffer/PooledDirectByteBuf$1
[MASTER] 00:23:39.398 [pool-2-thread-1] ERROR ClassStateSupport - Could not initialize org.eclipse.jetty.util.component.AbstractLifeCycle: Could not initialize class org.eclipse.jetty.util.component.AbstractLifeCycle
[MASTER] 00:23:39.422 [pool-2-thread-1] ERROR ClassStateSupport - Could not initialize io.netty.util.ByteProcessor: io/netty/util/ByteProcessor$2
[MASTER] 00:23:39.471 [pool-2-thread-1] ERROR ClassStateSupport - Could not initialize io.netty.buffer.ByteBufUtil$ThreadLocalUnsafeDirectByteBuf: io/netty/buffer/ByteBufUtil$ThreadLocalUnsafeDirectByteBuf$1
[MASTER] 00:23:39.711 [pool-2-thread-1] ERROR JUnitAnalyzer - Ran out of time while checking tests
