[MASTER] 23:30:29.155 [pool-2-thread-1] ERROR TestClusterGenerator - Problem for org.asynchttpclient.netty.request.NettyRequestFactory. Failed to add dependencies for class org.testng.TestRunner: java.lang.TypeNotPresentException: Type com.google.inject.Module not present
[sun.reflect.generics.factory.CoreReflectionFactory.makeNamedType(CoreReflectionFactory.java:117), sun.reflect.generics.visitor.Reifier.visitClassTypeSignature(Reifier.java:125), sun.reflect.generics.tree.ClassTypeSignature.accept(ClassTypeSignature.java:49), sun.reflect.generics.visitor.Reifier.reifyTypeArguments(Reifier.java:68), sun.reflect.generics.visitor.Reifier.visitClassTypeSignature(Reifier.java:138), sun.reflect.generics.tree.ClassTypeSignature.accept(ClassTypeSignature.java:49), sun.reflect.generics.visitor.Reifier.reifyTypeArguments(Reifier.java:68), sun.reflect.generics.visitor.Reifier.visitClassTypeSignature(Reifier.java:138), sun.reflect.generics.tree.ClassTypeSignature.accept(ClassTypeSignature.java:49), sun.reflect.generics.repository.FieldRepository.getGenericType(FieldRepository.java:85), java.lang.reflect.Field.getGenericType(Field.java:247), java.lang.reflect.Field.toGenericString(Field.java:329), org.evosuite.setup.TestClusterUtils.getFields(TestClusterUtils.java:224), org.evosuite.setup.TestClusterGenerator.addDependencyClass(TestClusterGenerator.java:1007), org.evosuite.setup.TestClusterGenerator.resolveDependencies(TestClusterGenerator.java:358), org.evosuite.setup.TestClusterGenerator.generateCluster(TestClusterGenerator.java:137), org.evosuite.setup.DependencyAnalysis.analyze(DependencyAnalysis.java:117), org.evosuite.setup.DependencyAnalysis.analyzeClass(DependencyAnalysis.java:131), org.evosuite.TestSuiteGenerator.initializeTargetClass(TestSuiteGenerator.java:110), org.evosuite.TestSuiteGenerator.generateTestSuite(TestSuiteGenerator.java:130), org.evosuite.rmi.service.ClientNodeImpl$1.run(ClientNodeImpl.java:145), java.util.concurrent.Executors$RunnableAdapter.call(Executors.java:511), java.util.concurrent.FutureTask.run(FutureTask.java:266), java.util.concurrent.ThreadPoolExecutor.runWorker(ThreadPoolExecutor.java:1142), java.util.concurrent.ThreadPoolExecutor$Worker.run(ThreadPoolExecutor.java:617), java.lang.Thread.run(Thread.java:745)]
[MASTER] 23:30:32.518 [pool-2-thread-1] ERROR TestCluster - Failed to check cache for io.netty.channel.CombinedChannelDuplexHandler<I, O> : Type points to itself
[MASTER] 23:30:32.522 [pool-2-thread-1] ERROR TestCluster - Failed to check cache for io.netty.util.concurrent.DefaultProgressivePromise<V> : Type points to itself
[MASTER] 23:30:32.524 [pool-2-thread-1] ERROR TestCluster - Failed to check cache for io.netty.util.concurrent.DefaultPromise<V> : Type points to itself
[MASTER] 23:30:32.526 [pool-2-thread-1] ERROR TestCluster - Failed to check cache for io.netty.util.concurrent.FailedFuture<V> : Type points to itself
[MASTER] 23:30:32.528 [pool-2-thread-1] ERROR TestCluster - Failed to check cache for io.netty.util.concurrent.SucceededFuture<V> : Type points to itself
[MASTER] 23:30:32.529 [pool-2-thread-1] ERROR TestCluster - Failed to check cache for java.lang.reflect.Constructor<T> : Type points to itself
[MASTER] 23:31:01.690 [pool-2-thread-1] ERROR TestCluster - Failed to check cache for org.reactivestreams.Publisher<T> : Type points to itself
[MASTER] 23:31:01.888 [pool-2-thread-1] ERROR TestCluster - Failed to check cache for java.util.LinkedList<E> : Type points to itself
[MASTER] 23:32:48.635 [pool-2-thread-1] ERROR TestCluster - Failed to check cache for java.util.concurrent.Callable<V> : Type points to itself
[MASTER] 23:32:48.635 [pool-2-thread-1] ERROR TestCluster - Failed to check cache for io.reactivex.functions.Function<T, R> : Type points to itself
[MASTER] 23:32:49.931 [pool-2-thread-1] ERROR TestCluster - Failed to check cache for org.asynchttpclient.AsyncHandler<T> : Type points to itself
[MASTER] 23:32:55.701 [pool-2-thread-1] ERROR TestCluster - Failed to check cache for java.util.Comparator<T> : Type points to itself
[MASTER] 23:32:56.493 [pool-2-thread-1] ERROR TestCluster - Failed to check cache for java.util.Enumeration<E> : Type points to itself
[MASTER] 23:34:43.460 [pool-2-thread-1] ERROR ClassStateSupport - Could not initialize io.netty.buffer.ByteBufAllocator: io/netty/buffer/ByteBufUtil$1
[MASTER] 23:34:43.559 [pool-2-thread-1] ERROR ClassStateSupport - Could not initialize org.asynchttpclient.AsyncHttpClientConfig$ResponseBodyPartFactory: org/asynchttpclient/AsyncHttpClientConfig$ResponseBodyPartFactory$1
[MASTER] 23:34:43.595 [pool-2-thread-1] ERROR ClassStateSupport - Could not initialize io.netty.util.HashingStrategy: io/netty/util/HashingStrategy$1
[MASTER] 23:34:43.628 [pool-2-thread-1] ERROR ClassStateSupport - Could not initialize io.netty.handler.ssl.SslContext: io/netty/handler/ssl/JdkSslServerContext
[MASTER] 23:34:43.632 [pool-2-thread-1] ERROR ClassStateSupport - Could not initialize io.netty.util.ByteProcessor: io/netty/util/ByteProcessor$1
[MASTER] 23:34:45.646 [pool-2-thread-1] ERROR ClassStateSupport - Could not initialize io.netty.util.internal.ThreadLocalRandom: io/netty/util/internal/ThreadLocalRandom$1
[MASTER] 23:34:45.666 [pool-2-thread-1] ERROR ClassStateSupport - Could not initialize io.netty.channel.epoll.AbstractEpollStreamChannel$EpollStreamUnsafe: io/netty/channel/socket/ChannelOutputShutdownException
[MASTER] 23:34:46.161 [pool-2-thread-1] ERROR ClassStateSupport - Could not initialize org.asynchttpclient.Realm$Builder: org/asynchttpclient/Realm$Builder$1
[MASTER] 23:34:46.261 [pool-2-thread-1] ERROR ClassStateSupport - Could not initialize io.netty.buffer.ByteBufAllocator: io/netty/buffer/ByteBufUtil$2
[MASTER] 23:34:46.291 [pool-2-thread-1] ERROR ClassStateSupport - Could not initialize io.netty.handler.codec.http.HttpStatusClass: io/netty/handler/codec/http/HttpStatusClass$1
[MASTER] 23:34:46.310 [pool-2-thread-1] ERROR ClassStateSupport - Could not initialize io.netty.util.internal.shaded.org.jctools.queues.BaseLinkedQueuePad2: Lio/netty/util/internal/shaded/org/jctools/queues/LinkedQueueNode;
[MASTER] 23:34:46.320 [pool-2-thread-1] ERROR ClassStateSupport - Could not initialize io.netty.util.internal.shaded.org.jctools.queues.BaseLinkedQueuePad1: Could not initialize class io.netty.util.internal.shaded.org.jctools.queues.BaseLinkedQueuePad1
[MASTER] 23:34:46.337 [pool-2-thread-1] ERROR ClassStateSupport - Could not initialize io.netty.util.internal.shaded.org.jctools.queues.MpscArrayQueueProducerIndexField: io/netty/util/internal/shaded/org/jctools/util/UnsafeAccess
[MASTER] 23:34:46.341 [pool-2-thread-1] ERROR ClassStateSupport - Could not initialize io.netty.channel.ChannelFutureListener: io/netty/channel/ChannelFutureListener$1
[MASTER] 23:34:46.342 [pool-2-thread-1] ERROR ClassStateSupport - Could not initialize io.netty.util.internal.shaded.org.jctools.queues.MpscArrayQueueProducerLimitField: io.netty.util.internal.shaded.org.jctools.queues.MpscArrayQueueProducerIndexField
[MASTER] 23:34:46.398 [pool-2-thread-1] ERROR ClassStateSupport - Could not initialize io.netty.util.internal.shaded.org.jctools.queues.BaseLinkedQueue: io.netty.util.internal.shaded.org.jctools.queues.BaseLinkedQueuePad2
[MASTER] 23:34:46.403 [pool-2-thread-1] ERROR ClassStateSupport - Could not initialize io.netty.util.internal.shaded.org.jctools.queues.SpscLinkedQueue: io.netty.util.internal.shaded.org.jctools.queues.BaseLinkedQueuePad2
[MASTER] 23:34:46.415 [pool-2-thread-1] ERROR ClassStateSupport - Could not initialize io.netty.util.internal.shaded.org.jctools.queues.MpscArrayQueueMidPad: io.netty.util.internal.shaded.org.jctools.queues.MpscArrayQueueProducerIndexField
[MASTER] 23:34:46.424 [pool-2-thread-1] ERROR ClassStateSupport - Could not initialize io.netty.util.ByteProcessor: io/netty/util/ByteProcessor$2
[MASTER] 23:34:46.440 [pool-2-thread-1] ERROR ClassStateSupport - Could not initialize io.netty.channel.DefaultChannelConfig: io/netty/channel/DefaultMessageSizeEstimator$HandleImpl
[MASTER] 23:34:46.480 [pool-2-thread-1] ERROR ClassStateSupport - Could not initialize io.netty.channel.DefaultChannelId: null
[MASTER] 23:34:46.491 [pool-2-thread-1] ERROR ClassStateSupport - Could not initialize org.asynchttpclient.netty.handler.WebSocketHandler: org/asynchttpclient/exception/ChannelClosedException
[MASTER] 23:34:46.505 [pool-2-thread-1] ERROR ClassStateSupport - Could not initialize io.netty.channel.ChannelOutboundBuffer: io/netty/channel/ChannelOutboundBuffer$1
[MASTER] 23:34:46.658 [pool-2-thread-1] ERROR ClassStateSupport - Could not initialize io.netty.util.NetUtil: Could not initialize class io.netty.util.NetUtil
[MASTER] 23:34:46.682 [pool-2-thread-1] ERROR ClassStateSupport - Could not initialize io.netty.channel.epoll.EpollServerChannelConfig: io.netty.channel.DefaultChannelConfig
[MASTER] 23:34:46.715 [pool-2-thread-1] ERROR ClassStateSupport - Could not initialize io.netty.handler.ssl.SslHandler: io/netty/handler/codec/ByteToMessageDecoder$1
[MASTER] 23:34:46.722 [pool-2-thread-1] ERROR ClassStateSupport - Could not initialize org.asynchttpclient.AsyncHttpClientConfig$ResponseBodyPartFactory: org/asynchttpclient/AsyncHttpClientConfig$ResponseBodyPartFactory$2
[MASTER] 23:34:46.722 [pool-2-thread-1] ERROR ClassStateSupport - Could not initialize io.netty.util.internal.shaded.org.jctools.queues.BaseLinkedQueueProducerNodeRef: Could not initialize class io.netty.util.internal.shaded.org.jctools.queues.BaseLinkedQueueProducerNodeRef
[MASTER] 23:34:46.771 [pool-2-thread-1] ERROR ClassStateSupport - Could not initialize io.netty.util.concurrent.ImmediateEventExecutor: null
[MASTER] 23:34:46.772 [pool-2-thread-1] ERROR ClassStateSupport - Could not initialize io.netty.util.internal.shaded.org.jctools.queues.MpscArrayQueueConsumerIndexField: io.netty.util.internal.shaded.org.jctools.queues.MpscArrayQueueProducerIndexField
[MASTER] 23:34:46.772 [pool-2-thread-1] ERROR ClassStateSupport - Could not initialize io.netty.handler.codec.ByteToMessageDecoder: Could not initialize class io.netty.handler.codec.ByteToMessageDecoder
[MASTER] 23:34:46.773 [pool-2-thread-1] ERROR ClassStateSupport - Could not initialize io.netty.util.internal.shaded.org.jctools.queues.MpscArrayQueueL2Pad: io.netty.util.internal.shaded.org.jctools.queues.MpscArrayQueueProducerIndexField
[MASTER] 23:34:46.813 [pool-2-thread-1] ERROR ClassStateSupport - Could not initialize io.netty.util.concurrent.GlobalEventExecutor: Could not initialize class io.netty.util.concurrent.GlobalEventExecutor
[MASTER] 23:34:46.821 [pool-2-thread-1] ERROR ClassStateSupport - Could not initialize io.netty.channel.unix.Socket: io.netty.channel.unix.ErrorsStaticallyReferencedJniMethods.errnoENOTCONN()I
[MASTER] 23:34:46.823 [pool-2-thread-1] ERROR ClassStateSupport - Could not initialize io.netty.channel.epoll.AbstractEpollStreamChannel$SpliceInChannelTask: io.netty.channel.ChannelFutureListener
[MASTER] 23:34:46.840 [pool-2-thread-1] ERROR ClassStateSupport - Could not initialize io.netty.channel.epoll.EpollChannelConfig: io.netty.channel.DefaultChannelConfig
[MASTER] 23:34:46.849 [pool-2-thread-1] ERROR ClassStateSupport - Could not initialize io.netty.handler.codec.DecoderResult: null
[MASTER] 23:34:46.861 [pool-2-thread-1] ERROR ClassStateSupport - Could not initialize io.netty.util.internal.shaded.org.jctools.queues.MpscArrayQueueL3Pad: io.netty.util.internal.shaded.org.jctools.queues.MpscArrayQueueProducerIndexField
[MASTER] 23:34:46.862 [pool-2-thread-1] ERROR ClassStateSupport - Could not initialize io.netty.channel.epoll.LinuxSocket: io.netty.channel.unix.Socket
[MASTER] 23:34:46.867 [pool-2-thread-1] ERROR ClassStateSupport - Could not initialize io.netty.channel.unix.IovArray: io/netty/channel/unix/Limits
[MASTER] 23:34:46.879 [pool-2-thread-1] ERROR ClassStateSupport - Could not initialize org.testng.xml.Parser: org/testng/xml/SuiteXmlParser
[MASTER] 23:34:46.881 [pool-2-thread-1] ERROR ClassStateSupport - Could not initialize io.netty.util.concurrent.ScheduledFutureTask: Could not initialize class io.netty.util.concurrent.ScheduledFutureTask
[MASTER] 23:34:46.934 [pool-2-thread-1] ERROR ClassStateSupport - Could not initialize io.netty.channel.unix.Errors: Could not initialize class io.netty.channel.unix.Errors
[MASTER] 23:34:46.934 [pool-2-thread-1] ERROR ClassStateSupport - Could not initialize io.netty.util.concurrent.PromiseTask: Could not initialize class io.netty.util.concurrent.PromiseTask
[MASTER] 23:34:46.987 [pool-2-thread-1] ERROR ClassStateSupport - Could not initialize io.netty.handler.ssl.SslContext: io/netty/handler/ssl/OpenSslServerContext
[MASTER] 23:34:46.989 [pool-2-thread-1] ERROR ClassStateSupport - Could not initialize io.netty.channel.unix.FileDescriptor: Could not initialize class io.netty.channel.unix.FileDescriptor
[MASTER] 23:34:47.003 [pool-2-thread-1] ERROR ClassStateSupport - Could not initialize io.netty.bootstrap.Bootstrap: io/netty/resolver/AddressResolverGroup
[MASTER] 23:34:47.004 [pool-2-thread-1] ERROR ClassStateSupport - Could not initialize io.netty.util.internal.shaded.org.jctools.queues.BaseLinkedQueueConsumerNodeRef: Could not initialize class io.netty.util.internal.shaded.org.jctools.queues.BaseLinkedQueueConsumerNodeRef
[MASTER] 23:34:47.013 [pool-2-thread-1] ERROR ClassStateSupport - Could not initialize io.netty.util.internal.shaded.org.jctools.queues.MpscArrayQueue: io.netty.util.internal.shaded.org.jctools.queues.MpscArrayQueueProducerIndexField
[MASTER] 23:34:47.015 [pool-2-thread-1] ERROR ClassStateSupport - Could not initialize io.netty.channel.DefaultChannelPromise: io.netty.util.concurrent.DefaultPromise
[MASTER] 23:34:47.022 [pool-2-thread-1] ERROR ClassStateSupport - Could not initialize io.netty.util.concurrent.DefaultPromise: Could not initialize class io.netty.util.concurrent.DefaultPromise
[MASTER] 23:34:47.064 [pool-2-thread-1] ERROR ClassStateSupport - Could not initialize io.netty.channel.AbstractChannel$CloseFuture: io.netty.util.concurrent.DefaultPromise
[MASTER] 23:34:47.065 [pool-2-thread-1] ERROR ClassStateSupport - Could not initialize io.netty.buffer.ByteBufUtil: Could not initialize class io.netty.buffer.ByteBufUtil
[MASTER] 23:34:47.105 [pool-2-thread-1] ERROR ClassResetter - java.lang.NoClassDefFoundError: Could not initialize class io.netty.util.NetUtil
[MASTER] 23:34:47.105 [pool-2-thread-1] ERROR ClassResetter - java.lang.NoClassDefFoundError: Could not initialize class io.netty.channel.DefaultChannelId
[MASTER] 23:34:47.107 [pool-2-thread-1] ERROR ClassResetter - java.lang.NoClassDefFoundError: Could not initialize class io.netty.channel.unix.Errors
[MASTER] 23:34:47.107 [pool-2-thread-1] ERROR ClassResetter - java.lang.NoClassDefFoundError: Could not initialize class io.netty.channel.unix.FileDescriptor
[MASTER] 23:34:47.121 [pool-2-thread-1] ERROR ClassResetter - java.lang.NoClassDefFoundError: Could not initialize class io.netty.util.concurrent.DefaultPromise
[MASTER] 23:34:47.122 [pool-2-thread-1] ERROR ClassResetter - java.lang.NoClassDefFoundError: Could not initialize class io.netty.util.concurrent.GlobalEventExecutor
[MASTER] 23:34:47.122 [pool-2-thread-1] ERROR ClassResetter - java.lang.NoClassDefFoundError: Could not initialize class io.netty.util.concurrent.ImmediateEventExecutor
[MASTER] 23:34:47.122 [pool-2-thread-1] ERROR ClassResetter - java.lang.NoClassDefFoundError: Could not initialize class io.netty.handler.codec.DecoderResult
[MASTER] 23:34:47.636 [pool-2-thread-1] ERROR ClassStateSupport - Could not initialize io.netty.channel.epoll.AbstractEpollStreamChannel$EpollStreamUnsafe: io/netty/channel/epoll/EpollRecvByteAllocatorHandle
[MASTER] 23:34:47.971 [pool-2-thread-1] ERROR ClassStateSupport - Could not initialize io.netty.channel.AbstractChannelHandlerContext: io/netty/channel/AbstractChannelHandlerContext$AbstractWriteTask
[MASTER] 23:34:48.061 [pool-2-thread-1] ERROR ClassStateSupport - Could not initialize io.netty.buffer.PooledDuplicatedByteBuf: io/netty/util/Recycler
[MASTER] 23:34:48.089 [pool-2-thread-1] ERROR ClassStateSupport - Could not initialize io.netty.channel.ChannelFutureListener: io/netty/channel/ChannelFutureListener$2
[MASTER] 23:34:48.180 [pool-2-thread-1] ERROR ClassStateSupport - Could not initialize io.netty.handler.ssl.JdkSslContext: io/netty/handler/ssl/ReferenceCountedOpenSslServerContext
[MASTER] 23:34:48.190 [pool-2-thread-1] ERROR ClassStateSupport - Could not initialize io.netty.buffer.PooledSlicedByteBuf: io/netty/buffer/PooledSlicedByteBuf$1
[MASTER] 23:34:48.210 [pool-2-thread-1] ERROR ClassStateSupport - Could not initialize io.netty.util.ByteProcessor: io/netty/util/ByteProcessor$3
[MASTER] 23:34:48.218 [pool-2-thread-1] ERROR ClassStateSupport - Could not initialize io.netty.channel.DefaultChannelPipeline$TailContext: io/netty/channel/AbstractChannelHandlerContext$WriteAndFlushTask
[MASTER] 23:34:48.290 [pool-2-thread-1] ERROR ClassStateSupport - Could not initialize io.netty.channel.ChannelOutboundBuffer: Lio/netty/channel/ChannelOutboundBuffer$Entry;
[MASTER] 23:34:48.379 [pool-2-thread-1] ERROR ClassStateSupport - Could not initialize io.netty.buffer.ByteBufUtil$ThreadLocalUnsafeDirectByteBuf: io/netty/buffer/ByteBufUtil$ThreadLocalUnsafeDirectByteBuf$1
[MASTER] 23:34:48.395 [pool-2-thread-1] ERROR ClassStateSupport - Could not initialize io.netty.handler.ssl.JdkSslServerContext: io/netty/handler/ssl/JdkSslClientContext
[MASTER] 23:34:48.462 [pool-2-thread-1] ERROR ClassStateSupport - Could not initialize io.netty.handler.ssl.SslHandler: io/netty/handler/codec/ByteToMessageDecoder$2
[MASTER] 23:34:48.530 [pool-2-thread-1] ERROR ClassStateSupport - Could not initialize io.netty.buffer.ByteBufUtil$ThreadLocalDirectByteBuf: io/netty/buffer/ByteBufUtil$ThreadLocalDirectByteBuf$1
[MASTER] 23:34:48.595 [pool-2-thread-1] ERROR ClassStateSupport - Could not initialize io.netty.buffer.PooledUnsafeDirectByteBuf: io/netty/buffer/PooledUnsafeDirectByteBuf$1
[MASTER] 23:34:48.601 [pool-2-thread-1] ERROR ClassStateSupport - Could not initialize io.netty.channel.unix.IovArray: io/netty/channel/unix/LimitsStaticallyReferencedJniMethods
[MASTER] 23:34:48.624 [pool-2-thread-1] ERROR ClassStateSupport - Could not initialize org.testng.xml.Parser: org/testng/xml/TestNGContentHandler
[MASTER] 23:34:48.646 [pool-2-thread-1] ERROR ClassStateSupport - Could not initialize io.netty.channel.DefaultChannelHandlerContext: io/netty/channel/AbstractChannelHandlerContext$WriteTask
[MASTER] 23:34:48.658 [pool-2-thread-1] ERROR ClassStateSupport - Could not initialize io.netty.buffer.PooledDirectByteBuf: io/netty/buffer/PooledDirectByteBuf$1
[MASTER] 23:34:48.720 [pool-2-thread-1] ERROR ClassStateSupport - Could not initialize io.netty.handler.ssl.SslContext: io/netty/handler/ssl/OpenSslClientContext
[MASTER] 23:34:48.737 [pool-2-thread-1] ERROR ClassStateSupport - Could not initialize io.netty.bootstrap.Bootstrap: io/netty/resolver/DefaultAddressResolverGroup
[MASTER] 23:34:48.776 [pool-2-thread-1] ERROR ClassStateSupport - Could not initialize io.reactivex.exceptions.CompositeException: io/reactivex/exceptions/CompositeException$PrintStreamOrWriter
[MASTER] 23:34:49.305 [pool-2-thread-1] ERROR ClassStateSupport - Could not initialize io.netty.channel.epoll.AbstractEpollStreamChannel$EpollStreamUnsafe: io/netty/channel/epoll/EpollRecvByteAllocatorStreamingHandle
[MASTER] 23:34:49.533 [pool-2-thread-1] ERROR ClassStateSupport - Could not initialize io.netty.handler.ssl.OpenSslServerContext: io/netty/handler/ssl/ReferenceCountedOpenSslClientContext
[MASTER] 23:34:49.581 [pool-2-thread-1] ERROR ClassStateSupport - Could not initialize io.netty.handler.ssl.JdkSslClientContext: io/netty/buffer/ByteBufInputStream
[MASTER] 23:34:49.802 [pool-2-thread-1] ERROR ClassStateSupport - Could not initialize io.netty.buffer.PooledDuplicatedByteBuf: io/netty/buffer/PooledDuplicatedByteBuf$1
[MASTER] 23:34:49.817 [pool-2-thread-1] ERROR ClassStateSupport - Could not initialize io.netty.channel.ChannelFutureListener: io/netty/channel/ChannelFutureListener$3
[MASTER] 23:34:50.213 [pool-2-thread-1] ERROR ClassStateSupport - Could not initialize io.netty.handler.ssl.JdkSslContext: io/netty/handler/ssl/SslUtils
[MASTER] 23:34:50.219 [pool-2-thread-1] ERROR ClassStateSupport - Could not initialize io.netty.buffer.PooledSlicedByteBuf: io/netty/util/Recycler$2
[MASTER] 23:34:50.237 [pool-2-thread-1] ERROR ClassStateSupport - Could not initialize io.netty.util.ByteProcessor: io/netty/util/ByteProcessor$4
[MASTER] 23:34:50.243 [pool-2-thread-1] ERROR ClassStateSupport - Could not initialize io.netty.handler.ssl.ReferenceCountedOpenSslContext: io/netty/handler/ssl/ReferenceCountedOpenSslContext$3
[MASTER] 23:34:50.432 [pool-2-thread-1] ERROR ClassStateSupport - Could not initialize io.netty.buffer.ByteBufUtil$ThreadLocalUnsafeDirectByteBuf: io/netty/util/Recycler$3
[MASTER] 23:34:50.449 [pool-2-thread-1] ERROR ClassStateSupport - Could not initialize io.netty.handler.ssl.JdkSslServerContext: io.netty.handler.ssl.JdkSslContext
[MASTER] 23:34:50.472 [pool-2-thread-1] ERROR ClassStateSupport - Could not initialize io.netty.channel.AbstractChannelHandlerContext$WriteTask: io/netty/channel/AbstractChannelHandlerContext$WriteTask$1
[MASTER] 23:34:50.553 [pool-2-thread-1] ERROR ClassStateSupport - Could not initialize io.netty.channel.AbstractChannelHandlerContext$WriteAndFlushTask: io/netty/channel/AbstractChannelHandlerContext$WriteAndFlushTask$1
[MASTER] 23:34:50.582 [pool-2-thread-1] ERROR ClassStateSupport - Could not initialize io.netty.buffer.ByteBufUtil$ThreadLocalDirectByteBuf: io/netty/util/Recycler$1
[MASTER] 23:34:50.658 [pool-2-thread-1] ERROR ClassStateSupport - Could not initialize io.netty.handler.ssl.ReferenceCountedOpenSslServerContext: io/netty/handler/ssl/ReferenceCountedOpenSslEngine
[MASTER] 23:34:50.672 [pool-2-thread-1] ERROR ClassStateSupport - Could not initialize io.netty.buffer.PooledUnsafeDirectByteBuf: io.netty.util.Recycler
[MASTER] 23:34:50.678 [pool-2-thread-1] ERROR ClassStateSupport - Could not initialize io.netty.channel.unix.IovArray: io.netty.channel.unix.LimitsStaticallyReferencedJniMethods.iovMax()I
[MASTER] 23:34:50.732 [pool-2-thread-1] ERROR ClassStateSupport - Could not initialize io.netty.handler.ssl.OpenSslContext: io/netty/handler/ssl/OpenSslEngine
[MASTER] 23:34:50.742 [pool-2-thread-1] ERROR ClassStateSupport - Could not initialize org.testng.xml.Parser: org.testng.xml.ISuiteParser: Provider org.testng.internal.YamlParser not found
[MASTER] 23:34:50.770 [pool-2-thread-1] ERROR ClassStateSupport - Could not initialize io.netty.buffer.PooledDirectByteBuf: io.netty.util.Recycler
[MASTER] 23:34:50.782 [pool-2-thread-1] ERROR ClassStateSupport - Could not initialize io.netty.util.Recycler: Could not initialize class io.netty.util.Recycler
[MASTER] 23:34:50.842 [pool-2-thread-1] ERROR ClassStateSupport - Could not initialize io.netty.bootstrap.Bootstrap: io/netty/bootstrap/AbstractBootstrapConfig
[MASTER] 23:34:50.868 [pool-2-thread-1] ERROR ClassStateSupport - Could not initialize io.netty.channel.unix.Limits: Could not initialize class io.netty.channel.unix.Limits
[MASTER] 23:34:50.881 [pool-2-thread-1] ERROR ClassStateSupport - Could not initialize io.reactivex.exceptions.CompositeException: io/reactivex/exceptions/CompositeException$WrappedPrintStream
[MASTER] 23:34:51.630 [pool-2-thread-1] ERROR ClassStateSupport - Could not initialize io.netty.handler.ssl.OpenSslServerContext: io/netty/handler/ssl/OpenSslSessionContext
[MASTER] 23:34:51.921 [pool-2-thread-1] ERROR ClassStateSupport - Could not initialize io.netty.handler.ssl.OpenSslClientContext: io/netty/handler/ssl/ReferenceCountedOpenSslContext$1
[MASTER] 23:34:52.051 [pool-2-thread-1] ERROR ClassStateSupport - Could not initialize io.netty.handler.ssl.ReferenceCountedOpenSslContext: Could not initialize class io.netty.handler.ssl.ReferenceCountedOpenSslContext
[MASTER] 23:34:52.199 [pool-2-thread-1] ERROR ClassStateSupport - Could not initialize io.netty.handler.ssl.ReferenceCountedOpenSslClientContext: io.netty.handler.ssl.ReferenceCountedOpenSslContext
[MASTER] 23:34:52.322 [pool-2-thread-1] ERROR ClassStateSupport - Could not initialize io.netty.handler.ssl.ReferenceCountedOpenSslEngine: io/netty/handler/ssl/ReferenceCountedOpenSslEngine$1
[MASTER] 23:34:52.351 [pool-2-thread-1] ERROR ClassStateSupport - Could not initialize io.netty.handler.ssl.ReferenceCountedOpenSslServerContext: io.netty.handler.ssl.ReferenceCountedOpenSslContext
[MASTER] 23:34:52.365 [pool-2-thread-1] ERROR ClassStateSupport - Could not initialize io.netty.handler.ssl.OpenSslContext: Could not initialize class io.netty.handler.ssl.OpenSslContext
[MASTER] 23:34:52.445 [pool-2-thread-1] ERROR ClassStateSupport - Could not initialize io.netty.bootstrap.Bootstrap: io/netty/bootstrap/BootstrapConfig
[MASTER] 23:34:52.469 [pool-2-thread-1] ERROR ClassStateSupport - Could not initialize io.netty.channel.ChannelOutboundBuffer$Entry: io/netty/channel/ChannelOutboundBuffer$Entry$1
[MASTER] 23:34:52.476 [pool-2-thread-1] ERROR ClassStateSupport - Could not initialize io.reactivex.exceptions.CompositeException: io/reactivex/exceptions/CompositeException$WrappedPrintWriter
[MASTER] 23:34:53.247 [pool-2-thread-1] ERROR ClassStateSupport - Could not initialize io.netty.handler.ssl.OpenSslServerContext: io/netty/handler/ssl/OpenSslServerSessionContext
[MASTER] 23:34:53.479 [pool-2-thread-1] ERROR ClassStateSupport - Could not initialize io.netty.handler.ssl.OpenSslClientContext: io/netty/handler/ssl/ReferenceCountedOpenSslContext$2
[MASTER] 23:34:53.509 [pool-2-thread-1] ERROR ClassStateSupport - Could not initialize io.netty.util.UncheckedBooleanSupplier: io/netty/util/UncheckedBooleanSupplier$1
[MASTER] 23:34:53.657 [pool-2-thread-1] ERROR ClassStateSupport - Could not initialize io.netty.handler.ssl.OpenSslEngine: io/netty/internal/tcnative/SSL
[MASTER] 23:34:53.769 [pool-2-thread-1] ERROR ClassStateSupport - Could not initialize io.netty.handler.ssl.ReferenceCountedOpenSslEngine: Could not initialize class io.netty.handler.ssl.ReferenceCountedOpenSslEngine
[MASTER] 23:34:53.871 [pool-2-thread-1] ERROR ClassStateSupport - Could not initialize io.netty.util.BooleanSupplier: io/netty/util/BooleanSupplier$1
[MASTER] 23:34:54.534 [pool-2-thread-1] ERROR ClassStateSupport - Could not initialize io.netty.handler.ssl.OpenSslServerContext: io/netty/handler/ssl/ReferenceCountedOpenSslContext$4
[MASTER] 23:34:54.764 [pool-2-thread-1] ERROR ClassStateSupport - Could not initialize io.netty.handler.ssl.OpenSslClientContext: io.netty.handler.ssl.OpenSslContext
[MASTER] 23:34:54.796 [pool-2-thread-1] ERROR ClassStateSupport - Could not initialize io.netty.util.UncheckedBooleanSupplier: io/netty/util/UncheckedBooleanSupplier$2
[MASTER] 23:34:55.100 [pool-2-thread-1] ERROR ClassStateSupport - Could not initialize io.netty.handler.ssl.OpenSslSessionContext: io/netty/handler/ssl/OpenSslSessionContext$EmptyEnumeration
[MASTER] 23:34:55.173 [pool-2-thread-1] ERROR ClassStateSupport - Could not initialize io.netty.util.BooleanSupplier: io/netty/util/BooleanSupplier$2
[MASTER] 23:34:56.359 [pool-2-thread-1] ERROR ClassStateSupport - Could not initialize io.netty.handler.ssl.ReferenceCountedOpenSslClientContext: io/netty/handler/ssl/OpenSslKeyMaterialManager
[MASTER] 23:34:56.477 [pool-2-thread-1] ERROR ClassStateSupport - Could not initialize io.netty.handler.ssl.ReferenceCountedOpenSslServerContext: io/netty/handler/ssl/OpenSslExtendedKeyMaterialManager
[MASTER] 23:34:57.632 [pool-2-thread-1] ERROR ClassStateSupport - Could not initialize io.netty.handler.ssl.ReferenceCountedOpenSslClientContext: io/netty/internal/tcnative/CertificateRequestedCallback
[MASTER] 23:34:57.749 [pool-2-thread-1] ERROR ClassStateSupport - Could not initialize io.netty.handler.ssl.ReferenceCountedOpenSslServerContext: io/netty/internal/tcnative/CertificateVerifier
