[MASTER] 16:27:34.981 [pool-2-thread-1] ERROR TestClusterGenerator - Problem for org.asynchttpclient.util.AuthenticatorUtils. Failed to add dependencies for class org.testng.TestRunner: java.lang.TypeNotPresentException: Type com.google.inject.Module not present
[sun.reflect.generics.factory.CoreReflectionFactory.makeNamedType(CoreReflectionFactory.java:117), sun.reflect.generics.visitor.Reifier.visitClassTypeSignature(Reifier.java:125), sun.reflect.generics.tree.ClassTypeSignature.accept(ClassTypeSignature.java:49), sun.reflect.generics.visitor.Reifier.reifyTypeArguments(Reifier.java:68), sun.reflect.generics.visitor.Reifier.visitClassTypeSignature(Reifier.java:138), sun.reflect.generics.tree.ClassTypeSignature.accept(ClassTypeSignature.java:49), sun.reflect.generics.visitor.Reifier.reifyTypeArguments(Reifier.java:68), sun.reflect.generics.visitor.Reifier.visitClassTypeSignature(Reifier.java:138), sun.reflect.generics.tree.ClassTypeSignature.accept(ClassTypeSignature.java:49), sun.reflect.generics.repository.FieldRepository.getGenericType(FieldRepository.java:85), java.lang.reflect.Field.getGenericType(Field.java:247), java.lang.reflect.Field.toGenericString(Field.java:329), org.evosuite.setup.TestClusterUtils.getFields(TestClusterUtils.java:224), org.evosuite.setup.TestClusterGenerator.addDependencyClass(TestClusterGenerator.java:1007), org.evosuite.setup.TestClusterGenerator.resolveDependencies(TestClusterGenerator.java:358), org.evosuite.setup.TestClusterGenerator.generateCluster(TestClusterGenerator.java:137), org.evosuite.setup.DependencyAnalysis.analyze(DependencyAnalysis.java:117), org.evosuite.setup.DependencyAnalysis.analyzeClass(DependencyAnalysis.java:131), org.evosuite.TestSuiteGenerator.initializeTargetClass(TestSuiteGenerator.java:110), org.evosuite.TestSuiteGenerator.generateTestSuite(TestSuiteGenerator.java:130), org.evosuite.rmi.service.ClientNodeImpl$1.run(ClientNodeImpl.java:145), java.util.concurrent.Executors$RunnableAdapter.call(Executors.java:511), java.util.concurrent.FutureTask.run(FutureTask.java:266), java.util.concurrent.ThreadPoolExecutor.runWorker(ThreadPoolExecutor.java:1142), java.util.concurrent.ThreadPoolExecutor$Worker.run(ThreadPoolExecutor.java:617), java.lang.Thread.run(Thread.java:745)]
[MASTER] 16:27:39.182 [pool-2-thread-1] ERROR TestCluster - Failed to check cache for io.netty.util.concurrent.DefaultProgressivePromise<V> : Type points to itself
[MASTER] 16:27:39.183 [pool-2-thread-1] ERROR TestCluster - Failed to check cache for io.netty.util.concurrent.DefaultPromise<V> : Type points to itself
[MASTER] 16:27:39.184 [pool-2-thread-1] ERROR TestCluster - Failed to check cache for io.netty.util.concurrent.FailedFuture<V> : Type points to itself
[MASTER] 16:27:39.185 [pool-2-thread-1] ERROR TestCluster - Failed to check cache for io.netty.util.concurrent.SucceededFuture<V> : Type points to itself
[MASTER] 16:27:39.194 [pool-2-thread-1] ERROR TestCluster - Failed to check cache for io.netty.channel.CombinedChannelDuplexHandler<I, O> : Type points to itself
[MASTER] 16:27:39.197 [pool-2-thread-1] ERROR TestCluster - Failed to check cache for java.lang.reflect.Constructor<T> : Type points to itself
[MASTER] 16:28:02.877 [pool-2-thread-1] ERROR TestCluster - Failed to check cache for org.reactivestreams.Publisher<T> : Type points to itself
[MASTER] 16:28:03.509 [pool-2-thread-1] ERROR TestCluster - Failed to check cache for java.util.Collection<E> : Type points to itself
[MASTER] 16:28:27.350 [pool-2-thread-1] ERROR TestCluster - Failed to check cache for java.util.EnumSet<E> : Type points to itself
[MASTER] 16:30:42.071 [pool-2-thread-1] ERROR TestCluster - Failed to check cache for org.asynchttpclient.AsyncHandler<T> : Type points to itself
[MASTER] 16:30:44.324 [pool-2-thread-1] ERROR TestCluster - Failed to check cache for java.util.Comparator<T> : Type points to itself
[MASTER] 16:30:45.661 [pool-2-thread-1] ERROR TestCluster - Failed to check cache for java.util.function.Function<T, R> : Type points to itself
[MASTER] 16:30:55.963 [pool-2-thread-1] ERROR TestCluster - Failed to check cache for org.asynchttpclient.netty.NettyResponseFuture<V> : Type points to itself
[MASTER] 16:31:06.152 [pool-2-thread-1] ERROR TestCluster - Failed to check cache for java.util.List<E> : Type points to itself
[MASTER] 16:32:32.134 [pool-2-thread-1] ERROR TestCluster - Failed to check cache for io.reactivex.functions.Function<T, R> : Type points to itself
[MASTER] 16:32:44.857 [pool-2-thread-1] ERROR ClassStateSupport - Could not initialize io.reactivex.internal.operators.flowable.FlowableIgnoreElementsCompletable: io/reactivex/internal/operators/completable/CompletableCache
[MASTER] 16:32:45.224 [pool-2-thread-1] ERROR ClassStateSupport - Could not initialize io.netty.util.internal.ThreadLocalRandom: io/netty/util/internal/ThreadLocalRandom$1
[MASTER] 16:32:45.736 [pool-2-thread-1] ERROR ClassStateSupport - Could not initialize io.netty.handler.ssl.OpenSslServerContext: io/netty/handler/ssl/ReferenceCountedOpenSslContext$3
[MASTER] 16:32:45.781 [pool-2-thread-1] ERROR ClassStateSupport - Could not initialize io.reactivex.internal.operators.flowable.FlowableTimeoutTimed: io/reactivex/internal/operators/flowable/FlowableTimeoutTimed$EmptyDispose
[MASTER] 16:32:45.936 [pool-2-thread-1] ERROR ClassStateSupport - Could not initialize org.asynchttpclient.Realm$Builder: org/asynchttpclient/Realm$Builder$1
[MASTER] 16:32:46.040 [pool-2-thread-1] ERROR ClassStateSupport - Could not initialize io.netty.buffer.ByteBufAllocator: io/netty/buffer/ByteBufUtil$1
[MASTER] 16:32:46.045 [pool-2-thread-1] ERROR ClassStateSupport - Could not initialize io.reactivex.internal.operators.flowable.FlowableSingleSingle: io/reactivex/internal/operators/single/SingleCache
[MASTER] 16:32:46.054 [pool-2-thread-1] ERROR ClassStateSupport - Could not initialize io.netty.handler.codec.http.HttpStatusClass: io/netty/handler/codec/http/HttpStatusClass$1
[MASTER] 16:32:46.090 [pool-2-thread-1] ERROR ClassStateSupport - Could not initialize io.netty.handler.ssl.OpenSslClientContext: io/netty/handler/ssl/ReferenceCountedOpenSslEngine
[MASTER] 16:32:46.096 [pool-2-thread-1] ERROR ClassStateSupport - Could not initialize io.reactivex.internal.operators.flowable.FlowableReduceMaybe: io/reactivex/internal/operators/maybe/MaybeCache
[MASTER] 16:32:46.119 [pool-2-thread-1] ERROR ClassStateSupport - Could not initialize io.netty.util.internal.shaded.org.jctools.queues.BaseLinkedQueuePad2: Lio/netty/util/internal/shaded/org/jctools/queues/LinkedQueueNode;
[MASTER] 16:32:46.140 [pool-2-thread-1] ERROR ClassStateSupport - Could not initialize io.netty.util.internal.shaded.org.jctools.queues.BaseLinkedQueuePad1: Could not initialize class io.netty.util.internal.shaded.org.jctools.queues.BaseLinkedQueuePad1
[MASTER] 16:32:46.158 [pool-2-thread-1] ERROR ClassStateSupport - Could not initialize io.netty.util.HashingStrategy: io/netty/util/HashingStrategy$1
[MASTER] 16:32:46.162 [pool-2-thread-1] ERROR ClassStateSupport - Could not initialize io.netty.channel.ChannelFutureListener: io/netty/channel/ChannelFutureListener$1
[MASTER] 16:32:46.239 [pool-2-thread-1] ERROR ClassStateSupport - Could not initialize io.reactivex.internal.operators.observable.ObservableFromPublisher: io/reactivex/internal/operators/observable/ObservableCountSingle
[MASTER] 16:32:46.242 [pool-2-thread-1] ERROR ClassStateSupport - Could not initialize io.netty.util.internal.shaded.org.jctools.queues.BaseLinkedQueue: io.netty.util.internal.shaded.org.jctools.queues.BaseLinkedQueuePad2
[MASTER] 16:32:46.244 [pool-2-thread-1] ERROR ClassStateSupport - Could not initialize io.netty.util.internal.shaded.org.jctools.queues.SpscLinkedQueue: io.netty.util.internal.shaded.org.jctools.queues.BaseLinkedQueuePad2
[MASTER] 16:32:46.275 [pool-2-thread-1] ERROR ClassStateSupport - Could not initialize io.netty.util.ByteProcessor: io/netty/util/ByteProcessor$1
[MASTER] 16:32:46.320 [pool-2-thread-1] ERROR ClassStateSupport - Could not initialize io.netty.handler.ssl.ReferenceCountedOpenSslContext: io/netty/handler/ssl/ReferenceCountedOpenSslContext$1
[MASTER] 16:32:46.336 [pool-2-thread-1] ERROR ClassStateSupport - Could not initialize io.netty.channel.DefaultChannelConfig: io/netty/channel/DefaultMessageSizeEstimator$HandleImpl
[MASTER] 16:32:46.362 [pool-2-thread-1] ERROR ClassStateSupport - Could not initialize io.netty.buffer.WrappedCompositeByteBuf: io/netty/buffer/Unpooled
[MASTER] 16:32:46.383 [pool-2-thread-1] ERROR ClassStateSupport - Could not initialize io.reactivex.internal.operators.flowable.FlowableLastSingle: io/reactivex/internal/operators/single/SingleEquals
[MASTER] 16:32:46.396 [pool-2-thread-1] ERROR ClassStateSupport - Could not initialize io.netty.channel.epoll.AbstractEpollServerChannel$EpollServerSocketUnsafe: io/netty/channel/socket/ChannelOutputShutdownException
[MASTER] 16:32:46.431 [pool-2-thread-1] ERROR ClassStateSupport - Could not initialize org.asynchttpclient.netty.handler.WebSocketHandler: org/asynchttpclient/exception/ChannelClosedException
[MASTER] 16:32:46.444 [pool-2-thread-1] ERROR ClassStateSupport - Could not initialize io.reactivex.internal.operators.flowable.FlowableElementAtSingle: io/reactivex/internal/operators/observable/ObservableConcatMap
[MASTER] 16:32:46.458 [pool-2-thread-1] ERROR ClassStateSupport - Could not initialize io.netty.channel.ChannelOutboundBuffer: io/netty/channel/ChannelOutboundBuffer$1
[MASTER] 16:32:46.546 [pool-2-thread-1] ERROR ClassStateSupport - Could not initialize io.reactivex.internal.operators.flowable.FlowableToListSingle: io/reactivex/internal/operators/flowable/FlowableConcatMapPublisher
[MASTER] 16:32:46.598 [pool-2-thread-1] ERROR ClassStateSupport - Could not initialize io.netty.buffer.SimpleLeakAwareCompositeByteBuf: io.netty.buffer.WrappedCompositeByteBuf
[MASTER] 16:32:46.614 [pool-2-thread-1] ERROR ClassStateSupport - Could not initialize io.netty.handler.ssl.ReferenceCountedOpenSslClientContext: io.netty.handler.ssl.ReferenceCountedOpenSslContext
[MASTER] 16:32:46.642 [pool-2-thread-1] ERROR ClassStateSupport - Could not initialize io.netty.handler.ssl.ApplicationProtocolConfig: io/netty/handler/ssl/ApplicationProtocolConfig$Protocol
[MASTER] 16:32:46.643 [pool-2-thread-1] ERROR ClassStateSupport - Could not initialize io.netty.channel.epoll.EpollServerChannelConfig: io.netty.channel.DefaultChannelConfig
[MASTER] 16:32:46.685 [pool-2-thread-1] ERROR ClassStateSupport - Could not initialize io.netty.handler.ssl.SslHandler: io/netty/handler/codec/ByteToMessageDecoder$1
[MASTER] 16:32:46.692 [pool-2-thread-1] ERROR ClassStateSupport - Could not initialize io.reactivex.internal.operators.flowable.FlowableFlatMapCompletableCompletable: io/reactivex/internal/operators/completable/CompletableConcatIterable
[MASTER] 16:32:46.698 [pool-2-thread-1] ERROR ClassStateSupport - Could not initialize io.reactivex.internal.operators.flowable.FlowableSequenceEqualSingle: io/reactivex/internal/operators/single/SingleContains
[MASTER] 16:32:46.699 [pool-2-thread-1] ERROR ClassStateSupport - Could not initialize io.netty.util.internal.shaded.org.jctools.queues.BaseLinkedQueueProducerNodeRef: Could not initialize class io.netty.util.internal.shaded.org.jctools.queues.BaseLinkedQueueProducerNodeRef
[MASTER] 16:32:46.710 [pool-2-thread-1] ERROR ClassStateSupport - Could not initialize io.reactivex.Maybe: io/reactivex/internal/operators/maybe/MaybeCount
[MASTER] 16:32:46.719 [pool-2-thread-1] ERROR ClassStateSupport - Could not initialize io.reactivex.internal.operators.flowable.FlowableAnySingle: io/reactivex/internal/operators/single/SingleZipIterable
[MASTER] 16:32:46.733 [pool-2-thread-1] ERROR ClassStateSupport - Could not initialize io.reactivex.Observable: io/reactivex/internal/operators/observable/ObservableJoin
[MASTER] 16:32:46.733 [pool-2-thread-1] ERROR ClassStateSupport - Could not initialize io.netty.handler.codec.ByteToMessageDecoder: Could not initialize class io.netty.handler.codec.ByteToMessageDecoder
[MASTER] 16:32:46.772 [pool-2-thread-1] ERROR ClassStateSupport - Could not initialize io.reactivex.internal.operators.flowable.FlowableReduceWithSingle: io/reactivex/internal/operators/single/SingleCreate
[MASTER] 16:32:46.789 [pool-2-thread-1] ERROR ClassStateSupport - Could not initialize io.reactivex.internal.operators.flowable.FlowableCollectSingle: io/reactivex/internal/operators/flowable/FlowableFlatMapPublisher
[MASTER] 16:32:46.814 [pool-2-thread-1] ERROR ClassStateSupport - Could not initialize io.netty.util.concurrent.GlobalEventExecutor: null
[MASTER] 16:32:46.820 [pool-2-thread-1] ERROR ClassStateSupport - Could not initialize io.netty.channel.unix.Socket: io.netty.channel.unix.ErrorsStaticallyReferencedJniMethods.errnoENOTCONN()I
[MASTER] 16:32:46.835 [pool-2-thread-1] ERROR ClassStateSupport - Could not initialize io.netty.channel.epoll.EpollChannelConfig: io.netty.channel.DefaultChannelConfig
[MASTER] 16:32:46.838 [pool-2-thread-1] ERROR ClassStateSupport - Could not initialize io.netty.handler.codec.DecoderResult: null
[MASTER] 16:32:46.844 [pool-2-thread-1] ERROR ClassStateSupport - Could not initialize io.netty.handler.ssl.ReferenceCountedOpenSslServerContext: io.netty.handler.ssl.ReferenceCountedOpenSslContext
[MASTER] 16:32:46.849 [pool-2-thread-1] ERROR ClassStateSupport - Could not initialize io.reactivex.internal.operators.flowable.FlowableAllSingle: io/reactivex/internal/operators/single/SingleFlatMap
[MASTER] 16:32:46.862 [pool-2-thread-1] ERROR ClassStateSupport - Could not initialize io.reactivex.flowables.ConnectableFlowable: io/reactivex/internal/operators/flowable/FlowableAutoConnect
[MASTER] 16:32:46.863 [pool-2-thread-1] ERROR ClassStateSupport - Could not initialize io.netty.channel.epoll.LinuxSocket: io.netty.channel.unix.Socket
[MASTER] 16:32:46.868 [pool-2-thread-1] ERROR ClassStateSupport - Could not initialize io.reactivex.Single: io/reactivex/internal/operators/single/SingleFromUnsafeSource
[MASTER] 16:32:46.870 [pool-2-thread-1] ERROR ClassStateSupport - Could not initialize io.netty.handler.ssl.OpenSslContext: io.netty.handler.ssl.ReferenceCountedOpenSslContext
[MASTER] 16:32:46.883 [pool-2-thread-1] ERROR ClassStateSupport - Could not initialize org.testng.xml.Parser: org/testng/xml/SuiteXmlParser
[MASTER] 16:32:46.883 [pool-2-thread-1] ERROR ClassStateSupport - Could not initialize io.netty.util.concurrent.ScheduledFutureTask: Could not initialize class io.netty.util.concurrent.ScheduledFutureTask
[MASTER] 16:32:46.892 [pool-2-thread-1] ERROR ClassStateSupport - Could not initialize io.reactivex.Completable: io/reactivex/internal/operators/completable/CompletableConcat
[MASTER] 16:32:46.924 [pool-2-thread-1] ERROR ClassStateSupport - Could not initialize io.reactivex.internal.operators.flowable.FlowableElementAtMaybe: io/reactivex/internal/operators/maybe/MaybeIsEmptySingle
[MASTER] 16:32:47.000 [pool-2-thread-1] ERROR ClassStateSupport - Could not initialize io.netty.channel.unix.Errors: Could not initialize class io.netty.channel.unix.Errors
[MASTER] 16:32:47.037 [pool-2-thread-1] ERROR ClassStateSupport - Could not initialize io.netty.util.concurrent.PromiseTask: Could not initialize class io.netty.util.concurrent.PromiseTask
[MASTER] 16:32:47.040 [pool-2-thread-1] ERROR ClassStateSupport - Could not initialize io.netty.channel.unix.FileDescriptor: Could not initialize class io.netty.channel.unix.FileDescriptor
[MASTER] 16:32:47.053 [pool-2-thread-1] ERROR ClassStateSupport - Could not initialize io.netty.bootstrap.Bootstrap: io/netty/resolver/AddressResolverGroup
[MASTER] 16:32:47.053 [pool-2-thread-1] ERROR ClassStateSupport - Could not initialize io.netty.util.internal.shaded.org.jctools.queues.BaseLinkedQueueConsumerNodeRef: Could not initialize class io.netty.util.internal.shaded.org.jctools.queues.BaseLinkedQueueConsumerNodeRef
[MASTER] 16:32:47.070 [pool-2-thread-1] ERROR ClassStateSupport - Could not initialize io.reactivex.internal.operators.flowable.FlowableSingleMaybe: io/reactivex/internal/operators/maybe/MaybeConcatIterable
[MASTER] 16:32:47.070 [pool-2-thread-1] ERROR ClassStateSupport - Could not initialize io.netty.buffer.AdvancedLeakAwareCompositeByteBuf: io.netty.buffer.WrappedCompositeByteBuf
[MASTER] 16:32:47.073 [pool-2-thread-1] ERROR ClassStateSupport - Could not initialize io.reactivex.internal.operators.flowable.FlowableReduceSeedSingle: io/reactivex/internal/operators/maybe/MaybeFilterSingle
[MASTER] 16:32:47.080 [pool-2-thread-1] ERROR ClassStateSupport - Could not initialize io.reactivex.parallel.ParallelFlowable: io/reactivex/internal/operators/parallel/ParallelCollect
[MASTER] 16:32:47.085 [pool-2-thread-1] ERROR ClassStateSupport - Could not initialize io.reactivex.internal.operators.flowable.FlowableLastMaybe: io/reactivex/internal/operators/maybe/MaybeContains
[MASTER] 16:32:47.086 [pool-2-thread-1] ERROR ClassStateSupport - Could not initialize io.netty.channel.DefaultChannelPromise: io.netty.util.concurrent.DefaultPromise
[MASTER] 16:32:47.087 [pool-2-thread-1] ERROR ClassStateSupport - Could not initialize io.netty.util.concurrent.DefaultPromise: Could not initialize class io.netty.util.concurrent.DefaultPromise
[MASTER] 16:32:47.088 [pool-2-thread-1] ERROR ClassStateSupport - Could not initialize io.netty.buffer.CompositeByteBuf: Could not initialize class io.netty.buffer.CompositeByteBuf
[MASTER] 16:32:47.106 [pool-2-thread-1] ERROR ClassStateSupport - Could not initialize io.reactivex.internal.operators.flowable.FlowableCountSingle: io/reactivex/internal/operators/single/SingleError
[MASTER] 16:32:47.119 [pool-2-thread-1] ERROR ClassStateSupport - Could not initialize io.netty.channel.AbstractChannel$CloseFuture: io.netty.util.concurrent.DefaultPromise
[MASTER] 16:32:47.143 [pool-2-thread-1] ERROR ClassResetter - java.lang.NoClassDefFoundError: Could not initialize class io.netty.util.concurrent.DefaultPromise
[MASTER] 16:32:47.144 [pool-2-thread-1] ERROR ClassResetter - java.lang.NoClassDefFoundError: Could not initialize class io.netty.util.concurrent.GlobalEventExecutor
[MASTER] 16:32:47.151 [pool-2-thread-1] ERROR ClassResetter - java.lang.NoClassDefFoundError: Could not initialize class io.netty.channel.unix.Errors
[MASTER] 16:32:47.151 [pool-2-thread-1] ERROR ClassResetter - java.lang.NoClassDefFoundError: Could not initialize class io.netty.channel.unix.FileDescriptor
[MASTER] 16:32:47.154 [pool-2-thread-1] ERROR ClassResetter - java.lang.NoClassDefFoundError: Could not initialize class io.netty.handler.codec.DecoderResult
[MASTER] 16:32:47.349 [pool-2-thread-1] ERROR ClassStateSupport - Could not initialize io.reactivex.internal.operators.flowable.FlowableIgnoreElementsCompletable: io/reactivex/internal/operators/completable/CompletableCreate
[MASTER] 16:32:47.450 [pool-2-thread-1] ERROR ClassStateSupport - Could not initialize io.reactivex.internal.schedulers.SchedulerWhen: io/reactivex/disposables/Disposables
[MASTER] 16:32:47.850 [pool-2-thread-1] ERROR ClassStateSupport - Could not initialize io.netty.channel.AbstractChannelHandlerContext: io/netty/channel/AbstractChannelHandlerContext$AbstractWriteTask
[MASTER] 16:32:48.154 [pool-2-thread-1] ERROR ClassStateSupport - Could not initialize io.netty.buffer.ByteBufAllocator: io/netty/buffer/ByteBufUtil$2
[MASTER] 16:32:48.157 [pool-2-thread-1] ERROR ClassStateSupport - Could not initialize io.reactivex.internal.operators.completable.CompletableConcatIterable: io/reactivex/internal/operators/completable/CompletableMergeIterable
[MASTER] 16:32:48.189 [pool-2-thread-1] ERROR ClassStateSupport - Could not initialize io.netty.handler.ssl.OpenSslClientContext: io/netty/handler/ssl/OpenSslEngine
[MASTER] 16:32:48.198 [pool-2-thread-1] ERROR ClassStateSupport - Could not initialize io.reactivex.internal.operators.single.SingleContains: io/reactivex/internal/operators/single/SingleMap
[MASTER] 16:32:48.233 [pool-2-thread-1] ERROR ClassStateSupport - Could not initialize io.reactivex.internal.operators.single.SingleZipIterable: io/reactivex/internal/operators/single/SingleDelay
[MASTER] 16:32:48.253 [pool-2-thread-1] ERROR ClassStateSupport - Could not initialize io.reactivex.internal.operators.observable.ObservableFromPublisher: io/reactivex/internal/operators/observable/ObservableCollectSingle
[MASTER] 16:32:48.271 [pool-2-thread-1] ERROR ClassStateSupport - Could not initialize io.netty.buffer.PooledSlicedByteBuf: io/netty/util/Recycler
[MASTER] 16:32:48.277 [pool-2-thread-1] ERROR ClassStateSupport - Could not initialize io.netty.util.ByteProcessor: io/netty/util/ByteProcessor$2
[MASTER] 16:32:48.291 [pool-2-thread-1] ERROR ClassStateSupport - Could not initialize io.netty.handler.ssl.ReferenceCountedOpenSslContext: io/netty/handler/ssl/ReferenceCountedOpenSslContext$2
[MASTER] 16:32:48.298 [pool-2-thread-1] ERROR ClassStateSupport - Could not initialize io.netty.channel.DefaultChannelPipeline$TailContext: io/netty/channel/AbstractChannelHandlerContext$WriteAndFlushTask
[MASTER] 16:32:48.314 [pool-2-thread-1] ERROR ClassStateSupport - Could not initialize io.reactivex.internal.operators.flowable.FlowableLastSingle: io/reactivex/internal/operators/single/SingleTimer
[MASTER] 16:32:48.357 [pool-2-thread-1] ERROR ClassStateSupport - Could not initialize io.reactivex.internal.operators.completable.CompletableCache: io/reactivex/internal/operators/completable/CompletableFromUnsafeSource
[MASTER] 16:32:48.372 [pool-2-thread-1] ERROR ClassStateSupport - Could not initialize io.reactivex.internal.operators.flowable.FlowableToListSingle: io/reactivex/internal/operators/single/SingleHide
[MASTER] 16:32:48.421 [pool-2-thread-1] ERROR ClassStateSupport - Could not initialize io.reactivex.internal.operators.maybe.MaybeFilterSingle: io/reactivex/internal/operators/maybe/MaybeZipIterable
[MASTER] 16:32:48.445 [pool-2-thread-1] ERROR ClassStateSupport - Could not initialize io.netty.handler.ssl.ApplicationProtocolConfig: io/netty/handler/ssl/ApplicationProtocolConfig$SelectorFailureBehavior
[MASTER] 16:32:48.494 [pool-2-thread-1] ERROR ClassStateSupport - Could not initialize io.netty.handler.ssl.SslHandler: io/netty/handler/codec/ByteToMessageDecoder$2
[MASTER] 16:32:48.500 [pool-2-thread-1] ERROR ClassStateSupport - Could not initialize io.reactivex.internal.operators.flowable.FlowableSequenceEqualSingle: io/reactivex/internal/operators/maybe/MaybeFromSingle
[MASTER] 16:32:48.509 [pool-2-thread-1] ERROR ClassStateSupport - Could not initialize io.reactivex.Observable: io/reactivex/internal/operators/observable/ObservableElementAtMaybe
[MASTER] 16:32:48.514 [pool-2-thread-1] ERROR ClassStateSupport - Could not initialize io.reactivex.internal.operators.observable.ObservableCountSingle: io/reactivex/internal/operators/observable/ObservableSingleSingle
[MASTER] 16:32:48.520 [pool-2-thread-1] ERROR ClassStateSupport - Could not initialize io.reactivex.internal.operators.single.SingleCache: io/reactivex/internal/operators/single/SingleDoAfterSuccess
[MASTER] 16:32:48.525 [pool-2-thread-1] ERROR ClassStateSupport - Could not initialize io.reactivex.internal.operators.flowable.FlowableReduceWithSingle: io/reactivex/internal/operators/single/SingleDoOnSuccess
[MASTER] 16:32:48.560 [pool-2-thread-1] ERROR ClassStateSupport - Could not initialize io.reactivex.internal.operators.flowable.FlowableAllSingle: io/reactivex/internal/operators/single/SingleDoOnEvent
[MASTER] 16:32:48.569 [pool-2-thread-1] ERROR ClassStateSupport - Could not initialize io.reactivex.Single: io/reactivex/internal/operators/single/SingleDoOnDispose
[MASTER] 16:32:48.577 [pool-2-thread-1] ERROR ClassStateSupport - Could not initialize io.reactivex.internal.operators.single.SingleCreate: io/reactivex/internal/operators/single/SingleFlatMapIterableFlowable
[MASTER] 16:32:48.582 [pool-2-thread-1] ERROR ClassStateSupport - Could not initialize io.reactivex.internal.operators.observable.ObservableConcatMap: io/reactivex/internal/operators/observable/ObservableElementAtSingle
[MASTER] 16:32:48.607 [pool-2-thread-1] ERROR ClassStateSupport - Could not initialize org.testng.xml.Parser: org/testng/xml/TestNGContentHandler
[MASTER] 16:32:48.638 [pool-2-thread-1] ERROR ClassStateSupport - Could not initialize io.reactivex.internal.operators.flowable.FlowableElementAtMaybe: io/reactivex/internal/operators/maybe/MaybeCreate
[MASTER] 16:32:48.726 [pool-2-thread-1] ERROR ClassStateSupport - Could not initialize io.netty.util.concurrent.PromiseTask: null
[MASTER] 16:32:48.751 [pool-2-thread-1] ERROR ClassStateSupport - Could not initialize io.netty.channel.unix.FileDescriptor: io.netty.channel.unix.ErrorsStaticallyReferencedJniMethods.errnoENOTCONN()I
[MASTER] 16:32:48.774 [pool-2-thread-1] ERROR ClassStateSupport - Could not initialize io.reactivex.internal.operators.flowable.FlowableSingleMaybe: io/reactivex/internal/operators/maybe/MaybeFlatten
[MASTER] 16:32:48.868 [pool-2-thread-1] ERROR ClassStateSupport - Could not initialize io.reactivex.exceptions.CompositeException: io/reactivex/exceptions/CompositeException$PrintStreamOrWriter
[MASTER] 16:32:48.874 [pool-2-thread-1] ERROR ClassStateSupport - Could not initialize io.reactivex.internal.operators.flowable.FlowableCountSingle: io/reactivex/internal/operators/single/SingleFlatMapIterableObservable
[MASTER] 16:32:48.889 [pool-2-thread-1] ERROR ClassStateSupport - Could not initialize io.netty.buffer.ByteBufUtil: Could not initialize class io.netty.buffer.ByteBufUtil
[MASTER] 16:32:48.895 [pool-2-thread-1] ERROR ClassStateSupport - Could not initialize io.reactivex.internal.operators.single.SingleFlatMap: io/reactivex/internal/operators/completable/CompletableFromSingle
[MASTER] 16:32:48.912 [pool-2-thread-1] ERROR ClassStateSupport - Could not initialize io.netty.handler.ssl.OpenSslServerContext: io.netty.handler.ssl.ReferenceCountedOpenSslContext
[MASTER] 16:32:48.982 [pool-2-thread-1] ERROR ClassStateSupport - Could not initialize io.reactivex.internal.operators.maybe.MaybeCache: io/reactivex/internal/operators/maybe/MaybeUnsafeCreate
[MASTER] 16:32:48.989 [pool-2-thread-1] ERROR ClassStateSupport - Could not initialize io.reactivex.internal.operators.flowable.FlowableSingleSingle: io/reactivex/internal/operators/single/SingleAmb
[MASTER] 16:32:48.994 [pool-2-thread-1] ERROR ClassStateSupport - Could not initialize io.reactivex.internal.operators.flowable.FlowableReduceMaybe: io/reactivex/internal/operators/maybe/MaybeEmpty
[MASTER] 16:32:49.003 [pool-2-thread-1] ERROR ClassStateSupport - Could not initialize io.netty.buffer.PooledDuplicatedByteBuf: io/netty/buffer/PooledDuplicatedByteBuf$1
[MASTER] 16:32:49.007 [pool-2-thread-1] ERROR ClassStateSupport - Could not initialize io.netty.channel.ChannelFutureListener: io/netty/channel/ChannelFutureListener$2
[MASTER] 16:32:49.033 [pool-2-thread-1] ERROR ClassStateSupport - Could not initialize io.reactivex.internal.operators.maybe.MaybeCount: io/reactivex/internal/operators/single/SingleDefer
[MASTER] 16:32:49.061 [pool-2-thread-1] ERROR ClassStateSupport - Could not initialize io.reactivex.internal.operators.observable.AbstractObservableWithUpstream: io/reactivex/internal/operators/observable/ObservableZip
[MASTER] 16:32:49.114 [pool-2-thread-1] ERROR ClassStateSupport - Could not initialize io.reactivex.internal.operators.flowable.FlowableElementAtSingle: io/reactivex/internal/operators/single/SingleFromCallable
[MASTER] 16:32:49.138 [pool-2-thread-1] ERROR ClassStateSupport - Could not initialize io.netty.channel.ChannelOutboundBuffer: Lio/netty/channel/ChannelOutboundBuffer$Entry;
[MASTER] 16:32:49.185 [pool-2-thread-1] ERROR ClassStateSupport - Could not initialize io.reactivex.internal.operators.single.SingleEquals: io/reactivex/internal/operators/single/SingleFromPublisher
[MASTER] 16:32:49.189 [pool-2-thread-1] ERROR ClassStateSupport - Could not initialize io.reactivex.internal.operators.flowable.FlowableFlatMapCompletableCompletable: io/reactivex/internal/operators/completable/CompletableError
[MASTER] 16:32:49.194 [pool-2-thread-1] ERROR ClassStateSupport - Could not initialize io.reactivex.internal.operators.single.SingleFromUnsafeSource: io/reactivex/internal/operators/single/SingleJust
[MASTER] 16:32:49.199 [pool-2-thread-1] ERROR ClassStateSupport - Could not initialize io.reactivex.Maybe: io/reactivex/internal/operators/maybe/MaybeFilter
[MASTER] 16:32:49.208 [pool-2-thread-1] ERROR ClassStateSupport - Could not initialize io.reactivex.internal.operators.flowable.FlowableAnySingle: io/reactivex/internal/operators/single/SingleUsing
[MASTER] 16:32:49.257 [pool-2-thread-1] ERROR ClassStateSupport - Could not initialize io.reactivex.internal.operators.flowable.FlowableCollectSingle: io/reactivex/internal/operators/single/SingleZipArray
[MASTER] 16:32:49.265 [pool-2-thread-1] ERROR ClassStateSupport - Could not initialize io.netty.util.concurrent.GlobalEventExecutor: io.netty.util.concurrent.PromiseTask
[MASTER] 16:32:49.268 [pool-2-thread-1] ERROR ClassStateSupport - Could not initialize io.netty.handler.ssl.ReferenceCountedOpenSslEngine: io/netty/handler/ssl/ReferenceCountedOpenSslEngine$1
[MASTER] 16:32:49.269 [pool-2-thread-1] ERROR ClassStateSupport - Could not initialize io.netty.channel.unix.Socket: io.netty.channel.unix.FileDescriptor
[MASTER] 16:32:49.289 [pool-2-thread-1] ERROR ClassStateSupport - Could not initialize io.reactivex.flowables.ConnectableFlowable: io/reactivex/internal/operators/flowable/FlowableRefCount
[MASTER] 16:32:49.289 [pool-2-thread-1] ERROR ClassStateSupport - Could not initialize io.netty.channel.epoll.LinuxSocket: io.netty.channel.unix.FileDescriptor
[MASTER] 16:32:49.292 [pool-2-thread-1] ERROR ClassStateSupport - Could not initialize io.netty.buffer.PooledUnsafeDirectByteBuf: io/netty/buffer/PooledUnsafeDirectByteBuf$1
[MASTER] 16:32:49.301 [pool-2-thread-1] ERROR ClassStateSupport - Could not initialize io.reactivex.internal.operators.maybe.MaybeIsEmptySingle: io/reactivex/internal/operators/single/SingleDelayWithPublisher
[MASTER] 16:32:49.301 [pool-2-thread-1] ERROR ClassStateSupport - Could not initialize io.netty.util.concurrent.ScheduledFutureTask: io.netty.util.concurrent.PromiseTask
[MASTER] 16:32:49.305 [pool-2-thread-1] ERROR ClassStateSupport - Could not initialize io.reactivex.Completable: io/reactivex/internal/operators/completable/CompletableErrorSupplier
[MASTER] 16:32:49.313 [pool-2-thread-1] ERROR ClassStateSupport - Could not initialize io.netty.channel.DefaultChannelHandlerContext: io/netty/channel/AbstractChannelHandlerContext$WriteTask
[MASTER] 16:32:49.316 [pool-2-thread-1] ERROR ClassStateSupport - Could not initialize io.netty.buffer.PooledDirectByteBuf: io/netty/buffer/PooledDirectByteBuf$1
[MASTER] 16:32:49.371 [pool-2-thread-1] ERROR ClassStateSupport - Could not initialize io.netty.bootstrap.Bootstrap: io/netty/resolver/DefaultAddressResolverGroup
[MASTER] 16:32:49.383 [pool-2-thread-1] ERROR ClassStateSupport - Could not initialize io.reactivex.internal.operators.flowable.FlowableReduceSeedSingle: io/reactivex/internal/operators/single/SingleDelayWithObservable
[MASTER] 16:32:49.393 [pool-2-thread-1] ERROR ClassStateSupport - Could not initialize io.reactivex.parallel.ParallelFlowable: io/reactivex/internal/operators/parallel/ParallelFilterTry
[MASTER] 16:32:49.399 [pool-2-thread-1] ERROR ClassStateSupport - Could not initialize io.reactivex.internal.operators.flowable.FlowableLastMaybe: io/reactivex/internal/operators/maybe/MaybeError
[MASTER] 16:32:49.646 [pool-2-thread-1] ERROR ClassStateSupport - Could not initialize io.reactivex.internal.operators.flowable.FlowableIgnoreElementsCompletable: io/reactivex/internal/operators/completable/CompletableDelay
[MASTER] 16:32:49.785 [pool-2-thread-1] ERROR ClassStateSupport - Could not initialize io.reactivex.internal.schedulers.SchedulerWhen: io/reactivex/internal/disposables/EmptyDisposable
[MASTER] 16:32:50.623 [pool-2-thread-1] ERROR ClassStateSupport - Could not initialize io.reactivex.internal.operators.single.SingleTimer: io/reactivex/internal/operators/single/SingleDelayWithSingle
[MASTER] 16:32:50.626 [pool-2-thread-1] ERROR ClassStateSupport - Could not initialize io.reactivex.internal.operators.completable.CompletableConcatIterable: io/reactivex/internal/operators/completable/CompletableTimer
[MASTER] 16:32:50.649 [pool-2-thread-1] ERROR ClassStateSupport - Could not initialize io.netty.handler.ssl.OpenSslClientContext: io/netty/handler/ssl/ReferenceCountedOpenSslContext$4
[MASTER] 16:32:50.655 [pool-2-thread-1] ERROR ClassStateSupport - Could not initialize io.reactivex.internal.operators.single.SingleContains: io/reactivex/internal/operators/single/SingleDelayWithCompletable
[MASTER] 16:32:50.695 [pool-2-thread-1] ERROR ClassStateSupport - Could not initialize io.reactivex.internal.operators.single.SingleZipIterable: io/reactivex/internal/operators/single/SingleDoFinally
[MASTER] 16:32:50.708 [pool-2-thread-1] ERROR ClassStateSupport - Could not initialize io.reactivex.internal.operators.single.SingleAmb: io/reactivex/internal/operators/single/SingleDoAfterTerminate
[MASTER] 16:32:50.726 [pool-2-thread-1] ERROR ClassStateSupport - Could not initialize io.reactivex.internal.operators.observable.ObservableFromPublisher: io/reactivex/internal/operators/observable/ObservableCreate
[MASTER] 16:32:50.733 [pool-2-thread-1] ERROR ClassStateSupport - Could not initialize io.netty.buffer.PooledSlicedByteBuf: io/netty/buffer/PooledSlicedByteBuf$1
[MASTER] 16:32:50.740 [pool-2-thread-1] ERROR ClassStateSupport - Could not initialize io.reactivex.internal.operators.single.SingleDoAfterSuccess: io/reactivex/internal/operators/single/SingleDoOnError
[MASTER] 16:32:50.751 [pool-2-thread-1] ERROR ClassStateSupport - Could not initialize io.reactivex.internal.operators.observable.ObservableElementAtMaybe: io/reactivex/internal/operators/maybe/MaybeErrorCallable
[MASTER] 16:32:50.755 [pool-2-thread-1] ERROR ClassStateSupport - Could not initialize io.netty.util.ByteProcessor: io/netty/util/ByteProcessor$3
[MASTER] 16:32:50.767 [pool-2-thread-1] ERROR ClassStateSupport - Could not initialize io.netty.handler.ssl.ReferenceCountedOpenSslContext: Could not initialize class io.netty.handler.ssl.ReferenceCountedOpenSslContext
[MASTER] 16:32:50.786 [pool-2-thread-1] ERROR ClassStateSupport - Could not initialize io.reactivex.internal.operators.flowable.FlowableLastSingle: io/reactivex/internal/operators/single/SingleDoOnSubscribe
[MASTER] 16:32:50.818 [pool-2-thread-1] ERROR ClassStateSupport - Could not initialize io.reactivex.internal.operators.completable.CompletableCache: io/reactivex/internal/operators/completable/CompletableMerge
[MASTER] 16:32:50.829 [pool-2-thread-1] ERROR ClassStateSupport - Could not initialize io.reactivex.internal.operators.flowable.FlowableToListSingle: io/reactivex/internal/operators/single/SingleFlatMapCompletable
[MASTER] 16:32:50.862 [pool-2-thread-1] ERROR ClassStateSupport - Could not initialize io.reactivex.internal.operators.maybe.MaybeFilterSingle: io/reactivex/internal/operators/maybe/MaybeMap
[MASTER] 16:32:50.869 [pool-2-thread-1] ERROR ClassStateSupport - Could not initialize io.netty.buffer.ByteBufUtil$ThreadLocalUnsafeDirectByteBuf: io/netty/buffer/ByteBufUtil$ThreadLocalUnsafeDirectByteBuf$1
[MASTER] 16:32:50.895 [pool-2-thread-1] ERROR ClassStateSupport - Could not initialize io.reactivex.internal.operators.single.SingleDoOnDispose: io/reactivex/internal/operators/single/SingleFlatMapMaybe
[MASTER] 16:32:50.908 [pool-2-thread-1] ERROR ClassStateSupport - Could not initialize io.netty.handler.ssl.ApplicationProtocolConfig: io/netty/handler/ssl/ApplicationProtocolConfig$SelectedListenerFailureBehavior
[MASTER] 16:32:50.924 [pool-2-thread-1] ERROR ClassStateSupport - Could not initialize io.reactivex.internal.operators.maybe.MaybeContains: io/reactivex/internal/operators/single/SingleLift
[MASTER] 16:32:50.928 [pool-2-thread-1] ERROR ClassStateSupport - Could not initialize io.netty.channel.AbstractChannelHandlerContext$WriteTask: io/netty/channel/AbstractChannelHandlerContext$WriteTask$1
[MASTER] 16:32:50.954 [pool-2-thread-1] ERROR ClassStateSupport - Could not initialize io.reactivex.internal.operators.flowable.FlowableSequenceEqualSingle: io/reactivex/internal/operators/single/SingleObserveOn
[MASTER] 16:32:50.962 [pool-2-thread-1] ERROR ClassStateSupport - Could not initialize io.reactivex.Observable: io/reactivex/internal/operators/observable/ObservableFlatMap
[MASTER] 16:32:50.967 [pool-2-thread-1] ERROR ClassStateSupport - Could not initialize io.reactivex.internal.operators.observable.ObservableCountSingle: io/reactivex/internal/operators/single/SingleResumeNext
[MASTER] 16:32:50.974 [pool-2-thread-1] ERROR ClassStateSupport - Could not initialize io.reactivex.internal.operators.single.SingleCache: io/reactivex/internal/operators/single/SingleOnErrorReturn
[MASTER] 16:32:50.978 [pool-2-thread-1] ERROR ClassStateSupport - Could not initialize io.reactivex.internal.operators.maybe.MaybeFilter: io/reactivex/internal/operators/maybe/MaybeTimeoutMaybe
[MASTER] 16:32:50.983 [pool-2-thread-1] ERROR ClassStateSupport - Could not initialize io.reactivex.internal.operators.flowable.FlowableReduceWithSingle: io/reactivex/internal/operators/single/SingleSubscribeOn
[MASTER] 16:32:50.990 [pool-2-thread-1] ERROR ClassStateSupport - Could not initialize io.reactivex.internal.operators.maybe.MaybeUnsafeCreate: io/reactivex/internal/operators/maybe/MaybeTimeoutPublisher
[MASTER] 16:32:51.012 [pool-2-thread-1] ERROR ClassStateSupport - Could not initialize io.reactivex.internal.operators.observable.ObservableElementAtSingle: io/reactivex/internal/operators/single/SingleTakeUntil
[MASTER] 16:32:51.016 [pool-2-thread-1] ERROR ClassStateSupport - Could not initialize io.reactivex.internal.operators.flowable.FlowableAllSingle: io/reactivex/internal/operators/single/SingleTimeout
[MASTER] 16:32:51.020 [pool-2-thread-1] ERROR ClassStateSupport - Could not initialize io.reactivex.internal.operators.completable.CompletableCreate: io/reactivex/internal/operators/completable/CompletableToSingle
[MASTER] 16:32:51.025 [pool-2-thread-1] ERROR ClassStateSupport - Could not initialize io.reactivex.Single: io/reactivex/internal/operators/single/SingleToObservable
[MASTER] 16:32:51.030 [pool-2-thread-1] ERROR ClassStateSupport - Could not initialize io.reactivex.internal.operators.single.SingleCreate: io/reactivex/internal/operators/single/SingleUnsubscribeOn
[MASTER] 16:32:51.033 [pool-2-thread-1] ERROR ClassStateSupport - Could not initialize io.reactivex.internal.operators.observable.ObservableConcatMap: io/reactivex/internal/operators/observable/ObservableFromUnsafeSource
[MASTER] 16:32:51.039 [pool-2-thread-1] ERROR ClassStateSupport - Could not initialize org.testng.xml.Parser: org.testng.xml.ISuiteParser: Provider org.testng.internal.YamlParser not found
[MASTER] 16:32:51.059 [pool-2-thread-1] ERROR ClassStateSupport - Could not initialize io.reactivex.internal.operators.flowable.FlowableElementAtMaybe: io/reactivex/internal/operators/maybe/MaybeDelay
[MASTER] 16:32:51.061 [pool-2-thread-1] ERROR ClassStateSupport - Could not initialize io.reactivex.internal.operators.completable.CompletableFromUnsafeSource: io/reactivex/internal/operators/observable/ObservableDelaySubscriptionOther
[MASTER] 16:32:51.147 [pool-2-thread-1] ERROR ClassStateSupport - Could not initialize io.reactivex.internal.operators.flowable.FlowableSingleMaybe: io/reactivex/internal/operators/maybe/MaybeDelayOtherPublisher
[MASTER] 16:32:51.152 [pool-2-thread-1] ERROR ClassStateSupport - Could not initialize io.reactivex.internal.operators.maybe.MaybeFromSingle: io/reactivex/internal/operators/maybe/MaybeTimer
[MASTER] 16:32:51.165 [pool-2-thread-1] ERROR ClassStateSupport - Could not initialize io.reactivex.internal.operators.maybe.MaybeFlatten: io/reactivex/internal/operators/maybe/MaybeHide
[MASTER] 16:32:51.184 [pool-2-thread-1] ERROR ClassStateSupport - Could not initialize io.reactivex.exceptions.CompositeException: io/reactivex/exceptions/CompositeException$WrappedPrintStream
[MASTER] 16:32:51.189 [pool-2-thread-1] ERROR ClassStateSupport - Could not initialize io.reactivex.internal.operators.flowable.FlowableCountSingle: io/reactivex/internal/operators/single/SingleToFlowable
[MASTER] 16:32:51.212 [pool-2-thread-1] ERROR ClassStateSupport - Could not initialize io.reactivex.internal.operators.maybe.AbstractMaybeWithUpstream: io/reactivex/internal/operators/maybe/MaybeFlatMapBiSelector
[MASTER] 16:32:51.225 [pool-2-thread-1] ERROR ClassStateSupport - Could not initialize io.netty.handler.ssl.OpenSslServerContext: io.netty.handler.ssl.OpenSslContext
[MASTER] 16:32:51.227 [pool-2-thread-1] ERROR ClassStateSupport - Could not initialize io.reactivex.internal.operators.completable.CompletableConcat: io/reactivex/internal/operators/maybe/MaybeDelayWithCompletable
[MASTER] 16:32:51.236 [pool-2-thread-1] ERROR ClassStateSupport - Could not initialize io.reactivex.internal.operators.maybe.MaybeCreate: io/reactivex/internal/operators/maybe/MaybeFlatMapNotification
[MASTER] 16:32:51.277 [pool-2-thread-1] ERROR ClassStateSupport - Could not initialize io.reactivex.internal.operators.maybe.MaybeCache: io/reactivex/internal/operators/maybe/MaybeToSingle
[MASTER] 16:32:51.282 [pool-2-thread-1] ERROR ClassStateSupport - Could not initialize io.reactivex.internal.operators.flowable.FlowableSingleSingle: io/reactivex/internal/operators/flowable/FlowableSingle
[MASTER] 16:32:51.287 [pool-2-thread-1] ERROR ClassStateSupport - Could not initialize io.reactivex.internal.operators.completable.CompletableError: io/reactivex/internal/operators/completable/CompletableHide
[MASTER] 16:32:51.291 [pool-2-thread-1] ERROR ClassStateSupport - Could not initialize io.reactivex.internal.operators.flowable.FlowableReduceMaybe: io/reactivex/internal/operators/maybe/MaybeDoAfterSuccess
[MASTER] 16:32:51.297 [pool-2-thread-1] ERROR ClassStateSupport - Could not initialize io.reactivex.internal.operators.single.SingleFlatMapIterableObservable: io/reactivex/internal/operators/observable/ObservableSkip
[MASTER] 16:32:51.299 [pool-2-thread-1] ERROR ClassStateSupport - Could not initialize io.netty.buffer.PooledDuplicatedByteBuf: io/netty/util/Recycler$2
[MASTER] 16:32:51.302 [pool-2-thread-1] ERROR ClassStateSupport - Could not initialize io.netty.channel.ChannelFutureListener: io/netty/channel/ChannelFutureListener$3
[MASTER] 16:32:51.309 [pool-2-thread-1] ERROR ClassStateSupport - Could not initialize io.reactivex.internal.operators.parallel.ParallelCollect: io/reactivex/internal/operators/parallel/ParallelFilter
[MASTER] 16:32:51.320 [pool-2-thread-1] ERROR ClassStateSupport - Could not initialize io.reactivex.internal.operators.observable.ObservableJoin: io/reactivex/internal/operators/observable/ObservableLastMaybe
[MASTER] 16:32:51.335 [pool-2-thread-1] ERROR ClassStateSupport - Could not initialize io.reactivex.internal.operators.observable.AbstractObservableWithUpstream: io/reactivex/internal/operators/observable/ObservableFilter
[MASTER] 16:32:51.343 [pool-2-thread-1] ERROR ClassStateSupport - Could not initialize io.reactivex.internal.operators.completable.CompletableMergeIterable: io/reactivex/internal/operators/maybe/MaybeFromCompletable
[MASTER] 16:32:51.362 [pool-2-thread-1] ERROR ClassStateSupport - Could not initialize io.reactivex.internal.operators.flowable.FlowableElementAtSingle: io/reactivex/internal/operators/flowable/FlowableElementAt
[MASTER] 16:32:51.387 [pool-2-thread-1] ERROR ClassStateSupport - Could not initialize io.reactivex.internal.operators.completable.CompletableFromSingle: io/reactivex/internal/operators/completable/CompletableFromObservable
[MASTER] 16:32:51.397 [pool-2-thread-1] ERROR ClassStateSupport - Could not initialize io.reactivex.internal.operators.flowable.FlowableFlatMapCompletableCompletable: io/reactivex/internal/operators/completable/CompletableDoOnEvent
[MASTER] 16:32:51.400 [pool-2-thread-1] ERROR ClassStateSupport - Could not initialize io.reactivex.Maybe: io/reactivex/internal/operators/maybe/MaybePeek
[MASTER] 16:32:51.403 [pool-2-thread-1] ERROR ClassStateSupport - Could not initialize io.reactivex.internal.operators.flowable.FlowableAnySingle: io/reactivex/internal/operators/flowable/FlowableAny
[MASTER] 16:32:51.405 [pool-2-thread-1] ERROR ClassStateSupport - Could not initialize io.netty.channel.AbstractChannelHandlerContext$WriteAndFlushTask: io/netty/channel/AbstractChannelHandlerContext$WriteAndFlushTask$1
[MASTER] 16:32:51.420 [pool-2-thread-1] ERROR ClassStateSupport - Could not initialize io.netty.buffer.ByteBufUtil$ThreadLocalDirectByteBuf: io/netty/buffer/ByteBufUtil$ThreadLocalDirectByteBuf$1
[MASTER] 16:32:51.425 [pool-2-thread-1] ERROR ClassStateSupport - Could not initialize io.reactivex.internal.operators.maybe.MaybeZipIterable: io/reactivex/internal/operators/maybe/MaybeDoOnEvent
[MASTER] 16:32:51.429 [pool-2-thread-1] ERROR ClassStateSupport - Could not initialize io.reactivex.internal.operators.flowable.FlowableCollectSingle: io/reactivex/internal/operators/flowable/FlowableCollect
[MASTER] 16:32:51.445 [pool-2-thread-1] ERROR ClassStateSupport - Could not initialize io.netty.handler.ssl.ReferenceCountedOpenSslEngine: io/netty/internal/tcnative/SSL
[MASTER] 16:32:51.462 [pool-2-thread-1] ERROR ClassStateSupport - Could not initialize io.netty.buffer.PooledUnsafeDirectByteBuf: io/netty/util/Recycler$3
[MASTER] 16:32:51.465 [pool-2-thread-1] ERROR ClassStateSupport - Could not initialize io.reactivex.internal.operators.maybe.MaybeEmpty: io/reactivex/internal/operators/maybe/MaybeFlatMapIterableFlowable
[MASTER] 16:32:51.466 [pool-2-thread-1] ERROR ClassStateSupport - Could not initialize io.netty.handler.ssl.OpenSslContext: Could not initialize class io.netty.handler.ssl.OpenSslContext
[MASTER] 16:32:51.468 [pool-2-thread-1] ERROR ClassStateSupport - Could not initialize io.reactivex.internal.operators.maybe.MaybeIsEmptySingle: io/reactivex/internal/operators/maybe/MaybeIsEmpty
[MASTER] 16:32:51.470 [pool-2-thread-1] ERROR ClassStateSupport - Could not initialize io.reactivex.internal.operators.observable.ObservableCollectSingle: io/reactivex/internal/operators/observable/ObservableCollect
[MASTER] 16:32:51.474 [pool-2-thread-1] ERROR ClassStateSupport - Could not initialize io.reactivex.Completable: io/reactivex/internal/operators/completable/CompletableFromAction
[MASTER] 16:32:51.479 [pool-2-thread-1] ERROR ClassStateSupport - Could not initialize io.netty.buffer.PooledDirectByteBuf: io/netty/util/Recycler$1
[MASTER] 16:32:51.486 [pool-2-thread-1] ERROR ClassStateSupport - Could not initialize io.netty.util.Recycler: Could not initialize class io.netty.util.Recycler
[MASTER] 16:32:51.511 [pool-2-thread-1] ERROR ClassStateSupport - Could not initialize io.netty.bootstrap.Bootstrap: io/netty/bootstrap/AbstractBootstrapConfig
[MASTER] 16:32:51.518 [pool-2-thread-1] ERROR ClassStateSupport - Could not initialize io.reactivex.parallel.ParallelFlowable: io/reactivex/internal/operators/parallel/ParallelMapTry
[MASTER] 16:32:51.521 [pool-2-thread-1] ERROR ClassStateSupport - Could not initialize io.reactivex.internal.operators.flowable.FlowableLastMaybe: io/reactivex/internal/operators/maybe/MaybeFlatMapIterableObservable
[MASTER] 16:32:51.811 [pool-2-thread-1] ERROR ClassStateSupport - Could not initialize io.reactivex.internal.operators.flowable.FlowableIgnoreElementsCompletable: io/reactivex/internal/operators/completable/CompletableFromRunnable
[MASTER] 16:32:51.875 [pool-2-thread-1] ERROR ClassStateSupport - Could not initialize io.reactivex.internal.operators.maybe.MaybeFlatMapBiSelector: io/reactivex/internal/operators/maybe/MaybeFromAction
[MASTER] 16:32:52.597 [pool-2-thread-1] ERROR ClassStateSupport - Could not initialize io.reactivex.internal.operators.completable.CompletableTimer: io/reactivex/internal/operators/completable/CompletableOnErrorComplete
[MASTER] 16:32:52.959 [pool-2-thread-1] ERROR ClassStateSupport - Could not initialize io.reactivex.internal.operators.observable.ObservableLastMaybe: io/reactivex/internal/operators/maybe/MaybeFromRunnable
[MASTER] 16:32:52.967 [pool-2-thread-1] ERROR ClassStateSupport - Could not initialize io.reactivex.internal.operators.parallel.ParallelFilter: io/reactivex/internal/operators/parallel/ParallelMap
[MASTER] 16:32:53.032 [pool-2-thread-1] ERROR ClassStateSupport - Could not initialize io.reactivex.internal.operators.completable.CompletableConcatIterable: io/reactivex/internal/operators/completable/CompletableAmb
[MASTER] 16:32:53.106 [pool-2-thread-1] ERROR ClassStateSupport - Could not initialize io.reactivex.internal.operators.observable.ObservableFromPublisher: io/reactivex/internal/operators/observable/ObservableRange
[MASTER] 16:32:53.122 [pool-2-thread-1] ERROR ClassStateSupport - Could not initialize io.reactivex.internal.operators.completable.CompletableDoOnEvent: io/reactivex/internal/operators/completable/CompletableConcatArray
[MASTER] 16:32:53.126 [pool-2-thread-1] ERROR ClassStateSupport - Could not initialize io.reactivex.internal.operators.observable.ObservableElementAtMaybe: io/reactivex/internal/operators/maybe/MaybeFlatMapSingleElement
[MASTER] 16:32:53.129 [pool-2-thread-1] ERROR ClassStateSupport - Could not initialize io.reactivex.internal.operators.maybe.MaybeDoAfterSuccess: io/reactivex/internal/operators/maybe/MaybeIgnoreElementCompletable
[MASTER] 16:32:53.133 [pool-2-thread-1] ERROR ClassStateSupport - Could not initialize io.netty.util.ByteProcessor: io/netty/util/ByteProcessor$4
[MASTER] 16:32:53.170 [pool-2-thread-1] ERROR ClassStateSupport - Could not initialize io.reactivex.internal.operators.single.SingleFlatMapCompletable: io/reactivex/internal/operators/completable/CompletableDefer
[MASTER] 16:32:53.192 [pool-2-thread-1] ERROR ClassStateSupport - Could not initialize io.reactivex.internal.operators.completable.CompletableErrorSupplier: io/reactivex/internal/operators/completable/CompletableFromCallable
[MASTER] 16:32:53.197 [pool-2-thread-1] ERROR ClassStateSupport - Could not initialize io.reactivex.internal.operators.maybe.MaybeTimeoutPublisher: io/reactivex/internal/operators/maybe/MaybeOnErrorComplete
[MASTER] 16:32:53.210 [pool-2-thread-1] ERROR ClassStateSupport - Could not initialize io.reactivex.internal.operators.maybe.MaybeMap: io/reactivex/internal/operators/maybe/MaybeAmb
[MASTER] 16:32:53.214 [pool-2-thread-1] ERROR ClassStateSupport - Could not initialize io.reactivex.internal.operators.completable.CompletableCache: io/reactivex/internal/operators/completable/CompletableFromPublisher
[MASTER] 16:32:53.222 [pool-2-thread-1] ERROR ClassStateSupport - Could not initialize io.reactivex.internal.operators.flowable.FlowableToListSingle: io/reactivex/internal/operators/flowable/FlowableToList
[MASTER] 16:32:53.258 [pool-2-thread-1] ERROR ClassStateSupport - Could not initialize io.reactivex.internal.operators.maybe.MaybeFilterSingle: io/reactivex/internal/operators/maybe/MaybeToFlowable
[MASTER] 16:32:53.263 [pool-2-thread-1] ERROR ClassStateSupport - Could not initialize io.netty.handler.ssl.ReferenceCountedOpenSslClientContext: io/netty/handler/ssl/OpenSslKeyMaterialManager
[MASTER] 16:32:53.290 [pool-2-thread-1] ERROR ClassStateSupport - Could not initialize io.reactivex.internal.operators.single.SingleToObservable: io/reactivex/internal/operators/observable/ObservableError
[MASTER] 16:32:53.315 [pool-2-thread-1] ERROR ClassStateSupport - Could not initialize io.reactivex.internal.operators.maybe.MaybeError: io/reactivex/internal/operators/maybe/MaybeConcatArray
[MASTER] 16:32:53.335 [pool-2-thread-1] ERROR ClassStateSupport - Could not initialize io.reactivex.internal.operators.flowable.FlowableSequenceEqualSingle: io/reactivex/internal/operators/flowable/FlowableSequenceEqual
[MASTER] 16:32:53.343 [pool-2-thread-1] ERROR ClassStateSupport - Could not initialize io.reactivex.Observable: io/reactivex/internal/operators/observable/ObservableMap
[MASTER] 16:32:53.346 [pool-2-thread-1] ERROR ClassStateSupport - Could not initialize io.reactivex.internal.operators.observable.ObservableCountSingle: io/reactivex/internal/operators/observable/ObservableCount
[MASTER] 16:32:53.354 [pool-2-thread-1] ERROR ClassStateSupport - Could not initialize io.reactivex.internal.operators.maybe.MaybeFilter: io/reactivex/internal/operators/maybe/MaybeConcatArrayDelayError
[MASTER] 16:32:53.359 [pool-2-thread-1] ERROR ClassStateSupport - Could not initialize io.reactivex.internal.operators.maybe.MaybeHide: io/reactivex/internal/operators/maybe/MaybeDefer
[MASTER] 16:32:53.366 [pool-2-thread-1] ERROR ClassStateSupport - Could not initialize io.reactivex.internal.operators.maybe.MaybeUnsafeCreate: io/reactivex/internal/operators/maybe/MaybeFromCallable
[MASTER] 16:32:53.386 [pool-2-thread-1] ERROR ClassStateSupport - Could not initialize io.reactivex.internal.operators.maybe.MaybeDelay: io/reactivex/internal/operators/maybe/MaybeFromFuture
[MASTER] 16:32:53.393 [pool-2-thread-1] ERROR ClassStateSupport - Could not initialize io.netty.handler.ssl.ReferenceCountedOpenSslServerContext: io/netty/handler/ssl/OpenSslSessionContext
[MASTER] 16:32:53.398 [pool-2-thread-1] ERROR ClassStateSupport - Could not initialize io.reactivex.internal.operators.completable.CompletableMerge: io/reactivex/internal/operators/completable/CompletableMergeArray
[MASTER] 16:32:53.400 [pool-2-thread-1] ERROR ClassStateSupport - Could not initialize io.reactivex.internal.operators.observable.ObservableElementAtSingle: io/reactivex/internal/operators/observable/ObservableElementAt
[MASTER] 16:32:53.401 [pool-2-thread-1] ERROR ClassStateSupport - Could not initialize io.reactivex.internal.operators.flowable.FlowableAllSingle: io/reactivex/internal/operators/flowable/FlowableAll
[MASTER] 16:32:53.408 [pool-2-thread-1] ERROR ClassStateSupport - Could not initialize io.reactivex.internal.operators.completable.CompletableCreate: io/reactivex/internal/operators/completable/CompletableMergeDelayErrorIterable
[MASTER] 16:32:53.416 [pool-2-thread-1] ERROR ClassStateSupport - Could not initialize io.reactivex.internal.operators.observable.ObservableConcatMap: io/reactivex/internal/operators/observable/ObservableAllSingle
[MASTER] 16:32:53.427 [pool-2-thread-1] ERROR ClassStateSupport - Could not initialize io.reactivex.internal.operators.observable.ObservableDelaySubscriptionOther: io/reactivex/internal/operators/observable/ObservableReduceSeedSingle
[MASTER] 16:32:53.446 [pool-2-thread-1] ERROR ClassStateSupport - Could not initialize io.reactivex.internal.operators.flowable.FlowableElementAtMaybe: io/reactivex/internal/operators/maybe/MaybeJust
[MASTER] 16:32:53.451 [pool-2-thread-1] ERROR ClassStateSupport - Could not initialize io.reactivex.internal.operators.completable.CompletableFromUnsafeSource: io/reactivex/internal/operators/completable/CompletableMergeDelayErrorArray
[MASTER] 16:32:53.539 [pool-2-thread-1] ERROR ClassStateSupport - Could not initialize io.reactivex.internal.operators.flowable.FlowableSingleMaybe: io/reactivex/internal/operators/maybe/MaybeMergeArray
[MASTER] 16:32:53.545 [pool-2-thread-1] ERROR ClassStateSupport - Could not initialize io.reactivex.internal.operators.maybe.MaybeFromSingle: io/reactivex/internal/operators/maybe/MaybeNever
[MASTER] 16:32:53.555 [pool-2-thread-1] ERROR ClassStateSupport - Could not initialize io.reactivex.internal.operators.maybe.MaybeFlatten: io/reactivex/internal/operators/maybe/MaybeEqualSingle
[MASTER] 16:32:53.576 [pool-2-thread-1] ERROR ClassStateSupport - Could not initialize io.netty.channel.ChannelOutboundBuffer$Entry: io/netty/channel/ChannelOutboundBuffer$Entry$1
[MASTER] 16:32:53.580 [pool-2-thread-1] ERROR ClassStateSupport - Could not initialize io.reactivex.exceptions.CompositeException: io/reactivex/exceptions/CompositeException$WrappedPrintWriter
[MASTER] 16:32:53.582 [pool-2-thread-1] ERROR ClassStateSupport - Could not initialize io.reactivex.internal.operators.flowable.FlowableCountSingle: io/reactivex/internal/operators/flowable/FlowableCount
[MASTER] 16:32:53.596 [pool-2-thread-1] ERROR ClassStateSupport - Could not initialize io.reactivex.internal.operators.completable.CompletableFromObservable: io/reactivex/internal/operators/completable/CompletableUsing
[MASTER] 16:32:53.603 [pool-2-thread-1] ERROR ClassStateSupport - Could not initialize io.reactivex.internal.operators.maybe.MaybeTimeoutMaybe: io/reactivex/internal/operators/maybe/MaybeUsing
[MASTER] 16:32:53.614 [pool-2-thread-1] ERROR ClassStateSupport - Could not initialize io.reactivex.internal.operators.maybe.AbstractMaybeWithUpstream: io/reactivex/internal/operators/maybe/MaybeZipArray
[MASTER] 16:32:53.620 [pool-2-thread-1] ERROR ClassStateSupport - Could not initialize io.reactivex.internal.operators.observable.ObservableSkip: io/reactivex/internal/operators/observable/ObservableReduceMaybe
[MASTER] 16:32:53.625 [pool-2-thread-1] ERROR ClassStateSupport - Could not initialize io.reactivex.internal.operators.single.SingleFlatMapMaybe: io/reactivex/internal/operators/maybe/MaybeDelaySubscriptionOtherPublisher
[MASTER] 16:32:53.637 [pool-2-thread-1] ERROR ClassStateSupport - Could not initialize io.reactivex.internal.operators.maybe.MaybeFlatMapNotification: io/reactivex/internal/operators/maybe/MaybeDoFinally
[MASTER] 16:32:53.651 [pool-2-thread-1] ERROR ClassStateSupport - Could not initialize io.netty.handler.ssl.OpenSslServerContext: io/netty/handler/ssl/OpenSslServerSessionContext
[MASTER] 16:32:53.655 [pool-2-thread-1] ERROR ClassStateSupport - Could not initialize io.reactivex.internal.operators.completable.CompletableConcat: io/reactivex/internal/operators/completable/CompletableDoFinally
[MASTER] 16:32:53.662 [pool-2-thread-1] ERROR ClassStateSupport - Could not initialize io.reactivex.internal.operators.maybe.MaybeCreate: io/reactivex/internal/operators/maybe/MaybeFlatMapCompletable
[MASTER] 16:32:53.701 [pool-2-thread-1] ERROR ClassStateSupport - Could not initialize io.reactivex.internal.operators.maybe.MaybeCache: io/reactivex/internal/operators/maybe/MaybeFlatMapSingle
[MASTER] 16:32:53.707 [pool-2-thread-1] ERROR ClassStateSupport - Could not initialize io.reactivex.internal.operators.maybe.MaybeDelayWithCompletable: io/reactivex/internal/operators/maybe/MaybeLift
[MASTER] 16:32:53.712 [pool-2-thread-1] ERROR ClassStateSupport - Could not initialize io.reactivex.internal.operators.completable.CompletableError: io/reactivex/internal/operators/completable/CompletablePeek
[MASTER] 16:32:53.715 [pool-2-thread-1] ERROR ClassStateSupport - Could not initialize io.reactivex.internal.operators.flowable.FlowableReduceMaybe: io/reactivex/internal/operators/maybe/MaybeObserveOn
[MASTER] 16:32:53.720 [pool-2-thread-1] ERROR ClassStateSupport - Could not initialize io.reactivex.internal.operators.single.SingleFlatMapIterableObservable: io/reactivex/internal/operators/observable/ObservableToListSingle
[MASTER] 16:32:53.724 [pool-2-thread-1] ERROR ClassStateSupport - Could not initialize io.reactivex.internal.operators.maybe.MaybeDoOnEvent: io/reactivex/internal/operators/maybe/MaybeOnErrorNext
[MASTER] 16:32:53.729 [pool-2-thread-1] ERROR ClassStateSupport - Could not initialize io.reactivex.internal.operators.parallel.ParallelCollect: io/reactivex/internal/operators/parallel/ParallelReduce
[MASTER] 16:32:53.742 [pool-2-thread-1] ERROR ClassStateSupport - Could not initialize io.reactivex.internal.operators.observable.ObservableJoin: io/reactivex/internal/operators/observable/ObservableDelay
[MASTER] 16:32:53.760 [pool-2-thread-1] ERROR ClassStateSupport - Could not initialize io.reactivex.internal.operators.observable.AbstractObservableWithUpstream: io/reactivex/internal/operators/observable/ObservableTimer
[MASTER] 16:32:53.768 [pool-2-thread-1] ERROR ClassStateSupport - Could not initialize io.reactivex.internal.operators.completable.CompletableMergeIterable: io/reactivex/internal/operators/completable/CompletableLift
[MASTER] 16:32:53.773 [pool-2-thread-1] ERROR ClassStateSupport - Could not initialize io.reactivex.internal.operators.observable.ObservableZip: io/reactivex/internal/operators/observable/ObservableRepeat
[MASTER] 16:32:53.776 [pool-2-thread-1] ERROR ClassStateSupport - Could not initialize io.reactivex.internal.operators.maybe.MaybeDelayOtherPublisher: io/reactivex/internal/operators/maybe/MaybeOnErrorReturn
[MASTER] 16:32:53.817 [pool-2-thread-1] ERROR ClassStateSupport - Could not initialize io.netty.handler.ssl.OpenSslEngine: io/netty/internal/tcnative/SSL
[MASTER] 16:32:53.825 [pool-2-thread-1] ERROR ClassStateSupport - Could not initialize io.reactivex.internal.operators.maybe.MaybeTimer: io/reactivex/internal/operators/maybe/MaybeDetach
[MASTER] 16:32:53.829 [pool-2-thread-1] ERROR ClassStateSupport - Could not initialize io.reactivex.internal.operators.completable.CompletableFromSingle: io/reactivex/internal/operators/completable/CompletableObserveOn
[MASTER] 16:32:53.837 [pool-2-thread-1] ERROR ClassStateSupport - Could not initialize io.reactivex.internal.operators.completable.CompletableHide: io/reactivex/internal/operators/completable/CompletableResumeNext
[MASTER] 16:32:53.842 [pool-2-thread-1] ERROR ClassStateSupport - Could not initialize io.reactivex.internal.operators.flowable.FlowableFlatMapCompletableCompletable: io/reactivex/internal/operators/completable/CompletableSubscribeOn
[MASTER] 16:32:53.847 [pool-2-thread-1] ERROR ClassStateSupport - Could not initialize io.reactivex.Maybe: io/reactivex/internal/operators/maybe/MaybeSubscribeOn
[MASTER] 16:32:53.867 [pool-2-thread-1] ERROR ClassStateSupport - Could not initialize io.reactivex.internal.operators.observable.ObservableFlatMap: io/reactivex/internal/operators/observable/ObservableWindowTimed
[MASTER] 16:32:53.872 [pool-2-thread-1] ERROR ClassStateSupport - Could not initialize io.reactivex.internal.operators.maybe.MaybeZipIterable: io/reactivex/internal/operators/maybe/MaybeSwitchIfEmptySingle
[MASTER] 16:32:53.879 [pool-2-thread-1] ERROR ClassStateSupport - Could not initialize io.netty.handler.ssl.ReferenceCountedOpenSslEngine: Could not initialize class io.netty.handler.ssl.ReferenceCountedOpenSslEngine
[MASTER] 16:32:53.884 [pool-2-thread-1] ERROR ClassStateSupport - Could not initialize io.reactivex.internal.operators.observable.ObservableCreate: io/reactivex/internal/operators/observable/ObservableWindowBoundarySelector
[MASTER] 16:32:53.888 [pool-2-thread-1] ERROR ClassStateSupport - Could not initialize io.reactivex.internal.operators.maybe.MaybePeek: io/reactivex/internal/operators/maybe/MaybeSwitchIfEmpty
[MASTER] 16:32:53.902 [pool-2-thread-1] ERROR ClassStateSupport - Could not initialize io.reactivex.internal.operators.maybe.MaybeEmpty: io/reactivex/internal/operators/maybe/MaybeTakeUntilMaybe
[MASTER] 16:32:53.907 [pool-2-thread-1] ERROR ClassStateSupport - Could not initialize io.reactivex.Completable: io/reactivex/internal/operators/completable/CompletableTimeout
[MASTER] 16:32:53.931 [pool-2-thread-1] ERROR ClassStateSupport - Could not initialize io.reactivex.internal.operators.observable.ObservableFromUnsafeSource: io/reactivex/internal/operators/observable/ObservableWindowBoundary
[MASTER] 16:32:53.943 [pool-2-thread-1] ERROR ClassStateSupport - Could not initialize io.netty.bootstrap.Bootstrap: io/netty/bootstrap/BootstrapConfig
[MASTER] 16:32:53.950 [pool-2-thread-1] ERROR ClassStateSupport - Could not initialize io.reactivex.parallel.ParallelFlowable: io/reactivex/internal/operators/parallel/ParallelReduceFull
[MASTER] 16:32:53.954 [pool-2-thread-1] ERROR ClassStateSupport - Could not initialize io.reactivex.internal.operators.flowable.FlowableLastMaybe: io/reactivex/internal/operators/maybe/MaybeTakeUntilPublisher
[MASTER] 16:32:53.959 [pool-2-thread-1] ERROR ClassStateSupport - Could not initialize io.reactivex.internal.operators.maybe.MaybeFromCompletable: io/reactivex/internal/operators/maybe/MaybeToObservable
[MASTER] 16:32:53.964 [pool-2-thread-1] ERROR ClassStateSupport - Could not initialize io.reactivex.internal.operators.maybe.MaybeErrorCallable: io/reactivex/internal/operators/maybe/MaybeUnsubscribeOn
[MASTER] 16:32:53.971 [pool-2-thread-1] ERROR ClassStateSupport - Could not initialize io.reactivex.internal.operators.completable.CompletableDelay: io/reactivex/internal/operators/completable/CompletableToObservable
[MASTER] 16:32:53.974 [pool-2-thread-1] ERROR ClassStateSupport - Could not initialize io.reactivex.internal.operators.parallel.ParallelFilterTry: io/reactivex/internal/operators/parallel/ParallelSortedJoin
[MASTER] 16:32:54.312 [pool-2-thread-1] ERROR ClassStateSupport - Could not initialize io.reactivex.internal.operators.flowable.FlowableIgnoreElementsCompletable: io/reactivex/internal/operators/completable/CompletableDisposeOn
[MASTER] 16:32:54.422 [pool-2-thread-1] ERROR ClassStateSupport - Could not initialize io.reactivex.internal.operators.maybe.MaybeIgnoreElementCompletable: io/reactivex/internal/operators/completable/CompletableToFlowable
[MASTER] 16:32:55.132 [pool-2-thread-1] ERROR ClassStateSupport - Could not initialize io.reactivex.internal.operators.observable.ObservableWindowBoundarySelector: io/reactivex/internal/operators/observable/ObservableWindowBoundarySupplier
[MASTER] 16:32:55.153 [pool-2-thread-1] ERROR ClassStateSupport - Could not initialize io.reactivex.internal.operators.parallel.ParallelFilter: io/reactivex/internal/operators/parallel/ParallelRunOn
[MASTER] 16:32:55.299 [pool-2-thread-1] ERROR ClassStateSupport - Could not initialize io.reactivex.internal.operators.observable.ObservableFromPublisher: io/reactivex/internal/operators/observable/ObservableWindow
[MASTER] 16:32:55.327 [pool-2-thread-1] ERROR ClassStateSupport - Could not initialize io.reactivex.internal.operators.observable.ObservableCollect: io/reactivex/internal/operators/observable/ObservableLastSingle
[MASTER] 16:32:55.380 [pool-2-thread-1] ERROR ClassStateSupport - Could not initialize io.reactivex.internal.operators.parallel.ParallelMap: io/reactivex/internal/operators/parallel/ParallelJoin
[MASTER] 16:32:55.434 [pool-2-thread-1] ERROR ClassStateSupport - Could not initialize io.netty.handler.ssl.ReferenceCountedOpenSslClientContext: io/netty/handler/ssl/OpenSslExtendedKeyMaterialManager
[MASTER] 16:32:55.468 [pool-2-thread-1] ERROR ClassStateSupport - Could not initialize io.reactivex.internal.operators.single.SingleToObservable: io/reactivex/internal/operators/observable/ObservableAnySingle
[MASTER] 16:32:55.517 [pool-2-thread-1] ERROR ClassStateSupport - Could not initialize io.reactivex.internal.operators.observable.ObservableTimer: io/reactivex/internal/operators/observable/ObservableBufferTimed
[MASTER] 16:32:55.526 [pool-2-thread-1] ERROR ClassStateSupport - Could not initialize io.reactivex.Observable: io/reactivex/internal/operators/observable/ObservableBuffer
[MASTER] 16:32:55.535 [pool-2-thread-1] ERROR ClassStateSupport - Could not initialize io.reactivex.internal.operators.observable.ObservableWindowTimed: io/reactivex/internal/operators/observable/ObservableBufferExactBoundary
[MASTER] 16:32:55.563 [pool-2-thread-1] ERROR ClassStateSupport - Could not initialize io.netty.handler.ssl.ReferenceCountedOpenSslServerContext: io/netty/internal/tcnative/CertificateVerifier
[MASTER] 16:32:55.565 [pool-2-thread-1] ERROR ClassStateSupport - Could not initialize io.netty.handler.ssl.OpenSslSessionContext: io/netty/handler/ssl/OpenSslSessionContext$EmptyEnumeration
[MASTER] 16:32:55.570 [pool-2-thread-1] ERROR ClassStateSupport - Could not initialize io.reactivex.internal.operators.observable.ObservableRepeat: io/reactivex/internal/operators/observable/ObservableBufferBoundarySupplier
[MASTER] 16:32:55.585 [pool-2-thread-1] ERROR ClassStateSupport - Could not initialize io.reactivex.internal.operators.observable.ObservableError: io/reactivex/internal/operators/observable/ObservableBufferBoundary
[MASTER] 16:32:55.593 [pool-2-thread-1] ERROR ClassStateSupport - Could not initialize io.reactivex.internal.operators.observable.ObservableConcatMap: io/reactivex/internal/operators/observable/ObservableHide
[MASTER] 16:32:55.603 [pool-2-thread-1] ERROR ClassStateSupport - Could not initialize io.reactivex.internal.operators.observable.ObservableDelaySubscriptionOther: io/reactivex/internal/operators/observable/ObservableDistinct
[MASTER] 16:32:55.619 [pool-2-thread-1] ERROR ClassStateSupport - Could not initialize io.reactivex.internal.operators.observable.ObservableToListSingle: io/reactivex/internal/operators/observable/ObservableToList
[MASTER] 16:32:55.626 [pool-2-thread-1] ERROR ClassStateSupport - Could not initialize io.reactivex.internal.operators.observable.ObservableDelay: io/reactivex/internal/operators/observable/ObservablePublishSelector
[MASTER] 16:32:55.681 [pool-2-thread-1] ERROR ClassStateSupport - Could not initialize io.reactivex.internal.operators.observable.ObservableMap: io/reactivex/internal/operators/observable/ObservableGenerate
[MASTER] 16:32:55.749 [pool-2-thread-1] ERROR ClassStateSupport - Could not initialize io.reactivex.internal.operators.observable.ObservableSkip: io/reactivex/internal/operators/observable/ObservableTake
[MASTER] 16:32:55.767 [pool-2-thread-1] ERROR ClassStateSupport - Could not initialize io.reactivex.internal.operators.maybe.MaybeToObservable: io/reactivex/internal/operators/observable/ObservableScan
[MASTER] 16:32:55.812 [pool-2-thread-1] ERROR ClassStateSupport - Could not initialize io.reactivex.internal.operators.observable.ObservableFilter: io/reactivex/internal/operators/observable/ObservableAmb
[MASTER] 16:32:55.818 [pool-2-thread-1] ERROR ClassStateSupport - Could not initialize io.reactivex.internal.operators.flowable.FlowableReduceMaybe: io/reactivex/internal/operators/flowable/FlowableReduce
[MASTER] 16:32:55.833 [pool-2-thread-1] ERROR ClassStateSupport - Could not initialize io.reactivex.internal.operators.single.SingleFlatMapIterableObservable: io/reactivex/internal/operators/observable/ObservableCombineLatest
[MASTER] 16:32:55.844 [pool-2-thread-1] ERROR ClassStateSupport - Could not initialize io.reactivex.internal.operators.observable.ObservableRange: io/reactivex/internal/operators/observable/ObservableDefer
[MASTER] 16:32:55.854 [pool-2-thread-1] ERROR ClassStateSupport - Could not initialize io.reactivex.internal.operators.parallel.ParallelCollect: io/reactivex/internal/operators/parallel/ParallelPeek
[MASTER] 16:32:55.871 [pool-2-thread-1] ERROR ClassStateSupport - Could not initialize io.reactivex.internal.operators.observable.ObservableJoin: io/reactivex/internal/operators/observable/ObservableFromArray
[MASTER] 16:32:55.889 [pool-2-thread-1] ERROR ClassStateSupport - Could not initialize io.reactivex.internal.operators.observable.AbstractObservableWithUpstream: io/reactivex/internal/operators/observable/ObservableFromCallable
[MASTER] 16:32:55.900 [pool-2-thread-1] ERROR ClassStateSupport - Could not initialize io.reactivex.internal.operators.observable.ObservableZip: io/reactivex/internal/operators/observable/ObservableFromFuture
[MASTER] 16:32:55.951 [pool-2-thread-1] ERROR ClassStateSupport - Could not initialize io.reactivex.internal.operators.flowable.FlowableFlatMapCompletableCompletable: io/reactivex/internal/operators/flowable/FlowableFlatMapCompletable
[MASTER] 16:32:55.971 [pool-2-thread-1] ERROR ClassStateSupport - Could not initialize io.reactivex.internal.operators.observable.ObservableFlatMap: io/reactivex/internal/operators/observable/ObservableFromIterable
[MASTER] 16:32:55.978 [pool-2-thread-1] ERROR ClassStateSupport - Could not initialize io.reactivex.internal.operators.maybe.MaybeFlatMapIterableObservable: io/reactivex/internal/operators/observable/ObservableInterval
[MASTER] 16:32:55.992 [pool-2-thread-1] ERROR ClassStateSupport - Could not initialize io.reactivex.internal.operators.observable.ObservableCreate: io/reactivex/internal/operators/observable/ObservableIntervalRange
[MASTER] 16:32:56.008 [pool-2-thread-1] ERROR ClassStateSupport - Could not initialize io.reactivex.internal.operators.parallel.ParallelReduce: io/reactivex/internal/operators/parallel/ParallelFromPublisher
[MASTER] 16:32:56.034 [pool-2-thread-1] ERROR ClassStateSupport - Could not initialize io.reactivex.internal.operators.observable.ObservableFromUnsafeSource: io/reactivex/internal/operators/observable/ObservableJust
[MASTER] 16:32:56.042 [pool-2-thread-1] ERROR ClassStateSupport - Could not initialize io.reactivex.internal.operators.parallel.ParallelMapTry: io/reactivex/internal/operators/parallel/ParallelFlatMap
[MASTER] 16:32:56.055 [pool-2-thread-1] ERROR ClassStateSupport - Could not initialize io.reactivex.parallel.ParallelFlowable: io/reactivex/internal/operators/parallel/ParallelFromArray
[MASTER] 16:32:56.058 [pool-2-thread-1] ERROR ClassStateSupport - Could not initialize io.reactivex.internal.operators.observable.ObservableAllSingle: io/reactivex/internal/operators/observable/ObservableAll
[MASTER] 16:32:56.069 [pool-2-thread-1] ERROR ClassStateSupport - Could not initialize io.reactivex.internal.operators.parallel.ParallelFilterTry: io/reactivex/internal/operators/parallel/ParallelConcatMap
[MASTER] 16:32:56.445 [pool-2-thread-1] ERROR ClassStateSupport - Could not initialize io.reactivex.internal.operators.maybe.MaybeIgnoreElementCompletable: io/reactivex/internal/operators/maybe/MaybeIgnoreElement
[MASTER] 16:32:56.637 [pool-2-thread-1] ERROR ClassStateSupport - Could not initialize io.reactivex.internal.operators.observable.ObservableWindowBoundarySupplier: io/reactivex/internal/operators/observable/ObservableRangeLong
[MASTER] 16:32:56.968 [pool-2-thread-1] ERROR ClassStateSupport - Could not initialize io.reactivex.internal.operators.observable.ObservableWindowBoundarySelector: io/reactivex/internal/operators/observable/ObservableSequenceEqualSingle
[MASTER] 16:32:56.995 [pool-2-thread-1] ERROR ClassStateSupport - Could not initialize io.reactivex.internal.operators.parallel.ParallelFilter: io/reactivex/internal/operators/parallel/ParallelDoOnNextTry
[MASTER] 16:32:57.102 [pool-2-thread-1] ERROR ClassStateSupport - Could not initialize io.reactivex.internal.operators.observable.ObservableFromArray: io/reactivex/internal/operators/observable/ObservableSwitchMap
[MASTER] 16:32:57.127 [pool-2-thread-1] ERROR ClassStateSupport - Could not initialize io.reactivex.internal.operators.observable.ObservableBufferTimed: io/reactivex/internal/operators/observable/ObservableUsing
[MASTER] 16:32:57.135 [pool-2-thread-1] ERROR ClassStateSupport - Could not initialize io.reactivex.internal.operators.observable.ObservableFromPublisher: io/reactivex/internal/operators/observable/ObservableConcatMapEager
[MASTER] 16:32:57.149 [pool-2-thread-1] ERROR ClassStateSupport - Could not initialize io.reactivex.internal.operators.observable.ObservableElementAt: io/reactivex/internal/operators/observable/ObservableFlattenIterable
[MASTER] 16:32:57.154 [pool-2-thread-1] ERROR ClassStateSupport - Could not initialize io.reactivex.internal.operators.observable.ObservableIntervalRange: io/reactivex/internal/operators/observable/ObservableDebounce
[MASTER] 16:32:57.168 [pool-2-thread-1] ERROR ClassStateSupport - Could not initialize io.reactivex.internal.operators.observable.ObservableCollect: io/reactivex/internal/operators/observable/ObservableDebounceTimed
[MASTER] 16:32:57.182 [pool-2-thread-1] ERROR ClassStateSupport - Could not initialize io.reactivex.internal.operators.observable.ObservableDefer: io/reactivex/internal/operators/observable/ObservableDematerialize
[MASTER] 16:32:57.188 [pool-2-thread-1] ERROR ClassStateSupport - Could not initialize io.reactivex.internal.operators.observable.ObservableFromIterable: io/reactivex/internal/operators/observable/ObservableDistinctUntilChanged
[MASTER] 16:32:57.276 [pool-2-thread-1] ERROR ClassStateSupport - Could not initialize io.netty.handler.ssl.ReferenceCountedOpenSslClientContext: io/netty/internal/tcnative/CertificateRequestedCallback
[MASTER] 16:32:57.304 [pool-2-thread-1] ERROR ClassStateSupport - Could not initialize io.reactivex.internal.operators.observable.ObservableGenerate: io/reactivex/internal/operators/observable/ObservableDoFinally
[MASTER] 16:32:57.309 [pool-2-thread-1] ERROR ClassStateSupport - Could not initialize io.reactivex.internal.operators.single.SingleToObservable: io/reactivex/internal/operators/observable/ObservableDoAfterNext
[MASTER] 16:32:57.358 [pool-2-thread-1] ERROR ClassStateSupport - Could not initialize io.reactivex.internal.operators.observable.ObservableTimer: io/reactivex/internal/operators/observable/ObservableDoOnEach
[MASTER] 16:32:57.368 [pool-2-thread-1] ERROR ClassStateSupport - Could not initialize io.reactivex.Observable: io/reactivex/internal/operators/observable/ObservableDoOnLifecycle
[MASTER] 16:32:57.378 [pool-2-thread-1] ERROR ClassStateSupport - Could not initialize io.reactivex.internal.operators.observable.ObservableWindowTimed: io/reactivex/internal/operators/observable/ObservableFlatMapCompletableCompletable
[MASTER] 16:32:57.410 [pool-2-thread-1] ERROR ClassStateSupport - Could not initialize io.reactivex.internal.operators.observable.ObservableRepeat: io/reactivex/internal/operators/observable/ObservableFlatMapMaybe
[MASTER] 16:32:57.419 [pool-2-thread-1] ERROR ClassStateSupport - Could not initialize io.reactivex.internal.operators.observable.ObservableError: io/reactivex/internal/operators/observable/ObservableFlatMapSingle
[MASTER] 16:32:57.427 [pool-2-thread-1] ERROR ClassStateSupport - Could not initialize io.reactivex.internal.operators.observable.ObservableConcatMap: io/reactivex/internal/operators/observable/ObservableGroupBy
[MASTER] 16:32:57.439 [pool-2-thread-1] ERROR ClassStateSupport - Could not initialize io.reactivex.internal.operators.observable.ObservableDelaySubscriptionOther: io/reactivex/internal/operators/observable/ObservableGroupJoin
[MASTER] 16:32:57.452 [pool-2-thread-1] ERROR ClassStateSupport - Could not initialize io.reactivex.internal.operators.observable.ObservableTake: io/reactivex/internal/operators/observable/ObservableIgnoreElementsCompletable
[MASTER] 16:32:57.475 [pool-2-thread-1] ERROR ClassStateSupport - Could not initialize io.reactivex.internal.operators.observable.ObservableDelay: io/reactivex/internal/operators/observable/ObservableLift
[MASTER] 16:32:57.534 [pool-2-thread-1] ERROR ClassStateSupport - Could not initialize io.reactivex.internal.operators.observable.ObservableMap: io/reactivex/internal/operators/observable/ObservableMaterialize
[MASTER] 16:32:57.583 [pool-2-thread-1] ERROR ClassStateSupport - Could not initialize io.reactivex.internal.operators.observable.ObservableWindowBoundary: io/reactivex/internal/operators/observable/ObservableObserveOn
[MASTER] 16:32:57.615 [pool-2-thread-1] ERROR ClassStateSupport - Could not initialize io.reactivex.internal.operators.observable.ObservableCount: io/reactivex/internal/operators/observable/ObservableOnErrorNext
[MASTER] 16:32:57.622 [pool-2-thread-1] ERROR ClassStateSupport - Could not initialize io.reactivex.internal.operators.observable.ObservableWindow: io/reactivex/internal/operators/observable/ObservableOnErrorReturn
[MASTER] 16:32:57.627 [pool-2-thread-1] ERROR ClassStateSupport - Could not initialize io.reactivex.internal.operators.observable.ObservableBufferBoundarySupplier: io/reactivex/internal/operators/observable/ObservableDetach
[MASTER] 16:32:57.634 [pool-2-thread-1] ERROR ClassStateSupport - Could not initialize io.reactivex.internal.operators.observable.ObservableBufferBoundary: io/reactivex/internal/operators/observable/ObservableReduceWithSingle
[MASTER] 16:32:57.641 [pool-2-thread-1] ERROR ClassStateSupport - Could not initialize io.reactivex.internal.operators.observable.ObservableSkip: io/reactivex/internal/operators/observable/ObservableRepeatUntil
[MASTER] 16:32:57.671 [pool-2-thread-1] ERROR ClassStateSupport - Could not initialize io.reactivex.internal.operators.maybe.MaybeToObservable: io/reactivex/internal/operators/observable/ObservableRepeatWhen
[MASTER] 16:32:57.699 [pool-2-thread-1] ERROR ClassStateSupport - Could not initialize io.reactivex.internal.operators.completable.CompletableToObservable: io/reactivex/internal/operators/observable/ObservableRetryBiPredicate
[MASTER] 16:32:57.716 [pool-2-thread-1] ERROR ClassStateSupport - Could not initialize io.reactivex.internal.operators.observable.ObservableFilter: io/reactivex/internal/operators/observable/ObservableRetryPredicate
[MASTER] 16:32:57.727 [pool-2-thread-1] ERROR ClassStateSupport - Could not initialize io.reactivex.internal.operators.single.SingleFlatMapIterableObservable: io/reactivex/internal/operators/observable/ObservableRetryWhen
[MASTER] 16:32:57.730 [pool-2-thread-1] ERROR ClassStateSupport - Could not initialize io.reactivex.internal.operators.observable.ObservableAnySingle: io/reactivex/internal/operators/observable/ObservableAny
[MASTER] 16:32:57.736 [pool-2-thread-1] ERROR ClassStateSupport - Could not initialize io.reactivex.internal.operators.observable.ObservableRange: io/reactivex/internal/operators/observable/ObservableSampleWithObservable
[MASTER] 16:32:57.742 [pool-2-thread-1] ERROR ClassStateSupport - Could not initialize io.reactivex.internal.operators.observable.ObservableBuffer: io/reactivex/internal/operators/observable/ObservableSampleTimed
[MASTER] 16:32:57.748 [pool-2-thread-1] ERROR ClassStateSupport - Could not initialize io.reactivex.internal.operators.observable.ObservableHide: io/reactivex/internal/operators/observable/ObservableScanSeed
[MASTER] 16:32:57.758 [pool-2-thread-1] ERROR ClassStateSupport - Could not initialize io.reactivex.internal.operators.observable.ObservableFromCallable: io/reactivex/internal/operators/observable/ObservableSerialized
[MASTER] 16:32:57.769 [pool-2-thread-1] ERROR ClassStateSupport - Could not initialize io.reactivex.internal.operators.observable.ObservableJoin: io/reactivex/internal/operators/observable/ObservableSingleMaybe
[MASTER] 16:32:57.782 [pool-2-thread-1] ERROR ClassStateSupport - Could not initialize io.reactivex.internal.operators.observable.ObservableScan: io/reactivex/internal/operators/observable/ObservableSkipLastTimed
[MASTER] 16:32:57.792 [pool-2-thread-1] ERROR ClassStateSupport - Could not initialize io.reactivex.internal.operators.observable.AbstractObservableWithUpstream: io/reactivex/internal/operators/observable/ObservableSkipLast
[MASTER] 16:32:57.804 [pool-2-thread-1] ERROR ClassStateSupport - Could not initialize io.reactivex.internal.operators.observable.ObservableZip: io/reactivex/internal/operators/observable/ObservableSkipUntil
[MASTER] 16:32:57.872 [pool-2-thread-1] ERROR ClassStateSupport - Could not initialize io.reactivex.internal.operators.observable.ObservableFlatMap: io/reactivex/internal/operators/observable/ObservableSkipWhile
[MASTER] 16:32:57.878 [pool-2-thread-1] ERROR ClassStateSupport - Could not initialize io.reactivex.internal.operators.observable.ObservableCombineLatest: io/reactivex/internal/operators/observable/ObservableSubscribeOn
[MASTER] 16:32:57.884 [pool-2-thread-1] ERROR ClassStateSupport - Could not initialize io.reactivex.internal.operators.maybe.MaybeFlatMapIterableObservable: io/reactivex/internal/operators/observable/ObservableSwitchIfEmpty
[MASTER] 16:32:57.898 [pool-2-thread-1] ERROR ClassStateSupport - Could not initialize io.reactivex.internal.operators.observable.ObservableCreate: io/reactivex/internal/operators/observable/ObservableIgnoreElements
[MASTER] 16:32:57.905 [pool-2-thread-1] ERROR ClassStateSupport - Could not initialize io.reactivex.internal.operators.observable.ObservableBufferExactBoundary: io/reactivex/internal/operators/observable/ObservableTakeLastOne
[MASTER] 16:32:57.921 [pool-2-thread-1] ERROR ClassStateSupport - Could not initialize io.reactivex.internal.operators.observable.ObservableDistinct: io/reactivex/internal/operators/observable/ObservableTakeLast
[MASTER] 16:32:57.928 [pool-2-thread-1] ERROR ClassStateSupport - Could not initialize io.reactivex.internal.operators.observable.ObservableFromFuture: io/reactivex/internal/operators/observable/ObservableTakeLastTimed
[MASTER] 16:32:57.943 [pool-2-thread-1] ERROR ClassStateSupport - Could not initialize io.reactivex.internal.operators.observable.ObservableAmb: io/reactivex/internal/operators/observable/ObservableTakeUntilPredicate
[MASTER] 16:32:57.963 [pool-2-thread-1] ERROR ClassStateSupport - Could not initialize io.reactivex.internal.operators.observable.ObservableFromUnsafeSource: io/reactivex/internal/operators/observable/ObservableTakeUntil
[MASTER] 16:32:57.972 [pool-2-thread-1] ERROR ClassStateSupport - Could not initialize io.reactivex.internal.operators.observable.ObservableInterval: io/reactivex/internal/operators/observable/ObservableTakeWhile
[MASTER] 16:32:57.988 [pool-2-thread-1] ERROR ClassStateSupport - Could not initialize io.reactivex.internal.operators.observable.ObservablePublishSelector: io/reactivex/internal/operators/observable/ObservableThrottleFirstTimed
[MASTER] 16:32:58.524 [pool-2-thread-1] ERROR ClassStateSupport - Could not initialize io.reactivex.internal.operators.observable.ObservableFlatMapCompletableCompletable: io/reactivex/internal/operators/observable/ObservableFlatMapCompletable
[MASTER] 16:32:58.608 [pool-2-thread-1] ERROR ClassStateSupport - Could not initialize io.reactivex.internal.operators.observable.ObservableWindowBoundarySupplier: io/reactivex/internal/operators/observable/ObservableTimeInterval
[MASTER] 16:32:58.655 [pool-2-thread-1] ERROR ClassStateSupport - Could not initialize io.reactivex.internal.operators.observable.ObservableGroupJoin: io/reactivex/internal/operators/observable/ObservableTimeoutTimed
[MASTER] 16:32:58.666 [pool-2-thread-1] ERROR ClassStateSupport - Could not initialize io.reactivex.internal.operators.observable.ObservableSwitchIfEmpty: io/reactivex/internal/operators/observable/ObservableTimeout
[MASTER] 16:32:58.953 [pool-2-thread-1] ERROR ClassStateSupport - Could not initialize io.reactivex.internal.operators.observable.ObservableScanSeed: io/reactivex/internal/operators/observable/ObservableUnsubscribeOn
[MASTER] 16:32:58.967 [pool-2-thread-1] ERROR ClassStateSupport - Could not initialize io.reactivex.internal.operators.observable.ObservableWindowBoundarySelector: io/reactivex/internal/operators/observable/ObservableWithLatestFromMany
[MASTER] 16:32:59.093 [pool-2-thread-1] ERROR ClassStateSupport - Could not initialize io.reactivex.internal.operators.observable.ObservableFromArray: io/reactivex/internal/operators/observable/ObservableWithLatestFrom
[MASTER] 16:32:59.120 [pool-2-thread-1] ERROR ClassStateSupport - Could not initialize io.reactivex.internal.operators.observable.ObservableBufferTimed: io/reactivex/internal/operators/observable/ObservableZipIterable
[MASTER] 16:32:59.127 [pool-2-thread-1] ERROR ClassStateSupport - Could not initialize io.reactivex.internal.operators.observable.ObservableObserveOn: io/reactivex/internal/operators/flowable/FlowableFromObservable
[MASTER] 16:32:59.135 [pool-2-thread-1] ERROR ClassStateSupport - Could not initialize io.reactivex.internal.operators.observable.ObservableFromPublisher: io/reactivex/internal/operators/flowable/FlowableOnBackpressureError
[MASTER] 16:32:59.374 [pool-2-thread-1] ERROR ClassStateSupport - Could not initialize io.reactivex.internal.operators.observable.ObservableSequenceEqualSingle: io/reactivex/internal/operators/observable/ObservableSequenceEqual
[MASTER] 16:33:01.374 [pool-2-thread-1] ERROR ClassStateSupport - Could not initialize io.reactivex.internal.operators.observable.ObservableTimeoutTimed: io/reactivex/internal/operators/observable/ObservableTimeoutTimed$EmptyDisposable
