[MASTER] 18:50:48.499 [pool-2-thread-1] ERROR TestSuiteGenerator - Problem for org.asynchttpclient.BoundRequestBuilder. Full stack:
java.lang.ExceptionInInitializerError: null
	at io.netty.util.concurrent.GlobalEventExecutor.<init>(GlobalEventExecutor.java:44)
	at io.netty.util.concurrent.GlobalEventExecutor.<clinit>(GlobalEventExecutor.java)
	at io.netty.util.concurrent.ImmediateEventExecutor.<init>(ImmediateEventExecutor.java:54)
	at io.netty.util.concurrent.ImmediateEventExecutor.<clinit>(ImmediateEventExecutor.java)
	at org.asynchttpclient.RequestBuilderBase.<clinit>(RequestBuilderBase.java)
	at java.lang.Class.forName0(Native Method)
	at java.lang.Class.forName(Class.java:348)
	at sun.reflect.NativeMethodAccessorImpl.invoke0(Native Method)
	at sun.reflect.NativeMethodAccessorImpl.invoke(NativeMethodAccessorImpl.java:62)
	at sun.reflect.DelegatingMethodAccessorImpl.invoke(DelegatingMethodAccessorImpl.java:43)
	at java.lang.reflect.Method.invoke(Method.java:498)
	at org.evosuite.testcase.statements.MethodStatement$1.execute(MethodStatement.java:257)
	at org.evosuite.testcase.statements.AbstractStatement.exceptionHandler(AbstractStatement.java:169)
	at org.evosuite.testcase.statements.MethodStatement.execute(MethodStatement.java:220)
	at org.evosuite.testcase.execution.TestRunnable.executeStatements(TestRunnable.java:307)
	at org.evosuite.testcase.execution.TestRunnable.call(TestRunnable.java:213)
	at org.evosuite.testcase.execution.TestRunnable.call(TestRunnable.java:55)
	at java.util.concurrent.FutureTask.run(FutureTask.java:266)
	at java.util.concurrent.ThreadPoolExecutor.runWorker(ThreadPoolExecutor.java:1142)
	at java.util.concurrent.ThreadPoolExecutor$Worker.run(ThreadPoolExecutor.java:617)
	at java.lang.Thread.run(Thread.java:745)
Caused by: java.lang.ArrayIndexOutOfBoundsException: 0
	at org.evosuite.runtime.mock.java.lang.MockError.<init>(MockError.java:65)
	at io.netty.util.Signal.<init>(Signal.java:53)
	at io.netty.util.Signal.<init>(Signal.java:23)
	at io.netty.util.Signal$1.newConstant(Signal.java:30)
	at io.netty.util.Signal$1.newConstant(Signal.java:27)
	at io.netty.util.ConstantPool.getOrCreate(ConstantPool.java:71)
	at io.netty.util.ConstantPool.valueOf(ConstantPool.java:60)
	at io.netty.util.ConstantPool.valueOf(ConstantPool.java:47)
	at io.netty.util.Signal.valueOf(Signal.java:45)
	at io.netty.util.concurrent.DefaultPromise.<clinit>(DefaultPromise.java)
	... 21 common frames omitted
