* Starting client
* Connecting to master process on port 2201
* Analyzing classpath: 
  - /Users/Peifeng/Desktop/Study/Topics-in-Software-Engineering/GitLab/evosuite/case_study/scribejava/scribejava-core/target/classes
  - /Library/Java/JavaVirtualMachines/jdk1.8.0_77.jdk/Contents/Home/jre/lib/charsets.jar
  - /Library/Java/JavaVirtualMachines/jdk1.8.0_77.jdk/Contents/Home/jre/lib/deploy.jar
  - /Library/Java/JavaVirtualMachines/jdk1.8.0_77.jdk/Contents/Home/jre/lib/ext/cldrdata.jar
  - /Library/Java/JavaVirtualMachines/jdk1.8.0_77.jdk/Contents/Home/jre/lib/ext/dnsns.jar
  - /Library/Java/JavaVirtualMachines/jdk1.8.0_77.jdk/Contents/Home/jre/lib/ext/jaccess.jar
  - /Library/Java/JavaVirtualMachines/jdk1.8.0_77.jdk/Contents/Home/jre/lib/ext/jfxrt.jar
  - /Library/Java/JavaVirtualMachines/jdk1.8.0_77.jdk/Contents/Home/jre/lib/ext/localedata.jar
  - /Library/Java/JavaVirtualMachines/jdk1.8.0_77.jdk/Contents/Home/jre/lib/ext/nashorn.jar
  - /Library/Java/JavaVirtualMachines/jdk1.8.0_77.jdk/Contents/Home/jre/lib/ext/sunec.jar
  - /Library/Java/JavaVirtualMachines/jdk1.8.0_77.jdk/Contents/Home/jre/lib/ext/sunjce_provider.jar
  - /Library/Java/JavaVirtualMachines/jdk1.8.0_77.jdk/Contents/Home/jre/lib/ext/sunpkcs11.jar
  - /Library/Java/JavaVirtualMachines/jdk1.8.0_77.jdk/Contents/Home/jre/lib/ext/zipfs.jar
  - /Library/Java/JavaVirtualMachines/jdk1.8.0_77.jdk/Contents/Home/jre/lib/javaws.jar
  - /Library/Java/JavaVirtualMachines/jdk1.8.0_77.jdk/Contents/Home/jre/lib/jce.jar
  - /Library/Java/JavaVirtualMachines/jdk1.8.0_77.jdk/Contents/Home/jre/lib/jfr.jar
  - /Library/Java/JavaVirtualMachines/jdk1.8.0_77.jdk/Contents/Home/jre/lib/jfxswt.jar
  - /Library/Java/JavaVirtualMachines/jdk1.8.0_77.jdk/Contents/Home/jre/lib/jsse.jar
  - /Library/Java/JavaVirtualMachines/jdk1.8.0_77.jdk/Contents/Home/jre/lib/management-agent.jar
  - /Library/Java/JavaVirtualMachines/jdk1.8.0_77.jdk/Contents/Home/jre/lib/plugin.jar
  - /Library/Java/JavaVirtualMachines/jdk1.8.0_77.jdk/Contents/Home/jre/lib/resources.jar
  - /Library/Java/JavaVirtualMachines/jdk1.8.0_77.jdk/Contents/Home/jre/lib/rt.jar
  - /Library/Java/JavaVirtualMachines/jdk1.8.0_77.jdk/Contents/Home/lib/ant-javafx.jar
  - /Library/Java/JavaVirtualMachines/jdk1.8.0_77.jdk/Contents/Home/lib/dt.jar
  - /Library/Java/JavaVirtualMachines/jdk1.8.0_77.jdk/Contents/Home/lib/javafx-mx.jar
  - /Library/Java/JavaVirtualMachines/jdk1.8.0_77.jdk/Contents/Home/lib/jconsole.jar
  - /Library/Java/JavaVirtualMachines/jdk1.8.0_77.jdk/Contents/Home/lib/packager.jar
  - /Library/Java/JavaVirtualMachines/jdk1.8.0_77.jdk/Contents/Home/lib/sa-jdi.jar
  - /Library/Java/JavaVirtualMachines/jdk1.8.0_77.jdk/Contents/Home/lib/tools.jar
  - /Users/Peifeng/Desktop/Study/Topics-in-Software-Engineering/GitLab/evosuite/case_study/scribejava/scribejava-core/target/test-classes
  - /Users/Peifeng/Desktop/Study/Topics-in-Software-Engineering/GitLab/evosuite/case_study/scribejava/scribejava-core/target/classes
  - /Users/Peifeng/.m2/repository/junit/junit/4.12/junit-4.12.jar
  - /Users/Peifeng/.m2/repository/org/hamcrest/hamcrest-core/1.3/hamcrest-core-1.3.jar
  - /Users/Peifeng/.m2/repository/com/google/code/gson/gson/2.8.1/gson-2.8.1.jar
  - /Users/Peifeng/.m2/repository/commons-codec/commons-codec/1.10/commons-codec-1.10.jar
* Finished analyzing classpath
* Generating tests for class com.github.scribejava.core.utils.StreamUtils
* Test criteria:
  - Line Coverage
  - Branch Coverage
  - Exception
  - Mutation testing (weak)
  - Method-Output Coverage
  - Top-Level Method Coverage
  - No-Exception Top-Level Method Coverage
  - Context Branch Coverage
* Setting up search algorithm for whole suite generation
[MASTER] 19:33:24.066 [pool-2-thread-1] WARN  TestSuiteSerialization - Cannot load tests because file does not exist: /Users/Peifeng/Desktop/Study/Topics-in-Software-Engineering/GitLab/evosuite/case_study/scribejava/scribejava-core/.evosuite/evosuite-seeds/com.github.scribejava.core.utils.StreamUtils.seed
* Loaded 0 tests from /Users/Peifeng/Desktop/Study/Topics-in-Software-Engineering/GitLab/evosuite/case_study/scribejava/scribejava-core/.evosuite/evosuite-seeds/com.github.scribejava.core.utils.StreamUtils.seed
* Total number of test goals: 
  - Line 14
  - Branch 14
  - Exception 0
  - MutationFactory 27
  - Output 6
  - Method 2
  - MethodNoException 2
  - CBranchFitnessFactory 14
* Using seed 1507861996868
* Starting evolution
[MASTER] 19:36:13.381 [pool-2-thread-1] WARN  TimeController - Operation 'update from archive' took too long: 10072ms
* Search finished after 169s and 58 generations, 14654 statements, best individual has fitness: 68.0909090909091
* Writing sequences to pool
* Minimizing test suite
* Going to analyze the coverage criteria
* Coverage analysis for criterion LINE
* Coverage of criterion LINE: 86%
* Total number of goals: 14
* Number of covered goals: 12
* Coverage analysis for criterion BRANCH
* Coverage of criterion BRANCH: 64%
* Total number of goals: 14
* Number of covered goals: 9
* Coverage analysis for criterion EXCEPTION
* Coverage of criterion EXCEPTION: 82%
* Total number of goals: 11
* Number of covered goals: 9
* Coverage analysis for criterion WEAKMUTATION
* Coverage of criterion WEAKMUTATION: 93%
* Total number of goals: 27
* Number of covered goals: 25
* Coverage analysis for criterion OUTPUT
* Coverage of criterion OUTPUT: 33%
* Total number of goals: 6
* Number of covered goals: 2
* Coverage analysis for criterion METHOD
* Coverage of criterion METHOD: 100%
* Total number of goals: 2
* Number of covered goals: 2
* Coverage analysis for criterion METHODNOEXCEPTION
* Coverage of criterion METHODNOEXCEPTION: 50%
* Total number of goals: 2
* Number of covered goals: 1
* Coverage analysis for criterion CBRANCH
* Coverage of criterion CBRANCH: 64%
* Total number of goals: 14
* Number of covered goals: 9
* Generated 10 tests with total length 30
* Resulting test suite's coverage: 55% (average coverage for all fitness functions)
* Generating assertions
* Resulting test suite's mutation score: 44%
* Compiling and checking tests
* Writing JUnit test case 'StreamUtils_ESTest' to /Users/Peifeng/Desktop/Study/Topics-in-Software-Engineering/GitLab/evosuite/case_study/scribejava/scribejava-core/.evosuite/tmp_2017_10_12_18_59_48/tests
* Done!

