[MASTER] 16:53:00.820 [pool-2-thread-1] ERROR TestCluster - Failed to check cache for java.util.Comparator<T> : Type points to itself
[MASTER] 16:53:57.608 [TEST_EXECUTION_THREAD_0] ERROR AbstractStatement - Error assigning value of type FileAttribute[] defined at statement FileAttribute<Integer>[] fileAttributeArray0 = (FileAttribute<Integer>[]) Array.newInstance(FileAttribute.class, 1), assignment statement: fileAttributeArray0[0] = (FileAttribute<Integer>) fileAttributeArray0; SUT=org.asynchttpclient.request.body.multipart.part.MultipartPart
[MASTER] 16:54:25.892 [TEST_EXECUTION_THREAD_0] ERROR AbstractStatement - Error assigning value of type FileAttribute[] defined at statement FileAttribute<FilePart>[] fileAttributeArray0 = (FileAttribute<FilePart>[]) Array.newInstance(FileAttribute.class, 9), assignment statement: fileAttributeArray0[0] = (FileAttribute<FilePart>) fileAttributeArray0; SUT=org.asynchttpclient.request.body.multipart.part.MultipartPart
[MASTER] 16:54:31.035 [TEST_EXECUTION_THREAD_0] ERROR AbstractStatement - Error assigning value of type FileAttribute[] defined at statement FileAttribute<String>[] fileAttributeArray0 = (FileAttribute<String>[]) Array.newInstance(FileAttribute.class, 1), assignment statement: fileAttributeArray0[0] = (FileAttribute<String>) fileAttributeArray0; SUT=org.asynchttpclient.request.body.multipart.part.MultipartPart
[MASTER] 16:54:45.327 [pool-2-thread-1] ERROR TestCluster - Failed to check cache for java.util.List<E> : Type points to itself
[MASTER] 16:54:54.336 [TEST_EXECUTION_THREAD_0] ERROR AbstractStatement - Error assigning value of type FileAttribute[] defined at statement FileAttribute<StringPart>[] fileAttributeArray0 = (FileAttribute<StringPart>[]) Array.newInstance(FileAttribute.class, 6), assignment statement: fileAttributeArray0[0] = (FileAttribute<StringPart>) fileAttributeArray0; SUT=org.asynchttpclient.request.body.multipart.part.MultipartPart
[MASTER] 16:55:13.910 [TEST_EXECUTION_THREAD_0] ERROR AbstractStatement - Error assigning value of type FileAttribute[] defined at statement FileAttribute<List<String>>[] fileAttributeArray0 = (FileAttribute<List<String>>[]) Array.newInstance(FileAttribute.class, 9), assignment statement: fileAttributeArray0[0] = (FileAttribute<List<String>>) fileAttributeArray0; SUT=org.asynchttpclient.request.body.multipart.part.MultipartPart
[MASTER] 16:55:58.524 [pool-2-thread-1] ERROR ClassStateSupport - Could not initialize io.netty.util.internal.shaded.org.jctools.queues.BaseLinkedQueueProducerNodeRef: Lio/netty/util/internal/shaded/org/jctools/queues/LinkedQueueNode;
[MASTER] 16:55:58.655 [pool-2-thread-1] ERROR ClassStateSupport - Could not initialize io.netty.buffer.ByteBufUtil$ThreadLocalDirectByteBuf: io/netty/buffer/ByteBufUtil$ThreadLocalDirectByteBuf$1
[MASTER] 16:55:58.723 [pool-2-thread-1] ERROR ClassStateSupport - Could not initialize io.netty.buffer.PooledDuplicatedByteBuf: io/netty/buffer/PooledDuplicatedByteBuf$1
[MASTER] 16:55:58.727 [pool-2-thread-1] ERROR ClassStateSupport - Could not initialize io.netty.util.internal.shaded.org.jctools.queues.BaseLinkedQueuePad2: io.netty.util.internal.shaded.org.jctools.queues.BaseLinkedQueueProducerNodeRef
[MASTER] 16:55:58.732 [pool-2-thread-1] ERROR ClassStateSupport - Could not initialize io.netty.util.internal.shaded.org.jctools.queues.BaseLinkedQueuePad1: io.netty.util.internal.shaded.org.jctools.queues.BaseLinkedQueueProducerNodeRef
[MASTER] 16:55:58.766 [pool-2-thread-1] ERROR ClassStateSupport - Could not initialize io.netty.buffer.PooledDirectByteBuf: io/netty/buffer/PooledDirectByteBuf$1
[MASTER] 16:55:58.768 [pool-2-thread-1] ERROR ClassStateSupport - Could not initialize io.netty.util.internal.shaded.org.jctools.queues.BaseLinkedQueue: io.netty.util.internal.shaded.org.jctools.queues.BaseLinkedQueueProducerNodeRef
[MASTER] 16:55:58.776 [pool-2-thread-1] ERROR ClassStateSupport - Could not initialize io.netty.util.internal.shaded.org.jctools.queues.SpscLinkedQueue: io.netty.util.internal.shaded.org.jctools.queues.BaseLinkedQueueProducerNodeRef
[MASTER] 16:55:58.779 [pool-2-thread-1] ERROR ClassStateSupport - Could not initialize io.netty.buffer.PooledSlicedByteBuf: io/netty/buffer/PooledSlicedByteBuf$1
[MASTER] 16:55:58.799 [pool-2-thread-1] ERROR ClassStateSupport - Could not initialize io.netty.util.internal.shaded.org.jctools.queues.BaseLinkedQueueConsumerNodeRef: io.netty.util.internal.shaded.org.jctools.queues.BaseLinkedQueueProducerNodeRef
[MASTER] 16:55:58.829 [pool-2-thread-1] ERROR ClassStateSupport - Could not initialize io.netty.buffer.ByteBufUtil$ThreadLocalUnsafeDirectByteBuf: io/netty/buffer/ByteBufUtil$ThreadLocalUnsafeDirectByteBuf$1
[MASTER] 16:55:59.531 [pool-2-thread-1] ERROR ClassStateSupport - Could not initialize io.netty.util.internal.ThreadLocalRandom: io/netty/util/internal/ThreadLocalRandom$1
[MASTER] 16:55:59.875 [pool-2-thread-1] ERROR ClassStateSupport - Could not initialize org.eclipse.jetty.util.PathWatcher: org/eclipse/jetty/util/log/Log
[MASTER] 16:56:00.000 [pool-2-thread-1] ERROR ClassStateSupport - Could not initialize io.netty.util.AsciiString: io/netty/util/AsciiString$1
[MASTER] 16:56:00.042 [pool-2-thread-1] ERROR ClassStateSupport - Could not initialize org.eclipse.jetty.util.component.AbstractLifeCycle: Could not initialize class org.eclipse.jetty.util.component.AbstractLifeCycle
[MASTER] 16:56:01.027 [pool-2-thread-1] ERROR ClassStateSupport - Could not initialize org.eclipse.jetty.util.PathWatcher: org/eclipse/jetty/util/log/Log$1
[MASTER] 16:56:01.043 [pool-2-thread-1] ERROR ClassStateSupport - Could not initialize io.netty.buffer.PooledHeapByteBuf: io/netty/buffer/PooledHeapByteBuf$1
[MASTER] 16:56:01.108 [pool-2-thread-1] ERROR ClassStateSupport - Could not initialize io.netty.buffer.PooledUnsafeHeapByteBuf: io/netty/buffer/PooledUnsafeHeapByteBuf$1
[MASTER] 16:56:01.131 [pool-2-thread-1] ERROR ClassStateSupport - Could not initialize io.netty.util.HashingStrategy: io/netty/util/HashingStrategy$1
[MASTER] 16:56:01.174 [pool-2-thread-1] ERROR ClassStateSupport - Could not initialize io.netty.util.AsciiString: io.netty.util.HashingStrategy
[MASTER] 16:56:02.009 [pool-2-thread-1] ERROR ClassStateSupport - Could not initialize org.eclipse.jetty.util.PathWatcher: org/eclipse/jetty/util/Loader
[MASTER] 16:56:02.083 [pool-2-thread-1] ERROR ClassStateSupport - Could not initialize org.eclipse.jetty.util.log.Log: Could not initialize class org.eclipse.jetty.util.log.Log
[MASTER] 16:56:02.105 [pool-2-thread-1] ERROR ClassStateSupport - Could not initialize io.netty.util.AsciiString: io/netty/util/AsciiString$2
[MASTER] 16:56:02.793 [pool-2-thread-1] ERROR ClassStateSupport - Could not initialize org.eclipse.jetty.util.PathWatcher: org/eclipse/jetty/util/log/StdErrLog
