[MASTER] 20:28:35.073 [pool-2-thread-1] ERROR ConcreteClassAnalyzer - Problem for com.github.scribejava.httpclient.ahc.AhcHttpClient. Class not found: com.sun.deploy.uitoolkit.impl.fx.FXPreloader$FXDispatcher
java.lang.NoClassDefFoundError: com/sun/applet2/preloader/Preloader
	at java.lang.ClassLoader.defineClass1(Native Method) ~[na:1.8.0_77]
	at java.lang.ClassLoader.defineClass(ClassLoader.java:763) ~[na:1.8.0_77]
	at java.security.SecureClassLoader.defineClass(SecureClassLoader.java:142) ~[na:1.8.0_77]
	at java.net.URLClassLoader.defineClass(URLClassLoader.java:467) ~[na:1.8.0_77]
	at java.net.URLClassLoader.access$100(URLClassLoader.java:73) ~[na:1.8.0_77]
	at java.net.URLClassLoader$1.run(URLClassLoader.java:368) ~[na:1.8.0_77]
	at java.net.URLClassLoader$1.run(URLClassLoader.java:362) ~[na:1.8.0_77]
	at java.security.AccessController.doPrivileged(Native Method) ~[na:1.8.0_77]
	at java.net.URLClassLoader.findClass(URLClassLoader.java:361) ~[na:1.8.0_77]
	at java.lang.ClassLoader.loadClass(ClassLoader.java:424) ~[na:1.8.0_77]
	at java.lang.ClassLoader.loadClass(ClassLoader.java:357) ~[na:1.8.0_77]
	at java.lang.Class.getDeclaringClass0(Native Method) ~[na:1.8.0_77]
	at java.lang.Class.getDeclaringClass(Class.java:1235) ~[na:1.8.0_77]
	at java.lang.Class.getEnclosingClass(Class.java:1277) ~[na:1.8.0_77]
	at java.lang.Class.getSimpleBinaryName(Class.java:1443) ~[na:1.8.0_77]
	at java.lang.Class.getSimpleName(Class.java:1309) ~[na:1.8.0_77]
	at java.lang.Class.isAnonymousClass(Class.java:1411) ~[na:1.8.0_77]
	at org.evosuite.setup.TestUsageChecker.canUse(TestUsageChecker.java:155) ~[evosuite-1.0.5.jar:1.0.5]
	at org.evosuite.setup.ConcreteClassAnalyzer.getConcreteClassesImpl(ConcreteClassAnalyzer.java:129) [evosuite-1.0.5.jar:1.0.5]
	at org.evosuite.setup.ConcreteClassAnalyzer.getConcreteClasses(ConcreteClassAnalyzer.java:61) [evosuite-1.0.5.jar:1.0.5]
	at org.evosuite.setup.TestClusterGenerator.addDependency(TestClusterGenerator.java:876) [evosuite-1.0.5.jar:1.0.5]
	at org.evosuite.setup.TestClusterGenerator.addDependencies(TestClusterGenerator.java:787) [evosuite-1.0.5.jar:1.0.5]
	at org.evosuite.setup.TestClusterGenerator.addDependencyClass(TestClusterGenerator.java:983) [evosuite-1.0.5.jar:1.0.5]
	at org.evosuite.setup.TestClusterGenerator.resolveDependencies(TestClusterGenerator.java:358) [evosuite-1.0.5.jar:1.0.5]
	at org.evosuite.setup.TestClusterGenerator.generateCluster(TestClusterGenerator.java:137) [evosuite-1.0.5.jar:1.0.5]
	at org.evosuite.setup.DependencyAnalysis.analyze(DependencyAnalysis.java:117) [evosuite-1.0.5.jar:1.0.5]
	at org.evosuite.setup.DependencyAnalysis.analyzeClass(DependencyAnalysis.java:131) [evosuite-1.0.5.jar:1.0.5]
	at org.evosuite.TestSuiteGenerator.initializeTargetClass(TestSuiteGenerator.java:110) [evosuite-1.0.5.jar:1.0.5]
	at org.evosuite.TestSuiteGenerator.generateTestSuite(TestSuiteGenerator.java:130) [evosuite-1.0.5.jar:1.0.5]
	at org.evosuite.rmi.service.ClientNodeImpl$1.run(ClientNodeImpl.java:145) [evosuite-1.0.5.jar:1.0.5]
	at java.util.concurrent.Executors$RunnableAdapter.call(Executors.java:511) [na:1.8.0_77]
	at java.util.concurrent.FutureTask.run(FutureTask.java:266) [na:1.8.0_77]
	at java.util.concurrent.ThreadPoolExecutor.runWorker(ThreadPoolExecutor.java:1142) [na:1.8.0_77]
	at java.util.concurrent.ThreadPoolExecutor$Worker.run(ThreadPoolExecutor.java:617) [na:1.8.0_77]
	at java.lang.Thread.run(Thread.java:745) [na:1.8.0_77]
Caused by: java.lang.ClassNotFoundException: com.sun.applet2.preloader.Preloader
	at java.net.URLClassLoader.findClass(URLClassLoader.java:381) ~[na:1.8.0_77]
	at java.lang.ClassLoader.loadClass(ClassLoader.java:424) ~[na:1.8.0_77]
	at java.lang.ClassLoader.loadClass(ClassLoader.java:357) ~[na:1.8.0_77]
	... 35 common frames omitted
[MASTER] 20:28:35.074 [pool-2-thread-1] ERROR ConcreteClassAnalyzer - Removing class from inheritance tree
[MASTER] 20:29:06.520 [pool-2-thread-1] ERROR TestCluster - Failed to check cache for java.util.AbstractMap<K, V>.SimpleEntry<K, V> : Type points to itself
[MASTER] 20:29:06.522 [pool-2-thread-1] ERROR TestCluster - Failed to check cache for java.util.AbstractMap<K, V>.SimpleImmutableEntry<K, V> : Type points to itself
[MASTER] 20:29:06.548 [pool-2-thread-1] ERROR TestCluster - Failed to check cache for io.netty.channel.CombinedChannelDuplexHandler<I, O> : Type points to itself
[MASTER] 20:29:06.550 [pool-2-thread-1] ERROR TestCluster - Failed to check cache for io.netty.util.concurrent.DefaultProgressivePromise<V> : Type points to itself
[MASTER] 20:29:06.551 [pool-2-thread-1] ERROR TestCluster - Failed to check cache for io.netty.util.concurrent.DefaultPromise<V> : Type points to itself
[MASTER] 20:29:06.552 [pool-2-thread-1] ERROR TestCluster - Failed to check cache for io.netty.util.concurrent.FailedFuture<V> : Type points to itself
[MASTER] 20:29:06.553 [pool-2-thread-1] ERROR TestCluster - Failed to check cache for io.netty.util.concurrent.SucceededFuture<V> : Type points to itself
[MASTER] 20:32:05.741 [pool-2-thread-1] ERROR ClassStateSupport - Could not initialize io.netty.handler.ssl.OpenSslServerContext: io/netty/handler/ssl/ReferenceCountedOpenSslContext$3
[MASTER] 20:32:05.774 [pool-2-thread-1] ERROR ClassStateSupport - Could not initialize io.netty.util.internal.shaded.org.jctools.queues.BaseLinkedQueueProducerNodeRef: Lio/netty/util/internal/shaded/org/jctools/queues/LinkedQueueNode;
[MASTER] 20:32:05.946 [pool-2-thread-1] ERROR ClassStateSupport - Could not initialize io.netty.util.concurrent.GlobalEventExecutor: null
[MASTER] 20:32:05.988 [pool-2-thread-1] ERROR ClassStateSupport - Could not initialize io.netty.handler.ssl.OpenSslClientContext: io/netty/handler/ssl/ReferenceCountedOpenSslEngine
[MASTER] 20:32:06.052 [pool-2-thread-1] ERROR ClassStateSupport - Could not initialize io.netty.handler.ssl.ReferenceCountedOpenSslServerContext: io/netty/handler/ssl/OpenSslSessionContext
[MASTER] 20:32:06.053 [pool-2-thread-1] ERROR ClassStateSupport - Could not initialize io.netty.util.internal.shaded.org.jctools.queues.BaseLinkedQueuePad1: io.netty.util.internal.shaded.org.jctools.queues.BaseLinkedQueueProducerNodeRef
[MASTER] 20:32:06.067 [pool-2-thread-1] ERROR ClassStateSupport - Could not initialize io.netty.channel.ChannelFutureListener: io/netty/channel/ChannelFutureListener$1
[MASTER] 20:32:06.085 [pool-2-thread-1] ERROR ClassStateSupport - Could not initialize io.netty.handler.ssl.OpenSslContext: io/netty/handler/ssl/OpenSslEngine
[MASTER] 20:32:06.092 [pool-2-thread-1] ERROR ClassStateSupport - Could not initialize io.netty.util.concurrent.ScheduledFutureTask: Could not initialize class io.netty.util.concurrent.ScheduledFutureTask
[MASTER] 20:32:06.105 [pool-2-thread-1] ERROR ClassStateSupport - Could not initialize io.netty.util.internal.shaded.org.jctools.queues.BaseLinkedQueue: io.netty.util.internal.shaded.org.jctools.queues.BaseLinkedQueueProducerNodeRef
[MASTER] 20:32:06.106 [pool-2-thread-1] ERROR ClassStateSupport - Could not initialize io.netty.util.internal.shaded.org.jctools.queues.SpscLinkedQueue: io.netty.util.internal.shaded.org.jctools.queues.BaseLinkedQueueProducerNodeRef
[MASTER] 20:32:06.179 [pool-2-thread-1] ERROR ClassStateSupport - Could not initialize io.netty.util.concurrent.PromiseTask: Could not initialize class io.netty.util.concurrent.PromiseTask
[MASTER] 20:32:06.197 [pool-2-thread-1] ERROR ClassStateSupport - Could not initialize io.netty.util.internal.shaded.org.jctools.queues.BaseLinkedQueueConsumerNodeRef: io.netty.util.internal.shaded.org.jctools.queues.BaseLinkedQueueProducerNodeRef
[MASTER] 20:32:06.200 [pool-2-thread-1] ERROR ClassStateSupport - Could not initialize io.netty.handler.ssl.ReferenceCountedOpenSslContext: io/netty/handler/ssl/ReferenceCountedOpenSslContext$1
[MASTER] 20:32:06.218 [pool-2-thread-1] ERROR ClassStateSupport - Could not initialize org.asynchttpclient.netty.handler.WebSocketHandler: org/asynchttpclient/exception/ChannelClosedException
[MASTER] 20:32:06.220 [pool-2-thread-1] ERROR ClassStateSupport - Could not initialize io.netty.util.concurrent.DefaultPromise: Could not initialize class io.netty.util.concurrent.DefaultPromise
[MASTER] 20:32:06.257 [pool-2-thread-1] ERROR ClassStateSupport - Could not initialize io.netty.handler.ssl.ReferenceCountedOpenSslClientContext: io.netty.handler.ssl.ReferenceCountedOpenSslContext
[MASTER] 20:32:06.429 [pool-2-thread-1] ERROR ClassResetter - java.lang.NoClassDefFoundError: Could not initialize class io.netty.util.concurrent.DefaultPromise
[MASTER] 20:32:06.429 [pool-2-thread-1] ERROR ClassResetter - java.lang.NoClassDefFoundError: Could not initialize class io.netty.util.concurrent.GlobalEventExecutor
[MASTER] 20:32:06.678 [pool-2-thread-1] ERROR ClassStateSupport - Could not initialize io.netty.handler.codec.http.HttpHeaders: io/netty/handler/codec/http/HttpHeaderEntity
[MASTER] 20:32:06.787 [pool-2-thread-1] ERROR ClassStateSupport - Could not initialize io.netty.util.internal.ThreadLocalRandom: io/netty/util/internal/ThreadLocalRandom$1
[MASTER] 20:32:06.792 [pool-2-thread-1] ERROR ClassStateSupport - Could not initialize io.netty.handler.ssl.ApplicationProtocolConfig: io/netty/handler/ssl/ApplicationProtocolConfig$Protocol
[MASTER] 20:32:06.889 [pool-2-thread-1] ERROR ClassStateSupport - Could not initialize io.netty.handler.ssl.OpenSslServerContext: io/netty/handler/ssl/OpenSslServerSessionContext
[MASTER] 20:32:06.935 [pool-2-thread-1] ERROR ClassStateSupport - Could not initialize io.netty.handler.ssl.SslHandler: io/netty/handler/codec/ByteToMessageDecoder$1
[MASTER] 20:32:07.080 [pool-2-thread-1] ERROR ClassStateSupport - Could not initialize io.netty.util.concurrent.ImmediateEventExecutor: null
[MASTER] 20:32:07.082 [pool-2-thread-1] ERROR ClassStateSupport - Could not initialize io.netty.handler.codec.ByteToMessageDecoder: Could not initialize class io.netty.handler.codec.ByteToMessageDecoder
[MASTER] 20:32:07.088 [pool-2-thread-1] ERROR ClassStateSupport - Could not initialize org.asynchttpclient.RequestBuilder: Could not initialize class io.netty.util.concurrent.ImmediateEventExecutor
[MASTER] 20:32:07.160 [pool-2-thread-1] ERROR ClassStateSupport - Could not initialize io.netty.buffer.ByteBufAllocator: io/netty/buffer/ByteBufUtil$1
[MASTER] 20:32:07.162 [pool-2-thread-1] ERROR ClassStateSupport - Could not initialize io.netty.util.concurrent.GlobalEventExecutor: Could not initialize class io.netty.util.concurrent.GlobalEventExecutor
[MASTER] 20:32:07.165 [pool-2-thread-1] ERROR ClassStateSupport - Could not initialize io.netty.handler.ssl.ReferenceCountedOpenSslEngine: io/netty/handler/ssl/ReferenceCountedOpenSslEngine$1
[MASTER] 20:32:07.174 [pool-2-thread-1] ERROR ClassStateSupport - Could not initialize io.netty.handler.ssl.OpenSslClientContext: io/netty/handler/ssl/ReferenceCountedOpenSslContext$2
[MASTER] 20:32:07.180 [pool-2-thread-1] ERROR ClassStateSupport - Could not initialize io.netty.handler.ssl.ReferenceCountedOpenSslServerContext: io.netty.handler.ssl.ReferenceCountedOpenSslContext
[MASTER] 20:32:07.181 [pool-2-thread-1] ERROR ClassStateSupport - Could not initialize io.netty.handler.codec.http.DefaultHttpHeaders: io.netty.handler.codec.http.HttpHeaders
[MASTER] 20:32:07.184 [pool-2-thread-1] ERROR ClassStateSupport - Could not initialize org.asynchttpclient.RequestBuilderBase: Could not initialize class org.asynchttpclient.RequestBuilderBase
[MASTER] 20:32:07.196 [pool-2-thread-1] ERROR ClassStateSupport - Could not initialize io.netty.channel.ChannelFutureListener: io/netty/channel/ChannelFutureListener$2
[MASTER] 20:32:07.208 [pool-2-thread-1] ERROR ClassStateSupport - Could not initialize io.netty.handler.ssl.OpenSslContext: Could not initialize class io.netty.handler.ssl.OpenSslContext
[MASTER] 20:32:07.325 [pool-2-thread-1] ERROR ClassStateSupport - Could not initialize io.netty.handler.ssl.ReferenceCountedOpenSslContext: Could not initialize class io.netty.handler.ssl.ReferenceCountedOpenSslContext
[MASTER] 20:32:07.342 [pool-2-thread-1] ERROR ClassStateSupport - Could not initialize org.asynchttpclient.BoundRequestBuilder: org.asynchttpclient.RequestBuilderBase
[MASTER] 20:32:07.368 [pool-2-thread-1] ERROR ClassResetter - java.lang.NoClassDefFoundError: Could not initialize class io.netty.util.concurrent.ImmediateEventExecutor
[MASTER] 20:32:07.369 [pool-2-thread-1] ERROR ClassResetter - java.lang.NoClassDefFoundError: Could not initialize class org.asynchttpclient.RequestBuilderBase
[MASTER] 20:32:07.502 [pool-2-thread-1] ERROR ClassStateSupport - Could not initialize io.netty.handler.codec.http.HttpHeaders: io/netty/util/CharsetUtil
[MASTER] 20:32:07.612 [pool-2-thread-1] ERROR ClassStateSupport - Could not initialize io.netty.handler.ssl.ApplicationProtocolConfig: io/netty/handler/ssl/ApplicationProtocolConfig$SelectorFailureBehavior
[MASTER] 20:32:07.800 [pool-2-thread-1] ERROR ClassStateSupport - Could not initialize io.netty.handler.ssl.OpenSslServerContext: io/netty/handler/ssl/ReferenceCountedOpenSslContext$4
[MASTER] 20:32:07.842 [pool-2-thread-1] ERROR ClassStateSupport - Could not initialize io.netty.handler.ssl.SslHandler: io/netty/handler/codec/ByteToMessageDecoder$2
[MASTER] 20:32:08.245 [pool-2-thread-1] ERROR ClassStateSupport - Could not initialize io.netty.buffer.ByteBufAllocator: io/netty/util/internal/LongAdderCounter
[MASTER] 20:32:08.262 [pool-2-thread-1] ERROR ClassStateSupport - Could not initialize io.netty.handler.ssl.ReferenceCountedOpenSslEngine: io/netty/util/internal/ThrowableUtil
[MASTER] 20:32:08.266 [pool-2-thread-1] ERROR ClassStateSupport - Could not initialize io.netty.handler.ssl.OpenSslClientContext: io.netty.handler.ssl.OpenSslContext
[MASTER] 20:32:08.273 [pool-2-thread-1] ERROR ClassStateSupport - Could not initialize io.netty.handler.ssl.OpenSslSessionContext: io/netty/handler/ssl/OpenSslSessionContext$EmptyEnumeration
[MASTER] 20:32:08.279 [pool-2-thread-1] ERROR ClassStateSupport - Could not initialize io.netty.handler.codec.http.HttpHeaders$1: io.netty.handler.codec.http.HttpHeaders
[MASTER] 20:32:08.286 [pool-2-thread-1] ERROR ClassStateSupport - Could not initialize io.netty.channel.ChannelFutureListener: io/netty/channel/ChannelFutureListener$3
[MASTER] 20:32:08.394 [pool-2-thread-1] ERROR ClassStateSupport - Could not initialize io.netty.handler.ssl.OpenSslEngine: io.netty.handler.ssl.ReferenceCountedOpenSslEngine
[MASTER] 20:32:08.400 [pool-2-thread-1] ERROR ClassStateSupport - Could not initialize io.netty.buffer.ByteBufUtil: Could not initialize class io.netty.buffer.ByteBufUtil
[MASTER] 20:32:08.838 [pool-2-thread-1] ERROR ClassStateSupport - Could not initialize io.netty.handler.ssl.ApplicationProtocolConfig: io/netty/handler/ssl/ApplicationProtocolConfig$SelectedListenerFailureBehavior
[MASTER] 20:32:08.937 [pool-2-thread-1] ERROR ClassStateSupport - Could not initialize io.netty.buffer.PooledByteBufAllocator: io/netty/util/NettyRuntime
[MASTER] 20:32:09.101 [pool-2-thread-1] ERROR ClassStateSupport - Could not initialize io.netty.buffer.ByteBufUtil$ThreadLocalDirectByteBuf: io/netty/util/Recycler
[MASTER] 20:32:09.142 [pool-2-thread-1] ERROR ClassStateSupport - Could not initialize io.netty.buffer.ByteBufAllocator: io/netty/buffer/ByteBufUtil$2
[MASTER] 20:32:09.152 [pool-2-thread-1] ERROR ClassStateSupport - Could not initialize io.netty.handler.ssl.ReferenceCountedOpenSslEngine: Lio/netty/handler/ssl/ReferenceCountedOpenSslEngine$HandshakeState;
[MASTER] 20:32:09.158 [pool-2-thread-1] ERROR ClassStateSupport - Could not initialize io.netty.buffer.ByteBufProcessor: io/netty/buffer/ByteBufProcessor$1
[MASTER] 20:32:09.163 [pool-2-thread-1] ERROR ClassStateSupport - Could not initialize io.netty.handler.ssl.ReferenceCountedOpenSslServerContext: io/netty/handler/ssl/OpenSslKeyMaterialManager
[MASTER] 20:32:09.271 [pool-2-thread-1] ERROR ClassStateSupport - Could not initialize io.netty.buffer.AdvancedLeakAwareCompositeByteBuf: io/netty/buffer/Unpooled
[MASTER] 20:32:09.271 [pool-2-thread-1] ERROR ClassStateSupport - Could not initialize io.netty.buffer.WrappedCompositeByteBuf: Could not initialize class io.netty.buffer.WrappedCompositeByteBuf
[MASTER] 20:32:09.282 [pool-2-thread-1] ERROR ClassStateSupport - Could not initialize io.netty.buffer.CompositeByteBuf: Could not initialize class io.netty.buffer.CompositeByteBuf
[MASTER] 20:32:09.291 [pool-2-thread-1] ERROR ClassStateSupport - Could not initialize io.netty.buffer.SimpleLeakAwareCompositeByteBuf: Could not initialize class io.netty.buffer.SimpleLeakAwareCompositeByteBuf
[MASTER] 20:32:09.298 [pool-2-thread-1] ERROR ClassStateSupport - Could not initialize io.netty.handler.ssl.ReferenceCountedOpenSslClientContext: io/netty/handler/ssl/OpenSslExtendedKeyMaterialManager
[MASTER] 20:32:09.305 [pool-2-thread-1] ERROR ClassStateSupport - Could not initialize io.netty.buffer.ByteBufUtil$ThreadLocalUnsafeDirectByteBuf: io/netty/buffer/ByteBufUtil$ThreadLocalUnsafeDirectByteBuf$1
[MASTER] 20:32:09.709 [pool-2-thread-1] ERROR ClassStateSupport - Could not initialize io.netty.buffer.PooledByteBufAllocator: io/netty/util/NettyRuntime$AvailableProcessorsHolder
[MASTER] 20:32:09.901 [pool-2-thread-1] ERROR ClassStateSupport - Could not initialize io.netty.buffer.ByteBufUtil$ThreadLocalDirectByteBuf: io/netty/buffer/ByteBufUtil$ThreadLocalDirectByteBuf$1
[MASTER] 20:32:09.959 [pool-2-thread-1] ERROR ClassStateSupport - Could not initialize io.netty.handler.ssl.ReferenceCountedOpenSslEngine: Lio/netty/handler/ssl/ReferenceCountedOpenSslEngine$OpenSslSession;
[MASTER] 20:32:09.965 [pool-2-thread-1] ERROR ClassStateSupport - Could not initialize io.netty.buffer.ByteBufProcessor: io/netty/buffer/ByteBufProcessor$2
[MASTER] 20:32:09.971 [pool-2-thread-1] ERROR ClassStateSupport - Could not initialize io.netty.handler.ssl.ReferenceCountedOpenSslServerContext: io/netty/internal/tcnative/CertificateVerifier
[MASTER] 20:32:10.006 [pool-2-thread-1] ERROR ClassStateSupport - Could not initialize io.netty.util.Recycler: io/netty/util/Recycler$2
[MASTER] 20:32:10.126 [pool-2-thread-1] ERROR ClassStateSupport - Could not initialize io.netty.handler.ssl.ReferenceCountedOpenSslClientContext: io/netty/internal/tcnative/CertificateRequestedCallback
[MASTER] 20:32:10.129 [pool-2-thread-1] ERROR ClassStateSupport - Could not initialize io.netty.buffer.ByteBufUtil$ThreadLocalUnsafeDirectByteBuf: io/netty/util/Recycler$3
[MASTER] 20:32:10.660 [pool-2-thread-1] ERROR ClassStateSupport - Could not initialize io.netty.buffer.PooledByteBufAllocator: io/netty/buffer/PoolArena$DirectArena
[MASTER] 20:32:10.867 [pool-2-thread-1] ERROR ClassStateSupport - Could not initialize io.netty.buffer.ByteBufUtil$ThreadLocalDirectByteBuf: io/netty/util/Recycler$1
[MASTER] 20:32:10.881 [pool-2-thread-1] ERROR ClassStateSupport - Could not initialize io.netty.buffer.ByteBufUtil$ThreadLocalUnsafeDirectByteBuf$1: io.netty.util.Recycler
[MASTER] 20:32:10.906 [pool-2-thread-1] ERROR ClassStateSupport - Could not initialize io.netty.buffer.ByteBufProcessor: io/netty/buffer/ByteBufProcessor$3
[MASTER] 20:32:10.943 [pool-2-thread-1] ERROR ClassStateSupport - Could not initialize io.netty.util.Recycler: Could not initialize class io.netty.util.Recycler
[MASTER] 20:32:11.046 [pool-2-thread-1] ERROR ClassStateSupport - Could not initialize io.netty.buffer.ByteBufUtil$ThreadLocalUnsafeDirectByteBuf: io.netty.util.Recycler
[MASTER] 20:32:11.551 [pool-2-thread-1] ERROR ClassStateSupport - Could not initialize io.netty.buffer.PooledByteBufAllocator: io/netty/buffer/PoolSubpage
[MASTER] 20:32:11.701 [pool-2-thread-1] ERROR ClassStateSupport - Could not initialize org.asynchttpclient.RequestBuilder: null
[MASTER] 20:32:11.750 [pool-2-thread-1] ERROR ClassStateSupport - Could not initialize io.netty.buffer.ByteBufProcessor: io/netty/buffer/ByteBufProcessor$4
[MASTER] 20:32:11.834 [pool-2-thread-1] ERROR ClassStateSupport - Could not initialize io.netty.buffer.ByteBufUtil$ThreadLocalDirectByteBuf$1: io/netty/util/internal/MathUtil
[MASTER] 20:32:11.897 [pool-2-thread-1] ERROR ClassStateSupport - Could not initialize io.netty.util.concurrent.ImmediateEventExecutor: Could not initialize class io.netty.util.concurrent.ImmediateEventExecutor
[MASTER] 20:32:11.910 [pool-2-thread-1] ERROR ClassStateSupport - Could not initialize io.netty.buffer.ByteBufUtil$ThreadLocalDirectByteBuf: Could not initialize class io.netty.buffer.ByteBufUtil$ThreadLocalDirectByteBuf$1
[MASTER] 20:32:12.424 [pool-2-thread-1] ERROR ClassStateSupport - Could not initialize io.netty.buffer.PooledByteBufAllocator: io/netty/buffer/PoolChunkList
[MASTER] 20:32:12.600 [pool-2-thread-1] ERROR ClassStateSupport - Could not initialize io.netty.buffer.ByteBufProcessor: io/netty/buffer/ByteBufProcessor$5
[MASTER] 20:32:12.749 [pool-2-thread-1] ERROR ClassStateSupport - Could not initialize io.netty.buffer.PooledUnsafeDirectByteBuf: io/netty/buffer/PooledUnsafeDirectByteBuf$1
[MASTER] 20:32:12.754 [pool-2-thread-1] ERROR ClassStateSupport - Could not initialize io.netty.buffer.PooledDirectByteBuf: io/netty/buffer/PooledDirectByteBuf$1
[MASTER] 20:32:13.472 [pool-2-thread-1] ERROR ClassStateSupport - Could not initialize io.netty.buffer.ByteBufProcessor: io/netty/buffer/ByteBufProcessor$6
[MASTER] 20:32:14.254 [pool-2-thread-1] ERROR ClassStateSupport - Could not initialize io.netty.buffer.ByteBufProcessor: io/netty/buffer/ByteBufProcessor$7
[MASTER] 20:32:15.057 [pool-2-thread-1] ERROR ClassStateSupport - Could not initialize io.netty.buffer.ByteBufProcessor: io/netty/buffer/ByteBufProcessor$8
[MASTER] 20:32:15.819 [pool-2-thread-1] ERROR ClassStateSupport - Could not initialize io.netty.buffer.ByteBufProcessor: io/netty/buffer/ByteBufProcessor$9
[MASTER] 20:32:16.604 [pool-2-thread-1] ERROR ClassStateSupport - Could not initialize io.netty.buffer.ByteBufProcessor: io/netty/buffer/ByteBufProcessor$10
