[MASTER] 00:27:39.658 [pool-2-thread-1] ERROR TestClusterGenerator - Problem for org.asynchttpclient.handler.TransferCompletionHandler. Failed to add dependencies for class org.testng.TestRunner: java.lang.TypeNotPresentException: Type com.google.inject.Module not present
[sun.reflect.generics.factory.CoreReflectionFactory.makeNamedType(CoreReflectionFactory.java:117), sun.reflect.generics.visitor.Reifier.visitClassTypeSignature(Reifier.java:125), sun.reflect.generics.tree.ClassTypeSignature.accept(ClassTypeSignature.java:49), sun.reflect.generics.visitor.Reifier.reifyTypeArguments(Reifier.java:68), sun.reflect.generics.visitor.Reifier.visitClassTypeSignature(Reifier.java:138), sun.reflect.generics.tree.ClassTypeSignature.accept(ClassTypeSignature.java:49), sun.reflect.generics.visitor.Reifier.reifyTypeArguments(Reifier.java:68), sun.reflect.generics.visitor.Reifier.visitClassTypeSignature(Reifier.java:138), sun.reflect.generics.tree.ClassTypeSignature.accept(ClassTypeSignature.java:49), sun.reflect.generics.repository.FieldRepository.getGenericType(FieldRepository.java:85), java.lang.reflect.Field.getGenericType(Field.java:247), java.lang.reflect.Field.toGenericString(Field.java:329), org.evosuite.setup.TestClusterUtils.getFields(TestClusterUtils.java:224), org.evosuite.setup.TestClusterGenerator.addDependencyClass(TestClusterGenerator.java:1007), org.evosuite.setup.TestClusterGenerator.resolveDependencies(TestClusterGenerator.java:358), org.evosuite.setup.TestClusterGenerator.generateCluster(TestClusterGenerator.java:137), org.evosuite.setup.DependencyAnalysis.analyze(DependencyAnalysis.java:117), org.evosuite.setup.DependencyAnalysis.analyzeClass(DependencyAnalysis.java:131), org.evosuite.TestSuiteGenerator.initializeTargetClass(TestSuiteGenerator.java:110), org.evosuite.TestSuiteGenerator.generateTestSuite(TestSuiteGenerator.java:130), org.evosuite.rmi.service.ClientNodeImpl$1.run(ClientNodeImpl.java:145), java.util.concurrent.Executors$RunnableAdapter.call(Executors.java:511), java.util.concurrent.FutureTask.run(FutureTask.java:266), java.util.concurrent.ThreadPoolExecutor.runWorker(ThreadPoolExecutor.java:1142), java.util.concurrent.ThreadPoolExecutor$Worker.run(ThreadPoolExecutor.java:617), java.lang.Thread.run(Thread.java:745)]
[MASTER] 00:27:41.638 [pool-2-thread-1] ERROR TestCluster - Failed to check cache for org.asynchttpclient.AsyncHandler<T>.State : Type points to itself
[MASTER] 00:27:41.662 [pool-2-thread-1] ERROR TestCluster - Failed to check cache for io.netty.channel.CombinedChannelDuplexHandler<I, O> : Type points to itself
[MASTER] 00:27:41.666 [pool-2-thread-1] ERROR TestCluster - Failed to check cache for io.netty.util.concurrent.DefaultProgressivePromise<V> : Type points to itself
[MASTER] 00:27:41.668 [pool-2-thread-1] ERROR TestCluster - Failed to check cache for io.netty.util.concurrent.DefaultPromise<V> : Type points to itself
[MASTER] 00:27:41.673 [pool-2-thread-1] ERROR TestCluster - Failed to check cache for io.netty.util.concurrent.FailedFuture<V> : Type points to itself
[MASTER] 00:27:41.675 [pool-2-thread-1] ERROR TestCluster - Failed to check cache for io.netty.util.concurrent.SucceededFuture<V> : Type points to itself
[MASTER] 00:27:41.677 [pool-2-thread-1] ERROR TestCluster - Failed to check cache for java.lang.reflect.Constructor<T> : Type points to itself
[MASTER] 00:27:43.504 [pool-2-thread-1] ERROR TestCluster - Failed to check cache for java.util.HashSet<E> : Type points to itself
[MASTER] 00:27:52.092 [pool-2-thread-1] ERROR TestCluster - Failed to check cache for java.util.Comparator<T> : Type points to itself
[MASTER] 00:28:38.894 [TEST_EXECUTION_THREAD_0] ERROR AbstractStatement - Error assigning value of type FileAttribute[] defined at statement FileAttribute<ChannelOutboundHandlerAdapter>[] fileAttributeArray0 = (FileAttribute<ChannelOutboundHandlerAdapter>[]) Array.newInstance(FileAttribute.class, 5), assignment statement: fileAttributeArray0[0] = (FileAttribute<ChannelOutboundHandlerAdapter>) fileAttributeArray0; SUT=org.asynchttpclient.handler.TransferCompletionHandler
[MASTER] 00:29:05.511 [pool-2-thread-1] ERROR ClassStateSupport - Could not initialize io.netty.buffer.PooledDirectByteBuf: io/netty/buffer/PooledDirectByteBuf$1
[MASTER] 00:29:05.539 [pool-2-thread-1] ERROR ClassStateSupport - Could not initialize io.netty.util.internal.shaded.org.jctools.queues.BaseLinkedQueue: Lio/netty/util/internal/shaded/org/jctools/queues/LinkedQueueNode;
[MASTER] 00:29:05.542 [pool-2-thread-1] ERROR ClassStateSupport - Could not initialize io.netty.util.internal.shaded.org.jctools.queues.SpscLinkedQueue: io.netty.util.internal.shaded.org.jctools.queues.BaseLinkedQueue
[MASTER] 00:29:05.939 [pool-2-thread-1] ERROR ClassStateSupport - Could not initialize io.netty.util.internal.shaded.org.jctools.queues.BaseLinkedQueueProducerNodeRef: Could not initialize class io.netty.util.internal.shaded.org.jctools.queues.BaseLinkedQueueProducerNodeRef
[MASTER] 00:29:05.964 [pool-2-thread-1] ERROR ClassStateSupport - Could not initialize io.netty.util.internal.shaded.org.jctools.queues.BaseLinkedQueueConsumerNodeRef: Could not initialize class io.netty.util.internal.shaded.org.jctools.queues.BaseLinkedQueueConsumerNodeRef
[MASTER] 00:29:06.167 [pool-2-thread-1] ERROR ClassStateSupport - Could not initialize io.netty.util.internal.shaded.org.jctools.queues.BaseLinkedQueuePad2: Could not initialize class io.netty.util.internal.shaded.org.jctools.queues.BaseLinkedQueuePad2
[MASTER] 00:29:06.169 [pool-2-thread-1] ERROR ClassStateSupport - Could not initialize io.netty.util.internal.shaded.org.jctools.queues.BaseLinkedQueuePad1: Could not initialize class io.netty.util.internal.shaded.org.jctools.queues.BaseLinkedQueuePad1
[MASTER] 00:29:06.181 [pool-2-thread-1] ERROR ClassStateSupport - Could not initialize io.netty.util.HashingStrategy: io/netty/util/HashingStrategy$1
