* Starting client
* Connecting to master process on port 3204
* Analyzing classpath: 
  - /Users/Peifeng/Desktop/Study/Topics-in-Software-Engineering/GitLab/evosuite/case_study/scribejava/scribejava-core/target/classes
  - /Library/Java/JavaVirtualMachines/jdk1.8.0_77.jdk/Contents/Home/jre/lib/charsets.jar
  - /Library/Java/JavaVirtualMachines/jdk1.8.0_77.jdk/Contents/Home/jre/lib/deploy.jar
  - /Library/Java/JavaVirtualMachines/jdk1.8.0_77.jdk/Contents/Home/jre/lib/ext/cldrdata.jar
  - /Library/Java/JavaVirtualMachines/jdk1.8.0_77.jdk/Contents/Home/jre/lib/ext/dnsns.jar
  - /Library/Java/JavaVirtualMachines/jdk1.8.0_77.jdk/Contents/Home/jre/lib/ext/jaccess.jar
  - /Library/Java/JavaVirtualMachines/jdk1.8.0_77.jdk/Contents/Home/jre/lib/ext/jfxrt.jar
  - /Library/Java/JavaVirtualMachines/jdk1.8.0_77.jdk/Contents/Home/jre/lib/ext/localedata.jar
  - /Library/Java/JavaVirtualMachines/jdk1.8.0_77.jdk/Contents/Home/jre/lib/ext/nashorn.jar
  - /Library/Java/JavaVirtualMachines/jdk1.8.0_77.jdk/Contents/Home/jre/lib/ext/sunec.jar
  - /Library/Java/JavaVirtualMachines/jdk1.8.0_77.jdk/Contents/Home/jre/lib/ext/sunjce_provider.jar
  - /Library/Java/JavaVirtualMachines/jdk1.8.0_77.jdk/Contents/Home/jre/lib/ext/sunpkcs11.jar
  - /Library/Java/JavaVirtualMachines/jdk1.8.0_77.jdk/Contents/Home/jre/lib/ext/zipfs.jar
  - /Library/Java/JavaVirtualMachines/jdk1.8.0_77.jdk/Contents/Home/jre/lib/javaws.jar
  - /Library/Java/JavaVirtualMachines/jdk1.8.0_77.jdk/Contents/Home/jre/lib/jce.jar
  - /Library/Java/JavaVirtualMachines/jdk1.8.0_77.jdk/Contents/Home/jre/lib/jfr.jar
  - /Library/Java/JavaVirtualMachines/jdk1.8.0_77.jdk/Contents/Home/jre/lib/jfxswt.jar
  - /Library/Java/JavaVirtualMachines/jdk1.8.0_77.jdk/Contents/Home/jre/lib/jsse.jar
  - /Library/Java/JavaVirtualMachines/jdk1.8.0_77.jdk/Contents/Home/jre/lib/management-agent.jar
  - /Library/Java/JavaVirtualMachines/jdk1.8.0_77.jdk/Contents/Home/jre/lib/plugin.jar
  - /Library/Java/JavaVirtualMachines/jdk1.8.0_77.jdk/Contents/Home/jre/lib/resources.jar
  - /Library/Java/JavaVirtualMachines/jdk1.8.0_77.jdk/Contents/Home/jre/lib/rt.jar
  - /Library/Java/JavaVirtualMachines/jdk1.8.0_77.jdk/Contents/Home/lib/ant-javafx.jar
  - /Library/Java/JavaVirtualMachines/jdk1.8.0_77.jdk/Contents/Home/lib/dt.jar
  - /Library/Java/JavaVirtualMachines/jdk1.8.0_77.jdk/Contents/Home/lib/javafx-mx.jar
  - /Library/Java/JavaVirtualMachines/jdk1.8.0_77.jdk/Contents/Home/lib/jconsole.jar
  - /Library/Java/JavaVirtualMachines/jdk1.8.0_77.jdk/Contents/Home/lib/packager.jar
  - /Library/Java/JavaVirtualMachines/jdk1.8.0_77.jdk/Contents/Home/lib/sa-jdi.jar
  - /Library/Java/JavaVirtualMachines/jdk1.8.0_77.jdk/Contents/Home/lib/tools.jar
  - /Users/Peifeng/Desktop/Study/Topics-in-Software-Engineering/GitLab/evosuite/case_study/scribejava/scribejava-core/target/test-classes
  - /Users/Peifeng/Desktop/Study/Topics-in-Software-Engineering/GitLab/evosuite/case_study/scribejava/scribejava-core/target/classes
  - /Users/Peifeng/.m2/repository/junit/junit/4.12/junit-4.12.jar
  - /Users/Peifeng/.m2/repository/org/hamcrest/hamcrest-core/1.3/hamcrest-core-1.3.jar
  - /Users/Peifeng/.m2/repository/com/google/code/gson/gson/2.8.1/gson-2.8.1.jar
  - /Users/Peifeng/.m2/repository/commons-codec/commons-codec/1.10/commons-codec-1.10.jar
* Finished analyzing classpath
* Generating tests for class com.github.scribejava.core.model.OAuth2AccessToken
* Test criteria:
  - Line Coverage
  - Branch Coverage
  - Exception
  - Mutation testing (weak)
  - Method-Output Coverage
  - Top-Level Method Coverage
  - No-Exception Top-Level Method Coverage
  - Context Branch Coverage
* Setting up search algorithm for whole suite generation
[MASTER] 19:23:51.233 [pool-2-thread-1] WARN  TestSuiteSerialization - Cannot load tests because file does not exist: /Users/Peifeng/Desktop/Study/Topics-in-Software-Engineering/GitLab/evosuite/case_study/scribejava/scribejava-core/.evosuite/evosuite-seeds/com.github.scribejava.core.model.OAuth2AccessToken.seed
* Loaded 0 tests from /Users/Peifeng/Desktop/Study/Topics-in-Software-Engineering/GitLab/evosuite/case_study/scribejava/scribejava-core/.evosuite/evosuite-seeds/com.github.scribejava.core.model.OAuth2AccessToken.seed
* Total number of test goals: 
  - Line 41
  - Branch 24
  - Exception 0
  - MutationFactory 117
  - Output 36
  - Method 11
  - MethodNoException 11
  - CBranchFitnessFactory 24
* Using seed 1507861424305
* Starting evolution
* Search finished after 176s and 1758 generations, 486951 statements, best individual has fitness: 3.25
* Writing sequences to pool
* Minimizing test suite
* Going to analyze the coverage criteria
* Coverage analysis for criterion LINE
* Coverage of criterion LINE: 100%
* Total number of goals: 41
* Number of covered goals: 41
* Coverage analysis for criterion BRANCH
* Coverage of criterion BRANCH: 100%
* Total number of goals: 24
* Number of covered goals: 24
* Coverage analysis for criterion EXCEPTION
* Coverage of criterion EXCEPTION: 100%
* Total number of goals: 3
* Number of covered goals: 3
* Coverage analysis for criterion WEAKMUTATION
* Coverage of criterion WEAKMUTATION: 100%
* Total number of goals: 117
* Number of covered goals: 117
* Coverage analysis for criterion OUTPUT
* Coverage of criterion OUTPUT: 92%
* Total number of goals: 36
* Number of covered goals: 33
* Coverage analysis for criterion METHOD
* Coverage of criterion METHOD: 100%
* Total number of goals: 11
* Number of covered goals: 11
* Coverage analysis for criterion METHODNOEXCEPTION
* Coverage of criterion METHODNOEXCEPTION: 100%
* Total number of goals: 11
* Number of covered goals: 11
* Coverage analysis for criterion CBRANCH
* Coverage of criterion CBRANCH: 100%
* Total number of goals: 24
* Number of covered goals: 24
* Generated 29 tests with total length 75
* Resulting test suite's coverage: 99% (average coverage for all fitness functions)
* Generating assertions
* Resulting test suite's mutation score: 40%
* Compiling and checking tests
* Writing JUnit test case 'OAuth2AccessToken_ESTest' to /Users/Peifeng/Desktop/Study/Topics-in-Software-Engineering/GitLab/evosuite/case_study/scribejava/scribejava-core/.evosuite/tmp_2017_10_12_18_59_48/tests
* Done!

