[MASTER] 23:54:22.022 [pool-2-thread-1] ERROR TestClusterGenerator - Problem for org.asynchttpclient.util.HttpUtils. Failed to add dependencies for class org.testng.TestRunner: java.lang.TypeNotPresentException: Type com.google.inject.Module not present
[sun.reflect.generics.factory.CoreReflectionFactory.makeNamedType(CoreReflectionFactory.java:117), sun.reflect.generics.visitor.Reifier.visitClassTypeSignature(Reifier.java:125), sun.reflect.generics.tree.ClassTypeSignature.accept(ClassTypeSignature.java:49), sun.reflect.generics.visitor.Reifier.reifyTypeArguments(Reifier.java:68), sun.reflect.generics.visitor.Reifier.visitClassTypeSignature(Reifier.java:138), sun.reflect.generics.tree.ClassTypeSignature.accept(ClassTypeSignature.java:49), sun.reflect.generics.visitor.Reifier.reifyTypeArguments(Reifier.java:68), sun.reflect.generics.visitor.Reifier.visitClassTypeSignature(Reifier.java:138), sun.reflect.generics.tree.ClassTypeSignature.accept(ClassTypeSignature.java:49), sun.reflect.generics.repository.FieldRepository.getGenericType(FieldRepository.java:85), java.lang.reflect.Field.getGenericType(Field.java:247), java.lang.reflect.Field.toGenericString(Field.java:329), org.evosuite.setup.TestClusterUtils.getFields(TestClusterUtils.java:224), org.evosuite.setup.TestClusterGenerator.addDependencyClass(TestClusterGenerator.java:1007), org.evosuite.setup.TestClusterGenerator.resolveDependencies(TestClusterGenerator.java:358), org.evosuite.setup.TestClusterGenerator.generateCluster(TestClusterGenerator.java:137), org.evosuite.setup.DependencyAnalysis.analyze(DependencyAnalysis.java:117), org.evosuite.setup.DependencyAnalysis.analyzeClass(DependencyAnalysis.java:131), org.evosuite.TestSuiteGenerator.initializeTargetClass(TestSuiteGenerator.java:110), org.evosuite.TestSuiteGenerator.generateTestSuite(TestSuiteGenerator.java:130), org.evosuite.rmi.service.ClientNodeImpl$1.run(ClientNodeImpl.java:145), java.util.concurrent.Executors$RunnableAdapter.call(Executors.java:511), java.util.concurrent.FutureTask.run(FutureTask.java:266), java.util.concurrent.ThreadPoolExecutor.runWorker(ThreadPoolExecutor.java:1142), java.util.concurrent.ThreadPoolExecutor$Worker.run(ThreadPoolExecutor.java:617), java.lang.Thread.run(Thread.java:745)]
[MASTER] 23:54:26.809 [pool-2-thread-1] ERROR TestCluster - Failed to check cache for io.netty.util.concurrent.DefaultProgressivePromise<V> : Type points to itself
[MASTER] 23:54:26.810 [pool-2-thread-1] ERROR TestCluster - Failed to check cache for io.netty.util.concurrent.DefaultPromise<V> : Type points to itself
[MASTER] 23:54:26.813 [pool-2-thread-1] ERROR TestCluster - Failed to check cache for io.netty.util.concurrent.FailedFuture<V> : Type points to itself
[MASTER] 23:54:26.816 [pool-2-thread-1] ERROR TestCluster - Failed to check cache for io.netty.util.concurrent.SucceededFuture<V> : Type points to itself
[MASTER] 23:54:26.831 [pool-2-thread-1] ERROR TestCluster - Failed to check cache for io.netty.channel.CombinedChannelDuplexHandler<I, O> : Type points to itself
[MASTER] 23:54:26.836 [pool-2-thread-1] ERROR TestCluster - Failed to check cache for java.lang.reflect.Constructor<T> : Type points to itself
[MASTER] 23:54:44.684 [pool-2-thread-1] ERROR TestCluster - Failed to check cache for java.util.List<E> : Type points to itself
[MASTER] 23:54:49.798 [pool-2-thread-1] ERROR TestCluster - Failed to check cache for org.reactivestreams.Publisher<T> : Type points to itself
[MASTER] 23:54:58.651 [pool-2-thread-1] ERROR TestCluster - Failed to check cache for java.util.Collection<E> : Type points to itself
[MASTER] 23:55:11.953 [pool-2-thread-1] ERROR TestCluster - Failed to check cache for java.util.TreeSet<E> : Type points to itself
[MASTER] 23:55:26.022 [pool-2-thread-1] ERROR TestCluster - Failed to check cache for java.util.Comparator<T> : Type points to itself
[MASTER] 23:56:23.822 [pool-2-thread-1] ERROR TestCluster - Failed to check cache for org.asynchttpclient.AsyncHandler<T> : Type points to itself
[MASTER] 23:56:39.525 [pool-2-thread-1] ERROR ClassStateSupport - Could not initialize org.asynchttpclient.AsyncHttpClientConfig$ResponseBodyPartFactory: org/asynchttpclient/AsyncHttpClientConfig$ResponseBodyPartFactory$1
[MASTER] 23:56:39.555 [pool-2-thread-1] ERROR ClassStateSupport - Could not initialize io.netty.handler.ssl.SslContext: io/netty/handler/ssl/JdkSslServerContext
[MASTER] 23:56:41.956 [pool-2-thread-1] ERROR ClassStateSupport - Could not initialize io.netty.util.internal.ThreadLocalRandom: io/netty/util/internal/ThreadLocalRandom$1
[MASTER] 23:56:42.364 [pool-2-thread-1] ERROR ClassStateSupport - Could not initialize io.netty.channel.epoll.EpollDatagramChannel$EpollDatagramChannelUnsafe: io/netty/channel/socket/ChannelOutputShutdownException
[MASTER] 23:56:42.495 [pool-2-thread-1] ERROR ClassStateSupport - Could not initialize io.netty.util.internal.shaded.org.jctools.queues.BaseLinkedQueuePad2: Lio/netty/util/internal/shaded/org/jctools/queues/LinkedQueueNode;
[MASTER] 23:56:42.514 [pool-2-thread-1] ERROR ClassStateSupport - Could not initialize io.netty.util.internal.shaded.org.jctools.queues.BaseLinkedQueuePad1: Could not initialize class io.netty.util.internal.shaded.org.jctools.queues.BaseLinkedQueuePad1
[MASTER] 23:56:42.530 [pool-2-thread-1] ERROR ClassStateSupport - Could not initialize io.netty.util.internal.shaded.org.jctools.queues.MpscArrayQueueProducerIndexField: io/netty/util/internal/shaded/org/jctools/util/UnsafeAccess
[MASTER] 23:56:42.532 [pool-2-thread-1] ERROR ClassStateSupport - Could not initialize io.netty.util.HashingStrategy: io/netty/util/HashingStrategy$1
[MASTER] 23:56:42.536 [pool-2-thread-1] ERROR ClassStateSupport - Could not initialize io.netty.channel.ChannelFutureListener: io/netty/channel/ChannelFutureListener$1
[MASTER] 23:56:42.537 [pool-2-thread-1] ERROR ClassStateSupport - Could not initialize io.netty.util.internal.shaded.org.jctools.queues.MpscArrayQueueProducerLimitField: io.netty.util.internal.shaded.org.jctools.queues.MpscArrayQueueProducerIndexField
[MASTER] 23:56:42.556 [pool-2-thread-1] ERROR ClassStateSupport - Could not initialize io.netty.util.internal.shaded.org.jctools.queues.BaseLinkedQueue: io.netty.util.internal.shaded.org.jctools.queues.BaseLinkedQueuePad2
[MASTER] 23:56:42.557 [pool-2-thread-1] ERROR ClassStateSupport - Could not initialize io.netty.util.internal.shaded.org.jctools.queues.SpscLinkedQueue: io.netty.util.internal.shaded.org.jctools.queues.BaseLinkedQueuePad2
[MASTER] 23:56:42.644 [pool-2-thread-1] ERROR ClassStateSupport - Could not initialize io.netty.util.internal.shaded.org.jctools.queues.MpscArrayQueueMidPad: io.netty.util.internal.shaded.org.jctools.queues.MpscArrayQueueProducerIndexField
[MASTER] 23:56:42.651 [pool-2-thread-1] ERROR ClassStateSupport - Could not initialize io.netty.util.ByteProcessor: io/netty/util/ByteProcessor$1
[MASTER] 23:56:42.666 [pool-2-thread-1] ERROR ClassStateSupport - Could not initialize io.netty.channel.DefaultChannelConfig: io/netty/channel/DefaultMessageSizeEstimator$HandleImpl
[MASTER] 23:56:42.718 [pool-2-thread-1] ERROR ClassStateSupport - Could not initialize org.asynchttpclient.netty.handler.WebSocketHandler: org/asynchttpclient/exception/ChannelClosedException
[MASTER] 23:56:42.733 [pool-2-thread-1] ERROR ClassStateSupport - Could not initialize io.netty.channel.ChannelOutboundBuffer: io/netty/channel/ChannelOutboundBuffer$1
[MASTER] 23:56:42.793 [pool-2-thread-1] ERROR ClassStateSupport - Could not initialize io.netty.buffer.ByteBufUtil$ThreadLocalUnsafeDirectByteBuf: io/netty/util/Recycler
[MASTER] 23:56:42.835 [pool-2-thread-1] ERROR ClassStateSupport - Could not initialize io.netty.handler.ssl.SslHandler: io/netty/handler/codec/ByteToMessageDecoder$1
[MASTER] 23:56:42.840 [pool-2-thread-1] ERROR ClassStateSupport - Could not initialize org.asynchttpclient.AsyncHttpClientConfig$ResponseBodyPartFactory: org/asynchttpclient/AsyncHttpClientConfig$ResponseBodyPartFactory$2
[MASTER] 23:56:42.840 [pool-2-thread-1] ERROR ClassStateSupport - Could not initialize io.netty.util.internal.shaded.org.jctools.queues.BaseLinkedQueueProducerNodeRef: Could not initialize class io.netty.util.internal.shaded.org.jctools.queues.BaseLinkedQueueProducerNodeRef
[MASTER] 23:56:42.882 [pool-2-thread-1] ERROR ClassStateSupport - Could not initialize io.netty.util.concurrent.ImmediateEventExecutor: null
[MASTER] 23:56:42.882 [pool-2-thread-1] ERROR ClassStateSupport - Could not initialize io.netty.util.internal.shaded.org.jctools.queues.MpscArrayQueueConsumerIndexField: io.netty.util.internal.shaded.org.jctools.queues.MpscArrayQueueProducerIndexField
[MASTER] 23:56:42.883 [pool-2-thread-1] ERROR ClassStateSupport - Could not initialize io.netty.handler.codec.ByteToMessageDecoder: Could not initialize class io.netty.handler.codec.ByteToMessageDecoder
[MASTER] 23:56:42.883 [pool-2-thread-1] ERROR ClassStateSupport - Could not initialize io.netty.util.internal.shaded.org.jctools.queues.MpscArrayQueueL2Pad: io.netty.util.internal.shaded.org.jctools.queues.MpscArrayQueueProducerIndexField
[MASTER] 23:56:42.889 [pool-2-thread-1] ERROR ClassStateSupport - Could not initialize io.netty.channel.epoll.EpollDatagramChannelConfig: io.netty.channel.DefaultChannelConfig
[MASTER] 23:56:42.896 [pool-2-thread-1] ERROR ClassStateSupport - Could not initialize io.netty.buffer.ByteBufUtil$ThreadLocalDirectByteBuf: io/netty/buffer/ByteBufUtil$ThreadLocalDirectByteBuf$1
[MASTER] 23:56:42.897 [pool-2-thread-1] ERROR ClassStateSupport - Could not initialize io.netty.util.concurrent.GlobalEventExecutor: Could not initialize class io.netty.util.concurrent.GlobalEventExecutor
[MASTER] 23:56:42.908 [pool-2-thread-1] ERROR ClassStateSupport - Could not initialize io.netty.channel.unix.Socket: io.netty.channel.unix.ErrorsStaticallyReferencedJniMethods.errnoENOTCONN()I
[MASTER] 23:56:42.921 [pool-2-thread-1] ERROR ClassStateSupport - Could not initialize io.netty.channel.epoll.EpollChannelConfig: io.netty.channel.DefaultChannelConfig
[MASTER] 23:56:42.924 [pool-2-thread-1] ERROR ClassStateSupport - Could not initialize io.netty.handler.codec.DecoderResult: null
[MASTER] 23:56:42.946 [pool-2-thread-1] ERROR ClassStateSupport - Could not initialize io.netty.util.internal.shaded.org.jctools.queues.MpscArrayQueueL3Pad: io.netty.util.internal.shaded.org.jctools.queues.MpscArrayQueueProducerIndexField
[MASTER] 23:56:42.947 [pool-2-thread-1] ERROR ClassStateSupport - Could not initialize io.netty.channel.epoll.LinuxSocket: io.netty.channel.unix.Socket
[MASTER] 23:56:42.951 [pool-2-thread-1] ERROR ClassStateSupport - Could not initialize io.netty.buffer.PooledUnsafeDirectByteBuf: io/netty/buffer/PooledUnsafeDirectByteBuf$1
[MASTER] 23:56:42.964 [pool-2-thread-1] ERROR ClassStateSupport - Could not initialize org.testng.xml.Parser: org/testng/xml/SuiteXmlParser
[MASTER] 23:56:42.966 [pool-2-thread-1] ERROR ClassStateSupport - Could not initialize io.netty.util.concurrent.ScheduledFutureTask: Could not initialize class io.netty.util.concurrent.ScheduledFutureTask
[MASTER] 23:56:42.981 [pool-2-thread-1] ERROR ClassStateSupport - Could not initialize io.netty.buffer.PooledDirectByteBuf: io/netty/buffer/PooledDirectByteBuf$1
[MASTER] 23:56:43.036 [pool-2-thread-1] ERROR ClassStateSupport - Could not initialize io.netty.channel.unix.Errors: Could not initialize class io.netty.channel.unix.Errors
[MASTER] 23:56:43.037 [pool-2-thread-1] ERROR ClassStateSupport - Could not initialize io.netty.util.concurrent.PromiseTask: Could not initialize class io.netty.util.concurrent.PromiseTask
[MASTER] 23:56:43.071 [pool-2-thread-1] ERROR ClassStateSupport - Could not initialize io.netty.handler.ssl.SslContext: io/netty/handler/ssl/OpenSslServerContext
[MASTER] 23:56:43.074 [pool-2-thread-1] ERROR ClassStateSupport - Could not initialize io.netty.channel.unix.FileDescriptor: Could not initialize class io.netty.channel.unix.FileDescriptor
[MASTER] 23:56:43.087 [pool-2-thread-1] ERROR ClassStateSupport - Could not initialize io.netty.bootstrap.Bootstrap: io/netty/resolver/AddressResolverGroup
[MASTER] 23:56:43.088 [pool-2-thread-1] ERROR ClassStateSupport - Could not initialize io.netty.util.internal.shaded.org.jctools.queues.BaseLinkedQueueConsumerNodeRef: Could not initialize class io.netty.util.internal.shaded.org.jctools.queues.BaseLinkedQueueConsumerNodeRef
[MASTER] 23:56:43.111 [pool-2-thread-1] ERROR ClassStateSupport - Could not initialize io.netty.util.internal.shaded.org.jctools.queues.MpscArrayQueue: io.netty.util.internal.shaded.org.jctools.queues.MpscArrayQueueProducerIndexField
[MASTER] 23:56:43.114 [pool-2-thread-1] ERROR ClassStateSupport - Could not initialize io.netty.channel.DefaultChannelPromise: io.netty.util.concurrent.DefaultPromise
[MASTER] 23:56:43.115 [pool-2-thread-1] ERROR ClassStateSupport - Could not initialize io.netty.util.concurrent.DefaultPromise: Could not initialize class io.netty.util.concurrent.DefaultPromise
[MASTER] 23:56:43.145 [pool-2-thread-1] ERROR ClassStateSupport - Could not initialize io.netty.channel.AbstractChannel$CloseFuture: io.netty.util.concurrent.DefaultPromise
[MASTER] 23:56:43.157 [pool-2-thread-1] ERROR ClassResetter - java.lang.NoClassDefFoundError: Could not initialize class io.netty.handler.codec.DecoderResult
[MASTER] 23:56:43.167 [pool-2-thread-1] ERROR ClassResetter - java.lang.NoClassDefFoundError: Could not initialize class io.netty.channel.unix.Errors
[MASTER] 23:56:43.167 [pool-2-thread-1] ERROR ClassResetter - java.lang.NoClassDefFoundError: Could not initialize class io.netty.channel.unix.FileDescriptor
[MASTER] 23:56:43.168 [pool-2-thread-1] ERROR ClassResetter - java.lang.NoClassDefFoundError: Could not initialize class io.netty.util.concurrent.DefaultPromise
[MASTER] 23:56:43.174 [pool-2-thread-1] ERROR ClassResetter - java.lang.NoClassDefFoundError: Could not initialize class io.netty.util.concurrent.GlobalEventExecutor
[MASTER] 23:56:43.175 [pool-2-thread-1] ERROR ClassResetter - java.lang.NoClassDefFoundError: Could not initialize class io.netty.util.concurrent.ImmediateEventExecutor
[MASTER] 23:56:43.903 [pool-2-thread-1] ERROR ClassStateSupport - Could not initialize io.netty.channel.AbstractChannelHandlerContext: io/netty/channel/AbstractChannelHandlerContext$AbstractWriteTask
[MASTER] 23:56:44.010 [pool-2-thread-1] ERROR ClassStateSupport - Could not initialize io.netty.buffer.PooledDuplicatedByteBuf: io/netty/buffer/PooledDuplicatedByteBuf$1
[MASTER] 23:56:44.038 [pool-2-thread-1] ERROR ClassStateSupport - Could not initialize io.netty.channel.ChannelFutureListener: io/netty/channel/ChannelFutureListener$2
[MASTER] 23:56:44.085 [pool-2-thread-1] ERROR ClassStateSupport - Could not initialize io.netty.handler.ssl.JdkSslContext: io/netty/handler/ssl/ReferenceCountedOpenSslServerContext
[MASTER] 23:56:44.087 [pool-2-thread-1] ERROR ClassStateSupport - Could not initialize io.netty.buffer.PooledSlicedByteBuf: io/netty/buffer/PooledSlicedByteBuf$1
[MASTER] 23:56:44.118 [pool-2-thread-1] ERROR ClassStateSupport - Could not initialize io.netty.util.ByteProcessor: io/netty/util/ByteProcessor$2
[MASTER] 23:56:44.122 [pool-2-thread-1] ERROR ClassStateSupport - Could not initialize io.netty.channel.DefaultChannelPipeline$TailContext: io/netty/channel/AbstractChannelHandlerContext$WriteAndFlushTask
[MASTER] 23:56:44.164 [pool-2-thread-1] ERROR ClassStateSupport - Could not initialize io.netty.channel.ChannelOutboundBuffer: Lio/netty/channel/ChannelOutboundBuffer$Entry;
[MASTER] 23:56:44.194 [pool-2-thread-1] ERROR ClassStateSupport - Could not initialize io.netty.buffer.ByteBufUtil$ThreadLocalUnsafeDirectByteBuf: io/netty/buffer/ByteBufUtil$ThreadLocalUnsafeDirectByteBuf$1
[MASTER] 23:56:44.205 [pool-2-thread-1] ERROR ClassStateSupport - Could not initialize io.netty.handler.ssl.JdkSslServerContext: io/netty/handler/ssl/JdkSslClientContext
[MASTER] 23:56:44.231 [pool-2-thread-1] ERROR ClassStateSupport - Could not initialize io.netty.handler.ssl.SslHandler: io/netty/handler/codec/ByteToMessageDecoder$2
[MASTER] 23:56:44.264 [pool-2-thread-1] ERROR ClassStateSupport - Could not initialize io.netty.buffer.ByteBufUtil$ThreadLocalDirectByteBuf: io/netty/util/Recycler$2
[MASTER] 23:56:44.303 [pool-2-thread-1] ERROR ClassStateSupport - Could not initialize io.netty.buffer.PooledUnsafeDirectByteBuf: io/netty/util/Recycler$3
[MASTER] 23:56:44.343 [pool-2-thread-1] ERROR ClassStateSupport - Could not initialize org.testng.xml.Parser: org/testng/xml/TestNGContentHandler
[MASTER] 23:56:44.360 [pool-2-thread-1] ERROR ClassStateSupport - Could not initialize io.netty.channel.DefaultChannelHandlerContext: io/netty/channel/AbstractChannelHandlerContext$WriteTask
[MASTER] 23:56:44.367 [pool-2-thread-1] ERROR ClassStateSupport - Could not initialize io.netty.buffer.PooledDirectByteBuf: io/netty/util/Recycler$1
[MASTER] 23:56:44.388 [pool-2-thread-1] ERROR ClassStateSupport - Could not initialize io.netty.util.Recycler: Could not initialize class io.netty.util.Recycler
[MASTER] 23:56:44.414 [pool-2-thread-1] ERROR ClassStateSupport - Could not initialize io.netty.handler.ssl.SslContext: io/netty/handler/ssl/OpenSslClientContext
[MASTER] 23:56:44.429 [pool-2-thread-1] ERROR ClassStateSupport - Could not initialize io.netty.bootstrap.Bootstrap: io/netty/resolver/DefaultAddressResolverGroup
[MASTER] 23:56:45.064 [pool-2-thread-1] ERROR ClassStateSupport - Could not initialize io.netty.handler.ssl.OpenSslServerContext: io/netty/handler/ssl/ReferenceCountedOpenSslClientContext
[MASTER] 23:56:45.083 [pool-2-thread-1] ERROR ClassStateSupport - Could not initialize io.netty.handler.ssl.JdkSslClientContext: io/netty/buffer/ByteBufInputStream
[MASTER] 23:56:45.328 [pool-2-thread-1] ERROR ClassStateSupport - Could not initialize io.netty.channel.ChannelFutureListener: io/netty/channel/ChannelFutureListener$3
[MASTER] 23:56:45.766 [pool-2-thread-1] ERROR ClassStateSupport - Could not initialize io.netty.handler.ssl.JdkSslContext: io/netty/handler/ssl/SslUtils
[MASTER] 23:56:45.829 [pool-2-thread-1] ERROR ClassStateSupport - Could not initialize io.netty.util.ByteProcessor: io/netty/util/ByteProcessor$3
[MASTER] 23:56:45.837 [pool-2-thread-1] ERROR ClassStateSupport - Could not initialize io.netty.handler.ssl.ReferenceCountedOpenSslContext: io/netty/handler/ssl/ReferenceCountedOpenSslContext$3
[MASTER] 23:56:45.874 [pool-2-thread-1] ERROR ClassStateSupport - Could not initialize org.testng.xml.XMLParser: org/testng/internal/ClassHelper
[MASTER] 23:56:45.961 [pool-2-thread-1] ERROR ClassStateSupport - Could not initialize org.testng.xml.SuiteXmlParser: org.testng.xml.XMLParser
[MASTER] 23:56:45.962 [pool-2-thread-1] ERROR ClassStateSupport - Could not initialize io.netty.handler.ssl.JdkSslServerContext: io.netty.handler.ssl.JdkSslContext
[MASTER] 23:56:45.975 [pool-2-thread-1] ERROR ClassStateSupport - Could not initialize io.netty.channel.AbstractChannelHandlerContext$WriteTask: io/netty/channel/AbstractChannelHandlerContext$WriteTask$1
[MASTER] 23:56:46.049 [pool-2-thread-1] ERROR ClassStateSupport - Could not initialize io.netty.channel.AbstractChannelHandlerContext$WriteAndFlushTask: io/netty/channel/AbstractChannelHandlerContext$WriteAndFlushTask$1
[MASTER] 23:56:46.117 [pool-2-thread-1] ERROR ClassStateSupport - Could not initialize io.netty.handler.ssl.ReferenceCountedOpenSslServerContext: io/netty/handler/ssl/ReferenceCountedOpenSslEngine
[MASTER] 23:56:46.175 [pool-2-thread-1] ERROR ClassStateSupport - Could not initialize io.netty.handler.ssl.OpenSslContext: io/netty/handler/ssl/OpenSslEngine
[MASTER] 23:56:46.182 [pool-2-thread-1] ERROR ClassStateSupport - Could not initialize org.testng.xml.Parser: org.testng.xml.XMLParser
[MASTER] 23:56:46.272 [pool-2-thread-1] ERROR ClassStateSupport - Could not initialize io.netty.bootstrap.Bootstrap: io/netty/bootstrap/AbstractBootstrapConfig
[MASTER] 23:56:47.064 [pool-2-thread-1] ERROR ClassStateSupport - Could not initialize io.netty.handler.ssl.OpenSslServerContext: io/netty/handler/ssl/OpenSslSessionContext
[MASTER] 23:56:47.342 [pool-2-thread-1] ERROR ClassStateSupport - Could not initialize io.netty.handler.ssl.OpenSslClientContext: io/netty/handler/ssl/ReferenceCountedOpenSslContext$1
[MASTER] 23:56:47.468 [pool-2-thread-1] ERROR ClassStateSupport - Could not initialize io.netty.util.ByteProcessor: io/netty/util/ByteProcessor$4
[MASTER] 23:56:47.471 [pool-2-thread-1] ERROR ClassStateSupport - Could not initialize io.netty.handler.ssl.ReferenceCountedOpenSslContext: Could not initialize class io.netty.handler.ssl.ReferenceCountedOpenSslContext
[MASTER] 23:56:47.582 [pool-2-thread-1] ERROR ClassStateSupport - Could not initialize io.netty.handler.ssl.ReferenceCountedOpenSslClientContext: io.netty.handler.ssl.ReferenceCountedOpenSslContext
[MASTER] 23:56:47.699 [pool-2-thread-1] ERROR ClassStateSupport - Could not initialize io.netty.handler.ssl.ReferenceCountedOpenSslEngine: io/netty/handler/ssl/ReferenceCountedOpenSslEngine$1
[MASTER] 23:56:47.730 [pool-2-thread-1] ERROR ClassStateSupport - Could not initialize io.netty.handler.ssl.ReferenceCountedOpenSslServerContext: io.netty.handler.ssl.ReferenceCountedOpenSslContext
[MASTER] 23:56:47.746 [pool-2-thread-1] ERROR ClassStateSupport - Could not initialize io.netty.handler.ssl.OpenSslContext: Could not initialize class io.netty.handler.ssl.OpenSslContext
[MASTER] 23:56:47.754 [pool-2-thread-1] ERROR ClassStateSupport - Could not initialize org.testng.xml.Parser: org.testng.xml.ISuiteParser: Provider org.testng.internal.YamlParser not found
[MASTER] 23:56:47.810 [pool-2-thread-1] ERROR ClassStateSupport - Could not initialize io.netty.bootstrap.Bootstrap: io/netty/bootstrap/BootstrapConfig
[MASTER] 23:56:47.845 [pool-2-thread-1] ERROR ClassStateSupport - Could not initialize io.netty.channel.ChannelOutboundBuffer$Entry: io/netty/channel/ChannelOutboundBuffer$Entry$1
