[MASTER] 21:27:51.184 [pool-2-thread-1] ERROR ClassStateSupport - Could not initialize io.netty.handler.ssl.OpenSslServerContext: io/netty/util/AbstractReferenceCounted
[MASTER] 21:27:51.221 [pool-2-thread-1] ERROR ClassStateSupport - Could not initialize io.netty.util.internal.shaded.org.jctools.queues.BaseLinkedQueueProducerNodeRef: Lio/netty/util/internal/shaded/org/jctools/queues/LinkedQueueNode;
[MASTER] 21:27:51.440 [pool-2-thread-1] ERROR ClassStateSupport - Could not initialize io.netty.util.concurrent.GlobalEventExecutor: null
[MASTER] 21:27:51.449 [pool-2-thread-1] ERROR ClassStateSupport - Could not initialize io.netty.handler.ssl.OpenSslClientContext: io/netty/handler/ssl/ReferenceCountedOpenSslContext$3
[MASTER] 21:27:51.506 [pool-2-thread-1] ERROR ClassStateSupport - Could not initialize io.netty.handler.ssl.ReferenceCountedOpenSslServerContext: io/netty/handler/ssl/ReferenceCountedOpenSslEngine
[MASTER] 21:27:51.507 [pool-2-thread-1] ERROR ClassStateSupport - Could not initialize io.netty.util.internal.shaded.org.jctools.queues.BaseLinkedQueuePad1: io.netty.util.internal.shaded.org.jctools.queues.BaseLinkedQueueProducerNodeRef
[MASTER] 21:27:51.521 [pool-2-thread-1] ERROR ClassStateSupport - Could not initialize io.netty.channel.ChannelFutureListener: io/netty/channel/ChannelFutureListener$1
[MASTER] 21:27:51.616 [pool-2-thread-1] ERROR ClassStateSupport - Could not initialize io.netty.handler.ssl.OpenSslContext: io/netty/handler/ssl/OpenSslEngine
[MASTER] 21:27:51.628 [pool-2-thread-1] ERROR ClassStateSupport - Could not initialize io.netty.util.concurrent.ScheduledFutureTask: Could not initialize class io.netty.util.concurrent.ScheduledFutureTask
[MASTER] 21:27:51.641 [pool-2-thread-1] ERROR ClassStateSupport - Could not initialize io.netty.util.internal.shaded.org.jctools.queues.BaseLinkedQueue: io.netty.util.internal.shaded.org.jctools.queues.BaseLinkedQueueProducerNodeRef
[MASTER] 21:27:51.641 [pool-2-thread-1] ERROR ClassStateSupport - Could not initialize io.netty.util.internal.shaded.org.jctools.queues.SpscLinkedQueue: io.netty.util.internal.shaded.org.jctools.queues.BaseLinkedQueueProducerNodeRef
[MASTER] 21:27:51.884 [pool-2-thread-1] ERROR ClassStateSupport - Could not initialize io.netty.util.concurrent.PromiseTask: Could not initialize class io.netty.util.concurrent.PromiseTask
[MASTER] 21:27:51.913 [pool-2-thread-1] ERROR ClassStateSupport - Could not initialize io.netty.util.internal.shaded.org.jctools.queues.BaseLinkedQueueConsumerNodeRef: io.netty.util.internal.shaded.org.jctools.queues.BaseLinkedQueueProducerNodeRef
[MASTER] 21:27:51.919 [pool-2-thread-1] ERROR ClassStateSupport - Could not initialize io.netty.handler.ssl.ReferenceCountedOpenSslContext: io/netty/handler/ssl/ReferenceCountedOpenSslContext$1
[MASTER] 21:27:51.946 [pool-2-thread-1] ERROR ClassStateSupport - Could not initialize org.asynchttpclient.netty.handler.WebSocketHandler: org/asynchttpclient/exception/ChannelClosedException
[MASTER] 21:27:51.948 [pool-2-thread-1] ERROR ClassStateSupport - Could not initialize io.netty.util.concurrent.DefaultPromise: Could not initialize class io.netty.util.concurrent.DefaultPromise
[MASTER] 21:27:51.978 [pool-2-thread-1] ERROR ClassStateSupport - Could not initialize org.asynchttpclient.netty.handler.HttpHandler: org/asynchttpclient/HttpResponseStatus
[MASTER] 21:27:51.988 [pool-2-thread-1] ERROR ClassStateSupport - Could not initialize io.netty.handler.codec.http.HttpContentDecoder: io/netty/handler/codec/http/DefaultHttpMessage
[MASTER] 21:27:52.003 [pool-2-thread-1] ERROR ClassStateSupport - Could not initialize org.asynchttpclient.netty.channel.ChannelManager$4: io/netty/handler/codec/http/DefaultHttpRequest
[MASTER] 21:27:52.004 [pool-2-thread-1] ERROR ClassStateSupport - Could not initialize io.netty.handler.ssl.ReferenceCountedOpenSslClientContext: io.netty.handler.ssl.ReferenceCountedOpenSslContext
[MASTER] 21:27:52.020 [pool-2-thread-1] ERROR ClassStateSupport - Could not initialize io.netty.handler.codec.http.HttpContentDecompressor: io/netty/handler/codec/http/DefaultHttpResponse
[MASTER] 21:27:52.347 [pool-2-thread-1] ERROR ClassResetter - java.lang.NoClassDefFoundError: Could not initialize class io.netty.util.concurrent.DefaultPromise
[MASTER] 21:27:52.347 [pool-2-thread-1] ERROR ClassResetter - java.lang.NoClassDefFoundError: Could not initialize class io.netty.util.concurrent.GlobalEventExecutor
[MASTER] 21:27:52.845 [pool-2-thread-1] ERROR ClassStateSupport - Could not initialize io.netty.handler.codec.http.HttpClientCodec: io/netty/channel/CombinedChannelDuplexHandler$DelegatingChannelHandlerContext
[MASTER] 21:27:52.853 [pool-2-thread-1] ERROR ClassStateSupport - Could not initialize io.netty.handler.ssl.ApplicationProtocolConfig: io/netty/handler/ssl/ApplicationProtocolConfig$Protocol
[MASTER] 21:27:52.930 [pool-2-thread-1] ERROR ClassStateSupport - Could not initialize org.asynchttpclient.netty.NettyResponseFuture: Lorg/asynchttpclient/netty/timeout/TimeoutsHolder;
[MASTER] 21:27:53.065 [pool-2-thread-1] ERROR ClassStateSupport - Could not initialize io.netty.handler.ssl.OpenSslServerContext: io/netty/handler/ssl/OpenSslSessionContext
[MASTER] 21:27:53.117 [pool-2-thread-1] ERROR ClassStateSupport - Could not initialize io.netty.handler.ssl.SslHandler: io/netty/handler/codec/ByteToMessageDecoder$1
[MASTER] 21:27:53.162 [pool-2-thread-1] ERROR ClassStateSupport - Could not initialize io.netty.handler.codec.ByteToMessageDecoder: Could not initialize class io.netty.handler.codec.ByteToMessageDecoder
[MASTER] 21:27:53.195 [pool-2-thread-1] ERROR ClassStateSupport - Could not initialize org.asynchttpclient.RequestBuilder: io/netty/handler/codec/http/HttpHeaders
[MASTER] 21:27:53.211 [pool-2-thread-1] ERROR ClassStateSupport - Could not initialize io.netty.channel.CombinedChannelDuplexHandler: io/netty/channel/CombinedChannelDuplexHandler$1
[MASTER] 21:27:53.266 [pool-2-thread-1] ERROR ClassStateSupport - Could not initialize org.asynchttpclient.netty.request.NettyRequestSender: org/asynchttpclient/exception/RemotelyClosedException
[MASTER] 21:27:53.300 [pool-2-thread-1] ERROR ClassStateSupport - Could not initialize io.netty.buffer.ByteBufAllocator: io/netty/buffer/ByteBufUtil
[MASTER] 21:27:53.552 [pool-2-thread-1] ERROR ClassStateSupport - Could not initialize io.netty.handler.ssl.ReferenceCountedOpenSslEngine: io/netty/handler/ssl/ReferenceCountedOpenSslEngine$1
[MASTER] 21:27:53.561 [pool-2-thread-1] ERROR ClassStateSupport - Could not initialize io.netty.handler.ssl.OpenSslClientContext: io/netty/handler/ssl/ReferenceCountedOpenSslContext$2
[MASTER] 21:27:53.566 [pool-2-thread-1] ERROR ClassStateSupport - Could not initialize io.netty.handler.ssl.ReferenceCountedOpenSslServerContext: io.netty.handler.ssl.ReferenceCountedOpenSslContext
[MASTER] 21:27:53.599 [pool-2-thread-1] ERROR ClassStateSupport - Could not initialize io.netty.handler.codec.http.DefaultHttpMessage: io/netty/handler/codec/http/DefaultHttpHeaders
[MASTER] 21:27:53.626 [pool-2-thread-1] ERROR ClassStateSupport - Could not initialize org.asynchttpclient.RequestBuilderBase: io/netty/resolver/DefaultNameResolver
[MASTER] 21:27:53.639 [pool-2-thread-1] ERROR ClassStateSupport - Could not initialize io.netty.channel.ChannelFutureListener: io/netty/channel/ChannelFutureListener$2
[MASTER] 21:27:53.658 [pool-2-thread-1] ERROR ClassStateSupport - Could not initialize io.netty.handler.ssl.OpenSslContext: Could not initialize class io.netty.handler.ssl.OpenSslContext
[MASTER] 21:27:53.810 [pool-2-thread-1] ERROR ClassStateSupport - Could not initialize io.netty.handler.ssl.ReferenceCountedOpenSslContext: Could not initialize class io.netty.handler.ssl.ReferenceCountedOpenSslContext
[MASTER] 21:27:53.915 [pool-2-thread-1] ERROR ClassStateSupport - Could not initialize org.asynchttpclient.netty.handler.WebSocketHandler: org/asynchttpclient/netty/NettyResponseStatus
[MASTER] 21:27:53.924 [pool-2-thread-1] ERROR ClassStateSupport - Could not initialize org.asynchttpclient.BoundRequestBuilder: org.asynchttpclient.RequestBuilderBase
