* Starting client
* Connecting to master process on port 11159
* Analyzing classpath: 
  - /Users/Peifeng/Desktop/Study/Topics-in-Software-Engineering/GitLab/evosuite/case_study/scribejava/scribejava-apis/target/classes
  - /Library/Java/JavaVirtualMachines/jdk1.8.0_77.jdk/Contents/Home/jre/lib/charsets.jar
  - /Library/Java/JavaVirtualMachines/jdk1.8.0_77.jdk/Contents/Home/jre/lib/deploy.jar
  - /Library/Java/JavaVirtualMachines/jdk1.8.0_77.jdk/Contents/Home/jre/lib/ext/cldrdata.jar
  - /Library/Java/JavaVirtualMachines/jdk1.8.0_77.jdk/Contents/Home/jre/lib/ext/dnsns.jar
  - /Library/Java/JavaVirtualMachines/jdk1.8.0_77.jdk/Contents/Home/jre/lib/ext/jaccess.jar
  - /Library/Java/JavaVirtualMachines/jdk1.8.0_77.jdk/Contents/Home/jre/lib/ext/jfxrt.jar
  - /Library/Java/JavaVirtualMachines/jdk1.8.0_77.jdk/Contents/Home/jre/lib/ext/localedata.jar
  - /Library/Java/JavaVirtualMachines/jdk1.8.0_77.jdk/Contents/Home/jre/lib/ext/nashorn.jar
  - /Library/Java/JavaVirtualMachines/jdk1.8.0_77.jdk/Contents/Home/jre/lib/ext/sunec.jar
  - /Library/Java/JavaVirtualMachines/jdk1.8.0_77.jdk/Contents/Home/jre/lib/ext/sunjce_provider.jar
  - /Library/Java/JavaVirtualMachines/jdk1.8.0_77.jdk/Contents/Home/jre/lib/ext/sunpkcs11.jar
  - /Library/Java/JavaVirtualMachines/jdk1.8.0_77.jdk/Contents/Home/jre/lib/ext/zipfs.jar
  - /Library/Java/JavaVirtualMachines/jdk1.8.0_77.jdk/Contents/Home/jre/lib/javaws.jar
  - /Library/Java/JavaVirtualMachines/jdk1.8.0_77.jdk/Contents/Home/jre/lib/jce.jar
  - /Library/Java/JavaVirtualMachines/jdk1.8.0_77.jdk/Contents/Home/jre/lib/jfr.jar
  - /Library/Java/JavaVirtualMachines/jdk1.8.0_77.jdk/Contents/Home/jre/lib/jfxswt.jar
  - /Library/Java/JavaVirtualMachines/jdk1.8.0_77.jdk/Contents/Home/jre/lib/jsse.jar
  - /Library/Java/JavaVirtualMachines/jdk1.8.0_77.jdk/Contents/Home/jre/lib/management-agent.jar
  - /Library/Java/JavaVirtualMachines/jdk1.8.0_77.jdk/Contents/Home/jre/lib/plugin.jar
  - /Library/Java/JavaVirtualMachines/jdk1.8.0_77.jdk/Contents/Home/jre/lib/resources.jar
  - /Library/Java/JavaVirtualMachines/jdk1.8.0_77.jdk/Contents/Home/jre/lib/rt.jar
  - /Library/Java/JavaVirtualMachines/jdk1.8.0_77.jdk/Contents/Home/lib/ant-javafx.jar
  - /Library/Java/JavaVirtualMachines/jdk1.8.0_77.jdk/Contents/Home/lib/dt.jar
  - /Library/Java/JavaVirtualMachines/jdk1.8.0_77.jdk/Contents/Home/lib/javafx-mx.jar
  - /Library/Java/JavaVirtualMachines/jdk1.8.0_77.jdk/Contents/Home/lib/jconsole.jar
  - /Library/Java/JavaVirtualMachines/jdk1.8.0_77.jdk/Contents/Home/lib/packager.jar
  - /Library/Java/JavaVirtualMachines/jdk1.8.0_77.jdk/Contents/Home/lib/sa-jdi.jar
  - /Library/Java/JavaVirtualMachines/jdk1.8.0_77.jdk/Contents/Home/lib/tools.jar
  - /Users/Peifeng/Desktop/Study/Topics-in-Software-Engineering/GitLab/evosuite/case_study/scribejava/scribejava-apis/target/test-classes
  - /Users/Peifeng/Desktop/Study/Topics-in-Software-Engineering/GitLab/evosuite/case_study/scribejava/scribejava-apis/target/classes
  - /Users/Peifeng/Desktop/Study/Topics-in-Software-Engineering/GitLab/evosuite/case_study/scribejava/scribejava-core/target/classes
  - /Users/Peifeng/Desktop/Study/Topics-in-Software-Engineering/GitLab/evosuite/case_study/scribejava/scribejava-httpclient-ahc/target/classes
  - /Users/Peifeng/.m2/repository/org/asynchttpclient/async-http-client/2.0.33/async-http-client-2.0.33.jar
  - /Users/Peifeng/.m2/repository/org/asynchttpclient/async-http-client-netty-utils/2.0.33/async-http-client-netty-utils-2.0.33.jar
  - /Users/Peifeng/.m2/repository/io/netty/netty-buffer/4.0.48.Final/netty-buffer-4.0.48.Final.jar
  - /Users/Peifeng/.m2/repository/io/netty/netty-codec-http/4.0.48.Final/netty-codec-http-4.0.48.Final.jar
  - /Users/Peifeng/.m2/repository/io/netty/netty-codec/4.0.48.Final/netty-codec-4.0.48.Final.jar
  - /Users/Peifeng/.m2/repository/io/netty/netty-handler/4.0.48.Final/netty-handler-4.0.48.Final.jar
  - /Users/Peifeng/.m2/repository/io/netty/netty-transport/4.0.48.Final/netty-transport-4.0.48.Final.jar
  - /Users/Peifeng/.m2/repository/io/netty/netty-transport-native-epoll/4.0.48.Final/netty-transport-native-epoll-4.0.48.Final-linux-x86_64.jar
  - /Users/Peifeng/.m2/repository/io/netty/netty-common/4.0.48.Final/netty-common-4.0.48.Final.jar
  - /Users/Peifeng/.m2/repository/org/asynchttpclient/netty-resolver-dns/2.0.33/netty-resolver-dns-2.0.33.jar
  - /Users/Peifeng/.m2/repository/org/asynchttpclient/netty-resolver/2.0.33/netty-resolver-2.0.33.jar
  - /Users/Peifeng/.m2/repository/org/asynchttpclient/netty-codec-dns/2.0.33/netty-codec-dns-2.0.33.jar
  - /Users/Peifeng/.m2/repository/org/reactivestreams/reactive-streams/1.0.0/reactive-streams-1.0.0.jar
  - /Users/Peifeng/.m2/repository/com/typesafe/netty/netty-reactive-streams/1.0.8/netty-reactive-streams-1.0.8.jar
  - /Users/Peifeng/.m2/repository/org/slf4j/slf4j-api/1.7.25/slf4j-api-1.7.25.jar
  - /Users/Peifeng/Desktop/Study/Topics-in-Software-Engineering/GitLab/evosuite/case_study/scribejava/scribejava-httpclient-ning/target/classes
  - /Users/Peifeng/.m2/repository/com/ning/async-http-client/1.9.40/async-http-client-1.9.40.jar
  - /Users/Peifeng/.m2/repository/io/netty/netty/3.10.6.Final/netty-3.10.6.Final.jar
  - /Users/Peifeng/Desktop/Study/Topics-in-Software-Engineering/GitLab/evosuite/case_study/scribejava/scribejava-httpclient-okhttp/target/classes
  - /Users/Peifeng/.m2/repository/com/squareup/okhttp3/okhttp/3.8.1/okhttp-3.8.1.jar
  - /Users/Peifeng/.m2/repository/com/squareup/okio/okio/1.13.0/okio-1.13.0.jar
  - /Users/Peifeng/.m2/repository/junit/junit/4.12/junit-4.12.jar
  - /Users/Peifeng/.m2/repository/org/hamcrest/hamcrest-core/1.3/hamcrest-core-1.3.jar
  - /Users/Peifeng/.m2/repository/com/google/code/gson/gson/2.8.1/gson-2.8.1.jar
  - /Users/Peifeng/.m2/repository/commons-codec/commons-codec/1.10/commons-codec-1.10.jar
* Finished analyzing classpath
* Generating tests for class com.github.scribejava.apis.examples.GitHubAsyncOkHttpExample
* Test criteria:
  - Line Coverage
  - Branch Coverage
  - Exception
  - Mutation testing (weak)
  - Method-Output Coverage
  - Top-Level Method Coverage
  - No-Exception Top-Level Method Coverage
  - Context Branch Coverage
* Setting up search algorithm for whole suite generation
[MASTER] 21:50:31.064 [pool-2-thread-1] WARN  TestSuiteSerialization - Cannot load tests because file does not exist: /Users/Peifeng/Desktop/Study/Topics-in-Software-Engineering/GitLab/evosuite/case_study/scribejava/scribejava-apis/.evosuite/evosuite-seeds/com.github.scribejava.apis.examples.GitHubAsyncOkHttpExample.seed
* Loaded 0 tests from /Users/Peifeng/Desktop/Study/Topics-in-Software-Engineering/GitLab/evosuite/case_study/scribejava/scribejava-apis/.evosuite/evosuite-seeds/com.github.scribejava.apis.examples.GitHubAsyncOkHttpExample.seed
* Total number of test goals: 
  - Line 50
  - Branch 10
  - Exception 0
  - MutationFactory 23
  - Output 0
  - Method 1
  - MethodNoException 1
  - CBranchFitnessFactory 10
* Using seed 1507870222375
* Starting evolution
* Search finished after 348s and 3356 generations, 557039 statements, best individual has fitness: 26.77777777777778
* Writing sequences to pool
* Minimizing test suite
* Going to analyze the coverage criteria
* Coverage analysis for criterion LINE
* Coverage of criterion LINE: 66%
* Total number of goals: 50
* Number of covered goals: 33
* Coverage analysis for criterion BRANCH
* Coverage of criterion BRANCH: 40%
* Total number of goals: 10
* Number of covered goals: 4
* Coverage analysis for criterion EXCEPTION
* Coverage of criterion EXCEPTION: 100%
* Total number of goals: 2
* Number of covered goals: 2
* Coverage analysis for criterion WEAKMUTATION
* Coverage of criterion WEAKMUTATION: 100%
* Total number of goals: 23
* Number of covered goals: 23
* Coverage analysis for criterion OUTPUT
* Coverage of criterion OUTPUT: 100% (no goals)
* Coverage analysis for criterion METHOD
* Coverage of criterion METHOD: 100%
* Total number of goals: 1
* Number of covered goals: 1
* Coverage analysis for criterion METHODNOEXCEPTION
* Coverage of criterion METHODNOEXCEPTION: 0%
* Total number of goals: 1
* Number of covered goals: 0
* Coverage analysis for criterion CBRANCH
* Coverage of criterion CBRANCH: 40%
* Total number of goals: 10
* Number of covered goals: 4
* Generated 3 tests with total length 8
* Resulting test suite's coverage: 56% (average coverage for all fitness functions)
* Generating assertions
* Resulting test suite's mutation score: 0%
* Compiling and checking tests
[MASTER] 21:56:26.739 [pool-2-thread-1] WARN  JUnitAnalyzer - Found unstable test named test0 -> class java.lang.SecurityException: Security manager blocks ("java.net.SocketPermission" "200.42.42.0:443" "connect,resolve")
java.lang.Thread.getStackTrace(Thread.java:1552)
org.evosuite.runtime.sandbox.MSecurityManager.checkPermission(MSecurityManager.java:434)
java.lang.SecurityManager.checkConnect(SecurityManager.java:1051)
java.net.Socket.connect(Socket.java:584)
okhttp3.internal.platform.Platform.connectSocket(Platform.java:124)
okhttp3.internal.connection.RealConnection.connectSocket(RealConnection.java:223)
okhttp3.internal.connection.RealConnection.connect(RealConnection.java:149)
okhttp3.internal.connection.StreamAllocation.findConnection(StreamAllocation.java:195)
okhttp3.internal.connection.StreamAllocation.findHealthyConnection(StreamAllocation.java:121)
okhttp3.internal.connection.StreamAllocation.newStream(StreamAllocation.java:100)
okhttp3.internal.connection.ConnectInterceptor.intercept(ConnectInterceptor.java:42)
okhttp3.internal.http.RealInterceptorChain.proceed(RealInterceptorChain.java:92)
okhttp3.internal.http.RealInterceptorChain.proceed(RealInterceptorChain.java:67)
okhttp3.internal.cache.CacheInterceptor.intercept(CacheInterceptor.java:93)
okhttp3.internal.http.RealInterceptorChain.proceed(RealInterceptorChain.java:92)
okhttp3.internal.http.RealInterceptorChain.proceed(RealInterceptorChain.java:67)
okhttp3.internal.http.BridgeInterceptor.intercept(BridgeInterceptor.java:93)
okhttp3.internal.http.RealInterceptorChain.proceed(RealInterceptorChain.java:92)
okhttp3.internal.http.RetryAndFollowUpInterceptor.intercept(RetryAndFollowUpInterceptor.java:120)
okhttp3.internal.http.RealInterceptorChain.proceed(RealInterceptorChain.java:92)
okhttp3.internal.http.RealInterceptorChain.proceed(RealInterceptorChain.java:67)
okhttp3.RealCall.getResponseWithInterceptorChain(RealCall.java:185)
okhttp3.RealCall.execute(RealCall.java:69)
com.github.scribejava.httpclient.okhttp.OkHttpHttpClient.doExecute(OkHttpHttpClient.java:104)
com.github.scribejava.httpclient.okhttp.OkHttpHttpClient.execute(OkHttpHttpClient.java:86)
com.github.scribejava.core.oauth.OAuthService.execute(OAuthService.java:104)
com.github.scribejava.core.oauth.OAuth20Service.sendAccessTokenRequestSync(OAuth20Service.java:36)
com.github.scribejava.core.oauth.OAuth20Service.getAccessToken(OAuth20Service.java:59)
com.github.scribejava.apis.examples.GitHubAsyncOkHttpExample.main(GitHubAsyncOkHttpExample.java:67)
com.github.scribejava.apis.examples.GitHubAsyncOkHttpExample_3_tmp__ESTest.test0(GitHubAsyncOkHttpExample_3_tmp__ESTest.java:27)
sun.reflect.NativeMethodAccessorImpl.invoke0(Native Method)
sun.reflect.NativeMethodAccessorImpl.invoke(NativeMethodAccessorImpl.java:62)
sun.reflect.DelegatingMethodAccessorImpl.invoke(DelegatingMethodAccessorImpl.java:43)
java.lang.reflect.Method.invoke(Method.java:498)
org.junit.runners.model.FrameworkMethod$1.runReflectiveCall(FrameworkMethod.java:50)
org.junit.internal.runners.model.ReflectiveCallable.run(ReflectiveCallable.java:12)
org.junit.runners.model.FrameworkMethod.invokeExplosively(FrameworkMethod.java:47)
org.junit.internal.runners.statements.InvokeMethod.evaluate(InvokeMethod.java:17)
org.junit.internal.runners.statements.FailOnTimeout$CallableStatement.call(FailOnTimeout.java:298)
org.junit.internal.runners.statements.FailOnTimeout$CallableStatement.call(FailOnTimeout.java:292)
java.util.concurrent.FutureTask.run(FutureTask.java:266)
java.lang.Thread.run(Thread.java:745)

[MASTER] 21:56:26.740 [pool-2-thread-1] WARN  JUnitAnalyzer - Failing test:
 SystemInUtil.addInputLine("sfvNZg&b_&39dLMDC%M");
SystemInUtil.addInputLine("sfvNZg&b_&39dLMDC%M");
String[] stringArray0 = new String[9];
GitHubAsyncOkHttpExample.main(stringArray0);

[MASTER] 21:56:27.627 [pool-2-thread-1] WARN  JUnitAnalyzer - Found unstable test named test0 -> class java.lang.SecurityException: Security manager blocks ("java.net.SocketPermission" "200.42.42.0:443" "connect,resolve")
java.lang.Thread.getStackTrace(Thread.java:1552)
org.evosuite.runtime.sandbox.MSecurityManager.checkPermission(MSecurityManager.java:434)
java.lang.SecurityManager.checkConnect(SecurityManager.java:1051)
java.net.Socket.connect(Socket.java:584)
okhttp3.internal.platform.Platform.connectSocket(Platform.java:124)
okhttp3.internal.connection.RealConnection.connectSocket(RealConnection.java:223)
okhttp3.internal.connection.RealConnection.connect(RealConnection.java:149)
okhttp3.internal.connection.StreamAllocation.findConnection(StreamAllocation.java:195)
okhttp3.internal.connection.StreamAllocation.findHealthyConnection(StreamAllocation.java:121)
okhttp3.internal.connection.StreamAllocation.newStream(StreamAllocation.java:100)
okhttp3.internal.connection.ConnectInterceptor.intercept(ConnectInterceptor.java:42)
okhttp3.internal.http.RealInterceptorChain.proceed(RealInterceptorChain.java:92)
okhttp3.internal.http.RealInterceptorChain.proceed(RealInterceptorChain.java:67)
okhttp3.internal.cache.CacheInterceptor.intercept(CacheInterceptor.java:93)
okhttp3.internal.http.RealInterceptorChain.proceed(RealInterceptorChain.java:92)
okhttp3.internal.http.RealInterceptorChain.proceed(RealInterceptorChain.java:67)
okhttp3.internal.http.BridgeInterceptor.intercept(BridgeInterceptor.java:93)
okhttp3.internal.http.RealInterceptorChain.proceed(RealInterceptorChain.java:92)
okhttp3.internal.http.RetryAndFollowUpInterceptor.intercept(RetryAndFollowUpInterceptor.java:120)
okhttp3.internal.http.RealInterceptorChain.proceed(RealInterceptorChain.java:92)
okhttp3.internal.http.RealInterceptorChain.proceed(RealInterceptorChain.java:67)
okhttp3.RealCall.getResponseWithInterceptorChain(RealCall.java:185)
okhttp3.RealCall.execute(RealCall.java:69)
com.github.scribejava.httpclient.okhttp.OkHttpHttpClient.doExecute(OkHttpHttpClient.java:104)
com.github.scribejava.httpclient.okhttp.OkHttpHttpClient.execute(OkHttpHttpClient.java:86)
com.github.scribejava.core.oauth.OAuthService.execute(OAuthService.java:104)
com.github.scribejava.core.oauth.OAuth20Service.sendAccessTokenRequestSync(OAuth20Service.java:36)
com.github.scribejava.core.oauth.OAuth20Service.getAccessToken(OAuth20Service.java:59)
com.github.scribejava.apis.examples.GitHubAsyncOkHttpExample.main(GitHubAsyncOkHttpExample.java:67)
com.github.scribejava.apis.examples.GitHubAsyncOkHttpExample_4_tmp__ESTest.test0(GitHubAsyncOkHttpExample_4_tmp__ESTest.java:26)
sun.reflect.NativeMethodAccessorImpl.invoke0(Native Method)
sun.reflect.NativeMethodAccessorImpl.invoke(NativeMethodAccessorImpl.java:62)
sun.reflect.DelegatingMethodAccessorImpl.invoke(DelegatingMethodAccessorImpl.java:43)
java.lang.reflect.Method.invoke(Method.java:498)
org.junit.runners.model.FrameworkMethod$1.runReflectiveCall(FrameworkMethod.java:50)
org.junit.internal.runners.model.ReflectiveCallable.run(ReflectiveCallable.java:12)
org.junit.runners.model.FrameworkMethod.invokeExplosively(FrameworkMethod.java:47)
org.junit.internal.runners.statements.InvokeMethod.evaluate(InvokeMethod.java:17)
org.junit.internal.runners.statements.FailOnTimeout$CallableStatement.call(FailOnTimeout.java:298)
org.junit.internal.runners.statements.FailOnTimeout$CallableStatement.call(FailOnTimeout.java:292)
java.util.concurrent.FutureTask.run(FutureTask.java:266)
java.lang.Thread.run(Thread.java:745)

[MASTER] 21:56:27.628 [pool-2-thread-1] WARN  JUnitAnalyzer - Failing test:
 SystemInUtil.addInputLine("secret0");
SystemInUtil.addInputLine("secret0");
GitHubAsyncOkHttpExample.main((String[]) null);

* Permissions denied during test execution: 
  - java.lang.RuntimePermission: 
         writeFileDescriptor: 6
  - java.net.SocketPermission: 
         connect,resolve 200.42.42.0:443: 3
* Writing JUnit test case 'GitHubAsyncOkHttpExample_ESTest' to /Users/Peifeng/Desktop/Study/Topics-in-Software-Engineering/GitLab/evosuite/case_study/scribejava/scribejava-apis/.evosuite/tmp_2017_10_12_20_45_25/tests
* Done!

